# 11
t # 0
v 0 1
v 1 65
e 0 1 96 # 
x 1 3 16 19 21 28 35 73 84 85 87
# 12
t # 1
v 0 1
v 1 172
e 0 1 370 # 
x 3 10 25 30 37 38 65 74 77 78 82 89
# 12
t # 2
v 0 1
v 1 326
e 0 1 4150 # 
x 16 21 26 33 38 39 48 49 53 65 72 76
# 13
t # 3
v 0 1
v 1 46
e 0 1 4039 # 
x 15 27 36 40 46 54 60 61 72 74 81 84 85
# 18
t # 4
v 0 1
v 1 21
e 0 1 23 # 
x 0 3 8 19 22 25 29 34 38 39 40 41 55 56 57 62 65 84
# 20
t # 5
v 0 1
v 1 267
e 0 1 444 # 
x 3 10 18 19 31 36 39 40 47 51 54 56 57 62 74 75 77 78 80 81
# 20
t # 6
v 0 1
v 1 267
v 2 9
e 0 1 444 # 
e 1 2 443 # 
x 3 10 18 19 31 36 39 40 47 51 54 56 57 62 74 75 77 78 80 81
# 11
t # 7
v 0 1
v 1 267
v 2 9
v 3 65
e 0 1 444 # 
e 1 2 443 # 
e 2 3 379 # 
x 3 31 36 39 56 57 62 75 77 78 81
# 11
t # 8
v 0 1
v 1 267
v 2 9
v 3 65
v 4 6
e 0 1 444 # 
e 1 2 443 # 
e 2 3 379 # 
e 2 4 37 # 
x 3 31 36 39 56 57 62 75 77 78 81
# 20
t # 9
v 0 1
v 1 267
v 2 9
v 3 6
e 0 1 444 # 
e 1 2 443 # 
e 2 3 37 # 
x 3 10 18 19 31 36 39 40 47 51 54 56 57 62 74 75 77 78 80 81
# 11
t # 10
v 0 1
v 1 267
v 2 9
v 3 6
v 4 4
e 0 1 444 # 
e 1 2 443 # 
e 2 3 37 # 
e 3 4 5 # 
x 3 36 39 54 56 57 62 77 78 80 81
# 14
t # 11
v 0 4
v 1 65
e 0 1 3056 # 
x 9 14 28 30 36 37 39 56 57 62 67 72 77 78
# 13
t # 12
v 0 4
v 1 65
v 2 9
e 0 1 3056 # 
e 1 2 379 # 
x 9 14 28 30 36 39 56 57 62 67 72 77 78
# 13
t # 13
v 0 4
v 1 65
v 2 9
v 3 6
e 0 1 3056 # 
e 1 2 379 # 
e 2 3 37 # 
x 9 14 28 30 36 39 56 57 62 67 72 77 78
# 13
t # 14
v 0 4
v 1 65
v 2 9
v 3 6
e 0 1 3056 # 
e 0 3 5 # 
e 1 2 379 # 
e 2 3 37 # 
x 9 14 28 30 36 39 56 57 62 67 72 77 78
# 33
t # 15
v 0 4
v 1 6
e 0 1 5 # 
x 0 3 4 7 9 13 14 28 30 35 36 37 38 39 41 43 48 53 54 55 56 57 62 65 67 70 72 73 76 77 78 80 81
# 14
t # 16
v 0 4
v 1 6
v 2 65
e 0 1 5 # 
e 0 2 3056 # 
x 9 14 28 30 36 37 39 56 57 62 67 72 77 78
# 13
t # 17
v 0 4
v 1 6
v 2 65
v 3 9
e 0 1 5 # 
e 0 2 3056 # 
e 2 3 379 # 
x 9 14 28 30 36 39 56 57 62 67 72 77 78
# 11
t # 18
v 0 4
v 1 6
v 2 947
e 0 1 5 # 
e 1 2 1808 # 
x 9 28 30 43 48 56 57 67 70 72 76
# 11
t # 19
v 0 4
v 1 6
v 2 947
v 3 9
e 0 1 5 # 
e 1 2 1808 # 
e 1 3 37 # 
x 9 28 30 43 48 56 57 67 70 72 76
# 13
t # 20
v 0 4
v 1 6
v 2 430
e 0 1 5 # 
e 1 2 846 # 
x 7 9 28 35 37 43 48 53 56 57 67 70 72
# 14
t # 21
v 0 4
v 1 6
v 2 214
e 0 1 5 # 
e 1 2 349 # 
x 3 7 13 28 35 38 41 48 53 65 67 70 72 80
# 14
t # 22
v 0 4
v 1 6
v 2 214
v 3 9
e 0 1 5 # 
e 1 2 349 # 
e 1 3 37 # 
x 3 7 13 28 35 38 41 48 53 65 67 70 72 80
# 13
t # 23
v 0 4
v 1 6
v 2 59
e 0 1 5 # 
e 1 2 88 # 
x 0 3 7 9 28 35 48 53 67 70 72 76 80
# 19
t # 24
v 0 4
v 1 6
v 2 354
e 0 1 5 # 
e 1 2 610 # 
x 9 14 28 30 36 38 41 43 48 53 54 65 67 70 72 73 76 77 78
# 11
t # 25
v 0 4
v 1 6
v 2 354
v 3 123
e 0 1 5 # 
e 1 2 610 # 
e 1 3 331 # 
x 9 30 36 48 54 67 70 72 76 77 78
# 11
t # 26
v 0 4
v 1 6
v 2 354
v 3 123
v 4 9
e 0 1 5 # 
e 1 2 610 # 
e 1 3 331 # 
e 1 4 37 # 
x 9 30 36 48 54 67 70 72 76 77 78
# 19
t # 27
v 0 4
v 1 6
v 2 354
v 3 9
e 0 1 5 # 
e 1 2 610 # 
e 1 3 37 # 
x 9 14 28 30 36 38 41 43 48 53 54 65 67 70 72 73 76 77 78
# 13
t # 28
v 0 4
v 1 6
v 2 123
e 0 1 5 # 
e 1 2 331 # 
x 9 30 35 36 48 54 55 67 70 72 76 77 78
# 33
t # 29
v 0 4
v 1 6
v 2 9
e 0 1 5 # 
e 1 2 37 # 
x 0 3 4 7 9 13 14 28 30 35 36 37 38 39 41 43 48 53 54 55 56 57 62 65 67 70 72 73 76 77 78 80 81
# 14
t # 30
v 0 4
v 1 6
v 2 9
v 3 65
e 0 1 5 # 
e 0 3 3056 # 
e 1 2 37 # 
x 9 14 28 30 36 37 39 56 57 62 67 72 77 78
# 17
t # 31
v 0 4
v 1 6
v 2 9
v 3 65
e 0 1 5 # 
e 1 2 37 # 
e 2 3 379 # 
x 3 9 14 28 30 36 39 48 56 57 62 67 72 73 77 78 81
# 18
t # 32
v 0 4
v 1 6
v 2 9
v 3 288
e 0 1 5 # 
e 1 2 37 # 
e 2 3 476 # 
x 3 9 28 30 35 37 38 39 48 53 54 62 65 67 70 72 77 78
# 15
t # 33
v 0 4
v 1 6
v 2 9
v 3 288
v 4 267
e 0 1 5 # 
e 1 2 37 # 
e 2 3 476 # 
e 2 4 443 # 
x 3 9 30 35 38 39 48 53 54 62 65 70 72 77 78
# 12
t # 34
v 0 4
v 1 6
v 2 9
v 3 288
v 4 121
e 0 1 5 # 
e 1 2 37 # 
e 2 3 476 # 
e 2 4 177 # 
x 3 28 30 35 37 38 39 48 65 70 77 78
# 22
t # 35
v 0 4
v 1 6
v 2 9
v 3 267
e 0 1 5 # 
e 1 2 37 # 
e 2 3 443 # 
x 3 4 9 30 35 36 38 39 48 53 54 56 57 62 65 70 72 73 77 78 80 81
# 14
t # 36
v 0 4
v 1 6
v 2 9
v 3 267
v 4 121
e 0 1 5 # 
e 1 2 37 # 
e 2 3 443 # 
e 2 4 177 # 
x 3 4 30 35 38 39 48 56 57 65 70 73 77 78
# 20
t # 37
v 0 4
v 1 6
v 2 9
v 3 121
e 0 1 5 # 
e 1 2 37 # 
e 2 3 177 # 
x 3 4 7 13 28 30 35 37 38 39 43 48 55 56 57 65 70 73 77 78
# 11
t # 38
v 0 6
v 1 424
e 0 1 765 # 
x 6 7 25 33 50 53 65 67 74 77 83
# 11
t # 39
v 0 6
v 1 533
e 0 1 1965 # 
x 9 34 35 48 65 67 70 72 79 86 87
# 12
t # 40
v 0 6
v 1 220
e 0 1 1283 # 
x 9 28 43 46 48 53 67 70 72 79 85 86
# 13
t # 41
v 0 6
v 1 440
e 0 1 791 # 
x 7 9 10 16 28 29 31 38 48 64 67 70 80
# 13
t # 42
v 0 6
v 1 58
e 0 1 928 # 
x 8 16 18 28 38 41 43 46 48 67 70 72 81
# 13
t # 43
v 0 6
v 1 218
e 0 1 1244 # 
x 9 19 32 35 42 48 67 70 72 75 78 82 87
# 13
t # 44
v 0 6
v 1 130
e 0 1 190 # 
x 2 9 11 12 38 41 47 55 68 69 79 83 89
# 13
t # 45
v 0 6
v 1 43
e 0 1 1996 # 
x 9 16 28 29 31 38 48 56 57 64 67 70 72
# 19
t # 46
v 0 6
v 1 284
e 0 1 482 # 
x 3 9 10 16 26 28 31 34 45 46 48 53 66 67 68 70 72 80 88
# 13
t # 47
v 0 6
v 1 284
v 2 59
e 0 1 482 # 
e 1 2 471 # 
x 3 9 10 16 31 34 46 48 66 67 68 70 72
# 13
t # 48
v 0 6
v 1 284
v 2 59
e 0 1 482 # 
e 0 2 88 # 
e 1 2 471 # 
x 3 9 10 16 31 34 46 48 66 67 68 70 72
# 19
t # 49
v 0 6
v 1 947
e 0 1 1808 # 
x 9 16 17 22 25 28 30 31 34 43 48 56 57 61 67 70 72 76 86
# 20
t # 50
v 0 6
v 1 430
e 0 1 846 # 
x 7 9 22 28 34 35 37 42 43 46 48 53 56 57 61 67 70 72 84 85
# 12
t # 51
v 0 6
v 1 430
v 2 947
e 0 1 846 # 
e 0 2 1808 # 
x 9 22 28 34 43 48 56 57 61 67 70 72
# 11
t # 52
v 0 6
v 1 430
v 2 462
e 0 1 846 # 
e 0 2 855 # 
x 7 9 34 35 48 53 67 70 72 84 85
# 20
t # 53
v 0 6
v 1 214
e 0 1 349 # 
x 3 7 13 25 28 34 35 38 41 45 48 53 65 67 68 69 70 72 80 88
# 12
t # 54
v 0 6
v 1 214
v 2 284
e 0 1 349 # 
e 0 2 482 # 
x 3 28 34 45 48 53 67 68 70 72 80 88
# 22
t # 55
v 0 6
v 1 217
e 0 1 475 # 
x 3 9 15 19 22 26 27 28 32 33 34 42 46 48 53 61 67 70 72 75 82 84
# 11
t # 56
v 0 6
v 1 217
v 2 284
e 0 1 475 # 
e 0 2 482 # 
x 3 9 26 28 34 46 48 53 67 70 72
# 13
t # 57
v 0 6
v 1 217
v 2 430
e 0 1 475 # 
e 0 2 846 # 
x 9 22 28 34 42 46 48 53 61 67 70 72 84
# 25
t # 58
v 0 6
v 1 462
e 0 1 855 # 
x 7 9 18 21 26 27 34 35 48 49 50 53 60 67 69 70 71 72 76 79 80 84 85 86 87
# 31
t # 59
v 0 6
v 1 59
e 0 1 88 # 
x 0 3 5 7 9 10 16 21 25 26 28 29 31 34 35 45 46 48 53 60 61 66 67 68 69 70 72 76 80 85 88
# 11
t # 60
v 0 6
v 1 59
v 2 440
e 0 1 88 # 
e 0 2 791 # 
x 7 9 10 16 28 29 31 48 67 70 80
# 19
t # 61
v 0 6
v 1 59
v 2 284
e 0 1 88 # 
e 0 2 482 # 
x 3 9 10 16 26 28 31 34 45 46 48 53 66 67 68 70 72 80 88
# 11
t # 62
v 0 6
v 1 59
v 2 284
v 3 123
e 0 1 88 # 
e 0 2 482 # 
e 0 3 331 # 
x 9 10 16 26 31 48 66 67 68 70 72
# 11
t # 63
v 0 6
v 1 59
v 2 284
v 3 123
v 4 9
e 0 1 88 # 
e 0 2 482 # 
e 0 3 331 # 
e 0 4 37 # 
x 9 10 16 26 31 48 66 67 68 70 72
# 19
t # 64
v 0 6
v 1 59
v 2 284
v 3 9
e 0 1 88 # 
e 0 2 482 # 
e 0 3 37 # 
x 3 9 10 16 26 28 31 34 45 46 48 53 66 67 68 70 72 80 88
# 13
t # 65
v 0 6
v 1 59
v 2 284
v 3 9
e 0 1 88 # 
e 0 2 482 # 
e 0 3 37 # 
e 1 2 471 # 
x 3 9 10 16 31 34 46 48 66 67 68 70 72
# 12
t # 66
v 0 6
v 1 59
v 2 947
e 0 1 88 # 
e 0 2 1808 # 
x 9 16 25 28 31 34 48 61 67 70 72 76
# 13
t # 67
v 0 6
v 1 59
v 2 430
e 0 1 88 # 
e 0 2 846 # 
x 7 9 28 34 35 46 48 53 61 67 70 72 85
# 16
t # 68
v 0 6
v 1 59
v 2 214
e 0 1 88 # 
e 0 2 349 # 
x 3 7 25 28 34 35 45 48 53 67 68 69 70 72 80 88
# 12
t # 69
v 0 6
v 1 59
v 2 217
e 0 1 88 # 
e 0 2 475 # 
x 3 9 26 28 34 46 48 53 61 67 70 72
# 16
t # 70
v 0 6
v 1 59
v 2 462
e 0 1 88 # 
e 0 2 855 # 
x 7 9 21 26 34 35 48 53 60 67 69 70 72 76 80 85
# 15
t # 71
v 0 6
v 1 59
v 2 462
v 3 9
e 0 1 88 # 
e 0 2 855 # 
e 0 3 37 # 
x 7 9 26 34 35 48 53 60 67 69 70 72 76 80 85
# 12
t # 72
v 0 6
v 1 59
v 2 354
e 0 1 88 # 
e 0 2 610 # 
x 5 9 16 28 31 48 53 67 69 70 72 76
# 18
t # 73
v 0 6
v 1 59
v 2 123
e 0 1 88 # 
e 0 2 331 # 
x 5 9 10 16 21 26 29 31 35 48 61 66 67 68 69 70 72 76
# 17
t # 74
v 0 6
v 1 59
v 2 123
v 3 9
e 0 1 88 # 
e 0 2 331 # 
e 0 3 37 # 
x 5 9 10 16 26 29 31 35 48 61 66 67 68 69 70 72 76
# 13
t # 75
v 0 6
v 1 59
v 2 284
e 0 1 88 # 
e 1 2 471 # 
x 3 9 10 16 31 34 46 48 66 67 68 70 72
# 31
t # 76
v 0 6
v 1 354
e 0 1 610 # 
x 5 6 8 9 14 16 19 22 28 30 31 36 38 41 42 43 47 48 53 54 63 65 67 69 70 72 73 76 77 78 83
# 12
t # 77
v 0 6
v 1 354
v 2 947
e 0 1 610 # 
e 0 2 1808 # 
x 9 16 22 28 30 31 43 48 67 70 72 76
# 37
t # 78
v 0 6
v 1 123
e 0 1 331 # 
x 2 5 8 9 10 11 12 16 18 21 26 29 30 31 33 35 36 44 47 48 54 55 61 66 67 68 69 70 71 72 76 77 78 82 83 84 89
# 11
t # 79
v 0 6
v 1 123
v 2 284
e 0 1 331 # 
e 0 2 482 # 
x 9 10 16 26 31 48 66 67 68 70 72
# 13
t # 80
v 0 6
v 1 123
v 2 462
e 0 1 331 # 
e 0 2 855 # 
x 9 18 21 26 35 48 67 69 70 71 72 76 84
# 18
t # 81
v 0 6
v 1 123
v 2 354
e 0 1 331 # 
e 0 2 610 # 
x 5 8 9 16 30 31 36 47 48 54 67 69 70 72 76 77 78 83
# 18
t # 82
v 0 6
v 1 123
v 2 354
v 3 9
e 0 1 331 # 
e 0 2 610 # 
e 0 3 37 # 
x 5 8 9 16 30 31 36 47 48 54 67 69 70 72 76 77 78 83
# 85
t # 83
v 0 6
v 1 9
e 0 1 37 # 
x 0 1 2 3 4 5 6 7 8 9 10 11 12 13 14 15 16 17 18 19 22 24 25 26 27 28 29 30 31 32 33 34 35 36 37 38 39 40 41 42 43 44 45 46 47 48 49 50 51 53 54 55 56 57 58 59 60 61 62 64 65 66 67 68 69 70 71 72 73 74 75 76 77 78 79 80 81 82 83 84 85 86 87 88 89
# 11
t # 84
v 0 6
v 1 9
v 2 424
e 0 1 37 # 
e 0 2 765 # 
x 6 7 25 33 50 53 65 67 74 77 83
# 11
t # 85
v 0 6
v 1 9
v 2 533
e 0 1 37 # 
e 0 2 1965 # 
x 9 34 35 48 65 67 70 72 79 86 87
# 12
t # 86
v 0 6
v 1 9
v 2 220
e 0 1 37 # 
e 0 2 1283 # 
x 9 28 43 46 48 53 67 70 72 79 85 86
# 13
t # 87
v 0 6
v 1 9
v 2 440
e 0 1 37 # 
e 0 2 791 # 
x 7 9 10 16 28 29 31 38 48 64 67 70 80
# 13
t # 88
v 0 6
v 1 9
v 2 58
e 0 1 37 # 
e 0 2 928 # 
x 8 16 18 28 38 41 43 46 48 67 70 72 81
# 13
t # 89
v 0 6
v 1 9
v 2 218
e 0 1 37 # 
e 0 2 1244 # 
x 9 19 32 35 42 48 67 70 72 75 78 82 87
# 13
t # 90
v 0 6
v 1 9
v 2 130
e 0 1 37 # 
e 0 2 190 # 
x 2 9 11 12 38 41 47 55 68 69 79 83 89
# 13
t # 91
v 0 6
v 1 9
v 2 43
e 0 1 37 # 
e 0 2 1996 # 
x 9 16 28 29 31 38 48 56 57 64 67 70 72
# 19
t # 92
v 0 6
v 1 9
v 2 284
e 0 1 37 # 
e 0 2 482 # 
x 3 9 10 16 26 28 31 34 45 46 48 53 66 67 68 70 72 80 88
# 13
t # 93
v 0 6
v 1 9
v 2 284
v 3 59
e 0 1 37 # 
e 0 2 482 # 
e 2 3 471 # 
x 3 9 10 16 31 34 46 48 66 67 68 70 72
# 11
t # 94
v 0 6
v 1 9
v 2 284
v 3 288
e 0 1 37 # 
e 0 2 482 # 
e 1 3 476 # 
x 3 9 26 28 46 48 53 67 68 70 72
# 19
t # 95
v 0 6
v 1 9
v 2 947
e 0 1 37 # 
e 0 2 1808 # 
x 9 16 17 22 25 28 30 31 34 43 48 56 57 61 67 70 72 76 86
# 20
t # 96
v 0 6
v 1 9
v 2 430
e 0 1 37 # 
e 0 2 846 # 
x 7 9 22 28 34 35 37 42 43 46 48 53 56 57 61 67 70 72 84 85
# 20
t # 97
v 0 6
v 1 9
v 2 214
e 0 1 37 # 
e 0 2 349 # 
x 3 7 13 25 28 34 35 38 41 45 48 53 65 67 68 69 70 72 80 88
# 22
t # 98
v 0 6
v 1 9
v 2 217
e 0 1 37 # 
e 0 2 475 # 
x 3 9 15 19 22 26 27 28 32 33 34 42 46 48 53 61 67 70 72 75 82 84
# 15
t # 99
v 0 6
v 1 9
v 2 217
v 3 288
e 0 1 37 # 
e 0 2 475 # 
e 1 3 476 # 
x 3 9 15 22 26 27 28 46 48 53 61 67 70 72 84
# 24
t # 100
v 0 6
v 1 9
v 2 462
e 0 1 37 # 
e 0 2 855 # 
x 7 9 18 26 27 34 35 48 49 50 53 60 67 69 70 71 72 76 79 80 84 85 86 87
# 30
t # 101
v 0 6
v 1 9
v 2 59
e 0 1 37 # 
e 0 2 88 # 
x 0 3 5 7 9 10 16 25 26 28 29 31 34 35 45 46 48 53 60 61 66 67 68 69 70 72 76 80 85 88
# 13
t # 102
v 0 6
v 1 9
v 2 59
v 3 284
e 0 1 37 # 
e 0 2 88 # 
e 2 3 471 # 
x 3 9 10 16 31 34 46 48 66 67 68 70 72
# 11
t # 103
v 0 6
v 1 9
v 2 59
v 3 326
e 0 1 37 # 
e 0 2 88 # 
e 1 3 690 # 
x 5 9 10 16 25 26 35 48 53 67 76
# 15
t # 104
v 0 6
v 1 9
v 2 59
v 3 288
e 0 1 37 # 
e 0 2 88 # 
e 1 3 476 # 
x 3 9 26 28 29 35 46 48 53 61 67 68 69 70 72
# 15
t # 105
v 0 6
v 1 9
v 2 59
v 3 267
e 0 1 37 # 
e 0 2 88 # 
e 1 3 443 # 
x 3 9 10 25 26 31 34 35 45 48 53 70 72 80 88
# 14
t # 106
v 0 6
v 1 9
v 2 59
v 3 121
e 0 1 37 # 
e 0 2 88 # 
e 1 3 177 # 
x 3 7 16 25 28 29 31 34 35 48 61 68 69 70
# 30
t # 107
v 0 6
v 1 9
v 2 354
e 0 1 37 # 
e 0 2 610 # 
x 5 6 8 9 14 16 19 22 28 30 31 36 38 41 42 43 47 48 53 54 65 67 69 70 72 73 76 77 78 83
# 36
t # 108
v 0 6
v 1 9
v 2 123
e 0 1 37 # 
e 0 2 331 # 
x 2 5 8 9 10 11 12 16 18 26 29 30 31 33 35 36 44 47 48 54 55 61 66 67 68 69 70 71 72 76 77 78 82 83 84 89
# 18
t # 109
v 0 6
v 1 9
v 2 123
v 3 288
e 0 1 37 # 
e 0 2 331 # 
e 1 3 476 # 
x 9 18 26 29 30 35 48 54 61 67 68 69 70 71 72 77 78 84
# 11
t # 110
v 0 6
v 1 9
v 2 123
v 3 288
v 4 267
e 0 1 37 # 
e 0 2 331 # 
e 1 3 476 # 
e 1 4 443 # 
x 9 18 26 30 35 48 54 70 72 77 78
# 11
t # 111
v 0 6
v 1 9
v 2 123
v 3 288
v 4 121
e 0 1 37 # 
e 0 2 331 # 
e 1 3 476 # 
e 1 4 177 # 
x 29 30 35 48 61 68 69 70 71 77 78
# 15
t # 112
v 0 6
v 1 9
v 2 123
v 3 267
e 0 1 37 # 
e 0 2 331 # 
e 1 3 443 # 
x 9 10 18 26 30 31 35 36 47 48 54 70 72 77 78
# 11
t # 113
v 0 6
v 1 9
v 2 414
e 0 1 37 # 
e 1 2 744 # 
x 6 9 24 28 35 44 48 50 67 70 87
# 12
t # 114
v 0 6
v 1 9
v 2 171
e 0 1 37 # 
e 1 2 261 # 
x 2 9 31 38 39 48 62 64 69 70 72 77
# 12
t # 115
v 0 6
v 1 9
v 2 46
e 0 1 37 # 
e 1 2 4040 # 
x 15 27 30 46 54 56 57 60 74 77 78 81
# 17
t # 116
v 0 6
v 1 9
v 2 326
e 0 1 37 # 
e 1 2 544 # 
x 4 5 6 9 10 11 15 16 33 38 39 48 49 53 65 76 77
# 17
t # 117
v 0 6
v 1 9
v 2 22
e 0 1 37 # 
e 1 2 580 # 
x 5 7 9 10 25 34 38 44 48 53 60 61 67 70 72 76 84
# 18
t # 118
v 0 6
v 1 9
v 2 22
e 0 1 37 # 
e 1 2 581 # 
x 5 9 19 25 32 34 38 42 48 53 61 67 70 72 75 76 79 82
# 13
t # 119
v 0 6
v 1 9
v 2 22
v 3 217
e 0 1 37 # 
e 0 3 475 # 
e 1 2 581 # 
x 9 19 32 34 42 48 53 61 67 70 72 75 82
# 11
t # 120
v 0 6
v 1 9
v 2 22
v 3 59
e 0 1 37 # 
e 0 3 88 # 
e 1 2 581 # 
x 5 9 25 34 48 53 61 67 70 72 76
# 11
t # 121
v 0 6
v 1 9
v 2 22
v 3 354
e 0 1 37 # 
e 0 3 610 # 
e 1 2 581 # 
x 5 9 19 38 42 48 53 67 70 72 76
# 17
t # 122
v 0 6
v 1 9
v 2 326
e 0 1 37 # 
e 1 2 690 # 
x 5 9 10 16 25 26 35 38 40 41 48 53 62 65 67 76 87
# 22
t # 123
v 0 6
v 1 9
v 2 65
e 0 1 37 # 
e 1 2 379 # 
x 3 5 9 14 25 28 30 31 36 39 48 49 56 57 62 67 72 73 75 77 78 81
# 13
t # 124
v 0 6
v 1 9
v 2 65
v 3 354
e 0 1 37 # 
e 0 3 610 # 
e 1 2 379 # 
x 5 9 14 28 30 31 36 48 67 72 73 77 78
# 31
t # 125
v 0 6
v 1 9
v 2 288
e 0 1 37 # 
e 1 2 476 # 
x 3 9 15 18 22 26 27 28 29 30 35 37 38 39 46 48 53 54 61 62 65 67 68 69 70 71 72 77 78 79 84
# 13
t # 126
v 0 6
v 1 9
v 2 288
v 3 430
e 0 1 37 # 
e 0 3 846 # 
e 1 2 476 # 
x 9 22 28 35 37 46 48 53 61 67 70 72 84
# 14
t # 127
v 0 6
v 1 9
v 2 288
v 3 462
e 0 1 37 # 
e 0 3 855 # 
e 1 2 476 # 
x 9 18 26 27 35 48 53 67 69 70 71 72 79 84
# 15
t # 128
v 0 6
v 1 9
v 2 288
v 3 354
e 0 1 37 # 
e 0 3 610 # 
e 1 2 476 # 
x 9 22 28 30 38 48 53 54 65 67 69 70 72 77 78
# 11
t # 129
v 0 6
v 1 9
v 2 288
v 3 289
e 0 1 37 # 
e 1 2 476 # 
e 2 3 478 # 
x 3 9 15 29 30 46 48 67 72 77 78
# 37
t # 130
v 0 6
v 1 9
v 2 267
e 0 1 37 # 
e 1 2 443 # 
x 3 4 9 10 18 19 25 26 30 31 34 35 36 38 39 40 45 47 48 51 53 54 56 57 62 64 65 70 72 73 74 75 77 78 80 81 88
# 13
t # 131
v 0 6
v 1 9
v 2 267
v 3 284
e 0 1 37 # 
e 0 3 482 # 
e 1 2 443 # 
x 3 9 10 26 31 34 45 48 53 70 72 80 88
# 16
t # 132
v 0 6
v 1 9
v 2 267
v 3 354
e 0 1 37 # 
e 0 3 610 # 
e 1 2 443 # 
x 9 19 30 31 36 38 47 48 53 54 65 70 72 73 77 78
# 17
t # 133
v 0 6
v 1 9
v 2 267
v 3 194
e 0 1 37 # 
e 1 2 443 # 
e 2 3 2453 # 
x 9 19 25 30 31 34 36 38 39 45 48 64 65 72 77 78 88
# 11
t # 134
v 0 6
v 1 9
v 2 267
v 3 194
v 4 354
e 0 1 37 # 
e 0 4 610 # 
e 1 2 443 # 
e 2 3 2453 # 
x 9 19 30 31 36 38 48 65 72 77 78
# 44
t # 135
v 0 6
v 1 9
v 2 121
e 0 1 37 # 
e 1 2 177 # 
x 2 3 4 7 11 13 16 17 19 24 25 28 29 30 31 32 33 34 35 37 38 39 43 48 50 51 55 56 57 59 61 64 65 68 69 70 71 73 77 78 79 82 83 86
# 14
t # 136
v 0 6
v 1 9
v 2 121
v 3 947
e 0 1 37 # 
e 0 3 1808 # 
e 1 2 177 # 
x 16 17 25 28 30 31 34 43 48 56 57 61 70 86
# 11
t # 137
v 0 6
v 1 9
v 2 121
v 3 430
e 0 1 37 # 
e 0 3 846 # 
e 1 2 177 # 
x 7 28 34 35 37 43 48 56 57 61 70
# 13
t # 138
v 0 6
v 1 9
v 2 121
v 3 214
e 0 1 37 # 
e 0 3 349 # 
e 1 2 177 # 
x 3 7 13 25 28 34 35 38 48 65 68 69 70
# 15
t # 139
v 0 6
v 1 9
v 2 121
v 3 354
e 0 1 37 # 
e 0 3 610 # 
e 1 2 177 # 
x 16 19 28 30 31 38 43 48 65 69 70 73 77 78 83
# 19
t # 140
v 0 6
v 1 9
v 2 121
v 3 123
e 0 1 37 # 
e 0 3 331 # 
e 1 2 177 # 
x 2 11 16 29 30 31 33 35 48 55 61 68 69 70 71 77 78 82 83
# 12
t # 141
v 0 6
v 1 9
v 2 121
v 3 42
e 0 1 37 # 
e 1 2 177 # 
e 2 3 180 # 
x 2 28 32 34 38 39 56 57 64 68 77 78
# 19
t # 142
v 0 6
v 1 9
v 2 121
v 3 42
e 0 1 37 # 
e 1 2 177 # 
e 2 3 179 # 
x 2 7 11 13 17 19 30 34 35 37 51 55 61 69 71 73 82 83 86
# 12
t # 143
v 0 6
v 1 9
v 2 121
v 3 42
v 4 208
e 0 1 37 # 
e 1 2 177 # 
e 2 3 179 # 
e 3 4 779 # 
x 7 11 13 19 37 51 55 69 71 73 82 83
# 12
t # 144
v 0 6
v 1 9
v 2 121
v 3 42
v 4 208
v 5 445
e 0 1 37 # 
e 1 2 177 # 
e 2 3 179 # 
e 3 4 779 # 
e 4 5 802 # 
x 7 11 13 19 37 51 55 69 71 73 82 83
# 12
t # 145
v 0 9
v 1 414
e 0 1 744 # 
x 6 9 21 24 28 35 44 48 50 67 70 87
# 12
t # 146
v 0 9
v 1 171
e 0 1 261 # 
x 2 9 31 38 39 48 62 64 69 70 72 77
# 12
t # 147
v 0 9
v 1 46
e 0 1 4040 # 
x 15 27 30 46 54 56 57 60 74 77 78 81
# 17
t # 148
v 0 9
v 1 326
e 0 1 544 # 
x 4 5 6 9 10 11 15 16 33 38 39 48 49 53 65 76 77
# 17
t # 149
v 0 9
v 1 22
e 0 1 580 # 
x 5 7 9 10 25 34 38 44 48 53 60 61 67 70 72 76 84
# 18
t # 150
v 0 9
v 1 22
e 0 1 581 # 
x 5 9 19 25 32 34 38 42 48 53 61 67 70 72 75 76 79 82
# 18
t # 151
v 0 9
v 1 326
e 0 1 690 # 
x 5 9 10 16 25 26 35 38 40 41 48 53 62 63 65 67 76 87
# 22
t # 152
v 0 9
v 1 65
e 0 1 379 # 
x 3 5 9 14 25 28 30 31 36 39 48 49 56 57 62 67 72 73 75 77 78 81
# 11
t # 153
v 0 9
v 1 65
v 2 288
e 0 1 379 # 
e 0 2 476 # 
x 3 9 28 30 39 48 62 67 72 77 78
# 17
t # 154
v 0 9
v 1 65
v 2 267
e 0 1 379 # 
e 0 2 443 # 
x 3 9 25 30 31 36 39 48 56 57 62 72 73 75 77 78 81
# 12
t # 155
v 0 9
v 1 65
v 2 121
e 0 1 379 # 
e 0 2 177 # 
x 3 25 28 30 31 39 48 56 57 73 77 78
# 31
t # 156
v 0 9
v 1 288
e 0 1 476 # 
x 3 9 15 18 22 26 27 28 29 30 35 37 38 39 46 48 53 54 61 62 65 67 68 69 70 71 72 77 78 79 84
# 11
t # 157
v 0 9
v 1 288
v 2 289
e 0 1 476 # 
e 1 2 478 # 
x 3 9 15 29 30 46 48 67 72 77 78
# 38
t # 158
v 0 9
v 1 267
e 0 1 443 # 
x 3 4 9 10 18 19 25 26 30 31 34 35 36 38 39 40 45 47 48 51 53 54 56 57 62 63 64 65 70 72 73 74 75 77 78 80 81 88
# 12
t # 159
v 0 9
v 1 267
v 2 326
e 0 1 443 # 
e 0 2 690 # 
x 9 10 25 26 35 38 40 48 53 62 63 65
# 17
t # 160
v 0 9
v 1 267
v 2 288
e 0 1 443 # 
e 0 2 476 # 
x 3 9 18 26 30 35 38 39 48 53 54 62 65 70 72 77 78
# 17
t # 161
v 0 9
v 1 267
v 2 194
e 0 1 443 # 
e 1 2 2453 # 
x 9 19 25 30 31 34 36 38 39 45 48 64 65 72 77 78 88
# 44
t # 162
v 0 9
v 1 121
e 0 1 177 # 
x 2 3 4 7 11 13 16 17 19 24 25 28 29 30 31 32 33 34 35 37 38 39 43 48 50 51 55 56 57 59 61 64 65 68 69 70 71 73 77 78 79 82 83 86
# 18
t # 163
v 0 9
v 1 121
v 2 288
e 0 1 177 # 
e 0 2 476 # 
x 3 28 29 30 35 37 38 39 48 61 65 68 69 70 71 77 78 79
# 18
t # 164
v 0 9
v 1 121
v 2 288
v 3 6
e 0 1 177 # 
e 0 2 476 # 
e 0 3 37 # 
x 3 28 29 30 35 37 38 39 48 61 65 68 69 70 71 77 78 79
# 20
t # 165
v 0 9
v 1 121
v 2 267
e 0 1 177 # 
e 0 2 443 # 
x 3 4 19 25 30 31 34 35 38 39 48 51 56 57 64 65 70 73 77 78
# 12
t # 166
v 0 9
v 1 121
v 2 267
v 3 194
e 0 1 177 # 
e 0 2 443 # 
e 2 3 2453 # 
x 19 25 30 31 34 38 39 48 64 65 77 78
# 20
t # 167
v 0 9
v 1 121
v 2 267
v 3 6
e 0 1 177 # 
e 0 2 443 # 
e 0 3 37 # 
x 3 4 19 25 30 31 34 35 38 39 48 51 56 57 64 65 70 73 77 78
# 12
t # 168
v 0 9
v 1 121
v 2 42
e 0 1 177 # 
e 1 2 180 # 
x 2 28 32 34 38 39 56 57 64 68 77 78
# 19
t # 169
v 0 9
v 1 121
v 2 42
e 0 1 177 # 
e 1 2 179 # 
x 2 7 11 13 17 19 30 34 35 37 51 55 61 69 71 73 82 83 86
# 12
t # 170
v 0 9
v 1 121
v 2 42
v 3 208
e 0 1 177 # 
e 1 2 179 # 
e 2 3 779 # 
x 7 11 13 19 37 51 55 69 71 73 82 83
# 12
t # 171
v 0 9
v 1 121
v 2 42
v 3 208
v 4 445
e 0 1 177 # 
e 1 2 179 # 
e 2 3 779 # 
e 3 4 802 # 
x 7 11 13 19 37 51 55 69 71 73 82 83
# 11
t # 172
v 0 20
v 1 110
e 0 1 590 # 
x 5 11 14 16 20 22 37 38 39 40 79
# 11
t # 173
v 0 22
v 1 110
e 0 1 1725 # 
x 9 11 29 31 38 44 48 68 70 72 88
# 11
t # 174
v 0 22
v 1 862
e 0 1 3329 # 
x 9 18 19 26 32 42 70 72 74 75 82
# 12
t # 175
v 0 24
v 1 160
e 0 1 324 # 
x 2 9 11 12 44 47 55 69 72 83 84 89
# 20
t # 176
v 0 24
v 1 44
e 0 1 842 # 
x 7 9 12 25 29 30 38 49 51 52 56 57 64 72 73 74 75 77 78 89
# 30
t # 177
v 0 24
v 1 27
e 0 1 34 # 
x 0 7 9 18 26 27 28 36 38 42 43 46 48 49 51 53 55 56 57 60 67 68 69 70 71 72 74 76 88 89
# 36
t # 178
v 0 24
v 1 25
e 0 1 522 # 
x 4 5 9 11 12 16 19 20 23 24 25 28 29 30 33 34 38 48 50 51 52 54 55 58 64 65 67 70 72 73 76 77 78 79 80 88
# 13
t # 179
v 0 24
v 1 25
v 2 44
e 0 1 522 # 
e 0 2 842 # 
x 9 12 25 29 30 38 51 52 64 72 73 77 78
# 11
t # 180
v 0 24
v 1 25
v 2 27
e 0 1 522 # 
e 0 2 34 # 
x 9 28 38 48 51 55 67 70 72 76 88
# 16
t # 181
v 0 28
v 1 74
e 0 1 152 # 
x 1 9 10 22 28 31 33 39 48 58 65 66 70 72 73 74
# 14
t # 182
v 0 32
v 1 46
e 0 1 70 # 
x 0 7 8 14 21 24 26 36 52 61 62 82 84 85
# 14
t # 183
v 0 42
v 1 121
e 0 1 180 # 
x 2 12 28 32 34 38 39 41 56 57 64 68 77 78
# 16
t # 184
v 0 42
v 1 208
e 0 1 779 # 
x 7 11 13 19 37 47 51 55 69 71 73 74 75 78 82 83
# 16
t # 185
v 0 42
v 1 208
v 2 445
e 0 1 779 # 
e 1 2 802 # 
x 7 11 13 19 37 47 51 55 69 71 73 74 75 78 82 83
# 19
t # 186
v 0 42
v 1 121
e 0 1 179 # 
x 2 7 11 13 17 19 30 34 35 37 51 55 61 69 71 73 82 83 86
# 12
t # 187
v 0 42
v 1 121
v 2 208
e 0 1 179 # 
e 0 2 779 # 
x 7 11 13 19 37 51 55 69 71 73 82 83
# 12
t # 188
v 0 42
v 1 121
v 2 208
v 3 445
e 0 1 179 # 
e 0 2 779 # 
e 2 3 802 # 
x 7 11 13 19 37 51 55 69 71 73 82 83
# 12
t # 189
v 0 54
v 1 65
e 0 1 4633 # 
x 21 29 35 40 55 62 64 67 70 73 87 88
# 27
t # 190
v 0 54
v 1 107
e 0 1 253 # 
x 2 9 18 22 25 29 30 31 34 37 38 39 47 50 51 54 56 57 64 65 67 70 74 75 76 77 78
# 13
t # 191
v 0 59
v 1 284
e 0 1 471 # 
x 3 9 10 16 31 34 46 48 66 67 68 70 72
# 11
t # 192
v 0 73
v 1 76
e 0 1 111 # 
x 1 2 9 12 35 48 51 70 72 75 87
# 11
t # 193
v 0 73
v 1 134
e 0 1 199 # 
x 2 9 18 23 25 28 40 48 54 67 70
# 12
t # 194
v 0 73
v 1 80
e 0 1 116 # 
x 1 2 23 28 33 41 48 51 67 70 72 74
# 17
t # 195
v 0 73
v 1 75
e 0 1 110 # 
x 1 9 10 25 28 33 35 36 37 48 54 62 67 69 70 72 78
# 21
t # 196
v 0 73
v 1 74
e 0 1 109 # 
x 1 2 9 10 12 20 23 25 28 33 35 36 37 41 48 51 58 62 67 70 72
# 11
t # 197
v 0 73
v 1 74
v 2 80
e 0 1 109 # 
e 0 2 116 # 
x 1 2 23 28 33 41 48 51 67 70 72
# 14
t # 198
v 0 73
v 1 74
v 2 75
e 0 1 109 # 
e 0 2 110 # 
x 1 9 10 25 28 33 35 36 37 48 62 67 70 72
# 11
t # 199
v 0 107
v 1 889
e 0 1 1634 # 
x 9 19 21 22 30 34 49 65 77 78 84
# 13
t # 200
v 0 142
v 1 220
e 0 1 2326 # 
x 9 15 27 42 43 46 48 50 53 65 67 70 72
# 17
t # 201
v 0 194
v 1 267
e 0 1 2453 # 
x 9 19 25 30 31 34 36 38 39 45 48 64 65 72 77 78 88
# 24
t # 202
v 0 208
v 1 445
e 0 1 802 # 
x 7 9 11 13 18 19 37 47 48 51 55 67 69 70 71 72 73 74 75 77 78 82 83 89
# 12
t # 203
v 0 288
v 1 289
e 0 1 478 # 
x 3 9 10 15 29 30 46 48 67 72 77 78
# 12
t # 204
v 0 398
v 1 1033
e 0 1 4276 # 
x 18 25 33 35 37 48 49 54 70 72 78 87
