# 15
t # 0
v 0 0
v 1 2
e 0 1 1 # 
x 0 2 5 10 26 36 41 45 46 75 78 82 84 86 87
# 28
t # 1
v 0 0
v 1 1
e 0 1 0 # 
x 0 2 5 9 10 26 27 28 29 31 33 34 41 45 52 53 56 59 61 62 63 75 77 78 81 84 86 87
# 12
t # 2
v 0 0
v 1 1
v 2 2
e 0 1 0 # 
e 0 2 1 # 
x 0 2 5 10 26 41 45 75 78 84 86 87
# 12
t # 3
v 0 0
v 1 1
v 2 2
v 3 8
e 0 1 0 # 
e 0 2 1 # 
e 1 3 7 # 
x 0 2 5 10 26 41 45 75 78 84 86 87
# 27
t # 4
v 0 0
v 1 1
v 2 8
e 0 1 0 # 
e 1 2 7 # 
x 0 2 5 9 10 26 27 28 29 31 33 34 41 45 52 53 56 61 62 63 75 77 78 81 84 86 87
# 9
t # 5
v 0 0
v 1 1
v 2 8
v 3 445
e 0 1 0 # 
e 1 2 7 # 
e 2 3 834 # 
x 5 29 41 52 53 56 63 75 86
# 9
t # 6
v 0 0
v 1 1
v 2 8
v 3 207
e 0 1 0 # 
e 1 2 7 # 
e 2 3 357 # 
x 10 26 31 41 62 63 77 84 86
# 15
t # 7
v 0 0
v 1 1
v 2 8
v 3 407
e 0 1 0 # 
e 1 2 7 # 
e 2 3 761 # 
x 29 33 34 41 45 52 53 56 61 62 63 77 81 84 87
# 9
t # 8
v 0 0
v 1 1
v 2 8
v 3 407
v 4 25
e 0 1 0 # 
e 1 2 7 # 
e 2 3 761 # 
e 2 4 382 # 
x 41 52 53 56 61 63 77 84 87
# 9
t # 9
v 0 0
v 1 1
v 2 8
v 3 407
v 4 25
v 5 107
e 0 1 0 # 
e 1 2 7 # 
e 2 3 761 # 
e 2 4 382 # 
e 2 5 177 # 
x 41 52 53 56 61 63 77 84 87
# 13
t # 10
v 0 0
v 1 1
v 2 8
v 3 407
v 4 107
e 0 1 0 # 
e 1 2 7 # 
e 2 3 761 # 
e 2 4 177 # 
x 29 33 34 41 52 53 56 61 63 77 81 84 87
# 14
t # 11
v 0 0
v 1 1
v 2 8
v 3 232
e 0 1 0 # 
e 1 2 7 # 
e 2 3 431 # 
x 2 5 9 27 29 31 41 53 63 75 77 81 86 87
# 9
t # 12
v 0 0
v 1 1
v 2 8
v 3 232
v 4 25
e 0 1 0 # 
e 1 2 7 # 
e 2 3 431 # 
e 2 4 382 # 
x 2 5 9 41 53 63 77 86 87
# 9
t # 13
v 0 0
v 1 1
v 2 8
v 3 232
v 4 25
v 5 107
e 0 1 0 # 
e 1 2 7 # 
e 2 3 431 # 
e 2 4 382 # 
e 2 5 177 # 
x 2 5 9 41 53 63 77 86 87
# 12
t # 14
v 0 0
v 1 1
v 2 8
v 3 232
v 4 107
e 0 1 0 # 
e 1 2 7 # 
e 2 3 431 # 
e 2 4 177 # 
x 2 5 9 29 31 41 53 63 77 81 86 87
# 16
t # 15
v 0 0
v 1 1
v 2 8
v 3 25
e 0 1 0 # 
e 1 2 7 # 
e 2 3 382 # 
x 2 5 9 10 28 41 52 53 56 61 63 77 78 84 86 87
# 13
t # 16
v 0 0
v 1 1
v 2 8
v 3 25
v 4 107
e 0 1 0 # 
e 1 2 7 # 
e 2 3 382 # 
e 2 4 177 # 
x 2 5 9 41 52 53 56 61 63 77 84 86 87
# 19
t # 17
v 0 0
v 1 1
v 2 8
v 3 107
e 0 1 0 # 
e 1 2 7 # 
e 2 3 177 # 
x 0 2 5 9 29 31 33 34 41 52 53 56 61 63 77 81 84 86 87
# 9
t # 18
v 0 1
v 1 23
e 0 1 2769 # 
x 22 36 41 52 57 62 63 81 82
# 11
t # 19
v 0 1
v 1 772
e 0 1 1731 # 
x 15 23 25 34 61 64 70 72 73 81 86
# 11
t # 20
v 0 1
v 1 772
e 0 1 1732 # 
x 15 24 29 34 41 53 55 73 75 81 84
# 13
t # 21
v 0 1
v 1 44
e 0 1 1726 # 
x 15 29 33 43 50 59 62 63 66 73 77 86 87
# 16
t # 22
v 0 1
v 1 408
e 0 1 763 # 
x 4 8 29 33 40 41 42 54 55 56 58 63 68 74 75 77
# 17
t # 23
v 0 1
v 1 44
e 0 1 1725 # 
x 15 16 17 23 29 33 43 50 57 59 62 63 73 74 77 86 87
# 19
t # 24
v 0 1
v 1 161
e 0 1 977 # 
x 6 9 24 25 28 30 34 38 41 55 57 63 69 71 72 74 76 79 86
# 19
t # 25
v 0 1
v 1 438
e 0 1 873 # 
x 6 13 16 17 18 19 22 24 29 43 48 55 57 59 63 67 74 76 80
# 15
t # 26
v 0 1
v 1 438
v 2 463
e 0 1 873 # 
e 1 2 872 # 
x 6 13 16 17 18 19 22 24 29 43 48 55 67 74 76
# 60
t # 27
v 0 1
v 1 8
e 0 1 7 # 
x 0 1 2 3 4 5 7 8 9 10 14 15 19 21 23 24 25 26 27 28 29 31 33 34 35 36 40 41 42 45 46 47 50 52 53 55 56 58 60 61 62 63 64 66 70 72 73 74 75 77 78 80 81 82 83 84 85 86 87 89
# 11
t # 28
v 0 1
v 1 8
v 2 772
e 0 1 7 # 
e 0 2 1731 # 
x 15 23 25 34 61 64 70 72 73 81 86
# 11
t # 29
v 0 1
v 1 8
v 2 772
e 0 1 7 # 
e 0 2 1732 # 
x 15 24 29 34 41 53 55 73 75 81 84
# 11
t # 30
v 0 1
v 1 8
v 2 44
e 0 1 7 # 
e 0 2 1726 # 
x 15 29 33 50 62 63 66 73 77 86 87
# 14
t # 31
v 0 1
v 1 8
v 2 408
e 0 1 7 # 
e 0 2 763 # 
x 4 8 29 33 40 41 42 55 56 58 63 74 75 77
# 12
t # 32
v 0 1
v 1 8
v 2 44
e 0 1 7 # 
e 0 2 1725 # 
x 15 23 29 33 50 62 63 73 74 77 86 87
# 11
t # 33
v 0 1
v 1 8
v 2 161
e 0 1 7 # 
e 0 2 977 # 
x 9 24 25 28 34 41 55 63 72 74 86
# 9
t # 34
v 0 1
v 1 8
v 2 210
e 0 1 7 # 
e 1 2 361 # 
x 1 4 63 70 75 77 82 84 86
# 9
t # 35
v 0 1
v 1 8
v 2 187
e 0 1 7 # 
e 1 2 350 # 
x 1 26 28 41 53 63 75 77 84
# 10
t # 36
v 0 1
v 1 8
v 2 848
e 0 1 7 # 
e 1 2 4442 # 
x 35 40 41 53 60 61 63 66 72 84
# 16
t # 37
v 0 1
v 1 8
v 2 445
e 0 1 7 # 
e 1 2 834 # 
x 5 23 25 29 41 46 52 53 55 56 58 63 70 74 75 86
# 17
t # 38
v 0 1
v 1 8
v 2 207
e 0 1 7 # 
e 1 2 357 # 
x 1 4 10 19 25 26 31 41 58 62 63 66 70 77 82 84 86
# 26
t # 39
v 0 1
v 1 8
v 2 407
e 0 1 7 # 
e 1 2 761 # 
x 4 14 23 29 33 34 36 40 41 45 46 50 52 53 56 58 61 62 63 73 77 80 81 82 84 87
# 9
t # 40
v 0 1
v 1 8
v 2 407
v 3 408
e 0 1 7 # 
e 0 3 763 # 
e 1 2 761 # 
x 4 29 33 40 41 56 58 63 77
# 28
t # 41
v 0 1
v 1 8
v 2 232
e 0 1 7 # 
e 1 2 431 # 
x 2 3 4 5 8 9 15 23 27 29 31 36 41 47 50 53 58 63 66 73 74 75 77 80 81 82 86 87
# 9
t # 42
v 0 1
v 1 8
v 2 232
v 3 408
e 0 1 7 # 
e 0 3 763 # 
e 1 2 431 # 
x 4 8 29 41 58 63 74 75 77
# 32
t # 43
v 0 1
v 1 8
v 2 25
e 0 1 7 # 
e 1 2 382 # 
x 2 3 4 5 8 9 10 15 28 36 40 41 42 46 47 50 52 53 55 56 58 61 63 66 74 77 78 80 82 84 86 87
# 11
t # 44
v 0 1
v 1 8
v 2 25
v 3 408
e 0 1 7 # 
e 0 3 763 # 
e 1 2 382 # 
x 4 8 40 41 42 55 56 58 63 74 77
# 11
t # 45
v 0 1
v 1 8
v 2 25
v 3 44
e 0 1 7 # 
e 1 2 382 # 
e 2 3 110 # 
x 41 50 52 53 55 61 63 66 77 80 82
# 13
t # 46
v 0 1
v 1 8
v 2 25
v 3 44
e 0 1 7 # 
e 1 2 382 # 
e 2 3 109 # 
x 9 15 50 52 53 55 63 66 74 77 80 82 86
# 41
t # 47
v 0 1
v 1 8
v 2 107
e 0 1 7 # 
e 1 2 177 # 
x 0 1 2 3 4 5 8 9 14 15 19 25 29 31 33 34 35 36 40 41 46 50 52 53 55 56 58 61 63 66 70 74 77 80 81 82 84 85 86 87 89
# 12
t # 48
v 0 1
v 1 8
v 2 107
v 3 408
e 0 1 7 # 
e 0 3 763 # 
e 1 2 177 # 
x 4 8 29 33 40 41 55 56 58 63 74 77
# 17
t # 49
v 0 3
v 1 4
e 0 1 20 # 
x 0 4 15 21 33 36 41 45 47 53 54 56 62 73 77 82 84
# 9
t # 50
v 0 4
v 1 406
e 0 1 756 # 
x 4 25 31 34 35 52 61 64 70
# 12
t # 51
v 0 4
v 1 161
e 0 1 1129 # 
x 9 15 29 34 39 41 52 53 61 63 82 89
# 13
t # 52
v 0 4
v 1 45
e 0 1 168 # 
x 0 8 12 15 25 33 40 41 53 61 62 63 73
# 14
t # 53
v 0 4
v 1 772
e 0 1 3029 # 
x 25 34 35 40 41 46 47 56 61 63 64 70 86 89
# 14
t # 54
v 0 4
v 1 51
e 0 1 162 # 
x 0 4 5 7 25 32 33 34 42 44 63 66 81 82
# 18
t # 55
v 0 4
v 1 23
e 0 1 1222 # 
x 9 11 12 15 21 25 31 35 36 47 52 53 61 63 70 77 82 89
# 9
t # 56
v 0 8
v 1 188
e 0 1 304 # 
x 1 6 13 15 18 26 37 63 77
# 9
t # 57
v 0 8
v 1 210
e 0 1 361 # 
x 1 4 63 70 75 77 82 84 86
# 9
t # 58
v 0 8
v 1 495
e 0 1 946 # 
x 6 13 18 30 38 43 63 77 87
# 10
t # 59
v 0 8
v 1 497
e 0 1 949 # 
x 6 13 17 18 30 34 43 68 69 80
# 10
t # 60
v 0 8
v 1 187
e 0 1 350 # 
x 1 26 28 37 41 53 63 75 77 84
# 10
t # 61
v 0 8
v 1 392
e 0 1 762 # 
x 4 11 24 28 29 37 41 63 74 77
# 10
t # 62
v 0 8
v 1 848
e 0 1 4442 # 
x 35 40 41 53 60 61 63 66 72 84
# 17
t # 63
v 0 8
v 1 445
e 0 1 834 # 
x 5 23 25 29 41 46 52 53 55 56 58 63 70 71 74 75 86
# 18
t # 64
v 0 8
v 1 207
e 0 1 357 # 
x 1 4 10 19 25 26 31 37 41 58 62 63 66 70 77 82 84 86
# 9
t # 65
v 0 8
v 1 207
v 2 232
e 0 1 357 # 
e 0 2 431 # 
x 4 31 41 58 63 66 77 82 86
# 31
t # 66
v 0 8
v 1 407
e 0 1 761 # 
x 4 12 14 17 23 29 30 33 34 36 40 41 45 46 50 52 53 56 58 61 62 63 71 73 77 80 81 82 84 87 88
# 10
t # 67
v 0 8
v 1 407
v 2 445
e 0 1 761 # 
e 0 2 834 # 
x 23 29 41 46 52 53 56 58 63 71
# 37
t # 68
v 0 8
v 1 232
e 0 1 431 # 
x 2 3 4 5 6 8 9 15 16 18 23 27 29 30 31 36 39 41 47 49 50 53 54 57 58 63 66 73 74 75 77 79 80 81 82 86 87
# 10
t # 69
v 0 8
v 1 232
v 2 445
e 0 1 431 # 
e 0 2 834 # 
x 5 23 29 41 53 58 63 74 75 86
# 16
t # 70
v 0 8
v 1 232
v 2 407
e 0 1 431 # 
e 0 2 761 # 
x 4 23 29 30 36 41 50 53 58 63 73 77 80 81 82 87
# 38
t # 71
v 0 8
v 1 25
e 0 1 382 # 
x 2 3 4 5 8 9 10 13 15 28 36 39 40 41 42 46 47 49 50 52 53 55 56 57 58 61 63 66 69 74 77 78 79 80 82 84 86 87
# 11
t # 72
v 0 8
v 1 25
v 2 445
e 0 1 382 # 
e 0 2 834 # 
x 5 41 46 52 53 55 56 58 63 74 86
# 10
t # 73
v 0 8
v 1 25
v 2 207
e 0 1 382 # 
e 0 2 357 # 
x 4 10 41 58 63 66 77 82 84 86
# 17
t # 74
v 0 8
v 1 25
v 2 407
e 0 1 382 # 
e 0 2 761 # 
x 4 36 40 41 46 50 52 53 56 58 61 63 77 80 82 84 87
# 17
t # 75
v 0 8
v 1 25
v 2 407
v 3 107
e 0 1 382 # 
e 0 2 761 # 
e 0 3 177 # 
x 4 36 40 41 46 50 52 53 56 58 61 63 77 80 82 84 87
# 17
t # 76
v 0 8
v 1 25
v 2 407
v 3 107
v 4 1
e 0 1 382 # 
e 0 2 761 # 
e 0 3 177 # 
e 0 4 7 # 
x 4 36 40 41 46 50 52 53 56 58 61 63 77 80 82 84 87
# 17
t # 77
v 0 8
v 1 25
v 2 407
v 3 1
e 0 1 382 # 
e 0 2 761 # 
e 0 3 7 # 
x 4 36 40 41 46 50 52 53 56 58 61 63 77 80 82 84 87
# 25
t # 78
v 0 8
v 1 25
v 2 232
e 0 1 382 # 
e 0 2 431 # 
x 2 3 4 5 8 9 15 36 39 41 47 49 50 53 57 58 63 66 74 77 79 80 82 86 87
# 23
t # 79
v 0 8
v 1 25
v 2 232
v 3 107
e 0 1 382 # 
e 0 2 431 # 
e 0 3 177 # 
x 2 3 4 5 8 9 15 36 39 41 49 50 53 58 63 66 74 77 79 80 82 86 87
# 20
t # 80
v 0 8
v 1 25
v 2 232
v 3 107
v 4 1
e 0 1 382 # 
e 0 2 431 # 
e 0 3 177 # 
e 0 4 7 # 
x 2 3 4 5 8 9 15 36 41 50 53 58 63 66 74 77 80 82 86 87
# 21
t # 81
v 0 8
v 1 25
v 2 232
v 3 1
e 0 1 382 # 
e 0 2 431 # 
e 0 3 7 # 
x 2 3 4 5 8 9 15 36 41 47 50 53 58 63 66 74 77 80 82 86 87
# 32
t # 82
v 0 8
v 1 25
v 2 107
e 0 1 382 # 
e 0 2 177 # 
x 2 3 4 5 8 9 13 15 36 39 40 41 46 49 50 52 53 55 56 58 61 63 66 69 74 77 79 80 82 84 86 87
# 27
t # 83
v 0 8
v 1 25
v 2 107
v 3 1
e 0 1 382 # 
e 0 2 177 # 
e 0 3 7 # 
x 2 3 4 5 8 9 15 36 40 41 46 50 52 53 55 56 58 61 63 66 74 77 80 82 84 86 87
# 12
t # 84
v 0 8
v 1 25
v 2 44
e 0 1 382 # 
e 1 2 110 # 
x 39 41 50 52 53 55 61 63 66 77 80 82
# 14
t # 85
v 0 8
v 1 25
v 2 44
e 0 1 382 # 
e 1 2 109 # 
x 9 15 39 50 52 53 55 63 66 74 77 80 82 86
# 59
t # 86
v 0 8
v 1 107
e 0 1 177 # 
x 0 1 2 3 4 5 6 8 9 11 13 14 15 16 17 18 19 25 29 30 31 33 34 35 36 38 39 40 41 43 44 46 49 50 51 52 53 54 55 56 58 61 63 66 68 69 70 74 76 77 79 80 81 82 84 85 86 87 89
# 9
t # 87
v 0 8
v 1 107
v 2 495
e 0 1 177 # 
e 0 2 946 # 
x 6 13 18 30 38 43 63 77 87
# 10
t # 88
v 0 8
v 1 107
v 2 497
e 0 1 177 # 
e 0 2 949 # 
x 6 13 17 18 30 34 43 68 69 80
# 14
t # 89
v 0 8
v 1 107
v 2 445
e 0 1 177 # 
e 0 2 834 # 
x 5 25 29 41 46 52 53 55 56 58 63 70 74 86
# 14
t # 90
v 0 8
v 1 107
v 2 207
e 0 1 177 # 
e 0 2 357 # 
x 1 4 19 25 31 41 58 63 66 70 77 82 84 86
# 14
t # 91
v 0 8
v 1 107
v 2 207
v 3 1
e 0 1 177 # 
e 0 2 357 # 
e 0 3 7 # 
x 1 4 19 25 31 41 58 63 66 70 77 82 84 86
# 24
t # 92
v 0 8
v 1 107
v 2 407
e 0 1 177 # 
e 0 2 761 # 
x 4 14 17 29 30 33 34 36 40 41 46 50 52 53 56 58 61 63 77 80 81 82 84 87
# 22
t # 93
v 0 8
v 1 107
v 2 407
v 3 1
e 0 1 177 # 
e 0 2 761 # 
e 0 3 7 # 
x 4 14 29 33 34 36 40 41 46 50 52 53 56 58 61 63 77 80 81 82 84 87
# 31
t # 94
v 0 8
v 1 107
v 2 232
e 0 1 177 # 
e 0 2 431 # 
x 2 3 4 5 6 8 9 15 16 18 29 30 31 36 39 41 49 50 53 54 58 63 66 74 77 79 80 81 82 86 87
# 23
t # 95
v 0 8
v 1 107
v 2 232
v 3 1
e 0 1 177 # 
e 0 2 431 # 
e 0 3 7 # 
x 2 3 4 5 8 9 15 29 31 36 41 50 53 58 63 66 74 77 80 81 82 86 87
# 9
t # 96
v 0 8
v 1 107
v 2 161
e 0 1 177 # 
e 1 2 1130 # 
x 9 18 34 39 41 63 69 76 77
# 16
t # 97
v 0 8
v 1 107
v 2 44
e 0 1 177 # 
e 1 2 858 # 
x 6 8 13 15 17 18 30 34 36 38 43 44 56 63 69 86
# 17
t # 98
v 0 8
v 1 107
v 2 44
e 0 1 177 # 
e 1 2 857 # 
x 6 8 13 15 17 18 30 34 36 38 43 44 54 56 63 69 86
# 9
t # 99
v 0 8
v 1 107
v 2 44
v 3 232
e 0 1 177 # 
e 0 3 431 # 
e 1 2 857 # 
x 6 8 15 18 30 36 54 63 86
# 12
t # 100
v 0 21
v 1 23
e 0 1 391 # 
x 2 5 12 28 38 41 51 53 61 63 72 77
# 20
t # 101
v 0 21
v 1 42
e 0 1 1378 # 
x 11 15 16 27 29 33 36 41 44 50 57 62 63 66 73 74 77 80 82 86
# 10
t # 102
v 0 22
v 1 26
e 0 1 29 # 
x 0 6 13 33 44 51 54 63 68 82
# 9
t # 103
v 0 23
v 1 44
e 0 1 1303 # 
x 10 12 24 30 31 63 70 72 82
# 11
t # 104
v 0 23
v 1 44
e 0 1 65 # 
x 0 2 5 11 16 26 41 51 52 53 63
# 23
t # 105
v 0 23
v 1 26
e 0 1 61 # 
x 0 6 9 10 12 21 26 27 28 37 38 41 44 51 54 57 59 63 72 74 80 87 89
# 10
t # 106
v 0 23
v 1 26
v 2 161
e 0 1 61 # 
e 1 2 1132 # 
x 9 21 27 37 41 44 51 59 63 72
# 17
t # 107
v 0 25
v 1 44
e 0 1 110 # 
x 0 20 26 37 39 41 50 52 53 55 59 61 63 66 77 80 82
# 20
t # 108
v 0 25
v 1 44
e 0 1 109 # 
x 0 9 15 17 20 26 39 50 52 53 55 59 60 63 66 74 77 80 82 86
# 9
t # 109
v 0 26
v 1 254
e 0 1 1416 # 
x 11 16 26 29 41 62 63 65 73
# 10
t # 110
v 0 26
v 1 121
e 0 1 972 # 
x 6 16 17 18 39 57 62 67 69 73
# 11
t # 111
v 0 26
v 1 51
e 0 1 929 # 
x 6 7 13 20 41 44 59 63 72 74 82
# 12
t # 112
v 0 26
v 1 49
e 0 1 3393 # 
x 27 28 29 41 55 57 62 63 73 75 77 87
# 15
t # 113
v 0 26
v 1 137
e 0 1 320 # 
x 1 6 10 16 17 27 28 30 38 68 69 72 74 79 80
# 17
t # 114
v 0 26
v 1 349
e 0 1 606 # 
x 4 6 9 16 17 30 36 38 39 44 55 57 63 65 68 69 82
# 18
t # 115
v 0 26
v 1 345
e 0 1 709 # 
x 4 9 13 17 38 39 41 44 51 55 59 61 63 69 72 73 75 79
# 19
t # 116
v 0 26
v 1 161
e 0 1 1132 # 
x 9 15 16 18 21 27 30 37 39 41 44 51 53 59 63 68 69 72 86
# 9
t # 117
v 0 26
v 1 161
v 2 345
e 0 1 1132 # 
e 0 2 709 # 
x 9 39 41 44 51 59 63 69 72
# 9
t # 118
v 0 32
v 1 44
e 0 1 537 # 
x 4 17 41 57 58 63 66 74 86
# 12
t # 119
v 0 33
v 1 36
e 0 1 40 # 
x 0 15 28 31 34 36 41 53 61 63 82 84
# 10
t # 120
v 0 34
v 1 157
e 0 1 419 # 
x 2 5 7 25 52 63 68 75 77 78
# 11
t # 121
v 0 37
v 1 63
e 0 1 76 # 
x 0 1 4 33 50 63 71 77 79 86 88
# 13
t # 122
v 0 37
v 1 157
e 0 1 249 # 
x 0 2 5 9 25 33 41 44 63 74 78 80 87
# 9
t # 123
v 0 40
v 1 44
e 0 1 102 # 
x 0 16 22 41 63 67 71 72 74
# 9
t # 124
v 0 42
v 1 161
e 0 1 2533 # 
x 21 30 51 52 63 69 72 74 86
# 9
t # 125
v 0 42
v 1 44
e 0 1 541 # 
x 4 27 39 41 57 63 67 78 79
# 9
t # 126
v 0 42
v 1 50
e 0 1 926 # 
x 6 13 62 63 72 73 80 82 87
# 11
t # 127
v 0 42
v 1 50
e 0 1 56 # 
x 0 18 36 43 44 49 51 53 61 82 86
# 13
t # 128
v 0 42
v 1 44
e 0 1 1550 # 
x 13 16 26 39 53 57 61 63 68 72 77 80 87
# 16
t # 129
v 0 42
v 1 176
e 0 1 599 # 
x 4 13 22 33 38 41 43 46 56 63 69 77 80 82 86 87
# 15
t # 130
v 0 43
v 1 103
e 0 1 142 # 
x 0 2 5 10 21 25 29 51 61 63 66 72 77 79 80
# 9
t # 131
v 0 44
v 1 137
e 0 1 311 # 
x 1 10 17 18 28 48 55 57 80
# 9
t # 132
v 0 44
v 1 161
e 0 1 1127 # 
x 9 24 29 44 48 51 52 55 74
# 10
t # 133
v 0 44
v 1 512
e 0 1 989 # 
x 6 22 55 63 65 68 77 79 86 87
# 16
t # 134
v 0 44
v 1 107
e 0 1 858 # 
x 6 8 13 15 17 18 30 34 36 38 43 44 56 63 69 86
# 17
t # 135
v 0 44
v 1 107
e 0 1 857 # 
x 6 8 13 15 17 18 30 34 36 38 43 44 54 56 63 69 86
# 10
t # 136
v 0 47
v 1 176
e 0 1 317 # 
x 1 5 10 30 33 43 44 45 53 84
# 10
t # 137
v 0 63
v 1 65
e 0 1 77 # 
x 0 1 33 47 55 61 63 74 77 88
# 9
t # 138
v 0 99
v 1 225
e 0 1 384 # 
x 2 5 6 13 18 41 57 63 86
# 31
t # 139
v 0 99
v 1 103
e 0 1 144 # 
x 0 2 4 5 9 17 18 28 31 33 34 36 41 43 51 57 61 63 65 66 71 72 74 76 77 79 80 82 86 87 88
# 14
t # 140
v 0 99
v 1 103
v 2 105
e 0 1 144 # 
e 1 2 148 # 
x 0 4 18 33 43 51 57 61 63 72 79 80 86 88
# 21
t # 141
v 0 103
v 1 105
e 0 1 148 # 
x 0 4 6 10 13 18 21 24 25 29 33 43 51 57 61 63 72 79 80 86 88
# 9
t # 142
v 0 107
v 1 161
e 0 1 1130 # 
x 9 18 34 39 41 63 69 76 77
# 12
t # 143
v 0 243
v 1 261
e 0 1 462 # 
x 3 7 18 21 22 27 31 54 55 63 83 86
# 14
t # 144
v 0 245
v 1 246
e 0 1 424 # 
x 2 5 23 34 41 45 58 62 63 73 75 78 84 86
# 13
t # 145
v 0 424
v 1 426
e 0 1 793 # 
x 5 6 13 16 17 18 47 54 56 63 71 79 80
# 19
t # 146
v 0 438
v 1 463
e 0 1 872 # 
x 6 13 16 17 18 19 22 24 29 30 43 48 55 65 67 72 74 76 88
