# 13
t # 0
v 0 0
v 1 1
e 0 1 2 # 
x 0 5 6 7 8 11 12 14 20 23 25 35 39
# 21
t # 1
v 0 0
v 1 1
e 0 1 1 # 
x 0 2 3 6 7 8 9 12 15 17 19 20 21 25 26 33 35 37 38 47 88
# 25
t # 2
v 0 0
v 1 1
e 0 1 0 # 
x 0 1 2 3 5 6 7 8 9 11 12 14 16 21 26 27 29 30 31 32 33 37 38 39 40
# 12
t # 3
v 0 0
v 1 1
v 2 327
e 0 1 0 # 
e 1 2 1083 # 
x 6 7 12 14 16 21 27 29 30 32 33 37
# 11
t # 4
v 0 0
v 1 1
v 2 327
v 3 31
e 0 1 0 # 
e 1 2 1083 # 
e 2 3 944 # 
x 6 12 14 16 21 27 29 30 32 33 37
# 11
t # 5
v 0 0
v 1 1
v 2 327
v 3 31
v 4 32
e 0 1 0 # 
e 1 2 1083 # 
e 2 3 944 # 
e 2 4 945 # 
x 6 12 14 16 21 27 29 30 32 33 37
# 12
t # 6
v 0 0
v 1 1
v 2 327
v 3 32
e 0 1 0 # 
e 1 2 1083 # 
e 2 3 945 # 
x 6 7 12 14 16 21 27 29 30 32 33 37
# 11
t # 7
v 0 1
v 1 505
e 0 1 1411 # 
x 9 11 17 25 26 27 28 29 32 33 37
# 11
t # 8
v 0 1
v 1 391
e 0 1 1032 # 
x 6 8 9 14 27 32 33 35 38 39 54
# 12
t # 9
v 0 1
v 1 263
e 0 1 610 # 
x 3 8 12 13 14 16 18 19 22 32 36 38
# 12
t # 10
v 0 1
v 1 12
e 0 1 16 # 
x 0 1 2 3 4 5 6 7 8 52 70 80
# 13
t # 11
v 0 1
v 1 258
e 0 1 4056 # 
x 40 41 45 59 65 68 74 78 80 84 85 88 89
# 14
t # 12
v 0 1
v 1 502
e 0 1 1539 # 
x 10 12 13 15 17 20 22 23 24 28 29 34 37 39
# 14
t # 13
v 0 1
v 1 327
e 0 1 1041 # 
x 6 9 10 13 14 18 22 25 27 28 33 36 37 83
# 12
t # 14
v 0 1
v 1 327
v 2 31
e 0 1 1041 # 
e 1 2 944 # 
x 6 9 10 13 14 18 25 27 28 33 36 37
# 12
t # 15
v 0 1
v 1 327
v 2 31
v 3 32
e 0 1 1041 # 
e 1 2 944 # 
e 1 3 945 # 
x 6 9 10 13 14 18 25 27 28 33 36 37
# 12
t # 16
v 0 1
v 1 327
v 2 32
e 0 1 1041 # 
e 1 2 945 # 
x 6 9 10 13 14 18 25 27 28 33 36 37
# 19
t # 17
v 0 1
v 1 327
e 0 1 1042 # 
x 6 9 11 13 14 16 18 19 23 25 26 27 28 29 30 36 38 79 88
# 17
t # 18
v 0 1
v 1 327
v 2 31
e 0 1 1042 # 
e 1 2 944 # 
x 6 9 11 13 14 16 18 19 23 25 26 27 28 29 30 36 38
# 17
t # 19
v 0 1
v 1 327
v 2 31
v 3 32
e 0 1 1042 # 
e 1 2 944 # 
e 1 3 945 # 
x 6 9 11 13 14 16 18 19 23 25 26 27 28 29 30 36 38
# 17
t # 20
v 0 1
v 1 327
v 2 32
e 0 1 1042 # 
e 1 2 945 # 
x 6 9 11 13 14 16 18 19 23 25 26 27 28 29 30 36 38
# 19
t # 21
v 0 1
v 1 327
e 0 1 1083 # 
x 6 7 10 12 14 16 17 21 22 24 27 28 29 30 32 33 35 37 56
# 16
t # 22
v 0 1
v 1 327
v 2 31
e 0 1 1083 # 
e 1 2 944 # 
x 6 10 12 14 16 17 21 24 27 28 29 30 32 33 35 37
# 16
t # 23
v 0 1
v 1 327
v 2 31
v 3 32
e 0 1 1083 # 
e 1 2 944 # 
e 1 3 945 # 
x 6 10 12 14 16 17 21 24 27 28 29 30 32 33 35 37
# 17
t # 24
v 0 1
v 1 327
v 2 32
e 0 1 1083 # 
e 1 2 945 # 
x 6 7 10 12 14 16 17 21 24 27 28 29 30 32 33 35 37
# 11
t # 25
v 0 4
v 1 142
e 0 1 241 # 
x 1 2 10 11 12 18 29 32 36 37 39
# 11
t # 26
v 0 6
v 1 31
e 0 1 666 # 
x 3 5 6 9 10 15 16 17 20 34 38
# 11
t # 27
v 0 6
v 1 32
e 0 1 667 # 
x 3 5 6 9 10 15 16 17 20 34 38
# 11
t # 28
v 0 11
v 1 65
e 0 1 530 # 
x 2 7 9 13 20 25 30 33 35 36 38
# 29
t # 29
v 0 11
v 1 24
e 0 1 366 # 
x 1 2 6 7 8 10 11 13 14 16 17 20 21 24 25 26 27 28 29 30 32 33 34 35 36 38 39 83 85
# 11
t # 30
v 0 11
v 1 24
v 2 142
e 0 1 366 # 
e 1 2 240 # 
x 1 2 10 11 17 25 26 28 29 39 85
# 33
t # 31
v 0 11
v 1 14
e 0 1 43 # 
x 0 1 2 4 6 7 8 9 10 11 13 14 15 16 17 19 21 24 25 26 27 28 29 30 33 34 35 36 38 39 83 85 88
# 27
t # 32
v 0 11
v 1 14
v 2 24
e 0 1 43 # 
e 0 2 366 # 
x 1 2 6 7 8 10 11 13 14 16 17 21 24 25 26 27 28 29 30 33 34 35 36 38 39 83 85
# 11
t # 33
v 0 11
v 1 14
v 2 24
v 3 142
e 0 1 43 # 
e 0 2 366 # 
e 2 3 240 # 
x 1 2 10 11 17 25 26 28 29 39 85
# 17
t # 34
v 0 24
v 1 142
e 0 1 240 # 
x 1 2 9 10 11 12 15 17 18 25 26 28 29 37 39 65 85
# 34
t # 35
v 0 24
v 1 83
e 0 1 132 # 
x 0 1 2 3 4 6 8 11 12 16 18 19 28 35 36 40 41 42 51 52 53 54 57 60 65 68 73 74 75 78 79 80 85 88
# 14
t # 36
v 0 24
v 1 83
v 2 89
e 0 1 132 # 
e 1 2 135 # 
x 0 28 35 40 42 52 53 65 73 74 78 79 85 88
# 16
t # 37
v 0 24
v 1 83
v 2 85
e 0 1 132 # 
e 1 2 130 # 
x 0 1 2 3 4 6 8 11 12 16 18 19 28 35 36 80
# 12
t # 38
v 0 26
v 1 32
e 0 1 49 # 
x 0 1 2 3 4 5 6 7 8 10 14 22
# 12
t # 39
v 0 26
v 1 31
e 0 1 48 # 
x 0 1 2 3 4 5 6 7 8 10 14 22
# 12
t # 40
v 0 26
v 1 31
v 2 32
e 0 1 48 # 
e 0 2 49 # 
x 0 1 2 3 4 5 6 7 8 10 14 22
# 11
t # 41
v 0 26
v 1 31
v 2 32
v 3 71
e 0 1 48 # 
e 0 2 49 # 
e 2 3 101 # 
x 0 1 2 3 4 5 6 7 8 14 22
# 11
t # 42
v 0 26
v 1 31
v 2 32
v 3 71
e 0 1 48 # 
e 0 2 49 # 
e 1 3 100 # 
x 0 1 2 3 4 5 6 7 8 14 22
# 11
t # 43
v 0 26
v 1 31
v 2 71
e 0 1 48 # 
e 1 2 100 # 
x 0 1 2 3 4 5 6 7 8 14 22
# 11
t # 44
v 0 26
v 1 31
v 2 71
v 3 32
e 0 1 48 # 
e 1 2 100 # 
e 2 3 101 # 
x 0 1 2 3 4 5 6 7 8 14 22
# 11
t # 45
v 0 31
v 1 505
e 0 1 1502 # 
x 9 11 17 24 25 26 28 29 32 34 37
# 12
t # 46
v 0 31
v 1 187
e 0 1 344 # 
x 1 3 7 9 11 14 17 18 24 29 30 36
# 12
t # 47
v 0 31
v 1 71
e 0 1 100 # 
x 0 1 2 3 4 5 6 7 8 14 22 27
# 27
t # 48
v 0 31
v 1 327
e 0 1 944 # 
x 5 6 9 10 11 12 13 14 16 17 18 19 21 23 24 25 26 27 28 29 30 32 33 35 36 37 38
# 27
t # 49
v 0 31
v 1 327
v 2 32
e 0 1 944 # 
e 1 2 945 # 
x 5 6 9 10 11 12 13 14 16 17 18 19 21 23 24 25 26 27 28 29 30 32 33 35 36 37 38
# 11
t # 50
v 0 32
v 1 505
e 0 1 1503 # 
x 9 11 17 24 25 26 28 29 32 34 37
# 13
t # 51
v 0 32
v 1 187
e 0 1 345 # 
x 1 3 7 9 10 11 14 17 18 24 29 30 36
# 13
t # 52
v 0 32
v 1 71
e 0 1 101 # 
x 0 1 2 3 4 5 6 7 8 14 22 25 27
# 28
t # 53
v 0 32
v 1 327
e 0 1 945 # 
x 5 6 7 9 10 11 12 13 14 16 17 18 19 21 23 24 25 26 27 28 29 30 32 33 35 36 37 38
# 13
t # 54
v 0 61
v 1 67
e 0 1 96 # 
x 0 1 2 3 4 5 6 7 14 19 24 27 29
# 18
t # 55
v 0 65
v 1 83
e 0 1 309 # 
x 1 3 9 10 12 13 14 18 20 27 29 36 37 42 52 73 75 80
# 12
t # 56
v 0 65
v 1 83
v 2 85
e 0 1 309 # 
e 1 2 130 # 
x 1 3 9 10 12 13 14 18 20 29 36 80
# 14
t # 57
v 0 75
v 1 83
e 0 1 139 # 
x 0 1 3 8 9 19 24 29 32 33 34 35 38 39
# 18
t # 58
v 0 81
v 1 83
e 0 1 127 # 
x 0 1 2 5 7 9 18 19 20 23 25 27 28 30 35 36 42 46
# 15
t # 59
v 0 81
v 1 83
v 2 85
e 0 1 127 # 
e 1 2 130 # 
x 0 1 2 5 7 9 18 19 20 23 25 28 30 35 36
# 18
t # 60
v 0 81
v 1 83
e 0 1 128 # 
x 0 1 2 5 7 9 18 19 20 23 25 27 28 30 35 36 42 46
# 13
t # 61
v 0 83
v 1 88
e 0 1 134 # 
x 0 1 5 7 9 11 15 23 24 26 34 35 39
# 13
t # 62
v 0 83
v 1 87
e 0 1 133 # 
x 0 1 2 6 8 9 20 27 28 32 35 37 84
# 14
t # 63
v 0 83
v 1 89
e 0 1 135 # 
x 0 28 35 40 42 52 53 65 73 74 78 79 85 88
# 14
t # 64
v 0 83
v 1 171
e 0 1 310 # 
x 1 2 3 4 5 7 13 22 25 26 30 32 38 75
# 37
t # 65
v 0 83
v 1 85
e 0 1 130 # 
x 0 1 2 3 4 5 6 7 8 9 10 11 12 13 14 15 16 17 18 19 20 22 23 24 25 26 28 29 30 32 33 34 35 36 38 39 80
# 13
t # 66
v 0 83
v 1 85
v 2 88
e 0 1 130 # 
e 0 2 134 # 
x 0 1 5 7 9 11 15 23 24 26 34 35 39
# 13
t # 67
v 0 83
v 1 85
v 2 171
e 0 1 130 # 
e 0 2 310 # 
x 1 2 3 4 5 7 13 22 25 26 30 32 38
# 12
t # 68
v 0 110
v 1 578
e 0 1 4182 # 
x 41 42 46 48 59 63 72 78 80 83 86 87
# 14
t # 69
v 0 110
v 1 848
e 0 1 3015 # 
x 26 34 41 42 52 54 59 64 67 72 73 78 79 80
# 15
t # 70
v 0 110
v 1 330
e 0 1 796 # 
x 4 45 47 51 52 59 62 64 66 67 70 76 78 79 85
# 40
t # 71
v 0 110
v 1 112
e 0 1 174 # 
x 0 1 7 26 34 40 41 42 43 46 48 50 52 54 55 57 58 59 60 63 65 66 67 68 70 71 72 73 74 75 76 77 78 79 80 82 83 84 86 87
# 12
t # 72
v 0 110
v 1 112
v 2 578
e 0 1 174 # 
e 0 2 4182 # 
x 41 42 46 48 59 63 72 78 80 83 86 87
# 13
t # 73
v 0 110
v 1 112
v 2 848
e 0 1 174 # 
e 0 2 3015 # 
x 26 34 41 42 52 54 59 67 72 73 78 79 80
# 11
t # 74
v 0 110
v 1 112
v 2 445
e 0 1 174 # 
e 1 2 3793 # 
x 40 41 48 52 57 59 63 73 75 78 83
# 13
t # 75
v 0 112
v 1 445
e 0 1 3793 # 
x 37 40 41 48 52 57 59 63 64 73 75 78 83
# 16
t # 76
v 0 142
v 1 243
e 0 1 1438 # 
x 9 11 12 15 16 17 18 20 22 26 27 28 29 30 31 36
# 18
t # 77
v 0 155
v 1 427
e 0 1 1680 # 
x 11 16 42 49 52 60 61 62 63 70 76 78 79 80 81 82 84 86
# 16
t # 78
v 0 246
v 1 313
e 0 1 813 # 
x 4 9 11 12 14 16 20 27 44 47 69 75 79 80 85 89
# 11
t # 79
v 0 258
v 1 1204
e 0 1 4592 # 
x 45 53 55 64 81 83 85 86 87 88 89
# 12
t # 80
v 0 258
v 1 322
e 0 1 4625 # 
x 45 50 52 53 56 67 73 74 81 82 86 89
# 12
t # 81
v 0 313
v 1 1146
e 0 1 5051 # 
x 48 51 53 56 57 60 66 68 69 75 76 77
# 16
t # 82
v 0 313
v 1 717
e 0 1 2408 # 
x 19 42 44 47 49 50 71 72 75 78 79 80 81 87 88 89
# 19
t # 83
v 0 313
v 1 449
e 0 1 1252 # 
x 7 42 43 44 46 47 49 53 65 78 79 80 81 82 84 86 87 88 89
# 11
t # 84
v 0 313
v 1 449
v 2 717
e 0 1 1252 # 
e 0 2 2408 # 
x 42 44 47 49 78 79 80 81 87 88 89
# 25
t # 85
v 0 313
v 1 427
e 0 1 1147 # 
x 6 8 12 16 19 20 41 44 51 53 54 55 56 57 58 59 66 67 68 69 70 75 76 77 78
# 16
t # 86
v 0 313
v 1 427
v 2 739
e 0 1 1147 # 
e 1 2 4503 # 
x 44 53 54 55 56 57 58 59 66 67 68 69 75 76 77 78
# 30
t # 87
v 0 313
v 1 314
e 0 1 770 # 
x 4 14 18 21 22 27 30 31 33 34 36 39 40 42 43 44 50 56 60 65 68 69 70 71 75 76 77 78 79 89
# 11
t # 88
v 0 427
v 1 1097
e 0 1 5295 # 
x 50 51 55 58 65 68 70 73 77 78 79
# 12
t # 89
v 0 427
v 1 1242
e 0 1 4505 # 
x 44 51 52 53 56 57 63 66 68 69 75 77
# 14
t # 90
v 0 427
v 1 1074
e 0 1 4042 # 
x 40 42 43 44 46 48 52 53 60 63 65 75 77 78
# 16
t # 91
v 0 427
v 1 739
e 0 1 4503 # 
x 44 53 54 55 56 57 58 59 66 67 68 69 75 76 77 78
# 13
t # 92
v 0 449
v 1 1099
e 0 1 4100 # 
x 40 49 53 59 65 75 79 81 83 85 86 87 89
