# 18
t # 0
v 0 1
v 1 48
e 0 1 53 # 
x 0 5 7 9 16 20 29 30 35 43 46 48 55 60 66 73 86 88
# 18
t # 1
v 0 1
v 1 48
v 2 50
e 0 1 53 # 
e 1 2 56 # 
x 0 5 7 9 16 20 29 30 35 43 46 48 55 60 66 73 86 88
# 21
t # 2
v 0 1
v 1 3
e 0 1 1874 # 
x 9 13 14 17 20 29 35 37 38 40 44 49 51 52 53 55 59 62 66 78 80
# 20
t # 3
v 0 1
v 1 3
v 2 10
e 0 1 1874 # 
e 0 2 10 # 
x 9 13 17 20 29 35 37 38 40 44 49 51 52 53 55 59 62 66 78 80
# 20
t # 4
v 0 1
v 1 3
v 2 10
v 3 88
e 0 1 1874 # 
e 0 2 10 # 
e 2 3 120 # 
x 9 13 17 20 29 35 37 38 40 44 49 51 52 53 55 59 62 66 78 80
# 18
t # 5
v 0 1
v 1 3
v 2 10
v 3 88
v 4 98
e 0 1 1874 # 
e 0 2 10 # 
e 2 3 120 # 
e 3 4 131 # 
x 13 17 20 29 35 38 40 44 49 51 52 53 55 59 62 66 78 80
# 21
t # 6
v 0 1
v 1 3
v 2 10
e 0 1 1874 # 
e 1 2 15 # 
x 9 13 14 17 20 29 35 37 38 40 44 49 51 52 53 55 59 62 66 78 80
# 20
t # 7
v 0 1
v 1 3
v 2 10
e 0 1 1874 # 
e 0 2 10 # 
e 1 2 15 # 
x 9 13 17 20 29 35 37 38 40 44 49 51 52 53 55 59 62 66 78 80
# 21
t # 8
v 0 1
v 1 3
v 2 10
v 3 88
e 0 1 1874 # 
e 1 2 15 # 
e 2 3 120 # 
x 9 13 14 17 20 29 35 37 38 40 44 49 51 52 53 55 59 62 66 78 80
# 19
t # 9
v 0 1
v 1 3
v 2 10
v 3 88
v 4 98
e 0 1 1874 # 
e 1 2 15 # 
e 2 3 120 # 
e 3 4 131 # 
x 13 14 17 20 29 35 38 40 44 49 51 52 53 55 59 62 66 78 80
# 27
t # 10
v 0 1
v 1 87
e 0 1 113 # 
x 0 8 9 16 17 20 26 29 30 35 36 38 43 46 51 52 53 55 60 64 66 69 73 78 84 86 88
# 21
t # 11
v 0 1
v 1 87
v 2 88
e 0 1 113 # 
e 1 2 111 # 
x 0 8 16 17 26 29 30 35 36 38 51 52 53 55 60 64 73 78 84 86 88
# 19
t # 12
v 0 1
v 1 87
v 2 88
v 3 98
e 0 1 113 # 
e 1 2 111 # 
e 2 3 131 # 
x 0 8 16 17 26 29 35 38 51 52 53 55 60 64 73 78 84 86 88
# 19
t # 13
v 0 1
v 1 87
v 2 88
v 3 98
v 4 10
e 0 1 113 # 
e 1 2 111 # 
e 2 3 131 # 
e 2 4 120 # 
x 0 8 16 17 26 29 35 38 51 52 53 55 60 64 73 78 84 86 88
# 18
t # 14
v 0 1
v 1 87
v 2 88
v 3 98
v 4 10
e 0 1 113 # 
e 0 4 10 # 
e 1 2 111 # 
e 2 3 131 # 
e 2 4 120 # 
x 0 8 16 17 29 35 38 51 52 53 55 60 64 73 78 84 86 88
# 20
t # 15
v 0 1
v 1 87
v 2 88
v 3 10
e 0 1 113 # 
e 1 2 111 # 
e 2 3 120 # 
x 0 8 16 17 26 29 35 36 38 51 52 53 55 60 64 73 78 84 86 88
# 19
t # 16
v 0 1
v 1 87
v 2 88
v 3 10
e 0 1 113 # 
e 0 3 10 # 
e 1 2 111 # 
e 2 3 120 # 
x 0 8 16 17 29 35 36 38 51 52 53 55 60 64 73 78 84 86 88
# 18
t # 17
v 0 1
v 1 87
v 2 88
v 3 10
v 4 3
e 0 1 113 # 
e 1 2 111 # 
e 2 3 120 # 
e 3 4 15 # 
x 0 8 16 17 29 35 36 38 51 52 53 55 60 73 78 84 86 88
# 48
t # 18
v 0 1
v 1 98
e 0 1 132 # 
x 0 1 2 3 5 6 8 12 13 16 17 27 28 29 31 32 34 35 38 39 40 42 43 48 51 52 55 56 59 61 62 63 64 65 66 67 68 70 71 76 78 79 80 81 83 84 86 88
# 48
t # 19
v 0 1
v 1 98
v 2 88
e 0 1 132 # 
e 1 2 131 # 
x 0 1 2 3 5 6 8 12 13 16 17 27 28 29 31 32 34 35 38 39 40 42 43 48 51 52 55 56 59 61 62 63 64 65 66 67 68 70 71 76 78 79 80 81 83 84 86 88
# 21
t # 20
v 0 1
v 1 98
v 2 88
v 3 292
e 0 1 132 # 
e 1 2 131 # 
e 2 3 502 # 
x 1 8 12 16 28 31 32 42 43 55 56 63 64 67 68 70 71 76 79 81 83
# 20
t # 21
v 0 1
v 1 98
v 2 88
v 3 292
v 4 87
e 0 1 132 # 
e 1 2 131 # 
e 2 3 502 # 
e 2 4 111 # 
x 1 8 12 16 28 31 32 42 55 56 63 64 67 68 70 71 76 79 81 83
# 20
t # 22
v 0 1
v 1 98
v 2 88
v 3 292
v 4 87
v 5 10
e 0 1 132 # 
e 1 2 131 # 
e 2 3 502 # 
e 2 4 111 # 
e 2 5 120 # 
x 1 8 12 16 28 31 32 42 55 56 63 64 67 68 70 71 76 79 81 83
# 20
t # 23
v 0 1
v 1 98
v 2 88
v 3 292
v 4 87
v 5 10
e 0 1 132 # 
e 0 5 10 # 
e 1 2 131 # 
e 2 3 502 # 
e 2 4 111 # 
e 2 5 120 # 
x 1 8 12 16 28 31 32 42 55 56 63 64 67 68 70 71 76 79 81 83
# 21
t # 24
v 0 1
v 1 98
v 2 88
v 3 292
v 4 10
e 0 1 132 # 
e 1 2 131 # 
e 2 3 502 # 
e 2 4 120 # 
x 1 8 12 16 28 31 32 42 43 55 56 63 64 67 68 70 71 76 79 81 83
# 21
t # 25
v 0 1
v 1 98
v 2 88
v 3 292
v 4 10
e 0 1 132 # 
e 0 4 10 # 
e 1 2 131 # 
e 2 3 502 # 
e 2 4 120 # 
x 1 8 12 16 28 31 32 42 43 55 56 63 64 67 68 70 71 76 79 81 83
# 43
t # 26
v 0 1
v 1 98
v 2 88
v 3 87
e 0 1 132 # 
e 1 2 131 # 
e 2 3 111 # 
x 0 1 2 3 6 8 12 13 16 17 27 28 29 31 32 34 35 38 39 40 42 48 51 52 55 56 59 61 63 64 67 68 70 71 76 78 79 80 81 83 84 86 88
# 42
t # 27
v 0 1
v 1 98
v 2 88
v 3 87
v 4 10
e 0 1 132 # 
e 1 2 131 # 
e 2 3 111 # 
e 2 4 120 # 
x 0 1 2 3 6 8 12 13 16 17 27 28 29 31 32 35 38 39 40 42 48 51 52 55 56 59 61 63 64 67 68 70 71 76 78 79 80 81 83 84 86 88
# 42
t # 28
v 0 1
v 1 98
v 2 88
v 3 87
v 4 10
e 0 1 132 # 
e 0 4 10 # 
e 1 2 131 # 
e 2 3 111 # 
e 2 4 120 # 
x 0 1 2 3 6 8 12 13 16 17 27 28 29 31 32 35 38 39 40 42 48 51 52 55 56 59 61 63 64 67 68 70 71 76 78 79 80 81 83 84 86 88
# 47
t # 29
v 0 1
v 1 98
v 2 88
v 3 10
e 0 1 132 # 
e 1 2 131 # 
e 2 3 120 # 
x 0 1 2 3 5 6 8 12 13 16 17 27 28 29 31 32 35 38 39 40 42 43 48 51 52 55 56 59 61 62 63 64 65 66 67 68 70 71 76 78 79 80 81 83 84 86 88
# 47
t # 30
v 0 1
v 1 98
v 2 88
v 3 10
e 0 1 132 # 
e 0 3 10 # 
e 1 2 131 # 
e 2 3 120 # 
x 0 1 2 3 5 6 8 12 13 16 17 27 28 29 31 32 35 38 39 40 42 43 48 51 52 55 56 59 61 62 63 64 65 66 67 68 70 71 76 78 79 80 81 83 84 86 88
# 18
t # 31
v 0 1
v 1 98
v 2 88
v 3 10
v 4 434
e 0 1 132 # 
e 1 2 131 # 
e 2 3 120 # 
e 3 4 824 # 
x 3 8 13 16 17 28 29 35 38 40 59 62 64 65 67 68 84 86
# 26
t # 32
v 0 1
v 1 98
v 2 88
v 3 10
v 4 69
e 0 1 132 # 
e 1 2 131 # 
e 2 3 120 # 
e 3 4 187 # 
x 0 2 3 6 8 13 16 27 28 32 35 38 39 40 42 51 52 55 56 61 62 63 66 71 76 78
# 24
t # 33
v 0 1
v 1 98
v 2 88
v 3 10
v 4 69
v 5 87
e 0 1 132 # 
e 1 2 131 # 
e 2 3 120 # 
e 2 5 111 # 
e 3 4 187 # 
x 0 2 3 6 8 13 16 27 28 32 35 38 39 40 42 51 52 55 56 61 63 71 76 78
# 26
t # 34
v 0 1
v 1 98
v 2 88
v 3 10
v 4 69
v 5 3
e 0 1 132 # 
e 1 2 131 # 
e 2 3 120 # 
e 3 4 187 # 
e 3 5 15 # 
x 0 2 3 6 8 13 16 27 28 32 35 38 39 40 42 51 52 55 56 61 62 63 66 71 76 78
# 24
t # 35
v 0 1
v 1 98
v 2 88
v 3 10
v 4 69
v 5 3
v 6 87
e 0 1 132 # 
e 1 2 131 # 
e 2 3 120 # 
e 2 6 111 # 
e 3 4 187 # 
e 3 5 15 # 
x 0 2 3 6 8 13 16 27 28 32 35 38 39 40 42 51 52 55 56 61 63 71 76 78
# 28
t # 36
v 0 1
v 1 98
v 2 88
v 3 10
v 4 29
e 0 1 132 # 
e 1 2 131 # 
e 2 3 120 # 
e 3 4 32 # 
x 0 2 5 12 13 28 31 32 39 40 42 43 48 51 55 56 63 65 68 70 71 76 78 80 81 83 86 88
# 25
t # 37
v 0 1
v 1 98
v 2 88
v 3 10
v 4 29
v 5 87
e 0 1 132 # 
e 1 2 131 # 
e 2 3 120 # 
e 2 5 111 # 
e 3 4 32 # 
x 0 2 12 13 28 31 32 39 40 42 48 51 55 56 63 68 70 71 76 78 80 81 83 86 88
# 28
t # 38
v 0 1
v 1 98
v 2 88
v 3 10
v 4 29
v 5 3
e 0 1 132 # 
e 1 2 131 # 
e 2 3 120 # 
e 3 4 32 # 
e 3 5 15 # 
x 0 2 5 12 13 28 31 32 39 40 42 43 48 51 55 56 63 65 68 70 71 76 78 80 81 83 86 88
# 25
t # 39
v 0 1
v 1 98
v 2 88
v 3 10
v 4 29
v 5 3
v 6 87
e 0 1 132 # 
e 1 2 131 # 
e 2 3 120 # 
e 2 6 111 # 
e 3 4 32 # 
e 3 5 15 # 
x 0 2 12 13 28 31 32 39 40 42 48 51 55 56 63 68 70 71 76 78 80 81 83 86 88
# 46
t # 40
v 0 1
v 1 98
v 2 88
v 3 10
v 4 3
e 0 1 132 # 
e 1 2 131 # 
e 2 3 120 # 
e 3 4 15 # 
x 0 1 2 3 5 6 8 12 13 16 17 27 28 29 31 32 35 38 39 40 42 43 48 51 52 55 56 59 61 62 63 65 66 67 68 70 71 76 78 79 80 81 83 84 86 88
# 20
t # 41
v 0 1
v 1 98
v 2 88
v 3 10
v 4 3
v 5 292
e 0 1 132 # 
e 1 2 131 # 
e 2 3 120 # 
e 2 5 502 # 
e 3 4 15 # 
x 1 8 12 16 28 31 32 42 43 55 56 63 67 68 70 71 76 79 81 83
# 19
t # 42
v 0 1
v 1 98
v 2 88
v 3 10
v 4 3
v 5 292
v 6 87
e 0 1 132 # 
e 1 2 131 # 
e 2 3 120 # 
e 2 5 502 # 
e 2 6 111 # 
e 3 4 15 # 
x 1 8 12 16 28 31 32 42 55 56 63 67 68 70 71 76 79 81 83
# 41
t # 43
v 0 1
v 1 98
v 2 88
v 3 10
v 4 3
v 5 87
e 0 1 132 # 
e 1 2 131 # 
e 2 3 120 # 
e 2 5 111 # 
e 3 4 15 # 
x 0 1 2 3 6 8 12 13 16 17 27 28 29 31 32 35 38 39 40 42 48 51 52 55 56 59 61 63 67 68 70 71 76 78 79 80 81 83 84 86 88
# 70
t # 44
v 0 1
v 1 10
e 0 1 10 # 
x 0 1 2 3 5 6 8 9 11 12 13 15 16 17 19 20 23 25 27 28 29 30 31 32 34 35 36 37 38 39 40 42 43 44 46 48 49 50 51 52 53 55 56 58 59 60 61 62 63 64 65 66 67 68 69 70 71 72 73 75 76 78 79 80 81 82 83 84 86 88
# 26
t # 45
v 0 1
v 1 10
v 2 87
e 0 1 10 # 
e 0 2 113 # 
x 0 8 9 16 17 20 29 30 35 36 38 43 46 51 52 53 55 60 64 66 69 73 78 84 86 88
# 20
t # 46
v 0 1
v 1 10
v 2 87
v 3 88
e 0 1 10 # 
e 0 2 113 # 
e 2 3 111 # 
x 0 8 16 17 29 30 35 36 38 51 52 53 55 60 64 73 78 84 86 88
# 18
t # 47
v 0 1
v 1 10
v 2 87
v 3 88
v 4 98
e 0 1 10 # 
e 0 2 113 # 
e 2 3 111 # 
e 3 4 131 # 
x 0 8 16 17 29 35 38 51 52 53 55 60 64 73 78 84 86 88
# 23
t # 48
v 0 1
v 1 10
v 2 87
v 3 88
e 0 1 10 # 
e 0 2 113 # 
e 1 3 120 # 
x 0 8 9 16 17 20 29 35 36 38 43 51 52 53 55 60 64 66 73 78 84 86 88
# 22
t # 49
v 0 1
v 1 10
v 2 87
v 3 88
v 4 3
e 0 1 10 # 
e 0 2 113 # 
e 1 3 120 # 
e 1 4 15 # 
x 0 8 9 16 17 20 29 35 36 38 43 51 52 53 55 60 66 73 78 84 86 88
# 18
t # 50
v 0 1
v 1 10
v 2 87
v 3 88
v 4 3
e 0 1 10 # 
e 0 2 113 # 
e 1 3 120 # 
e 1 4 15 # 
e 2 3 111 # 
x 0 8 16 17 29 35 36 38 51 52 53 55 60 73 78 84 86 88
# 21
t # 51
v 0 1
v 1 10
v 2 87
v 3 88
v 4 98
e 0 1 10 # 
e 0 2 113 # 
e 1 3 120 # 
e 3 4 131 # 
x 0 8 16 17 20 29 35 38 43 51 52 53 55 60 64 66 73 78 84 86 88
# 20
t # 52
v 0 1
v 1 10
v 2 87
v 3 88
v 4 98
v 5 3
e 0 1 10 # 
e 0 2 113 # 
e 1 3 120 # 
e 1 5 15 # 
e 3 4 131 # 
x 0 8 16 17 20 29 35 38 43 51 52 53 55 60 66 73 78 84 86 88
# 48
t # 53
v 0 1
v 1 10
v 2 98
e 0 1 10 # 
e 0 2 132 # 
x 0 1 2 3 5 6 8 12 13 16 17 27 28 29 31 32 34 35 38 39 40 42 43 48 51 52 55 56 59 61 62 63 64 65 66 67 68 70 71 76 78 79 80 81 83 84 86 88
# 48
t # 54
v 0 1
v 1 10
v 2 98
v 3 88
e 0 1 10 # 
e 0 2 132 # 
e 2 3 131 # 
x 0 1 2 3 5 6 8 12 13 16 17 27 28 29 31 32 34 35 38 39 40 42 43 48 51 52 55 56 59 61 62 63 64 65 66 67 68 70 71 76 78 79 80 81 83 84 86 88
# 21
t # 55
v 0 1
v 1 10
v 2 98
v 3 88
v 4 292
e 0 1 10 # 
e 0 2 132 # 
e 2 3 131 # 
e 3 4 502 # 
x 1 8 12 16 28 31 32 42 43 55 56 63 64 67 68 70 71 76 79 81 83
# 20
t # 56
v 0 1
v 1 10
v 2 98
v 3 88
v 4 292
v 5 87
e 0 1 10 # 
e 0 2 132 # 
e 2 3 131 # 
e 3 4 502 # 
e 3 5 111 # 
x 1 8 12 16 28 31 32 42 55 56 63 64 67 68 70 71 76 79 81 83
# 43
t # 57
v 0 1
v 1 10
v 2 98
v 3 88
v 4 87
e 0 1 10 # 
e 0 2 132 # 
e 2 3 131 # 
e 3 4 111 # 
x 0 1 2 3 6 8 12 13 16 17 27 28 29 31 32 34 35 38 39 40 42 48 51 52 55 56 59 61 63 64 67 68 70 71 76 78 79 80 81 83 84 86 88
# 18
t # 58
v 0 1
v 1 10
v 2 98
v 3 88
v 4 434
e 0 1 10 # 
e 0 2 132 # 
e 1 4 824 # 
e 2 3 131 # 
x 3 8 13 16 17 28 29 35 38 40 59 62 64 65 67 68 84 86
# 18
t # 59
v 0 1
v 1 10
v 2 98
v 3 88
v 4 528
e 0 1 10 # 
e 0 2 132 # 
e 1 4 1295 # 
e 2 3 131 # 
x 5 6 16 32 34 38 39 42 55 59 66 68 71 76 80 81 83 84
# 18
t # 60
v 0 1
v 1 10
v 2 98
v 3 88
v 4 528
v 5 3
e 0 1 10 # 
e 0 2 132 # 
e 1 4 1295 # 
e 1 5 15 # 
e 2 3 131 # 
x 5 6 16 32 34 38 39 42 55 59 66 68 71 76 80 81 83 84
# 18
t # 61
v 0 1
v 1 10
v 2 98
v 3 434
e 0 1 10 # 
e 0 2 132 # 
e 1 3 824 # 
x 3 8 13 16 17 28 29 35 38 40 59 62 64 65 67 68 84 86
# 18
t # 62
v 0 1
v 1 10
v 2 98
v 3 434
v 4 88
e 0 1 10 # 
e 0 2 132 # 
e 1 3 824 # 
e 1 4 120 # 
x 3 8 13 16 17 28 29 35 38 40 59 62 64 65 67 68 84 86
# 18
t # 63
v 0 1
v 1 10
v 2 98
v 3 434
v 4 88
e 0 1 10 # 
e 0 2 132 # 
e 1 3 824 # 
e 1 4 120 # 
e 2 4 131 # 
x 3 8 13 16 17 28 29 35 38 40 59 62 64 65 67 68 84 86
# 18
t # 64
v 0 1
v 1 10
v 2 98
v 3 528
e 0 1 10 # 
e 0 2 132 # 
e 1 3 1295 # 
x 5 6 16 32 34 38 39 42 55 59 66 68 71 76 80 81 83 84
# 18
t # 65
v 0 1
v 1 10
v 2 98
v 3 528
v 4 3
e 0 1 10 # 
e 0 2 132 # 
e 1 3 1295 # 
e 1 4 15 # 
x 5 6 16 32 34 38 39 42 55 59 66 68 71 76 80 81 83 84
# 19
t # 66
v 0 1
v 1 10
v 2 44
e 0 1 10 # 
e 1 2 48 # 
x 0 1 12 16 23 27 28 35 49 50 51 52 53 58 61 65 72 73 84
# 19
t # 67
v 0 1
v 1 10
v 2 44
v 3 88
e 0 1 10 # 
e 1 2 48 # 
e 1 3 120 # 
x 0 1 12 16 23 27 28 35 49 50 51 52 53 58 61 65 72 73 84
# 19
t # 68
v 0 1
v 1 10
v 2 44
v 3 88
v 4 3
e 0 1 10 # 
e 1 2 48 # 
e 1 3 120 # 
e 1 4 15 # 
x 0 1 12 16 23 27 28 35 49 50 51 52 53 58 61 65 72 73 84
# 19
t # 69
v 0 1
v 1 10
v 2 44
v 3 3
e 0 1 10 # 
e 1 2 48 # 
e 1 3 15 # 
x 0 1 12 16 23 27 28 35 49 50 51 52 53 58 61 65 72 73 84
# 19
t # 70
v 0 1
v 1 10
v 2 28
e 0 1 10 # 
e 1 2 31 # 
x 0 8 9 15 17 19 29 30 31 35 40 43 46 51 55 58 80 82 88
# 19
t # 71
v 0 1
v 1 10
v 2 28
v 3 3
e 0 1 10 # 
e 1 2 31 # 
e 1 3 15 # 
x 0 8 9 15 17 19 29 30 31 35 40 43 46 51 55 58 80 82 88
# 24
t # 72
v 0 1
v 1 10
v 2 434
e 0 1 10 # 
e 1 2 824 # 
x 3 8 13 15 16 17 23 28 29 35 38 40 50 59 62 64 65 67 68 73 75 82 84 86
# 24
t # 73
v 0 1
v 1 10
v 2 434
v 3 88
e 0 1 10 # 
e 1 2 824 # 
e 1 3 120 # 
x 3 8 13 15 16 17 23 28 29 35 38 40 50 59 62 64 65 67 68 73 75 82 84 86
# 23
t # 74
v 0 1
v 1 10
v 2 434
v 3 88
v 4 3
e 0 1 10 # 
e 1 2 824 # 
e 1 3 120 # 
e 1 4 15 # 
x 3 8 13 15 16 17 23 28 29 35 38 40 50 59 62 65 67 68 73 75 82 84 86
# 23
t # 75
v 0 1
v 1 10
v 2 434
v 3 3
e 0 1 10 # 
e 1 2 824 # 
e 1 3 15 # 
x 3 8 13 15 16 17 23 28 29 35 38 40 50 59 62 65 67 68 73 75 82 84 86
# 25
t # 76
v 0 1
v 1 10
v 2 13
e 0 1 10 # 
e 1 2 153 # 
x 0 8 9 12 13 15 17 19 29 30 31 32 35 40 43 46 48 51 55 58 63 72 80 82 88
# 23
t # 77
v 0 1
v 1 10
v 2 13
v 3 88
e 0 1 10 # 
e 1 2 153 # 
e 1 3 120 # 
x 0 8 9 12 13 15 17 19 29 31 32 35 40 43 48 51 55 58 63 72 80 82 88
# 23
t # 78
v 0 1
v 1 10
v 2 13
v 3 88
v 4 3
e 0 1 10 # 
e 1 2 153 # 
e 1 3 120 # 
e 1 4 15 # 
x 0 8 9 12 13 15 17 19 29 31 32 35 40 43 48 51 55 58 63 72 80 82 88
# 25
t # 79
v 0 1
v 1 10
v 2 13
v 3 3
e 0 1 10 # 
e 1 2 153 # 
e 1 3 15 # 
x 0 8 9 12 13 15 17 19 29 30 31 32 35 40 43 46 48 51 55 58 63 72 80 82 88
# 24
t # 80
v 0 1
v 1 10
v 2 528
e 0 1 10 # 
e 1 2 1295 # 
x 5 6 16 23 30 32 34 38 39 42 44 55 58 59 60 66 68 69 71 76 80 81 83 84
# 21
t # 81
v 0 1
v 1 10
v 2 528
v 3 88
e 0 1 10 # 
e 1 2 1295 # 
e 1 3 120 # 
x 5 6 16 23 32 38 39 42 44 55 58 59 60 66 68 71 76 80 81 83 84
# 21
t # 82
v 0 1
v 1 10
v 2 528
v 3 88
v 4 3
e 0 1 10 # 
e 1 2 1295 # 
e 1 3 120 # 
e 1 4 15 # 
x 5 6 16 23 32 38 39 42 44 55 58 59 60 66 68 71 76 80 81 83 84
# 24
t # 83
v 0 1
v 1 10
v 2 528
v 3 3
e 0 1 10 # 
e 1 2 1295 # 
e 1 3 15 # 
x 5 6 16 23 30 32 34 38 39 42 44 55 58 59 60 66 68 69 71 76 80 81 83 84
# 23
t # 84
v 0 1
v 1 10
v 2 263
e 0 1 10 # 
e 1 2 462 # 
x 1 11 12 15 16 23 32 35 38 40 50 52 55 56 58 60 61 66 67 72 75 79 80
# 23
t # 85
v 0 1
v 1 10
v 2 263
v 3 88
e 0 1 10 # 
e 1 2 462 # 
e 1 3 120 # 
x 1 11 12 15 16 23 32 35 38 40 50 52 55 56 58 60 61 66 67 72 75 79 80
# 23
t # 86
v 0 1
v 1 10
v 2 263
v 3 88
v 4 3
e 0 1 10 # 
e 1 2 462 # 
e 1 3 120 # 
e 1 4 15 # 
x 1 11 12 15 16 23 32 35 38 40 50 52 55 56 58 60 61 66 67 72 75 79 80
# 23
t # 87
v 0 1
v 1 10
v 2 263
v 3 3
e 0 1 10 # 
e 1 2 462 # 
e 1 3 15 # 
x 1 11 12 15 16 23 32 35 38 40 50 52 55 56 58 60 61 66 67 72 75 79 80
# 35
t # 88
v 0 1
v 1 10
v 2 69
e 0 1 10 # 
e 1 2 187 # 
x 0 2 3 6 8 13 15 16 27 28 32 35 36 38 39 40 42 46 50 51 52 53 55 56 58 61 62 63 66 69 71 72 75 76 78
# 26
t # 89
v 0 1
v 1 10
v 2 69
v 3 98
e 0 1 10 # 
e 0 3 132 # 
e 1 2 187 # 
x 0 2 3 6 8 13 16 27 28 32 35 38 39 40 42 51 52 55 56 61 62 63 66 71 76 78
# 26
t # 90
v 0 1
v 1 10
v 2 69
v 3 98
v 4 88
e 0 1 10 # 
e 0 3 132 # 
e 1 2 187 # 
e 3 4 131 # 
x 0 2 3 6 8 13 16 27 28 32 35 38 39 40 42 51 52 55 56 61 62 63 66 71 76 78
# 24
t # 91
v 0 1
v 1 10
v 2 69
v 3 98
v 4 88
v 5 87
e 0 1 10 # 
e 0 3 132 # 
e 1 2 187 # 
e 3 4 131 # 
e 4 5 111 # 
x 0 2 3 6 8 13 16 27 28 32 35 38 39 40 42 51 52 55 56 61 63 71 76 78
# 24
t # 92
v 0 1
v 1 10
v 2 69
v 3 98
v 4 88
v 5 87
v 6 3
e 0 1 10 # 
e 0 3 132 # 
e 1 2 187 # 
e 1 6 15 # 
e 3 4 131 # 
e 4 5 111 # 
x 0 2 3 6 8 13 16 27 28 32 35 38 39 40 42 51 52 55 56 61 63 71 76 78
# 26
t # 93
v 0 1
v 1 10
v 2 69
v 3 98
v 4 88
v 5 3
e 0 1 10 # 
e 0 3 132 # 
e 1 2 187 # 
e 1 5 15 # 
e 3 4 131 # 
x 0 2 3 6 8 13 16 27 28 32 35 38 39 40 42 51 52 55 56 61 62 63 66 71 76 78
# 26
t # 94
v 0 1
v 1 10
v 2 69
v 3 98
v 4 88
e 0 1 10 # 
e 0 3 132 # 
e 1 2 187 # 
e 1 4 120 # 
x 0 2 3 6 8 13 16 27 28 32 35 38 39 40 42 51 52 55 56 61 62 63 66 71 76 78
# 26
t # 95
v 0 1
v 1 10
v 2 69
v 3 98
v 4 88
e 0 1 10 # 
e 0 3 132 # 
e 1 2 187 # 
e 1 4 120 # 
e 3 4 131 # 
x 0 2 3 6 8 13 16 27 28 32 35 38 39 40 42 51 52 55 56 61 62 63 66 71 76 78
# 26
t # 96
v 0 1
v 1 10
v 2 69
v 3 98
v 4 88
v 5 3
e 0 1 10 # 
e 0 3 132 # 
e 1 2 187 # 
e 1 4 120 # 
e 1 5 15 # 
x 0 2 3 6 8 13 16 27 28 32 35 38 39 40 42 51 52 55 56 61 62 63 66 71 76 78
# 26
t # 97
v 0 1
v 1 10
v 2 69
v 3 98
v 4 88
v 5 3
e 0 1 10 # 
e 0 3 132 # 
e 1 2 187 # 
e 1 4 120 # 
e 1 5 15 # 
e 3 4 131 # 
x 0 2 3 6 8 13 16 27 28 32 35 38 39 40 42 51 52 55 56 61 62 63 66 71 76 78
# 26
t # 98
v 0 1
v 1 10
v 2 69
v 3 98
v 4 3
e 0 1 10 # 
e 0 3 132 # 
e 1 2 187 # 
e 1 4 15 # 
x 0 2 3 6 8 13 16 27 28 32 35 38 39 40 42 51 52 55 56 61 62 63 66 71 76 78
# 33
t # 99
v 0 1
v 1 10
v 2 69
v 3 88
e 0 1 10 # 
e 1 2 187 # 
e 1 3 120 # 
x 0 2 3 6 8 13 15 16 27 28 32 35 36 38 39 40 42 50 51 52 53 55 56 58 61 62 63 66 71 72 75 76 78
# 33
t # 100
v 0 1
v 1 10
v 2 69
v 3 88
v 4 3
e 0 1 10 # 
e 1 2 187 # 
e 1 3 120 # 
e 1 4 15 # 
x 0 2 3 6 8 13 15 16 27 28 32 35 36 38 39 40 42 50 51 52 53 55 56 58 61 62 63 66 71 72 75 76 78
# 35
t # 101
v 0 1
v 1 10
v 2 69
v 3 3
e 0 1 10 # 
e 1 2 187 # 
e 1 3 15 # 
x 0 2 3 6 8 13 15 16 27 28 32 35 36 38 39 40 42 46 50 51 52 53 55 56 58 61 62 63 66 69 71 72 75 76 78
# 40
t # 102
v 0 1
v 1 10
v 2 29
e 0 1 10 # 
e 1 2 32 # 
x 0 2 5 9 11 12 13 15 20 28 30 31 32 36 39 40 42 43 44 46 48 51 55 56 60 63 65 68 69 70 71 72 76 78 80 81 82 83 86 88
# 28
t # 103
v 0 1
v 1 10
v 2 29
v 3 98
e 0 1 10 # 
e 0 3 132 # 
e 1 2 32 # 
x 0 2 5 12 13 28 31 32 39 40 42 43 48 51 55 56 63 65 68 70 71 76 78 80 81 83 86 88
# 28
t # 104
v 0 1
v 1 10
v 2 29
v 3 98
v 4 88
e 0 1 10 # 
e 0 3 132 # 
e 1 2 32 # 
e 3 4 131 # 
x 0 2 5 12 13 28 31 32 39 40 42 43 48 51 55 56 63 65 68 70 71 76 78 80 81 83 86 88
# 25
t # 105
v 0 1
v 1 10
v 2 29
v 3 98
v 4 88
v 5 87
e 0 1 10 # 
e 0 3 132 # 
e 1 2 32 # 
e 3 4 131 # 
e 4 5 111 # 
x 0 2 12 13 28 31 32 39 40 42 48 51 55 56 63 68 70 71 76 78 80 81 83 86 88
# 25
t # 106
v 0 1
v 1 10
v 2 29
v 3 98
v 4 88
v 5 87
v 6 3
e 0 1 10 # 
e 0 3 132 # 
e 1 2 32 # 
e 1 6 15 # 
e 3 4 131 # 
e 4 5 111 # 
x 0 2 12 13 28 31 32 39 40 42 48 51 55 56 63 68 70 71 76 78 80 81 83 86 88
# 28
t # 107
v 0 1
v 1 10
v 2 29
v 3 98
v 4 88
v 5 3
e 0 1 10 # 
e 0 3 132 # 
e 1 2 32 # 
e 1 5 15 # 
e 3 4 131 # 
x 0 2 5 12 13 28 31 32 39 40 42 43 48 51 55 56 63 65 68 70 71 76 78 80 81 83 86 88
# 28
t # 108
v 0 1
v 1 10
v 2 29
v 3 98
v 4 88
e 0 1 10 # 
e 0 3 132 # 
e 1 2 32 # 
e 1 4 120 # 
x 0 2 5 12 13 28 31 32 39 40 42 43 48 51 55 56 63 65 68 70 71 76 78 80 81 83 86 88
# 28
t # 109
v 0 1
v 1 10
v 2 29
v 3 98
v 4 88
e 0 1 10 # 
e 0 3 132 # 
e 1 2 32 # 
e 1 4 120 # 
e 3 4 131 # 
x 0 2 5 12 13 28 31 32 39 40 42 43 48 51 55 56 63 65 68 70 71 76 78 80 81 83 86 88
# 28
t # 110
v 0 1
v 1 10
v 2 29
v 3 98
v 4 88
v 5 3
e 0 1 10 # 
e 0 3 132 # 
e 1 2 32 # 
e 1 4 120 # 
e 1 5 15 # 
x 0 2 5 12 13 28 31 32 39 40 42 43 48 51 55 56 63 65 68 70 71 76 78 80 81 83 86 88
# 28
t # 111
v 0 1
v 1 10
v 2 29
v 3 98
v 4 88
v 5 3
e 0 1 10 # 
e 0 3 132 # 
e 1 2 32 # 
e 1 4 120 # 
e 1 5 15 # 
e 3 4 131 # 
x 0 2 5 12 13 28 31 32 39 40 42 43 48 51 55 56 63 65 68 70 71 76 78 80 81 83 86 88
# 28
t # 112
v 0 1
v 1 10
v 2 29
v 3 98
v 4 3
e 0 1 10 # 
e 0 3 132 # 
e 1 2 32 # 
e 1 4 15 # 
x 0 2 5 12 13 28 31 32 39 40 42 43 48 51 55 56 63 65 68 70 71 76 78 80 81 83 86 88
# 37
t # 113
v 0 1
v 1 10
v 2 29
v 3 88
e 0 1 10 # 
e 1 2 32 # 
e 1 3 120 # 
x 0 2 5 9 11 12 13 15 20 28 31 32 36 39 40 42 43 44 48 51 55 56 60 63 65 68 70 71 72 76 78 80 81 82 83 86 88
# 37
t # 114
v 0 1
v 1 10
v 2 29
v 3 88
v 4 3
e 0 1 10 # 
e 1 2 32 # 
e 1 3 120 # 
e 1 4 15 # 
x 0 2 5 9 11 12 13 15 20 28 31 32 36 39 40 42 43 44 48 51 55 56 60 63 65 68 70 71 72 76 78 80 81 82 83 86 88
# 40
t # 115
v 0 1
v 1 10
v 2 29
v 3 3
e 0 1 10 # 
e 1 2 32 # 
e 1 3 15 # 
x 0 2 5 9 11 12 13 15 20 28 30 31 32 36 39 40 42 43 44 46 48 51 55 56 60 63 65 68 69 70 71 72 76 78 80 81 82 83 86 88
# 65
t # 116
v 0 1
v 1 10
v 2 88
e 0 1 10 # 
e 1 2 120 # 
x 0 1 2 3 5 6 8 9 11 12 13 15 16 17 19 20 23 27 28 29 31 32 35 36 37 38 39 40 42 43 44 48 49 50 51 52 53 55 56 58 59 60 61 62 63 64 65 66 67 68 70 71 72 73 75 76 78 79 80 81 82 83 84 86 88
# 47
t # 117
v 0 1
v 1 10
v 2 88
v 3 98
e 0 1 10 # 
e 0 3 132 # 
e 1 2 120 # 
x 0 1 2 3 5 6 8 12 13 16 17 27 28 29 31 32 35 38 39 40 42 43 48 51 52 55 56 59 61 62 63 64 65 66 67 68 70 71 76 78 79 80 81 83 84 86 88
# 46
t # 118
v 0 1
v 1 10
v 2 88
v 3 98
v 4 3
e 0 1 10 # 
e 0 3 132 # 
e 1 2 120 # 
e 1 4 15 # 
x 0 1 2 3 5 6 8 12 13 16 17 27 28 29 31 32 35 38 39 40 42 43 48 51 52 55 56 59 61 62 63 65 66 67 68 70 71 76 78 79 80 81 83 84 86 88
# 46
t # 119
v 0 1
v 1 10
v 2 88
v 3 98
v 4 3
e 0 1 10 # 
e 0 3 132 # 
e 1 2 120 # 
e 1 4 15 # 
e 2 3 131 # 
x 0 1 2 3 5 6 8 12 13 16 17 27 28 29 31 32 35 38 39 40 42 43 48 51 52 55 56 59 61 62 63 65 66 67 68 70 71 76 78 79 80 81 83 84 86 88
# 21
t # 120
v 0 1
v 1 10
v 2 88
v 3 98
v 4 292
e 0 1 10 # 
e 0 3 132 # 
e 1 2 120 # 
e 2 4 502 # 
x 1 8 12 16 28 31 32 42 43 55 56 63 64 67 68 70 71 76 79 81 83
# 20
t # 121
v 0 1
v 1 10
v 2 88
v 3 98
v 4 292
v 5 3
e 0 1 10 # 
e 0 3 132 # 
e 1 2 120 # 
e 1 5 15 # 
e 2 4 502 # 
x 1 8 12 16 28 31 32 42 43 55 56 63 67 68 70 71 76 79 81 83
# 20
t # 122
v 0 1
v 1 10
v 2 88
v 3 98
v 4 292
v 5 87
e 0 1 10 # 
e 0 3 132 # 
e 1 2 120 # 
e 2 4 502 # 
e 2 5 111 # 
x 1 8 12 16 28 31 32 42 55 56 63 64 67 68 70 71 76 79 81 83
# 19
t # 123
v 0 1
v 1 10
v 2 88
v 3 98
v 4 292
v 5 87
v 6 3
e 0 1 10 # 
e 0 3 132 # 
e 1 2 120 # 
e 1 6 15 # 
e 2 4 502 # 
e 2 5 111 # 
x 1 8 12 16 28 31 32 42 55 56 63 67 68 70 71 76 79 81 83
# 64
t # 124
v 0 1
v 1 10
v 2 88
v 3 3
e 0 1 10 # 
e 1 2 120 # 
e 1 3 15 # 
x 0 1 2 3 5 6 8 9 11 12 13 15 16 17 19 20 23 27 28 29 31 32 35 36 37 38 39 40 42 43 44 48 49 50 51 52 53 55 56 58 59 60 61 62 63 65 66 67 68 70 71 72 73 75 76 78 79 80 81 82 83 84 86 88
# 20
t # 125
v 0 1
v 1 10
v 2 88
v 3 3
e 0 1 10 # 
e 0 3 1874 # 
e 1 2 120 # 
e 1 3 15 # 
x 9 13 17 20 29 35 37 38 40 44 49 51 52 53 55 59 62 66 78 80
# 26
t # 126
v 0 1
v 1 10
v 2 88
v 3 292
e 0 1 10 # 
e 1 2 120 # 
e 2 3 502 # 
x 1 8 12 16 20 28 31 32 36 42 43 53 55 56 63 64 67 68 70 71 75 76 79 81 82 83
# 25
t # 127
v 0 1
v 1 10
v 2 88
v 3 292
v 4 3
e 0 1 10 # 
e 1 2 120 # 
e 1 4 15 # 
e 2 3 502 # 
x 1 8 12 16 20 28 31 32 36 42 43 53 55 56 63 67 68 70 71 75 76 79 81 82 83
# 24
t # 128
v 0 1
v 1 10
v 2 88
v 3 292
v 4 87
e 0 1 10 # 
e 1 2 120 # 
e 2 3 502 # 
e 2 4 111 # 
x 1 8 12 16 28 31 32 36 42 53 55 56 63 64 67 68 70 71 75 76 79 81 82 83
# 23
t # 129
v 0 1
v 1 10
v 2 88
v 3 292
v 4 87
v 5 3
e 0 1 10 # 
e 1 2 120 # 
e 1 5 15 # 
e 2 3 502 # 
e 2 4 111 # 
x 1 8 12 16 28 31 32 36 42 53 55 56 63 67 68 70 71 75 76 79 81 82 83
# 23
t # 130
v 0 1
v 1 10
v 2 88
v 3 292
v 4 87
v 5 98
e 0 1 10 # 
e 1 2 120 # 
e 2 3 502 # 
e 2 4 111 # 
e 2 5 131 # 
x 1 8 12 16 28 31 32 42 53 55 56 63 64 67 68 70 71 75 76 79 81 82 83
# 22
t # 131
v 0 1
v 1 10
v 2 88
v 3 292
v 4 87
v 5 98
v 6 3
e 0 1 10 # 
e 1 2 120 # 
e 1 6 15 # 
e 2 3 502 # 
e 2 4 111 # 
e 2 5 131 # 
x 1 8 12 16 28 31 32 42 53 55 56 63 67 68 70 71 75 76 79 81 82 83
# 19
t # 132
v 0 1
v 1 10
v 2 88
v 3 292
v 4 87
v 5 98
v 6 3
e 0 1 10 # 
e 0 5 132 # 
e 1 2 120 # 
e 1 6 15 # 
e 2 3 502 # 
e 2 4 111 # 
e 2 5 131 # 
x 1 8 12 16 28 31 32 42 55 56 63 67 68 70 71 76 79 81 83
# 25
t # 133
v 0 1
v 1 10
v 2 88
v 3 292
v 4 98
e 0 1 10 # 
e 1 2 120 # 
e 2 3 502 # 
e 2 4 131 # 
x 1 8 12 16 20 28 31 32 42 43 53 55 56 63 64 67 68 70 71 75 76 79 81 82 83
# 24
t # 134
v 0 1
v 1 10
v 2 88
v 3 292
v 4 98
v 5 3
e 0 1 10 # 
e 1 2 120 # 
e 1 5 15 # 
e 2 3 502 # 
e 2 4 131 # 
x 1 8 12 16 20 28 31 32 42 43 53 55 56 63 67 68 70 71 75 76 79 81 82 83
# 20
t # 135
v 0 1
v 1 10
v 2 88
v 3 292
v 4 98
v 5 3
e 0 1 10 # 
e 0 4 132 # 
e 1 2 120 # 
e 1 5 15 # 
e 2 3 502 # 
e 2 4 131 # 
x 1 8 12 16 28 31 32 42 43 55 56 63 67 68 70 71 76 79 81 83
# 57
t # 136
v 0 1
v 1 10
v 2 88
v 3 87
e 0 1 10 # 
e 1 2 120 # 
e 2 3 111 # 
x 0 1 2 3 6 8 11 12 13 15 16 17 19 23 27 28 29 31 32 35 36 38 39 40 42 44 48 49 50 51 52 53 55 56 58 59 60 61 63 64 67 68 70 71 72 73 75 76 78 79 80 81 82 83 84 86 88
# 42
t # 137
v 0 1
v 1 10
v 2 88
v 3 87
v 4 98
e 0 1 10 # 
e 0 4 132 # 
e 1 2 120 # 
e 2 3 111 # 
x 0 1 2 3 6 8 12 13 16 17 27 28 29 31 32 35 38 39 40 42 48 51 52 55 56 59 61 63 64 67 68 70 71 76 78 79 80 81 83 84 86 88
# 24
t # 138
v 0 1
v 1 10
v 2 88
v 3 87
v 4 98
v 5 69
e 0 1 10 # 
e 0 4 132 # 
e 1 2 120 # 
e 1 5 187 # 
e 2 3 111 # 
x 0 2 3 6 8 13 16 27 28 32 35 38 39 40 42 51 52 55 56 61 63 71 76 78
# 24
t # 139
v 0 1
v 1 10
v 2 88
v 3 87
v 4 98
v 5 69
v 6 3
e 0 1 10 # 
e 0 4 132 # 
e 1 2 120 # 
e 1 5 187 # 
e 1 6 15 # 
e 2 3 111 # 
x 0 2 3 6 8 13 16 27 28 32 35 38 39 40 42 51 52 55 56 61 63 71 76 78
# 25
t # 140
v 0 1
v 1 10
v 2 88
v 3 87
v 4 98
v 5 29
e 0 1 10 # 
e 0 4 132 # 
e 1 2 120 # 
e 1 5 32 # 
e 2 3 111 # 
x 0 2 12 13 28 31 32 39 40 42 48 51 55 56 63 68 70 71 76 78 80 81 83 86 88
# 25
t # 141
v 0 1
v 1 10
v 2 88
v 3 87
v 4 98
v 5 29
v 6 3
e 0 1 10 # 
e 0 4 132 # 
e 1 2 120 # 
e 1 5 32 # 
e 1 6 15 # 
e 2 3 111 # 
x 0 2 12 13 28 31 32 39 40 42 48 51 55 56 63 68 70 71 76 78 80 81 83 86 88
# 41
t # 142
v 0 1
v 1 10
v 2 88
v 3 87
v 4 98
v 5 3
e 0 1 10 # 
e 0 4 132 # 
e 1 2 120 # 
e 1 5 15 # 
e 2 3 111 # 
x 0 1 2 3 6 8 12 13 16 17 27 28 29 31 32 35 38 39 40 42 48 51 52 55 56 59 61 63 67 68 70 71 76 78 79 80 81 83 84 86 88
# 56
t # 143
v 0 1
v 1 10
v 2 88
v 3 87
v 4 3
e 0 1 10 # 
e 1 2 120 # 
e 1 4 15 # 
e 2 3 111 # 
x 0 1 2 3 6 8 11 12 13 15 16 17 19 23 27 28 29 31 32 35 36 38 39 40 42 44 48 49 50 51 52 53 55 56 58 59 60 61 63 67 68 70 71 72 73 75 76 78 79 80 81 82 83 84 86 88
# 55
t # 144
v 0 1
v 1 10
v 2 88
v 3 87
v 4 3
v 5 98
e 0 1 10 # 
e 1 2 120 # 
e 1 4 15 # 
e 2 3 111 # 
e 2 5 131 # 
x 0 1 2 3 6 8 11 12 13 15 16 17 19 23 27 28 29 31 32 35 38 39 40 42 44 48 49 50 51 52 53 55 56 58 59 60 61 63 67 68 70 71 72 73 75 76 78 79 80 81 82 83 84 86 88
# 41
t # 145
v 0 1
v 1 10
v 2 88
v 3 87
v 4 3
v 5 98
e 0 1 10 # 
e 0 5 132 # 
e 1 2 120 # 
e 1 4 15 # 
e 2 3 111 # 
e 2 5 131 # 
x 0 1 2 3 6 8 12 13 16 17 27 28 29 31 32 35 38 39 40 42 48 51 52 55 56 59 61 63 67 68 70 71 76 78 79 80 81 83 84 86 88
# 56
t # 146
v 0 1
v 1 10
v 2 88
v 3 87
v 4 98
e 0 1 10 # 
e 1 2 120 # 
e 2 3 111 # 
e 2 4 131 # 
x 0 1 2 3 6 8 11 12 13 15 16 17 19 23 27 28 29 31 32 35 38 39 40 42 44 48 49 50 51 52 53 55 56 58 59 60 61 63 64 67 68 70 71 72 73 75 76 78 79 80 81 82 83 84 86 88
# 20
t # 147
v 0 1
v 1 10
v 2 88
v 3 87
v 4 7
e 0 1 10 # 
e 1 2 120 # 
e 2 3 111 # 
e 3 4 1394 # 
x 6 11 13 15 23 27 29 38 42 44 49 52 55 58 60 64 71 73 82 88
# 19
t # 148
v 0 1
v 1 10
v 2 88
v 3 87
v 4 7
v 5 3
e 0 1 10 # 
e 1 2 120 # 
e 1 5 15 # 
e 2 3 111 # 
e 3 4 1394 # 
x 6 11 13 15 23 27 29 38 42 44 49 52 55 58 60 71 73 82 88
# 19
t # 149
v 0 1
v 1 10
v 2 88
v 3 87
v 4 7
v 5 3
v 6 98
e 0 1 10 # 
e 1 2 120 # 
e 1 5 15 # 
e 2 3 111 # 
e 2 6 131 # 
e 3 4 1394 # 
x 6 11 13 15 23 27 29 38 42 44 49 52 55 58 60 71 73 82 88
# 20
t # 150
v 0 1
v 1 10
v 2 88
v 3 87
v 4 7
v 5 98
e 0 1 10 # 
e 1 2 120 # 
e 2 3 111 # 
e 2 5 131 # 
e 3 4 1394 # 
x 6 11 13 15 23 27 29 38 42 44 49 52 55 58 60 64 71 73 82 88
# 62
t # 151
v 0 1
v 1 10
v 2 88
v 3 98
e 0 1 10 # 
e 1 2 120 # 
e 2 3 131 # 
x 0 1 2 3 5 6 8 11 12 13 15 16 17 19 20 23 27 28 29 31 32 35 38 39 40 42 43 44 48 49 50 51 52 53 55 56 58 59 60 61 62 63 64 65 66 67 68 70 71 72 73 75 76 78 79 80 81 82 83 84 86 88
# 61
t # 152
v 0 1
v 1 10
v 2 88
v 3 98
v 4 3
e 0 1 10 # 
e 1 2 120 # 
e 1 4 15 # 
e 2 3 131 # 
x 0 1 2 3 5 6 8 11 12 13 15 16 17 19 20 23 27 28 29 31 32 35 38 39 40 42 43 44 48 49 50 51 52 53 55 56 58 59 60 61 62 63 65 66 67 68 70 71 72 73 75 76 78 79 80 81 82 83 84 86 88
# 18
t # 153
v 0 1
v 1 10
v 2 88
v 3 98
v 4 3
e 0 1 10 # 
e 0 4 1874 # 
e 1 2 120 # 
e 1 4 15 # 
e 2 3 131 # 
x 13 17 20 29 35 38 40 44 49 51 52 53 55 59 62 66 78 80
# 69
t # 154
v 0 1
v 1 10
v 2 3
e 0 1 10 # 
e 1 2 15 # 
x 0 1 2 3 5 6 8 9 11 12 13 15 16 17 19 20 23 25 27 28 29 30 31 32 34 35 36 37 38 39 40 42 43 44 46 48 49 50 51 52 53 55 56 58 59 60 61 62 63 65 66 67 68 69 70 71 72 73 75 76 78 79 80 81 82 83 84 86 88
# 25
t # 155
v 0 1
v 1 10
v 2 3
v 3 87
e 0 1 10 # 
e 0 3 113 # 
e 1 2 15 # 
x 0 8 9 16 17 20 29 30 35 36 38 43 46 51 52 53 55 60 66 69 73 78 84 86 88
# 19
t # 156
v 0 1
v 1 10
v 2 3
v 3 87
v 4 88
e 0 1 10 # 
e 0 3 113 # 
e 1 2 15 # 
e 3 4 111 # 
x 0 8 16 17 29 30 35 36 38 51 52 53 55 60 73 78 84 86 88
# 47
t # 157
v 0 1
v 1 10
v 2 3
v 3 98
e 0 1 10 # 
e 0 3 132 # 
e 1 2 15 # 
x 0 1 2 3 5 6 8 12 13 16 17 27 28 29 31 32 34 35 38 39 40 42 43 48 51 52 55 56 59 61 62 63 65 66 67 68 70 71 76 78 79 80 81 83 84 86 88
# 47
t # 158
v 0 1
v 1 10
v 2 3
v 3 98
v 4 88
e 0 1 10 # 
e 0 3 132 # 
e 1 2 15 # 
e 3 4 131 # 
x 0 1 2 3 5 6 8 12 13 16 17 27 28 29 31 32 34 35 38 39 40 42 43 48 51 52 55 56 59 61 62 63 65 66 67 68 70 71 76 78 79 80 81 83 84 86 88
# 20
t # 159
v 0 1
v 1 10
v 2 3
v 3 98
v 4 88
v 5 292
e 0 1 10 # 
e 0 3 132 # 
e 1 2 15 # 
e 3 4 131 # 
e 4 5 502 # 
x 1 8 12 16 28 31 32 42 43 55 56 63 67 68 70 71 76 79 81 83
# 19
t # 160
v 0 1
v 1 10
v 2 3
v 3 98
v 4 88
v 5 292
v 6 87
e 0 1 10 # 
e 0 3 132 # 
e 1 2 15 # 
e 3 4 131 # 
e 4 5 502 # 
e 4 6 111 # 
x 1 8 12 16 28 31 32 42 55 56 63 67 68 70 71 76 79 81 83
# 42
t # 161
v 0 1
v 1 10
v 2 3
v 3 98
v 4 88
v 5 87
e 0 1 10 # 
e 0 3 132 # 
e 1 2 15 # 
e 3 4 131 # 
e 4 5 111 # 
x 0 1 2 3 6 8 12 13 16 17 27 28 29 31 32 34 35 38 39 40 42 48 51 52 55 56 59 61 63 67 68 70 71 76 78 79 80 81 83 84 86 88
# 87
t # 162
v 0 3
v 1 10
e 0 1 15 # 
x 0 1 2 3 4 5 6 7 8 9 10 11 12 13 14 15 16 17 18 19 20 21 22 23 25 27 28 29 30 31 32 33 34 35 36 37 38 39 40 41 42 43 44 45 46 47 48 49 50 51 52 53 54 55 56 57 58 59 60 61 62 63 65 66 67 68 69 70 71 72 73 74 75 76 77 78 79 80 81 82 83 84 85 86 87 88 89
# 18
t # 163
v 0 3
v 1 10
v 2 691
e 0 1 15 # 
e 1 2 1372 # 
x 6 8 16 27 28 32 33 35 47 48 50 51 53 54 55 63 66 72
# 25
t # 164
v 0 3
v 1 10
v 2 44
e 0 1 15 # 
e 1 2 48 # 
x 0 1 7 12 16 18 21 23 27 28 33 35 41 47 49 50 51 52 53 58 61 65 72 73 84
# 24
t # 165
v 0 3
v 1 10
v 2 28
e 0 1 15 # 
e 1 2 31 # 
x 0 8 9 14 15 17 19 22 29 30 31 33 35 40 43 45 46 51 54 55 58 80 82 88
# 28
t # 166
v 0 3
v 1 10
v 2 434
e 0 1 15 # 
e 1 2 824 # 
x 3 8 10 13 15 16 17 23 28 29 33 35 38 40 50 54 59 62 65 67 68 73 74 75 82 84 86 87
# 30
t # 167
v 0 3
v 1 10
v 2 13
e 0 1 15 # 
e 1 2 153 # 
x 0 8 9 12 13 14 15 17 19 22 29 30 31 32 33 35 40 43 45 46 48 51 54 55 58 63 72 80 82 88
# 35
t # 168
v 0 3
v 1 10
v 2 528
e 0 1 15 # 
e 1 2 1295 # 
x 5 6 16 18 21 22 23 30 32 33 34 38 39 41 42 44 54 55 58 59 60 66 68 69 71 74 76 77 80 81 83 84 85 87 89
# 35
t # 169
v 0 3
v 1 10
v 2 263
e 0 1 15 # 
e 1 2 462 # 
x 1 7 10 11 12 14 15 16 18 21 23 32 33 35 38 40 41 45 47 50 52 54 55 56 58 60 61 66 67 72 74 75 79 80 85
# 19
t # 170
v 0 3
v 1 10
v 2 263
v 3 98
e 0 1 15 # 
e 1 2 462 # 
e 2 3 496 # 
x 1 7 10 11 14 23 32 33 35 40 41 45 47 50 52 54 60 75 85
# 19
t # 171
v 0 3
v 1 10
v 2 263
v 3 98
v 4 88
e 0 1 15 # 
e 1 2 462 # 
e 2 3 496 # 
e 3 4 131 # 
x 1 7 10 11 14 23 32 33 35 40 41 45 47 50 52 54 60 75 85
# 18
t # 172
v 0 3
v 1 10
v 2 263
v 3 98
v 4 88
v 5 87
e 0 1 15 # 
e 1 2 462 # 
e 2 3 496 # 
e 3 4 131 # 
e 4 5 111 # 
x 1 7 10 11 14 23 32 33 35 40 41 47 50 52 54 60 75 85
# 43
t # 173
v 0 3
v 1 10
v 2 69
e 0 1 15 # 
e 1 2 187 # 
x 0 2 3 6 8 10 13 15 16 27 28 32 33 35 36 38 39 40 42 45 46 47 50 51 52 53 54 55 56 58 61 62 63 66 69 71 72 74 75 76 78 87 89
# 47
t # 174
v 0 3
v 1 10
v 2 29
e 0 1 15 # 
e 1 2 32 # 
x 0 2 5 9 10 11 12 13 15 18 20 28 30 31 32 33 36 39 40 42 43 44 45 46 48 51 54 55 56 60 63 65 68 69 70 71 72 74 76 78 80 81 82 83 86 88 89
# 79
t # 175
v 0 3
v 1 10
v 2 88
e 0 1 15 # 
e 1 2 120 # 
x 0 1 2 3 5 6 7 8 9 10 11 12 13 14 15 16 17 18 19 20 21 22 23 27 28 29 31 32 33 35 36 37 38 39 40 41 42 43 44 45 47 48 49 50 51 52 53 54 55 56 58 59 60 61 62 63 65 66 67 68 70 71 72 73 74 75 76 77 78 79 80 81 82 83 84 85 86 87 88
# 20
t # 176
v 0 3
v 1 10
v 2 88
v 3 225
e 0 1 15 # 
e 1 2 120 # 
e 2 3 383 # 
x 0 1 14 23 39 40 41 42 45 54 60 68 70 71 78 79 81 83 84 85
# 19
t # 177
v 0 3
v 1 10
v 2 88
v 3 225
v 4 87
e 0 1 15 # 
e 1 2 120 # 
e 2 3 383 # 
e 2 4 111 # 
x 0 1 14 23 39 40 41 42 54 60 68 70 71 78 79 81 83 84 85
# 19
t # 178
v 0 3
v 1 10
v 2 88
v 3 225
v 4 87
v 5 98
e 0 1 15 # 
e 1 2 120 # 
e 2 3 383 # 
e 2 4 111 # 
e 2 5 131 # 
x 0 1 14 23 39 40 41 42 54 60 68 70 71 78 79 81 83 84 85
# 20
t # 179
v 0 3
v 1 10
v 2 88
v 3 225
v 4 98
e 0 1 15 # 
e 1 2 120 # 
e 2 3 383 # 
e 2 4 131 # 
x 0 1 14 23 39 40 41 42 45 54 60 68 70 71 78 79 81 83 84 85
# 28
t # 180
v 0 3
v 1 10
v 2 88
v 3 292
e 0 1 15 # 
e 1 2 120 # 
e 2 3 502 # 
x 1 8 12 14 16 20 28 31 32 36 42 43 53 54 55 56 63 67 68 70 71 75 76 79 81 82 83 85
# 26
t # 181
v 0 3
v 1 10
v 2 88
v 3 292
v 4 87
e 0 1 15 # 
e 1 2 120 # 
e 2 3 502 # 
e 2 4 111 # 
x 1 8 12 14 16 28 31 32 36 42 53 54 55 56 63 67 68 70 71 75 76 79 81 82 83 85
# 25
t # 182
v 0 3
v 1 10
v 2 88
v 3 292
v 4 87
v 5 98
e 0 1 15 # 
e 1 2 120 # 
e 2 3 502 # 
e 2 4 111 # 
e 2 5 131 # 
x 1 8 12 14 16 28 31 32 42 53 54 55 56 63 67 68 70 71 75 76 79 81 82 83 85
# 27
t # 183
v 0 3
v 1 10
v 2 88
v 3 292
v 4 98
e 0 1 15 # 
e 1 2 120 # 
e 2 3 502 # 
e 2 4 131 # 
x 1 8 12 14 16 20 28 31 32 42 43 53 54 55 56 63 67 68 70 71 75 76 79 81 82 83 85
# 70
t # 184
v 0 3
v 1 10
v 2 88
v 3 87
e 0 1 15 # 
e 1 2 120 # 
e 2 3 111 # 
x 0 1 2 3 6 7 8 10 11 12 13 14 15 16 17 18 19 21 22 23 27 28 29 31 32 33 35 36 38 39 40 41 42 44 47 48 49 50 51 52 53 54 55 56 58 59 60 61 63 67 68 70 71 72 73 74 75 76 77 78 79 80 81 82 83 84 85 86 87 88
# 69
t # 185
v 0 3
v 1 10
v 2 88
v 3 87
v 4 98
e 0 1 15 # 
e 1 2 120 # 
e 2 3 111 # 
e 2 4 131 # 
x 0 1 2 3 6 7 8 10 11 12 13 14 15 16 17 18 19 21 22 23 27 28 29 31 32 33 35 38 39 40 41 42 44 47 48 49 50 51 52 53 54 55 56 58 59 60 61 63 67 68 70 71 72 73 74 75 76 77 78 79 80 81 82 83 84 85 86 87 88
# 18
t # 186
v 0 3
v 1 10
v 2 88
v 3 87
v 4 92
e 0 1 15 # 
e 1 2 120 # 
e 2 3 111 # 
e 3 4 117 # 
x 0 1 3 6 8 10 14 15 16 17 22 33 35 47 52 67 75 80
# 18
t # 187
v 0 3
v 1 10
v 2 88
v 3 87
v 4 92
v 5 98
e 0 1 15 # 
e 1 2 120 # 
e 2 3 111 # 
e 2 5 131 # 
e 3 4 117 # 
x 0 1 3 6 8 10 14 15 16 17 22 33 35 47 52 67 75 80
# 24
t # 188
v 0 3
v 1 10
v 2 88
v 3 87
v 4 7
e 0 1 15 # 
e 1 2 120 # 
e 2 3 111 # 
e 3 4 1394 # 
x 6 7 11 13 15 18 21 23 27 29 38 42 44 47 49 52 54 55 58 60 71 73 82 88
# 24
t # 189
v 0 3
v 1 10
v 2 88
v 3 87
v 4 7
v 5 98
e 0 1 15 # 
e 1 2 120 # 
e 2 3 111 # 
e 2 5 131 # 
e 3 4 1394 # 
x 6 7 11 13 15 18 21 23 27 29 38 42 44 47 49 52 54 55 58 60 71 73 82 88
# 76
t # 190
v 0 3
v 1 10
v 2 88
v 3 98
e 0 1 15 # 
e 1 2 120 # 
e 2 3 131 # 
x 0 1 2 3 5 6 7 8 10 11 12 13 14 15 16 17 18 19 20 21 22 23 27 28 29 31 32 33 35 38 39 40 41 42 43 44 45 47 48 49 50 51 52 53 54 55 56 58 59 60 61 62 63 65 66 67 68 70 71 72 73 74 75 76 77 78 79 80 81 82 83 84 85 86 87 88
# 19
t # 191
v 0 3
v 1 10
v 2 88
v 3 98
v 4 263
e 0 1 15 # 
e 1 2 120 # 
e 2 3 131 # 
e 3 4 496 # 
x 1 7 10 11 14 23 32 33 35 40 41 45 47 50 52 54 60 75 85
# 18
t # 192
v 0 3
v 1 10
v 2 88
v 3 98
v 4 263
v 5 87
e 0 1 15 # 
e 1 2 120 # 
e 2 3 131 # 
e 2 5 111 # 
e 3 4 496 # 
x 1 7 10 11 14 23 32 33 35 40 41 47 50 52 54 60 75 85
# 27
t # 193
v 0 7
v 1 87
e 0 1 1394 # 
x 6 7 11 13 15 18 21 23 26 27 29 30 38 42 44 47 49 52 54 55 58 60 64 71 73 82 88
# 27
t # 194
v 0 7
v 1 87
v 2 88
e 0 1 1394 # 
e 1 2 111 # 
x 6 7 11 13 15 18 21 23 26 27 29 30 38 42 44 47 49 52 54 55 58 60 64 71 73 82 88
# 26
t # 195
v 0 7
v 1 87
v 2 88
v 3 98
e 0 1 1394 # 
e 1 2 111 # 
e 2 3 131 # 
x 6 7 11 13 15 18 21 23 26 27 29 38 42 44 47 49 52 54 55 58 60 64 71 73 82 88
# 26
t # 196
v 0 7
v 1 87
v 2 88
v 3 98
v 4 10
e 0 1 1394 # 
e 1 2 111 # 
e 2 3 131 # 
e 2 4 120 # 
x 6 7 11 13 15 18 21 23 26 27 29 38 42 44 47 49 52 54 55 58 60 64 71 73 82 88
# 26
t # 197
v 0 7
v 1 87
v 2 88
v 3 10
e 0 1 1394 # 
e 1 2 111 # 
e 2 3 120 # 
x 6 7 11 13 15 18 21 23 26 27 29 38 42 44 47 49 52 54 55 58 60 64 71 73 82 88
# 33
t # 198
v 0 9
v 1 280
e 0 1 1239 # 
x 5 7 8 9 11 17 18 21 23 27 32 36 38 41 43 47 48 57 58 60 64 67 69 70 72 75 78 79 81 84 85 86 87
# 18
t # 199
v 0 10
v 1 691
e 0 1 1372 # 
x 6 8 16 27 28 32 33 35 47 48 50 51 53 54 55 63 66 72
# 25
t # 200
v 0 10
v 1 44
e 0 1 48 # 
x 0 1 7 12 16 18 21 23 27 28 33 35 41 47 49 50 51 52 53 58 61 65 72 73 84
# 25
t # 201
v 0 10
v 1 44
v 2 88
e 0 1 48 # 
e 0 2 120 # 
x 0 1 7 12 16 18 21 23 27 28 33 35 41 47 49 50 51 52 53 58 61 65 72 73 84
# 24
t # 202
v 0 10
v 1 44
v 2 88
v 3 87
e 0 1 48 # 
e 0 2 120 # 
e 2 3 111 # 
x 0 1 7 12 16 18 21 23 27 28 33 35 41 47 49 50 51 52 53 58 61 72 73 84
# 24
t # 203
v 0 10
v 1 44
v 2 88
v 3 87
v 4 98
e 0 1 48 # 
e 0 2 120 # 
e 2 3 111 # 
e 2 4 131 # 
x 0 1 7 12 16 18 21 23 27 28 33 35 41 47 49 50 51 52 53 58 61 72 73 84
# 18
t # 204
v 0 10
v 1 44
v 2 88
v 3 87
v 4 1
e 0 1 48 # 
e 0 2 120 # 
e 0 4 10 # 
e 2 3 111 # 
x 0 1 12 16 23 27 28 35 49 50 51 52 53 58 61 72 73 84
# 18
t # 205
v 0 10
v 1 44
v 2 88
v 3 87
v 4 1
v 5 98
e 0 1 48 # 
e 0 2 120 # 
e 0 4 10 # 
e 2 3 111 # 
e 2 5 131 # 
x 0 1 12 16 23 27 28 35 49 50 51 52 53 58 61 72 73 84
# 18
t # 206
v 0 10
v 1 44
v 2 88
v 3 87
v 4 1
v 5 3
e 0 1 48 # 
e 0 2 120 # 
e 0 4 10 # 
e 0 5 15 # 
e 2 3 111 # 
x 0 1 12 16 23 27 28 35 49 50 51 52 53 58 61 72 73 84
# 18
t # 207
v 0 10
v 1 44
v 2 88
v 3 87
v 4 1
v 5 3
v 6 98
e 0 1 48 # 
e 0 2 120 # 
e 0 4 10 # 
e 0 5 15 # 
e 2 3 111 # 
e 2 6 131 # 
x 0 1 12 16 23 27 28 35 49 50 51 52 53 58 61 72 73 84
# 24
t # 208
v 0 10
v 1 44
v 2 88
v 3 87
v 4 3
e 0 1 48 # 
e 0 2 120 # 
e 0 4 15 # 
e 2 3 111 # 
x 0 1 7 12 16 18 21 23 27 28 33 35 41 47 49 50 51 52 53 58 61 72 73 84
# 24
t # 209
v 0 10
v 1 44
v 2 88
v 3 87
v 4 3
v 5 98
e 0 1 48 # 
e 0 2 120 # 
e 0 4 15 # 
e 2 3 111 # 
e 2 5 131 # 
x 0 1 7 12 16 18 21 23 27 28 33 35 41 47 49 50 51 52 53 58 61 72 73 84
# 25
t # 210
v 0 10
v 1 44
v 2 88
v 3 98
e 0 1 48 # 
e 0 2 120 # 
e 2 3 131 # 
x 0 1 7 12 16 18 21 23 27 28 33 35 41 47 49 50 51 52 53 58 61 65 72 73 84
# 19
t # 211
v 0 10
v 1 44
v 2 88
v 3 98
v 4 1
e 0 1 48 # 
e 0 2 120 # 
e 0 4 10 # 
e 2 3 131 # 
x 0 1 12 16 23 27 28 35 49 50 51 52 53 58 61 65 72 73 84
# 19
t # 212
v 0 10
v 1 44
v 2 88
v 3 98
v 4 1
v 5 3
e 0 1 48 # 
e 0 2 120 # 
e 0 4 10 # 
e 0 5 15 # 
e 2 3 131 # 
x 0 1 12 16 23 27 28 35 49 50 51 52 53 58 61 65 72 73 84
# 25
t # 213
v 0 10
v 1 44
v 2 88
v 3 98
v 4 3
e 0 1 48 # 
e 0 2 120 # 
e 0 4 15 # 
e 2 3 131 # 
x 0 1 7 12 16 18 21 23 27 28 33 35 41 47 49 50 51 52 53 58 61 65 72 73 84
# 25
t # 214
v 0 10
v 1 44
v 2 88
v 3 3
e 0 1 48 # 
e 0 2 120 # 
e 0 3 15 # 
x 0 1 7 12 16 18 21 23 27 28 33 35 41 47 49 50 51 52 53 58 61 65 72 73 84
# 25
t # 215
v 0 10
v 1 28
e 0 1 31 # 
x 0 8 9 14 15 17 19 22 24 29 30 31 33 35 40 43 45 46 51 54 55 58 80 82 88
# 29
t # 216
v 0 10
v 1 434
e 0 1 824 # 
x 3 8 10 13 15 16 17 23 28 29 33 35 38 40 50 54 59 62 64 65 67 68 73 74 75 82 84 86 87
# 31
t # 217
v 0 10
v 1 13
e 0 1 153 # 
x 0 8 9 12 13 14 15 17 19 22 24 29 30 31 32 33 35 40 43 45 46 48 51 54 55 58 63 72 80 82 88
# 25
t # 218
v 0 10
v 1 13
v 2 28
e 0 1 153 # 
e 0 2 31 # 
x 0 8 9 14 15 17 19 22 24 29 30 31 33 35 40 43 45 46 51 54 55 58 80 82 88
# 22
t # 219
v 0 10
v 1 13
v 2 29
e 0 1 153 # 
e 0 2 32 # 
x 0 9 12 13 15 30 31 32 33 40 43 45 46 48 51 54 55 63 72 80 82 88
# 19
t # 220
v 0 10
v 1 13
v 2 29
v 3 1
e 0 1 153 # 
e 0 2 32 # 
e 0 3 10 # 
x 0 9 12 13 15 30 31 32 40 43 46 48 51 55 63 72 80 82 88
# 19
t # 221
v 0 10
v 1 13
v 2 29
v 3 1
v 4 3
e 0 1 153 # 
e 0 2 32 # 
e 0 3 10 # 
e 0 4 15 # 
x 0 9 12 13 15 30 31 32 40 43 46 48 51 55 63 72 80 82 88
# 20
t # 222
v 0 10
v 1 13
v 2 29
v 3 88
e 0 1 153 # 
e 0 2 32 # 
e 0 3 120 # 
x 0 9 12 13 15 31 32 33 40 43 45 48 51 54 55 63 72 80 82 88
# 20
t # 223
v 0 10
v 1 13
v 2 29
v 3 88
v 4 3
e 0 1 153 # 
e 0 2 32 # 
e 0 3 120 # 
e 0 4 15 # 
x 0 9 12 13 15 31 32 33 40 43 45 48 51 54 55 63 72 80 82 88
# 22
t # 224
v 0 10
v 1 13
v 2 29
v 3 3
e 0 1 153 # 
e 0 2 32 # 
e 0 3 15 # 
x 0 9 12 13 15 30 31 32 33 40 43 45 46 48 51 54 55 63 72 80 82 88
# 29
t # 225
v 0 10
v 1 13
v 2 88
e 0 1 153 # 
e 0 2 120 # 
x 0 8 9 12 13 14 15 17 19 22 24 29 31 32 33 35 40 43 45 48 51 54 55 58 63 72 80 82 88
# 25
t # 226
v 0 10
v 1 13
v 2 88
v 3 87
e 0 1 153 # 
e 0 2 120 # 
e 2 3 111 # 
x 0 8 12 13 14 15 17 19 22 29 31 32 33 35 40 48 51 54 55 58 63 72 80 82 88
# 25
t # 227
v 0 10
v 1 13
v 2 88
v 3 87
v 4 98
e 0 1 153 # 
e 0 2 120 # 
e 2 3 111 # 
e 2 4 131 # 
x 0 8 12 13 14 15 17 19 22 29 31 32 33 35 40 48 51 54 55 58 63 72 80 82 88
# 21
t # 228
v 0 10
v 1 13
v 2 88
v 3 87
v 4 1
e 0 1 153 # 
e 0 2 120 # 
e 0 4 10 # 
e 2 3 111 # 
x 0 8 12 13 15 17 19 29 31 32 35 40 48 51 55 58 63 72 80 82 88
# 21
t # 229
v 0 10
v 1 13
v 2 88
v 3 87
v 4 1
v 5 98
e 0 1 153 # 
e 0 2 120 # 
e 0 4 10 # 
e 2 3 111 # 
e 2 5 131 # 
x 0 8 12 13 15 17 19 29 31 32 35 40 48 51 55 58 63 72 80 82 88
# 21
t # 230
v 0 10
v 1 13
v 2 88
v 3 87
v 4 1
v 5 3
e 0 1 153 # 
e 0 2 120 # 
e 0 4 10 # 
e 0 5 15 # 
e 2 3 111 # 
x 0 8 12 13 15 17 19 29 31 32 35 40 48 51 55 58 63 72 80 82 88
# 21
t # 231
v 0 10
v 1 13
v 2 88
v 3 87
v 4 1
v 5 3
v 6 98
e 0 1 153 # 
e 0 2 120 # 
e 0 4 10 # 
e 0 5 15 # 
e 2 3 111 # 
e 2 6 131 # 
x 0 8 12 13 15 17 19 29 31 32 35 40 48 51 55 58 63 72 80 82 88
# 25
t # 232
v 0 10
v 1 13
v 2 88
v 3 87
v 4 3
e 0 1 153 # 
e 0 2 120 # 
e 0 4 15 # 
e 2 3 111 # 
x 0 8 12 13 14 15 17 19 22 29 31 32 33 35 40 48 51 54 55 58 63 72 80 82 88
# 25
t # 233
v 0 10
v 1 13
v 2 88
v 3 87
v 4 3
v 5 98
e 0 1 153 # 
e 0 2 120 # 
e 0 4 15 # 
e 2 3 111 # 
e 2 5 131 # 
x 0 8 12 13 14 15 17 19 22 29 31 32 33 35 40 48 51 54 55 58 63 72 80 82 88
# 28
t # 234
v 0 10
v 1 13
v 2 88
v 3 98
e 0 1 153 # 
e 0 2 120 # 
e 2 3 131 # 
x 0 8 12 13 14 15 17 19 22 24 29 31 32 33 35 40 43 45 48 51 54 55 58 63 72 80 82 88
# 19
t # 235
v 0 10
v 1 13
v 2 88
v 3 98
v 4 29
e 0 1 153 # 
e 0 2 120 # 
e 0 4 32 # 
e 2 3 131 # 
x 0 12 13 15 31 32 33 40 43 45 48 51 54 55 63 72 80 82 88
# 19
t # 236
v 0 10
v 1 13
v 2 88
v 3 98
v 4 29
v 5 3
e 0 1 153 # 
e 0 2 120 # 
e 0 4 32 # 
e 0 5 15 # 
e 2 3 131 # 
x 0 12 13 15 31 32 33 40 43 45 48 51 54 55 63 72 80 82 88
# 22
t # 237
v 0 10
v 1 13
v 2 88
v 3 98
v 4 1
e 0 1 153 # 
e 0 2 120 # 
e 0 4 10 # 
e 2 3 131 # 
x 0 8 12 13 15 17 19 29 31 32 35 40 43 48 51 55 58 63 72 80 82 88
# 22
t # 238
v 0 10
v 1 13
v 2 88
v 3 98
v 4 1
v 5 3
e 0 1 153 # 
e 0 2 120 # 
e 0 4 10 # 
e 0 5 15 # 
e 2 3 131 # 
x 0 8 12 13 15 17 19 29 31 32 35 40 43 48 51 55 58 63 72 80 82 88
# 27
t # 239
v 0 10
v 1 13
v 2 88
v 3 98
v 4 3
e 0 1 153 # 
e 0 2 120 # 
e 0 4 15 # 
e 2 3 131 # 
x 0 8 12 13 14 15 17 19 22 29 31 32 33 35 40 43 45 48 51 54 55 58 63 72 80 82 88
# 28
t # 240
v 0 10
v 1 13
v 2 88
v 3 3
e 0 1 153 # 
e 0 2 120 # 
e 0 3 15 # 
x 0 8 9 12 13 14 15 17 19 22 29 31 32 33 35 40 43 45 48 51 54 55 58 63 72 80 82 88
# 36
t # 241
v 0 10
v 1 528
e 0 1 1295 # 
x 5 6 16 18 21 22 23 26 30 32 33 34 38 39 41 42 44 54 55 58 59 60 66 68 69 71 74 76 77 80 81 83 84 85 87 89
# 37
t # 242
v 0 10
v 1 263
e 0 1 462 # 
x 1 7 10 11 12 14 15 16 18 21 23 24 26 32 33 35 38 40 41 45 47 50 52 54 55 56 58 60 61 66 67 72 74 75 79 80 85
# 20
t # 243
v 0 10
v 1 263
v 2 98
e 0 1 462 # 
e 1 2 496 # 
x 1 7 10 11 14 23 24 32 33 35 40 41 45 47 50 52 54 60 75 85
# 20
t # 244
v 0 10
v 1 263
v 2 98
v 3 88
e 0 1 462 # 
e 1 2 496 # 
e 2 3 131 # 
x 1 7 10 11 14 23 24 32 33 35 40 41 45 47 50 52 54 60 75 85
# 20
t # 245
v 0 10
v 1 263
v 2 98
v 3 88
e 0 1 462 # 
e 0 3 120 # 
e 1 2 496 # 
e 2 3 131 # 
x 1 7 10 11 14 23 24 32 33 35 40 41 45 47 50 52 54 60 75 85
# 18
t # 246
v 0 10
v 1 263
v 2 98
v 3 88
v 4 87
e 0 1 462 # 
e 1 2 496 # 
e 2 3 131 # 
e 3 4 111 # 
x 1 7 10 11 14 23 32 33 35 40 41 47 50 52 54 60 75 85
# 43
t # 247
v 0 10
v 1 69
e 0 1 187 # 
x 0 2 3 6 8 10 13 15 16 27 28 32 33 35 36 38 39 40 42 45 46 47 50 51 52 53 54 55 56 58 61 62 63 66 69 71 72 74 75 76 78 87 89
# 21
t # 248
v 0 10
v 1 69
v 2 263
e 0 1 187 # 
e 0 2 462 # 
x 10 15 16 32 33 35 38 40 45 47 50 52 54 55 56 58 61 66 72 74 75
# 21
t # 249
v 0 10
v 1 69
v 2 263
v 3 88
e 0 1 187 # 
e 0 2 462 # 
e 0 3 120 # 
x 10 15 16 32 33 35 38 40 45 47 50 52 54 55 56 58 61 66 72 74 75
# 21
t # 250
v 0 10
v 1 69
v 2 263
v 3 88
v 4 3
e 0 1 187 # 
e 0 2 462 # 
e 0 3 120 # 
e 0 4 15 # 
x 10 15 16 32 33 35 38 40 45 47 50 52 54 55 56 58 61 66 72 74 75
# 21
t # 251
v 0 10
v 1 69
v 2 263
v 3 3
e 0 1 187 # 
e 0 2 462 # 
e 0 3 15 # 
x 10 15 16 32 33 35 38 40 45 47 50 52 54 55 56 58 61 66 72 74 75
# 40
t # 252
v 0 10
v 1 69
v 2 88
e 0 1 187 # 
e 0 2 120 # 
x 0 2 3 6 8 10 13 15 16 27 28 32 33 35 36 38 39 40 42 45 47 50 51 52 53 54 55 56 58 61 62 63 66 71 72 74 75 76 78 87
# 37
t # 253
v 0 10
v 1 69
v 2 88
v 3 87
e 0 1 187 # 
e 0 2 120 # 
e 2 3 111 # 
x 0 2 3 6 8 10 13 15 16 27 28 32 33 35 36 38 39 40 42 47 50 51 52 53 54 55 56 58 61 63 71 72 74 75 76 78 87
# 36
t # 254
v 0 10
v 1 69
v 2 88
v 3 87
v 4 98
e 0 1 187 # 
e 0 2 120 # 
e 2 3 111 # 
e 2 4 131 # 
x 0 2 3 6 8 10 13 15 16 27 28 32 33 35 38 39 40 42 47 50 51 52 53 54 55 56 58 61 63 71 72 74 75 76 78 87
# 22
t # 255
v 0 10
v 1 69
v 2 88
v 3 87
v 4 29
e 0 1 187 # 
e 0 2 120 # 
e 0 4 32 # 
e 2 3 111 # 
x 0 2 10 13 15 28 32 33 36 39 40 42 51 54 55 56 63 71 72 74 76 78
# 21
t # 256
v 0 10
v 1 69
v 2 88
v 3 87
v 4 29
v 5 98
e 0 1 187 # 
e 0 2 120 # 
e 0 4 32 # 
e 2 3 111 # 
e 2 5 131 # 
x 0 2 10 13 15 28 32 33 39 40 42 51 54 55 56 63 71 72 74 76 78
# 22
t # 257
v 0 10
v 1 69
v 2 88
v 3 87
v 4 29
v 5 3
e 0 1 187 # 
e 0 2 120 # 
e 0 4 32 # 
e 0 5 15 # 
e 2 3 111 # 
x 0 2 10 13 15 28 32 33 36 39 40 42 51 54 55 56 63 71 72 74 76 78
# 21
t # 258
v 0 10
v 1 69
v 2 88
v 3 87
v 4 29
v 5 3
v 6 98
e 0 1 187 # 
e 0 2 120 # 
e 0 4 32 # 
e 0 5 15 # 
e 2 3 111 # 
e 2 6 131 # 
x 0 2 10 13 15 28 32 33 39 40 42 51 54 55 56 63 71 72 74 76 78
# 18
t # 259
v 0 10
v 1 69
v 2 88
v 3 87
v 4 29
v 5 1
e 0 1 187 # 
e 0 2 120 # 
e 0 4 32 # 
e 0 5 10 # 
e 2 3 111 # 
x 0 2 13 15 28 32 36 39 40 42 51 55 56 63 71 72 76 78
# 18
t # 260
v 0 10
v 1 69
v 2 88
v 3 87
v 4 29
v 5 1
v 6 3
e 0 1 187 # 
e 0 2 120 # 
e 0 4 32 # 
e 0 5 10 # 
e 0 6 15 # 
e 2 3 111 # 
x 0 2 13 15 28 32 36 39 40 42 51 55 56 63 71 72 76 78
# 31
t # 261
v 0 10
v 1 69
v 2 88
v 3 87
v 4 1
e 0 1 187 # 
e 0 2 120 # 
e 0 4 10 # 
e 2 3 111 # 
x 0 2 3 6 8 13 15 16 27 28 32 35 36 38 39 40 42 50 51 52 53 55 56 58 61 63 71 72 75 76 78
# 30
t # 262
v 0 10
v 1 69
v 2 88
v 3 87
v 4 1
v 5 98
e 0 1 187 # 
e 0 2 120 # 
e 0 4 10 # 
e 2 3 111 # 
e 2 5 131 # 
x 0 2 3 6 8 13 15 16 27 28 32 35 38 39 40 42 50 51 52 53 55 56 58 61 63 71 72 75 76 78
# 24
t # 263
v 0 10
v 1 69
v 2 88
v 3 87
v 4 1
v 5 98
e 0 1 187 # 
e 0 2 120 # 
e 0 4 10 # 
e 2 3 111 # 
e 2 5 131 # 
e 4 5 132 # 
x 0 2 3 6 8 13 16 27 28 32 35 38 39 40 42 51 52 55 56 61 63 71 76 78
# 31
t # 264
v 0 10
v 1 69
v 2 88
v 3 87
v 4 1
v 5 3
e 0 1 187 # 
e 0 2 120 # 
e 0 4 10 # 
e 0 5 15 # 
e 2 3 111 # 
x 0 2 3 6 8 13 15 16 27 28 32 35 36 38 39 40 42 50 51 52 53 55 56 58 61 63 71 72 75 76 78
# 30
t # 265
v 0 10
v 1 69
v 2 88
v 3 87
v 4 1
v 5 3
v 6 98
e 0 1 187 # 
e 0 2 120 # 
e 0 4 10 # 
e 0 5 15 # 
e 2 3 111 # 
e 2 6 131 # 
x 0 2 3 6 8 13 15 16 27 28 32 35 38 39 40 42 50 51 52 53 55 56 58 61 63 71 72 75 76 78
# 24
t # 266
v 0 10
v 1 69
v 2 88
v 3 87
v 4 1
v 5 3
v 6 98
e 0 1 187 # 
e 0 2 120 # 
e 0 4 10 # 
e 0 5 15 # 
e 2 3 111 # 
e 2 6 131 # 
e 4 6 132 # 
x 0 2 3 6 8 13 16 27 28 32 35 38 39 40 42 51 52 55 56 61 63 71 76 78
# 37
t # 267
v 0 10
v 1 69
v 2 88
v 3 87
v 4 3
e 0 1 187 # 
e 0 2 120 # 
e 0 4 15 # 
e 2 3 111 # 
x 0 2 3 6 8 10 13 15 16 27 28 32 33 35 36 38 39 40 42 47 50 51 52 53 54 55 56 58 61 63 71 72 74 75 76 78 87
# 36
t # 268
v 0 10
v 1 69
v 2 88
v 3 87
v 4 3
v 5 98
e 0 1 187 # 
e 0 2 120 # 
e 0 4 15 # 
e 2 3 111 # 
e 2 5 131 # 
x 0 2 3 6 8 10 13 15 16 27 28 32 33 35 38 39 40 42 47 50 51 52 53 54 55 56 58 61 63 71 72 74 75 76 78 87
# 39
t # 269
v 0 10
v 1 69
v 2 88
v 3 98
e 0 1 187 # 
e 0 2 120 # 
e 2 3 131 # 
x 0 2 3 6 8 10 13 15 16 27 28 32 33 35 38 39 40 42 45 47 50 51 52 53 54 55 56 58 61 62 63 66 71 72 74 75 76 78 87
# 22
t # 270
v 0 10
v 1 69
v 2 88
v 3 98
v 4 29
e 0 1 187 # 
e 0 2 120 # 
e 0 4 32 # 
e 2 3 131 # 
x 0 2 10 13 15 28 32 33 39 40 42 45 51 54 55 56 63 71 72 74 76 78
# 22
t # 271
v 0 10
v 1 69
v 2 88
v 3 98
v 4 29
v 5 3
e 0 1 187 # 
e 0 2 120 # 
e 0 4 32 # 
e 0 5 15 # 
e 2 3 131 # 
x 0 2 10 13 15 28 32 33 39 40 42 45 51 54 55 56 63 71 72 74 76 78
# 32
t # 272
v 0 10
v 1 69
v 2 88
v 3 98
v 4 1
e 0 1 187 # 
e 0 2 120 # 
e 0 4 10 # 
e 2 3 131 # 
x 0 2 3 6 8 13 15 16 27 28 32 35 38 39 40 42 50 51 52 53 55 56 58 61 62 63 66 71 72 75 76 78
# 32
t # 273
v 0 10
v 1 69
v 2 88
v 3 98
v 4 1
v 5 3
e 0 1 187 # 
e 0 2 120 # 
e 0 4 10 # 
e 0 5 15 # 
e 2 3 131 # 
x 0 2 3 6 8 13 15 16 27 28 32 35 38 39 40 42 50 51 52 53 55 56 58 61 62 63 66 71 72 75 76 78
# 39
t # 274
v 0 10
v 1 69
v 2 88
v 3 98
v 4 3
e 0 1 187 # 
e 0 2 120 # 
e 0 4 15 # 
e 2 3 131 # 
x 0 2 3 6 8 10 13 15 16 27 28 32 33 35 38 39 40 42 45 47 50 51 52 53 54 55 56 58 61 62 63 66 71 72 74 75 76 78 87
# 40
t # 275
v 0 10
v 1 69
v 2 88
v 3 3
e 0 1 187 # 
e 0 2 120 # 
e 0 3 15 # 
x 0 2 3 6 8 10 13 15 16 27 28 32 33 35 36 38 39 40 42 45 47 50 51 52 53 54 55 56 58 61 62 63 66 71 72 74 75 76 78 87
# 47
t # 276
v 0 10
v 1 29
e 0 1 32 # 
x 0 2 5 9 10 11 12 13 15 18 20 28 30 31 32 33 36 39 40 42 43 44 45 46 48 51 54 55 56 60 63 65 68 69 70 71 72 74 76 78 80 81 82 83 86 88 89
# 20
t # 277
v 0 10
v 1 29
v 2 528
e 0 1 32 # 
e 0 2 1295 # 
x 5 18 30 32 33 39 42 44 54 55 60 68 69 71 74 76 80 81 83 89
# 26
t # 278
v 0 10
v 1 29
v 2 69
e 0 1 32 # 
e 0 2 187 # 
x 0 2 10 13 15 28 32 33 36 39 40 42 45 46 51 54 55 56 63 69 71 72 74 76 78 89
# 20
t # 279
v 0 10
v 1 29
v 2 69
v 3 1
e 0 1 32 # 
e 0 2 187 # 
e 0 3 10 # 
x 0 2 13 15 28 32 36 39 40 42 46 51 55 56 63 69 71 72 76 78
# 20
t # 280
v 0 10
v 1 29
v 2 69
v 3 1
v 4 3
e 0 1 32 # 
e 0 2 187 # 
e 0 3 10 # 
e 0 4 15 # 
x 0 2 13 15 28 32 36 39 40 42 46 51 55 56 63 69 71 72 76 78
# 18
t # 281
v 0 10
v 1 29
v 2 69
v 3 1
v 4 88
e 0 1 32 # 
e 0 2 187 # 
e 0 3 10 # 
e 0 4 120 # 
x 0 2 13 15 28 32 36 39 40 42 51 55 56 63 71 72 76 78
# 18
t # 282
v 0 10
v 1 29
v 2 69
v 3 1
v 4 88
v 5 3
e 0 1 32 # 
e 0 2 187 # 
e 0 3 10 # 
e 0 4 120 # 
e 0 5 15 # 
x 0 2 13 15 28 32 36 39 40 42 51 55 56 63 71 72 76 78
# 23
t # 283
v 0 10
v 1 29
v 2 69
v 3 88
e 0 1 32 # 
e 0 2 187 # 
e 0 3 120 # 
x 0 2 10 13 15 28 32 33 36 39 40 42 45 51 54 55 56 63 71 72 74 76 78
# 23
t # 284
v 0 10
v 1 29
v 2 69
v 3 88
v 4 3
e 0 1 32 # 
e 0 2 187 # 
e 0 3 120 # 
e 0 4 15 # 
x 0 2 10 13 15 28 32 33 36 39 40 42 45 51 54 55 56 63 71 72 74 76 78
# 26
t # 285
v 0 10
v 1 29
v 2 69
v 3 3
e 0 1 32 # 
e 0 2 187 # 
e 0 3 15 # 
x 0 2 10 13 15 28 32 33 36 39 40 42 45 46 51 54 55 56 63 69 71 72 74 76 78 89
# 43
t # 286
v 0 10
v 1 29
v 2 88
e 0 1 32 # 
e 0 2 120 # 
x 0 2 5 9 10 11 12 13 15 18 20 28 31 32 33 36 39 40 42 43 44 45 48 51 54 55 56 60 63 65 68 70 71 72 74 76 78 80 81 82 83 86 88
# 19
t # 287
v 0 10
v 1 29
v 2 88
v 3 292
e 0 1 32 # 
e 0 2 120 # 
e 2 3 502 # 
x 12 20 28 31 32 36 42 43 54 55 56 63 68 70 71 76 81 82 83
# 18
t # 288
v 0 10
v 1 29
v 2 88
v 3 292
v 4 98
e 0 1 32 # 
e 0 2 120 # 
e 2 3 502 # 
e 2 4 131 # 
x 12 20 28 31 32 42 43 54 55 56 63 68 70 71 76 81 82 83
# 18
t # 289
v 0 10
v 1 29
v 2 88
v 3 292
v 4 98
v 5 3
e 0 1 32 # 
e 0 2 120 # 
e 0 5 15 # 
e 2 3 502 # 
e 2 4 131 # 
x 12 20 28 31 32 42 43 54 55 56 63 68 70 71 76 81 82 83
# 18
t # 290
v 0 10
v 1 29
v 2 88
v 3 292
v 4 1
e 0 1 32 # 
e 0 2 120 # 
e 0 4 10 # 
e 2 3 502 # 
x 12 20 28 31 32 36 42 43 55 56 63 68 70 71 76 81 82 83
# 18
t # 291
v 0 10
v 1 29
v 2 88
v 3 292
v 4 1
v 5 3
e 0 1 32 # 
e 0 2 120 # 
e 0 4 10 # 
e 0 5 15 # 
e 2 3 502 # 
x 12 20 28 31 32 36 42 43 55 56 63 68 70 71 76 81 82 83
# 19
t # 292
v 0 10
v 1 29
v 2 88
v 3 292
v 4 3
e 0 1 32 # 
e 0 2 120 # 
e 0 4 15 # 
e 2 3 502 # 
x 12 20 28 31 32 36 42 43 54 55 56 63 68 70 71 76 81 82 83
# 37
t # 293
v 0 10
v 1 29
v 2 88
v 3 87
e 0 1 32 # 
e 0 2 120 # 
e 2 3 111 # 
x 0 2 10 11 12 13 15 18 28 31 32 33 36 39 40 42 44 48 51 54 55 56 60 63 68 70 71 72 74 76 78 80 81 82 83 86 88
# 36
t # 294
v 0 10
v 1 29
v 2 88
v 3 87
v 4 98
e 0 1 32 # 
e 0 2 120 # 
e 2 3 111 # 
e 2 4 131 # 
x 0 2 10 11 12 13 15 18 28 31 32 33 39 40 42 44 48 51 54 55 56 60 63 68 70 71 72 74 76 78 80 81 82 83 86 88
# 32
t # 295
v 0 10
v 1 29
v 2 88
v 3 87
v 4 1
e 0 1 32 # 
e 0 2 120 # 
e 0 4 10 # 
e 2 3 111 # 
x 0 2 11 12 13 15 28 31 32 36 39 40 42 44 48 51 55 56 60 63 68 70 71 72 76 78 80 81 82 83 86 88
# 31
t # 296
v 0 10
v 1 29
v 2 88
v 3 87
v 4 1
v 5 98
e 0 1 32 # 
e 0 2 120 # 
e 0 4 10 # 
e 2 3 111 # 
e 2 5 131 # 
x 0 2 11 12 13 15 28 31 32 39 40 42 44 48 51 55 56 60 63 68 70 71 72 76 78 80 81 82 83 86 88
# 25
t # 297
v 0 10
v 1 29
v 2 88
v 3 87
v 4 1
v 5 98
e 0 1 32 # 
e 0 2 120 # 
e 0 4 10 # 
e 2 3 111 # 
e 2 5 131 # 
e 4 5 132 # 
x 0 2 12 13 28 31 32 39 40 42 48 51 55 56 63 68 70 71 76 78 80 81 83 86 88
# 32
t # 298
v 0 10
v 1 29
v 2 88
v 3 87
v 4 1
v 5 3
e 0 1 32 # 
e 0 2 120 # 
e 0 4 10 # 
e 0 5 15 # 
e 2 3 111 # 
x 0 2 11 12 13 15 28 31 32 36 39 40 42 44 48 51 55 56 60 63 68 70 71 72 76 78 80 81 82 83 86 88
# 31
t # 299
v 0 10
v 1 29
v 2 88
v 3 87
v 4 1
v 5 3
v 6 98
e 0 1 32 # 
e 0 2 120 # 
e 0 4 10 # 
e 0 5 15 # 
e 2 3 111 # 
e 2 6 131 # 
x 0 2 11 12 13 15 28 31 32 39 40 42 44 48 51 55 56 60 63 68 70 71 72 76 78 80 81 82 83 86 88
# 25
t # 300
v 0 10
v 1 29
v 2 88
v 3 87
v 4 1
v 5 3
v 6 98
e 0 1 32 # 
e 0 2 120 # 
e 0 4 10 # 
e 0 5 15 # 
e 2 3 111 # 
e 2 6 131 # 
e 4 6 132 # 
x 0 2 12 13 28 31 32 39 40 42 48 51 55 56 63 68 70 71 76 78 80 81 83 86 88
# 37
t # 301
v 0 10
v 1 29
v 2 88
v 3 87
v 4 3
e 0 1 32 # 
e 0 2 120 # 
e 0 4 15 # 
e 2 3 111 # 
x 0 2 10 11 12 13 15 18 28 31 32 33 36 39 40 42 44 48 51 54 55 56 60 63 68 70 71 72 74 76 78 80 81 82 83 86 88
# 36
t # 302
v 0 10
v 1 29
v 2 88
v 3 87
v 4 3
v 5 98
e 0 1 32 # 
e 0 2 120 # 
e 0 4 15 # 
e 2 3 111 # 
e 2 5 131 # 
x 0 2 10 11 12 13 15 18 28 31 32 33 39 40 42 44 48 51 54 55 56 60 63 68 70 71 72 74 76 78 80 81 82 83 86 88
# 41
t # 303
v 0 10
v 1 29
v 2 88
v 3 98
e 0 1 32 # 
e 0 2 120 # 
e 2 3 131 # 
x 0 2 5 10 11 12 13 15 18 20 28 31 32 33 39 40 42 43 44 45 48 51 54 55 56 60 63 65 68 70 71 72 74 76 78 80 81 82 83 86 88
# 35
t # 304
v 0 10
v 1 29
v 2 88
v 3 98
v 4 1
e 0 1 32 # 
e 0 2 120 # 
e 0 4 10 # 
e 2 3 131 # 
x 0 2 5 11 12 13 15 20 28 31 32 39 40 42 43 44 48 51 55 56 60 63 65 68 70 71 72 76 78 80 81 82 83 86 88
# 35
t # 305
v 0 10
v 1 29
v 2 88
v 3 98
v 4 1
v 5 3
e 0 1 32 # 
e 0 2 120 # 
e 0 4 10 # 
e 0 5 15 # 
e 2 3 131 # 
x 0 2 5 11 12 13 15 20 28 31 32 39 40 42 43 44 48 51 55 56 60 63 65 68 70 71 72 76 78 80 81 82 83 86 88
# 41
t # 306
v 0 10
v 1 29
v 2 88
v 3 98
v 4 3
e 0 1 32 # 
e 0 2 120 # 
e 0 4 15 # 
e 2 3 131 # 
x 0 2 5 10 11 12 13 15 18 20 28 31 32 33 39 40 42 43 44 45 48 51 54 55 56 60 63 65 68 70 71 72 74 76 78 80 81 82 83 86 88
# 43
t # 307
v 0 10
v 1 29
v 2 88
v 3 3
e 0 1 32 # 
e 0 2 120 # 
e 0 3 15 # 
x 0 2 5 9 10 11 12 13 15 18 20 28 31 32 33 36 39 40 42 43 44 45 48 51 54 55 56 60 63 65 68 70 71 72 74 76 78 80 81 82 83 86 88
# 82
t # 308
v 0 10
v 1 88
e 0 1 120 # 
x 0 1 2 3 5 6 7 8 9 10 11 12 13 14 15 16 17 18 19 20 21 22 23 24 26 27 28 29 31 32 33 35 36 37 38 39 40 41 42 43 44 45 47 48 49 50 51 52 53 54 55 56 58 59 60 61 62 63 64 65 66 67 68 70 71 72 73 74 75 76 77 78 79 80 81 82 83 84 85 86 87 88
# 18
t # 309
v 0 10
v 1 88
v 2 691
e 0 1 120 # 
e 0 2 1372 # 
x 6 8 16 27 28 32 33 35 47 48 50 51 53 54 55 63 66 72
# 29
t # 310
v 0 10
v 1 88
v 2 434
e 0 1 120 # 
e 0 2 824 # 
x 3 8 10 13 15 16 17 23 28 29 33 35 38 40 50 54 59 62 64 65 67 68 73 74 75 82 84 86 87
# 28
t # 311
v 0 10
v 1 88
v 2 434
v 3 3
e 0 1 120 # 
e 0 2 824 # 
e 0 3 15 # 
x 3 8 10 13 15 16 17 23 28 29 33 35 38 40 50 54 59 62 65 67 68 73 74 75 82 84 86 87
# 32
t # 312
v 0 10
v 1 88
v 2 528
e 0 1 120 # 
e 0 2 1295 # 
x 5 6 16 18 21 22 23 26 32 33 38 39 41 42 44 54 55 58 59 60 66 68 71 74 76 77 80 81 83 84 85 87
# 31
t # 313
v 0 10
v 1 88
v 2 528
v 3 3
e 0 1 120 # 
e 0 2 1295 # 
e 0 3 15 # 
x 5 6 16 18 21 22 23 32 33 38 39 41 42 44 54 55 58 59 60 66 68 71 74 76 77 80 81 83 84 85 87
# 37
t # 314
v 0 10
v 1 88
v 2 263
e 0 1 120 # 
e 0 2 462 # 
x 1 7 10 11 12 14 15 16 18 21 23 24 26 32 33 35 38 40 41 45 47 50 52 54 55 56 58 60 61 66 67 72 74 75 79 80 85
# 20
t # 315
v 0 10
v 1 88
v 2 263
v 3 98
e 0 1 120 # 
e 0 2 462 # 
e 2 3 496 # 
x 1 7 10 11 14 23 24 32 33 35 40 41 45 47 50 52 54 60 75 85
# 19
t # 316
v 0 10
v 1 88
v 2 263
v 3 98
v 4 3
e 0 1 120 # 
e 0 2 462 # 
e 0 4 15 # 
e 2 3 496 # 
x 1 7 10 11 14 23 32 33 35 40 41 45 47 50 52 54 60 75 85
# 19
t # 317
v 0 10
v 1 88
v 2 263
v 3 98
v 4 3
e 0 1 120 # 
e 0 2 462 # 
e 0 4 15 # 
e 1 3 131 # 
e 2 3 496 # 
x 1 7 10 11 14 23 32 33 35 40 41 45 47 50 52 54 60 75 85
# 35
t # 318
v 0 10
v 1 88
v 2 263
v 3 3
e 0 1 120 # 
e 0 2 462 # 
e 0 3 15 # 
x 1 7 10 11 12 14 15 16 18 21 23 32 33 35 38 40 41 45 47 50 52 54 55 56 58 60 61 66 67 72 74 75 79 80 85
# 18
t # 319
v 0 10
v 1 88
v 2 227
e 0 1 120 # 
e 1 2 385 # 
x 0 3 8 20 31 33 39 43 45 51 52 58 62 64 70 75 77 81
# 20
t # 320
v 0 10
v 1 88
v 2 225
e 0 1 120 # 
e 1 2 383 # 
x 0 1 14 23 39 40 41 42 45 54 60 68 70 71 78 79 81 83 84 85
# 29
t # 321
v 0 10
v 1 88
v 2 292
e 0 1 120 # 
e 1 2 502 # 
x 1 8 12 14 16 20 28 31 32 36 42 43 53 54 55 56 63 64 67 68 70 71 75 76 79 81 82 83 85
# 72
t # 322
v 0 10
v 1 88
v 2 87
e 0 1 120 # 
e 1 2 111 # 
x 0 1 2 3 6 7 8 10 11 12 13 14 15 16 17 18 19 21 22 23 26 27 28 29 31 32 33 35 36 38 39 40 41 42 44 47 48 49 50 51 52 53 54 55 56 58 59 60 61 63 64 67 68 70 71 72 73 74 75 76 77 78 79 80 81 82 83 84 85 86 87 88
# 27
t # 323
v 0 10
v 1 88
v 2 87
v 3 434
e 0 1 120 # 
e 0 3 824 # 
e 1 2 111 # 
x 3 8 10 13 15 16 17 23 28 29 33 35 38 40 50 54 59 64 67 68 73 74 75 82 84 86 87
# 22
t # 324
v 0 10
v 1 88
v 2 87
v 3 434
v 4 1
e 0 1 120 # 
e 0 3 824 # 
e 0 4 10 # 
e 1 2 111 # 
x 3 8 13 15 16 17 23 28 29 35 38 40 50 59 64 67 68 73 75 82 84 86
# 22
t # 325
v 0 10
v 1 88
v 2 87
v 3 434
v 4 1
v 5 98
e 0 1 120 # 
e 0 3 824 # 
e 0 4 10 # 
e 1 2 111 # 
e 1 5 131 # 
x 3 8 13 15 16 17 23 28 29 35 38 40 50 59 64 67 68 73 75 82 84 86
# 21
t # 326
v 0 10
v 1 88
v 2 87
v 3 434
v 4 1
v 5 3
e 0 1 120 # 
e 0 3 824 # 
e 0 4 10 # 
e 0 5 15 # 
e 1 2 111 # 
x 3 8 13 15 16 17 23 28 29 35 38 40 50 59 67 68 73 75 82 84 86
# 21
t # 327
v 0 10
v 1 88
v 2 87
v 3 434
v 4 1
v 5 3
v 6 98
e 0 1 120 # 
e 0 3 824 # 
e 0 4 10 # 
e 0 5 15 # 
e 1 2 111 # 
e 1 6 131 # 
x 3 8 13 15 16 17 23 28 29 35 38 40 50 59 67 68 73 75 82 84 86
# 26
t # 328
v 0 10
v 1 88
v 2 87
v 3 434
v 4 3
e 0 1 120 # 
e 0 3 824 # 
e 0 4 15 # 
e 1 2 111 # 
x 3 8 10 13 15 16 17 23 28 29 33 35 38 40 50 54 59 67 68 73 74 75 82 84 86 87
# 26
t # 329
v 0 10
v 1 88
v 2 87
v 3 434
v 4 3
v 5 98
e 0 1 120 # 
e 0 3 824 # 
e 0 4 15 # 
e 1 2 111 # 
e 1 5 131 # 
x 3 8 10 13 15 16 17 23 28 29 33 35 38 40 50 54 59 67 68 73 74 75 82 84 86 87
# 27
t # 330
v 0 10
v 1 88
v 2 87
v 3 434
v 4 98
e 0 1 120 # 
e 0 3 824 # 
e 1 2 111 # 
e 1 4 131 # 
x 3 8 10 13 15 16 17 23 28 29 33 35 38 40 50 54 59 64 67 68 73 74 75 82 84 86 87
# 30
t # 331
v 0 10
v 1 88
v 2 87
v 3 528
e 0 1 120 # 
e 0 3 1295 # 
e 1 2 111 # 
x 6 16 18 21 22 23 26 32 33 38 39 41 42 44 54 55 58 59 60 68 71 74 76 77 80 81 83 84 85 87
# 19
t # 332
v 0 10
v 1 88
v 2 87
v 3 528
v 4 1
e 0 1 120 # 
e 0 3 1295 # 
e 0 4 10 # 
e 1 2 111 # 
x 6 16 23 32 38 39 42 44 55 58 59 60 68 71 76 80 81 83 84
# 19
t # 333
v 0 10
v 1 88
v 2 87
v 3 528
v 4 1
v 5 98
e 0 1 120 # 
e 0 3 1295 # 
e 0 4 10 # 
e 1 2 111 # 
e 1 5 131 # 
x 6 16 23 32 38 39 42 44 55 58 59 60 68 71 76 80 81 83 84
# 19
t # 334
v 0 10
v 1 88
v 2 87
v 3 528
v 4 1
v 5 3
e 0 1 120 # 
e 0 3 1295 # 
e 0 4 10 # 
e 0 5 15 # 
e 1 2 111 # 
x 6 16 23 32 38 39 42 44 55 58 59 60 68 71 76 80 81 83 84
# 19
t # 335
v 0 10
v 1 88
v 2 87
v 3 528
v 4 1
v 5 3
v 6 98
e 0 1 120 # 
e 0 3 1295 # 
e 0 4 10 # 
e 0 5 15 # 
e 1 2 111 # 
e 1 6 131 # 
x 6 16 23 32 38 39 42 44 55 58 59 60 68 71 76 80 81 83 84
# 29
t # 336
v 0 10
v 1 88
v 2 87
v 3 528
v 4 3
e 0 1 120 # 
e 0 3 1295 # 
e 0 4 15 # 
e 1 2 111 # 
x 6 16 18 21 22 23 32 33 38 39 41 42 44 54 55 58 59 60 68 71 74 76 77 80 81 83 84 85 87
# 29
t # 337
v 0 10
v 1 88
v 2 87
v 3 528
v 4 3
v 5 98
e 0 1 120 # 
e 0 3 1295 # 
e 0 4 15 # 
e 1 2 111 # 
e 1 5 131 # 
x 6 16 18 21 22 23 32 33 38 39 41 42 44 54 55 58 59 60 68 71 74 76 77 80 81 83 84 85 87
# 30
t # 338
v 0 10
v 1 88
v 2 87
v 3 528
v 4 98
e 0 1 120 # 
e 0 3 1295 # 
e 1 2 111 # 
e 1 4 131 # 
x 6 16 18 21 22 23 26 32 33 38 39 41 42 44 54 55 58 59 60 68 71 74 76 77 80 81 83 84 85 87
# 34
t # 339
v 0 10
v 1 88
v 2 87
v 3 263
e 0 1 120 # 
e 0 3 462 # 
e 1 2 111 # 
x 1 7 10 11 12 14 15 16 18 21 23 26 32 33 35 38 40 41 47 50 52 54 55 56 58 60 61 67 72 74 75 79 80 85
# 18
t # 340
v 0 10
v 1 88
v 2 87
v 3 263
v 4 98
e 0 1 120 # 
e 0 3 462 # 
e 1 2 111 # 
e 3 4 496 # 
x 1 7 10 11 14 23 32 33 35 40 41 47 50 52 54 60 75 85
# 18
t # 341
v 0 10
v 1 88
v 2 87
v 3 263
v 4 98
v 5 3
e 0 1 120 # 
e 0 3 462 # 
e 0 5 15 # 
e 1 2 111 # 
e 3 4 496 # 
x 1 7 10 11 14 23 32 33 35 40 41 47 50 52 54 60 75 85
# 19
t # 342
v 0 10
v 1 88
v 2 87
v 3 263
v 4 69
e 0 1 120 # 
e 0 3 462 # 
e 0 4 187 # 
e 1 2 111 # 
x 10 15 16 32 33 35 38 40 47 50 52 54 55 56 58 61 72 74 75
# 19
t # 343
v 0 10
v 1 88
v 2 87
v 3 263
v 4 69
v 5 98
e 0 1 120 # 
e 0 3 462 # 
e 0 4 187 # 
e 1 2 111 # 
e 1 5 131 # 
x 10 15 16 32 33 35 38 40 47 50 52 54 55 56 58 61 72 74 75
# 19
t # 344
v 0 10
v 1 88
v 2 87
v 3 263
v 4 69
v 5 3
e 0 1 120 # 
e 0 3 462 # 
e 0 4 187 # 
e 0 5 15 # 
e 1 2 111 # 
x 10 15 16 32 33 35 38 40 47 50 52 54 55 56 58 61 72 74 75
# 19
t # 345
v 0 10
v 1 88
v 2 87
v 3 263
v 4 69
v 5 3
v 6 98
e 0 1 120 # 
e 0 3 462 # 
e 0 4 187 # 
e 0 5 15 # 
e 1 2 111 # 
e 1 6 131 # 
x 10 15 16 32 33 35 38 40 47 50 52 54 55 56 58 61 72 74 75
# 22
t # 346
v 0 10
v 1 88
v 2 87
v 3 263
v 4 1
e 0 1 120 # 
e 0 3 462 # 
e 0 4 10 # 
e 1 2 111 # 
x 1 11 12 15 16 23 32 35 38 40 50 52 55 56 58 60 61 67 72 75 79 80
# 22
t # 347
v 0 10
v 1 88
v 2 87
v 3 263
v 4 1
v 5 98
e 0 1 120 # 
e 0 3 462 # 
e 0 4 10 # 
e 1 2 111 # 
e 1 5 131 # 
x 1 11 12 15 16 23 32 35 38 40 50 52 55 56 58 60 61 67 72 75 79 80
# 22
t # 348
v 0 10
v 1 88
v 2 87
v 3 263
v 4 1
v 5 3
e 0 1 120 # 
e 0 3 462 # 
e 0 4 10 # 
e 0 5 15 # 
e 1 2 111 # 
x 1 11 12 15 16 23 32 35 38 40 50 52 55 56 58 60 61 67 72 75 79 80
# 22
t # 349
v 0 10
v 1 88
v 2 87
v 3 263
v 4 1
v 5 3
v 6 98
e 0 1 120 # 
e 0 3 462 # 
e 0 4 10 # 
e 0 5 15 # 
e 1 2 111 # 
e 1 6 131 # 
x 1 11 12 15 16 23 32 35 38 40 50 52 55 56 58 60 61 67 72 75 79 80
# 33
t # 350
v 0 10
v 1 88
v 2 87
v 3 263
v 4 3
e 0 1 120 # 
e 0 3 462 # 
e 0 4 15 # 
e 1 2 111 # 
x 1 7 10 11 12 14 15 16 18 21 23 32 33 35 38 40 41 47 50 52 54 55 56 58 60 61 67 72 74 75 79 80 85
# 33
t # 351
v 0 10
v 1 88
v 2 87
v 3 263
v 4 3
v 5 98
e 0 1 120 # 
e 0 3 462 # 
e 0 4 15 # 
e 1 2 111 # 
e 1 5 131 # 
x 1 7 10 11 12 14 15 16 18 21 23 32 33 35 38 40 41 47 50 52 54 55 56 58 60 61 67 72 74 75 79 80 85
# 18
t # 352
v 0 10
v 1 88
v 2 87
v 3 263
v 4 3
v 5 98
e 0 1 120 # 
e 0 3 462 # 
e 0 4 15 # 
e 1 2 111 # 
e 1 5 131 # 
e 3 5 496 # 
x 1 7 10 11 14 23 32 33 35 40 41 47 50 52 54 60 75 85
# 34
t # 353
v 0 10
v 1 88
v 2 87
v 3 263
v 4 98
e 0 1 120 # 
e 0 3 462 # 
e 1 2 111 # 
e 1 4 131 # 
x 1 7 10 11 12 14 15 16 18 21 23 26 32 33 35 38 40 41 47 50 52 54 55 56 58 60 61 67 72 74 75 79 80 85
# 18
t # 354
v 0 10
v 1 88
v 2 87
v 3 133
e 0 1 120 # 
e 1 2 111 # 
e 2 3 1502 # 
x 6 7 10 16 22 23 27 29 32 33 35 42 55 64 67 71 81 88
# 19
t # 355
v 0 10
v 1 88
v 2 87
v 3 92
e 0 1 120 # 
e 1 2 111 # 
e 2 3 117 # 
x 0 1 3 6 8 10 14 15 16 17 22 33 35 47 52 64 67 75 80
# 79
t # 356
v 0 10
v 1 88
v 2 98
e 0 1 120 # 
e 1 2 131 # 
x 0 1 2 3 5 6 7 8 10 11 12 13 14 15 16 17 18 19 20 21 22 23 24 26 27 28 29 31 32 33 35 38 39 40 41 42 43 44 45 47 48 49 50 51 52 53 54 55 56 58 59 60 61 62 63 64 65 66 67 68 70 71 72 73 74 75 76 77 78 79 80 81 82 83 84 85 86 87 88
# 18
t # 357
v 0 10
v 1 88
v 2 98
v 3 691
e 0 1 120 # 
e 0 3 1372 # 
e 1 2 131 # 
x 6 8 16 27 28 32 33 35 47 48 50 51 53 54 55 63 66 72
# 29
t # 358
v 0 10
v 1 88
v 2 98
v 3 434
e 0 1 120 # 
e 0 3 824 # 
e 1 2 131 # 
x 3 8 10 13 15 16 17 23 28 29 33 35 38 40 50 54 59 62 64 65 67 68 73 74 75 82 84 86 87
# 24
t # 359
v 0 10
v 1 88
v 2 98
v 3 434
v 4 1
e 0 1 120 # 
e 0 3 824 # 
e 0 4 10 # 
e 1 2 131 # 
x 3 8 13 15 16 17 23 28 29 35 38 40 50 59 62 64 65 67 68 73 75 82 84 86
# 23
t # 360
v 0 10
v 1 88
v 2 98
v 3 434
v 4 1
v 5 3
e 0 1 120 # 
e 0 3 824 # 
e 0 4 10 # 
e 0 5 15 # 
e 1 2 131 # 
x 3 8 13 15 16 17 23 28 29 35 38 40 50 59 62 65 67 68 73 75 82 84 86
# 28
t # 361
v 0 10
v 1 88
v 2 98
v 3 434
v 4 3
e 0 1 120 # 
e 0 3 824 # 
e 0 4 15 # 
e 1 2 131 # 
x 3 8 10 13 15 16 17 23 28 29 33 35 38 40 50 54 59 62 65 67 68 73 74 75 82 84 86 87
# 32
t # 362
v 0 10
v 1 88
v 2 98
v 3 528
e 0 1 120 # 
e 0 3 1295 # 
e 1 2 131 # 
x 5 6 16 18 21 22 23 26 32 33 38 39 41 42 44 54 55 58 59 60 66 68 71 74 76 77 80 81 83 84 85 87
# 21
t # 363
v 0 10
v 1 88
v 2 98
v 3 528
v 4 1
e 0 1 120 # 
e 0 3 1295 # 
e 0 4 10 # 
e 1 2 131 # 
x 5 6 16 23 32 38 39 42 44 55 58 59 60 66 68 71 76 80 81 83 84
# 21
t # 364
v 0 10
v 1 88
v 2 98
v 3 528
v 4 1
v 5 3
e 0 1 120 # 
e 0 3 1295 # 
e 0 4 10 # 
e 0 5 15 # 
e 1 2 131 # 
x 5 6 16 23 32 38 39 42 44 55 58 59 60 66 68 71 76 80 81 83 84
# 31
t # 365
v 0 10
v 1 88
v 2 98
v 3 528
v 4 3
e 0 1 120 # 
e 0 3 1295 # 
e 0 4 15 # 
e 1 2 131 # 
x 5 6 16 18 21 22 23 32 33 38 39 41 42 44 54 55 58 59 60 66 68 71 74 76 77 80 81 83 84 85 87
# 37
t # 366
v 0 10
v 1 88
v 2 98
v 3 263
e 0 1 120 # 
e 0 3 462 # 
e 1 2 131 # 
x 1 7 10 11 12 14 15 16 18 21 23 24 26 32 33 35 38 40 41 45 47 50 52 54 55 56 58 60 61 66 67 72 74 75 79 80 85
# 21
t # 367
v 0 10
v 1 88
v 2 98
v 3 263
v 4 69
e 0 1 120 # 
e 0 3 462 # 
e 0 4 187 # 
e 1 2 131 # 
x 10 15 16 32 33 35 38 40 45 47 50 52 54 55 56 58 61 66 72 74 75
# 21
t # 368
v 0 10
v 1 88
v 2 98
v 3 263
v 4 69
v 5 3
e 0 1 120 # 
e 0 3 462 # 
e 0 4 187 # 
e 0 5 15 # 
e 1 2 131 # 
x 10 15 16 32 33 35 38 40 45 47 50 52 54 55 56 58 61 66 72 74 75
# 23
t # 369
v 0 10
v 1 88
v 2 98
v 3 263
v 4 1
e 0 1 120 # 
e 0 3 462 # 
e 0 4 10 # 
e 1 2 131 # 
x 1 11 12 15 16 23 32 35 38 40 50 52 55 56 58 60 61 66 67 72 75 79 80
# 23
t # 370
v 0 10
v 1 88
v 2 98
v 3 263
v 4 1
v 5 3
e 0 1 120 # 
e 0 3 462 # 
e 0 4 10 # 
e 0 5 15 # 
e 1 2 131 # 
x 1 11 12 15 16 23 32 35 38 40 50 52 55 56 58 60 61 66 67 72 75 79 80
# 35
t # 371
v 0 10
v 1 88
v 2 98
v 3 263
v 4 3
e 0 1 120 # 
e 0 3 462 # 
e 0 4 15 # 
e 1 2 131 # 
x 1 7 10 11 12 14 15 16 18 21 23 32 33 35 38 40 41 45 47 50 52 54 55 56 58 60 61 66 67 72 74 75 79 80 85
# 20
t # 372
v 0 10
v 1 88
v 2 98
v 3 263
e 0 1 120 # 
e 1 2 131 # 
e 2 3 496 # 
x 1 7 10 11 14 23 24 32 33 35 40 41 45 47 50 52 54 60 75 85
# 21
t # 373
v 0 48
v 1 57
e 0 1 63 # 
x 0 2 8 10 15 17 18 19 23 24 41 42 47 48 57 60 67 70 71 75 81
# 27
t # 374
v 0 48
v 1 367
e 0 1 1212 # 
x 5 7 16 19 21 23 26 30 32 37 39 40 41 45 46 60 63 68 70 76 78 81 83 85 87 88 89
# 33
t # 375
v 0 48
v 1 637
e 0 1 1215 # 
x 5 15 16 20 26 27 28 30 31 33 35 38 42 46 47 48 50 51 53 55 59 62 66 68 69 70 71 72 73 79 82 84 88
# 61
t # 376
v 0 48
v 1 52
e 0 1 58 # 
x 0 1 2 5 7 8 9 10 15 16 17 18 19 20 21 22 23 24 26 28 29 30 31 32 33 37 38 39 40 41 42 44 45 46 47 48 49 50 54 55 57 58 59 60 63 64 66 67 68 70 71 73 76 78 83 84 85 86 87 88 89
# 19
t # 377
v 0 48
v 1 52
v 2 57
e 0 1 58 # 
e 0 2 63 # 
x 0 2 8 10 15 17 18 19 23 24 41 42 47 48 57 60 67 70 71
# 26
t # 378
v 0 48
v 1 52
v 2 367
e 0 1 58 # 
e 0 2 1212 # 
x 5 7 16 19 21 23 26 30 32 37 39 40 41 45 46 60 63 68 70 76 78 83 85 87 88 89
# 18
t # 379
v 0 48
v 1 52
v 2 367
v 3 50
e 0 1 58 # 
e 0 2 1212 # 
e 0 3 56 # 
x 5 7 16 21 23 26 30 32 37 40 41 46 60 68 70 83 88 89
# 24
t # 380
v 0 48
v 1 52
v 2 637
e 0 1 58 # 
e 0 2 1215 # 
x 5 15 16 20 26 28 30 31 33 38 42 46 47 48 50 55 59 66 68 70 71 73 84 88
# 62
t # 381
v 0 48
v 1 50
e 0 1 56 # 
x 0 2 5 7 9 10 15 16 17 18 20 21 22 23 24 26 27 28 29 30 31 32 33 34 35 37 38 40 41 42 43 46 47 48 49 50 51 53 55 56 59 60 61 62 64 66 68 69 70 71 72 73 75 79 80 81 82 83 84 86 88 89
# 19
t # 382
v 0 48
v 1 50
v 2 367
e 0 1 56 # 
e 0 2 1212 # 
x 5 7 16 21 23 26 30 32 37 40 41 46 60 68 70 81 83 88 89
# 33
t # 383
v 0 48
v 1 50
v 2 637
e 0 1 56 # 
e 0 2 1215 # 
x 5 15 16 20 26 27 28 30 31 33 35 38 42 46 47 48 50 51 53 55 59 62 66 68 69 70 71 72 73 79 82 84 88
# 46
t # 384
v 0 48
v 1 50
v 2 52
e 0 1 56 # 
e 0 2 58 # 
x 0 2 5 7 9 10 15 16 17 18 20 21 22 23 24 26 28 29 30 31 32 33 37 38 40 41 42 46 47 48 49 50 55 59 60 64 66 68 70 71 73 83 84 86 88 89
# 37
t # 385
v 0 59
v 1 205
e 0 1 346 # 
x 0 3 5 12 13 17 20 26 32 33 36 38 39 42 44 45 46 48 51 54 55 56 59 63 69 70 71 72 74 75 76 78 80 81 84 86 88
# 19
t # 386
v 0 70
v 1 101
e 0 1 135 # 
x 0 7 11 32 35 37 38 39 40 43 48 60 61 75 76 77 78 81 85
# 18
t # 387
v 0 79
v 1 365
e 0 1 672 # 
x 2 3 5 15 21 23 32 34 37 38 54 56 60 68 75 81 83 84
# 20
t # 388
v 0 79
v 1 888
e 0 1 1921 # 
x 9 17 19 28 37 38 39 41 44 48 51 53 57 60 65 72 74 79 80 89
# 29
t # 389
v 0 79
v 1 206
e 0 1 343 # 
x 0 2 8 9 12 17 18 20 27 29 30 32 39 41 42 43 45 46 49 57 59 61 71 72 73 74 79 85 88
# 30
t # 390
v 0 79
v 1 357
e 0 1 655 # 
x 2 4 9 17 18 20 21 28 29 30 37 39 41 42 45 48 49 50 53 54 58 59 60 67 71 73 78 79 84 88
# 19
t # 391
v 0 87
v 1 133
e 0 1 1502 # 
x 6 7 10 16 22 23 27 29 32 33 35 42 45 55 64 67 71 81 88
# 19
t # 392
v 0 87
v 1 134
e 0 1 868 # 
x 3 6 13 15 19 20 33 35 42 54 55 63 66 69 71 75 86 87 88
# 21
t # 393
v 0 87
v 1 92
e 0 1 117 # 
x 0 1 3 6 8 10 14 15 16 17 22 24 33 35 47 52 62 64 67 75 80
# 75
t # 394
v 0 87
v 1 88
e 0 1 111 # 
x 0 1 2 3 6 7 8 10 11 12 13 14 15 16 17 18 19 21 22 23 26 27 28 29 30 31 32 33 34 35 36 38 39 40 41 42 44 47 48 49 50 51 52 53 54 55 56 57 58 59 60 61 63 64 67 68 70 71 72 73 74 75 76 77 78 79 80 81 82 83 84 85 86 87 88
# 18
t # 395
v 0 87
v 1 88
v 2 133
e 0 1 111 # 
e 0 2 1502 # 
x 6 7 10 16 22 23 27 29 32 33 35 42 55 64 67 71 81 88
# 19
t # 396
v 0 87
v 1 88
v 2 92
e 0 1 111 # 
e 0 2 117 # 
x 0 1 3 6 8 10 14 15 16 17 22 33 35 47 52 64 67 75 80
# 19
t # 397
v 0 87
v 1 88
v 2 92
v 3 98
e 0 1 111 # 
e 0 2 117 # 
e 1 3 131 # 
x 0 1 3 6 8 10 14 15 16 17 22 33 35 47 52 64 67 75 80
# 19
t # 398
v 0 87
v 1 88
v 2 92
v 3 98
v 4 10
e 0 1 111 # 
e 0 2 117 # 
e 1 3 131 # 
e 1 4 120 # 
x 0 1 3 6 8 10 14 15 16 17 22 33 35 47 52 64 67 75 80
# 19
t # 399
v 0 87
v 1 88
v 2 225
e 0 1 111 # 
e 1 2 383 # 
x 0 1 14 23 39 40 41 42 54 60 68 70 71 78 79 81 83 84 85
# 28
t # 400
v 0 87
v 1 88
v 2 292
e 0 1 111 # 
e 1 2 502 # 
x 1 8 12 14 16 28 31 32 36 42 53 54 55 56 57 63 64 67 68 70 71 75 76 79 81 82 83 85
# 72
t # 401
v 0 87
v 1 88
v 2 98
e 0 1 111 # 
e 1 2 131 # 
x 0 1 2 3 6 7 8 10 11 12 13 14 15 16 17 18 19 21 22 23 26 27 28 29 31 32 33 34 35 38 39 40 41 42 44 47 48 49 50 51 52 53 54 55 56 58 59 60 61 63 64 67 68 70 71 72 73 74 75 76 77 78 79 80 81 82 83 84 85 86 87 88
# 18
t # 402
v 0 87
v 1 88
v 2 98
v 3 133
e 0 1 111 # 
e 0 3 1502 # 
e 1 2 131 # 
x 6 7 10 16 22 23 27 29 32 33 35 42 55 64 67 71 81 88
# 71
t # 403
v 0 87
v 1 88
v 2 98
v 3 10
e 0 1 111 # 
e 1 2 131 # 
e 1 3 120 # 
x 0 1 2 3 6 7 8 10 11 12 13 14 15 16 17 18 19 21 22 23 26 27 28 29 31 32 33 35 38 39 40 41 42 44 47 48 49 50 51 52 53 54 55 56 58 59 60 61 63 64 67 68 70 71 72 73 74 75 76 77 78 79 80 81 82 83 84 85 86 87 88
# 18
t # 404
v 0 87
v 1 88
v 2 98
v 3 263
e 0 1 111 # 
e 1 2 131 # 
e 2 3 496 # 
x 1 7 10 11 14 23 32 33 35 40 41 47 50 52 54 60 75 85
# 18
t # 405
v 0 87
v 1 88
v 2 98
v 3 263
v 4 10
e 0 1 111 # 
e 1 2 131 # 
e 1 4 120 # 
e 2 3 496 # 
x 1 7 10 11 14 23 32 33 35 40 41 47 50 52 54 60 75 85
# 18
t # 406
v 0 87
v 1 88
v 2 98
v 3 263
v 4 10
e 0 1 111 # 
e 1 2 131 # 
e 1 4 120 # 
e 2 3 496 # 
e 3 4 462 # 
x 1 7 10 11 14 23 32 33 35 40 41 47 50 52 54 60 75 85
# 18
t # 407
v 0 88
v 1 227
e 0 1 385 # 
x 0 3 8 20 31 33 39 43 45 51 52 58 62 64 70 75 77 81
# 18
t # 408
v 0 88
v 1 140
e 0 1 200 # 
x 0 5 14 15 19 22 24 34 38 40 42 47 51 57 71 80 82 86
# 21
t # 409
v 0 88
v 1 225
e 0 1 383 # 
x 0 1 14 23 39 40 41 42 45 54 60 68 70 71 78 79 81 83 84 85 89
# 30
t # 410
v 0 88
v 1 292
e 0 1 502 # 
x 1 8 12 14 16 20 28 31 32 36 42 43 53 54 55 56 57 63 64 67 68 70 71 75 76 79 81 82 83 85
# 80
t # 411
v 0 88
v 1 98
e 0 1 131 # 
x 0 1 2 3 5 6 7 8 10 11 12 13 14 15 16 17 18 19 20 21 22 23 24 26 27 28 29 31 32 33 34 35 38 39 40 41 42 43 44 45 47 48 49 50 51 52 53 54 55 56 58 59 60 61 62 63 64 65 66 67 68 70 71 72 73 74 75 76 77 78 79 80 81 82 83 84 85 86 87 88
# 18
t # 412
v 0 88
v 1 98
v 2 227
e 0 1 131 # 
e 0 2 385 # 
x 0 3 8 20 31 33 39 43 45 51 52 58 62 64 70 75 77 81
# 20
t # 413
v 0 88
v 1 98
v 2 225
e 0 1 131 # 
e 0 2 383 # 
x 0 1 14 23 39 40 41 42 45 54 60 68 70 71 78 79 81 83 84 85
# 28
t # 414
v 0 88
v 1 98
v 2 292
e 0 1 131 # 
e 0 2 502 # 
x 1 8 12 14 16 20 28 31 32 42 43 53 54 55 56 63 64 67 68 70 71 75 76 79 81 82 83 85
# 20
t # 415
v 0 88
v 1 98
v 2 263
e 0 1 131 # 
e 1 2 496 # 
x 1 7 10 11 14 23 24 32 33 35 40 41 45 47 50 52 54 60 75 85
# 20
t # 416
v 0 98
v 1 263
e 0 1 496 # 
x 1 7 10 11 14 23 24 32 33 35 40 41 45 47 50 52 54 60 75 85
# 57
t # 417
v 0 101
v 1 153
e 0 1 246 # 
x 0 2 4 5 8 9 10 13 15 16 17 18 19 20 21 22 23 26 27 31 32 35 36 37 38 40 41 42 43 45 46 47 48 49 50 51 57 58 60 61 62 63 64 67 68 70 71 73 74 75 78 81 82 84 85 86 87
# 19
t # 418
v 0 101
v 1 153
v 2 195
e 0 1 246 # 
e 1 2 1918 # 
x 9 19 27 37 38 40 41 42 47 49 61 62 64 70 71 73 74 84 87
# 18
t # 419
v 0 101
v 1 153
v 2 280
e 0 1 246 # 
e 1 2 657 # 
x 2 8 9 10 17 18 23 27 32 36 38 48 64 67 70 81 85 87
# 22
t # 420
v 0 101
v 1 153
v 2 281
e 0 1 246 # 
e 1 2 663 # 
x 2 5 8 21 23 27 32 37 41 42 43 50 58 60 64 67 70 71 81 82 86 87
# 41
t # 421
v 0 101
v 1 153
v 2 123
e 0 1 246 # 
e 1 2 247 # 
x 0 4 8 9 13 15 17 18 19 20 22 23 26 27 31 32 36 40 41 42 45 48 49 50 51 57 58 60 61 64 67 68 70 71 74 78 81 82 84 85 87
# 23
t # 422
v 0 123
v 1 163
e 0 1 252 # 
x 0 2 13 16 17 19 21 24 41 42 44 62 67 70 71 72 75 77 78 79 80 82 84
# 26
t # 423
v 0 123
v 1 286
e 0 1 612 # 
x 1 4 5 14 15 18 21 28 29 30 39 43 44 45 50 56 57 58 60 65 69 75 76 77 84 88
# 53
t # 424
v 0 123
v 1 153
e 0 1 247 # 
x 0 3 4 6 7 8 9 11 13 14 15 17 18 19 20 22 23 26 27 31 32 36 39 40 41 42 45 48 49 50 51 54 57 58 59 60 61 64 65 67 68 70 71 72 74 78 79 81 82 83 84 85 87
# 18
t # 425
v 0 123
v 1 153
v 2 195
e 0 1 247 # 
e 1 2 325 # 
x 0 4 9 15 19 20 31 40 48 51 60 64 67 68 78 81 83 84
# 18
t # 426
v 0 153
v 1 195
e 0 1 325 # 
x 0 4 9 15 19 20 31 40 48 51 60 64 67 68 78 81 83 84
# 19
t # 427
v 0 153
v 1 195
e 0 1 1918 # 
x 9 19 27 37 38 40 41 42 47 49 61 62 64 70 71 73 74 84 87
# 19
t # 428
v 0 153
v 1 361
e 0 1 665 # 
x 2 6 8 10 11 12 23 28 32 33 38 41 50 54 57 59 67 74 83
# 19
t # 429
v 0 153
v 1 280
e 0 1 657 # 
x 2 8 9 10 17 18 23 27 32 36 38 48 64 67 69 70 81 85 87
# 26
t # 430
v 0 153
v 1 281
e 0 1 663 # 
x 2 5 8 12 21 23 27 28 32 33 37 41 42 43 50 58 60 64 67 70 71 76 81 82 86 87
# 20
t # 431
v 0 205
v 1 727
e 0 1 1435 # 
x 6 8 18 26 27 28 31 35 43 47 48 50 51 52 53 64 66 67 72 73
# 26
t # 432
v 0 253
v 1 283
e 0 1 553 # 
x 1 2 9 20 23 26 27 29 39 43 50 54 57 59 64 67 68 70 72 74 75 76 79 81 83 85
# 22
t # 433
v 0 258
v 1 297
e 0 1 516 # 
x 1 14 15 18 31 32 37 38 41 42 45 57 59 60 68 71 75 79 83 84 85 89
# 24
t # 434
v 0 528
v 1 575
e 0 1 1098 # 
x 4 6 7 10 14 15 18 22 24 33 34 35 38 39 40 50 53 54 57 59 75 77 79 85
