# 2
t # 0
v 0 0
v 1 5
e 0 1 8 # 
x 1 2
# 2
t # 1
v 0 0
v 1 5
v 2 4
e 0 1 8 # 
e 1 2 10 # 
x 1 2
# 2
t # 2
v 0 0
v 1 5
v 2 4
e 0 1 8 # 
e 0 2 3 # 
e 1 2 10 # 
x 1 2
# 3
t # 3
v 0 0
v 1 4
e 0 1 3 # 
x 0 1 2
# 2
t # 4
v 0 0
v 1 4
v 2 5
e 0 1 3 # 
e 0 2 8 # 
x 1 2
# 2
t # 5
v 0 0
v 1 4
v 2 3
e 0 1 3 # 
e 1 2 7 # 
x 0 2
# 2
t # 6
v 0 0
v 1 4
v 2 5
e 0 1 3 # 
e 1 2 10 # 
x 1 2
# 3
t # 7
v 0 1
v 1 2
e 0 1 4 # 
x 0 1 2
# 2
t # 8
v 0 1
v 1 2
v 2 3
e 0 1 4 # 
e 1 2 5 # 
x 0 1
# 2
t # 9
v 0 2
v 1 3
e 0 1 5 # 
x 0 1
# 2
t # 10
v 0 3
v 1 4
e 0 1 7 # 
x 0 2
# 2
t # 11
v 0 4
v 1 5
e 0 1 10 # 
x 1 2
