# 20
t # 0
v 0 2
v 1 39
e 0 1 1888 # 
x 3 12 16 17 18 19 20 29 38 41 46 50 51 57 62 65 67 73 80 83
# 14
t # 1
v 0 2
v 1 39
v 2 60
e 0 1 1888 # 
e 1 2 761 # 
x 3 16 17 18 19 20 29 50 57 62 67 73 80 83
# 14
t # 2
v 0 2
v 1 39
v 2 60
v 3 49
e 0 1 1888 # 
e 1 2 761 # 
e 1 3 520 # 
x 3 16 17 18 19 20 29 50 57 62 67 73 80 83
# 19
t # 3
v 0 2
v 1 39
v 2 49
e 0 1 1888 # 
e 1 2 520 # 
x 3 16 17 18 19 20 29 38 41 46 50 51 57 62 65 67 73 80 83
# 14
t # 4
v 0 5
v 1 477
e 0 1 886 # 
x 0 16 29 41 43 50 60 61 74 77 78 83 87 88
# 14
t # 5
v 0 5
v 1 477
e 0 1 885 # 
x 0 16 29 41 43 50 60 61 74 77 78 83 87 88
# 16
t # 6
v 0 5
v 1 7
e 0 1 6 # 
x 0 6 16 17 20 21 29 41 43 50 62 68 73 74 83 88
# 17
t # 7
v 0 5
v 1 8
e 0 1 7 # 
x 0 2 6 16 29 41 43 50 60 61 62 68 73 78 80 83 87
# 33
t # 8
v 0 5
v 1 6
e 0 1 5 # 
x 0 2 6 16 17 20 21 22 28 29 30 31 41 43 44 45 49 50 54 59 60 61 62 66 68 73 74 77 78 80 83 87 89
# 15
t # 9
v 0 5
v 1 6
v 2 7
e 0 1 5 # 
e 0 2 6 # 
x 0 6 16 17 20 21 29 41 43 50 62 68 73 74 83
# 17
t # 10
v 0 5
v 1 6
v 2 8
e 0 1 5 # 
e 0 2 7 # 
x 0 2 6 16 29 41 43 50 60 61 62 68 73 78 80 83 87
# 25
t # 11
v 0 8
v 1 45
e 0 1 724 # 
x 0 3 7 8 9 10 27 30 32 33 40 41 43 53 57 62 64 66 67 71 73 74 77 78 84
# 27
t # 12
v 0 8
v 1 566
e 0 1 856 # 
x 0 1 5 6 13 16 20 23 29 30 32 36 37 41 43 49 50 54 58 59 60 62 69 73 74 76 83
# 20
t # 13
v 0 8
v 1 566
v 2 577
e 0 1 856 # 
e 1 2 859 # 
x 0 1 5 13 16 20 29 30 36 41 43 49 50 54 58 59 60 62 69 83
# 22
t # 14
v 0 32
v 1 39
e 0 1 42 # 
x 0 3 6 16 19 21 22 29 41 43 44 47 50 52 59 61 62 67 73 74 79 83
# 16
t # 15
v 0 32
v 1 39
v 2 837
e 0 1 42 # 
e 1 2 1555 # 
x 3 16 19 22 29 41 43 44 47 50 61 62 67 73 74 83
# 14
t # 16
v 0 32
v 1 39
v 2 116
e 0 1 42 # 
e 1 2 670 # 
x 0 3 16 19 29 41 43 50 59 61 67 73 74 83
# 14
t # 17
v 0 32
v 1 39
v 2 59
e 0 1 42 # 
e 1 2 595 # 
x 0 3 6 16 19 21 43 47 50 59 62 67 73 83
# 15
t # 18
v 0 32
v 1 39
v 2 63
e 0 1 42 # 
e 1 2 547 # 
x 0 3 16 19 29 41 43 47 50 52 59 61 62 73 83
# 14
t # 19
v 0 32
v 1 39
v 2 470
e 0 1 42 # 
e 1 2 878 # 
x 0 3 6 16 29 43 47 50 59 62 67 73 74 83
# 19
t # 20
v 0 32
v 1 39
v 2 98
e 0 1 42 # 
e 1 2 703 # 
x 0 3 6 16 19 21 22 29 41 43 44 47 50 61 62 73 74 79 83
# 17
t # 21
v 0 32
v 1 39
v 2 438
e 0 1 42 # 
e 1 2 542 # 
x 0 3 6 16 29 41 43 47 50 52 59 62 67 73 74 79 83
# 22
t # 22
v 0 32
v 1 39
v 2 49
e 0 1 42 # 
e 1 2 520 # 
x 0 3 6 16 19 21 22 29 41 43 44 47 50 52 59 61 62 67 73 74 79 83
# 15
t # 23
v 0 34
v 1 492
e 0 1 3347 # 
x 3 25 33 38 39 43 46 52 53 54 56 59 66 68 75
# 15
t # 24
v 0 34
v 1 556
e 0 1 823 # 
x 0 3 19 29 33 34 41 43 50 58 59 60 67 73 75
# 15
t # 25
v 0 34
v 1 541
e 0 1 776 # 
x 0 3 16 19 29 35 47 50 58 59 60 62 68 75 83
# 18
t # 26
v 0 34
v 1 59
e 0 1 71 # 
x 0 3 5 12 13 19 34 43 50 57 58 60 62 66 67 68 78 83
# 15
t # 27
v 0 34
v 1 59
v 2 39
e 0 1 71 # 
e 1 2 595 # 
x 0 3 5 12 13 19 43 50 57 58 60 62 67 68 83
# 19
t # 28
v 0 34
v 1 49
e 0 1 56 # 
x 0 6 16 29 34 41 43 47 50 57 59 62 63 66 68 69 73 77 83
# 14
t # 29
v 0 34
v 1 49
v 2 633
e 0 1 56 # 
e 1 2 1029 # 
x 0 16 29 41 43 50 57 59 62 66 68 73 77 83
# 19
t # 30
v 0 34
v 1 49
v 2 39
e 0 1 56 # 
e 1 2 520 # 
x 0 6 16 29 34 41 43 47 50 57 59 62 63 66 68 69 73 77 83
# 14
t # 31
v 0 34
v 1 49
v 2 39
v 3 59
e 0 1 56 # 
e 1 2 520 # 
e 2 3 595 # 
x 0 6 16 43 47 50 57 59 62 63 68 69 73 83
# 14
t # 32
v 0 34
v 1 49
v 2 39
v 3 60
e 0 1 56 # 
e 1 2 520 # 
e 2 3 761 # 
x 0 16 29 34 47 50 57 59 62 63 68 73 77 83
# 14
t # 33
v 0 34
v 1 49
v 2 39
v 3 63
e 0 1 56 # 
e 1 2 520 # 
e 2 3 547 # 
x 0 16 29 41 43 47 50 59 62 66 68 73 77 83
# 14
t # 34
v 0 34
v 1 49
v 2 39
v 3 470
e 0 1 56 # 
e 1 2 520 # 
e 2 3 878 # 
x 0 6 16 29 43 47 50 57 59 62 68 73 77 83
# 14
t # 35
v 0 34
v 1 49
v 2 39
v 3 98
e 0 1 56 # 
e 1 2 520 # 
e 2 3 703 # 
x 0 6 16 29 41 43 47 50 57 62 68 69 73 83
# 16
t # 36
v 0 34
v 1 49
v 2 39
v 3 438
e 0 1 56 # 
e 1 2 520 # 
e 2 3 542 # 
x 0 6 16 29 34 41 43 47 50 57 59 62 69 73 77 83
# 20
t # 37
v 0 34
v 1 59
e 0 1 1832 # 
x 3 5 6 9 13 19 33 34 43 47 50 58 60 65 66 67 68 76 78 83
# 16
t # 38
v 0 34
v 1 59
v 2 39
e 0 1 1832 # 
e 1 2 595 # 
x 3 5 6 13 19 33 43 47 50 58 60 65 67 68 76 83
# 14
t # 39
v 0 34
v 1 59
v 2 39
v 3 470
e 0 1 1832 # 
e 1 2 595 # 
e 2 3 878 # 
x 3 5 6 33 43 47 50 58 60 65 67 68 76 83
# 14
t # 40
v 0 34
v 1 59
v 2 39
v 3 49
e 0 1 1832 # 
e 1 2 595 # 
e 2 3 520 # 
x 3 5 6 13 19 33 43 47 50 65 67 68 76 83
# 20
t # 41
v 0 34
v 1 49
e 0 1 57 # 
x 0 3 6 16 29 34 41 43 47 50 57 59 62 63 68 69 76 77 81 83
# 14
t # 42
v 0 39
v 1 48
e 0 1 588 # 
x 0 3 5 9 15 28 29 33 40 50 59 73 83 88
# 14
t # 43
v 0 39
v 1 48
v 2 49
e 0 1 588 # 
e 0 2 520 # 
x 0 3 5 9 15 28 29 33 40 50 59 73 83 88
# 15
t # 44
v 0 39
v 1 72
e 0 1 919 # 
x 0 3 19 29 40 41 43 47 50 51 59 62 71 83 88
# 16
t # 45
v 0 39
v 1 1333
e 0 1 2506 # 
x 3 5 16 27 29 32 33 39 43 47 50 53 62 68 71 83
# 18
t # 46
v 0 39
v 1 142
e 0 1 175 # 
x 0 3 5 6 9 15 16 18 28 29 32 33 38 43 59 68 83 88
# 14
t # 47
v 0 39
v 1 142
v 2 470
e 0 1 175 # 
e 0 2 878 # 
x 0 3 5 6 15 16 29 32 33 38 43 59 68 83
# 14
t # 48
v 0 39
v 1 142
v 2 470
v 3 49
e 0 1 175 # 
e 0 2 878 # 
e 0 3 520 # 
x 0 3 5 6 15 16 29 32 33 38 43 59 68 83
# 20
t # 49
v 0 39
v 1 491
e 0 1 672 # 
x 0 1 3 6 16 19 25 29 30 35 41 43 50 55 61 62 77 83 87 89
# 20
t # 50
v 0 39
v 1 41
e 0 1 883 # 
x 0 3 6 16 19 29 32 33 38 43 45 50 53 59 62 68 73 76 77 83
# 14
t # 51
v 0 39
v 1 41
v 2 59
e 0 1 883 # 
e 0 2 595 # 
x 0 3 6 16 19 33 43 50 59 62 68 73 76 83
# 14
t # 52
v 0 39
v 1 41
v 2 63
e 0 1 883 # 
e 0 2 547 # 
x 0 3 16 19 29 38 43 50 59 62 68 73 77 83
# 17
t # 53
v 0 39
v 1 41
v 2 470
e 0 1 883 # 
e 0 2 878 # 
x 0 3 6 16 29 32 33 38 43 50 59 62 68 73 76 77 83
# 15
t # 54
v 0 39
v 1 41
v 2 98
e 0 1 883 # 
e 0 2 703 # 
x 0 3 6 16 19 29 32 33 43 50 53 62 68 73 83
# 15
t # 55
v 0 39
v 1 41
v 2 438
e 0 1 883 # 
e 0 2 542 # 
x 0 3 6 16 29 33 43 45 50 53 59 62 73 77 83
# 20
t # 56
v 0 39
v 1 41
v 2 49
e 0 1 883 # 
e 0 2 520 # 
x 0 3 6 16 19 29 32 33 38 43 45 50 53 59 62 68 73 76 77 83
# 21
t # 57
v 0 39
v 1 152
e 0 1 189 # 
x 0 3 5 6 27 29 30 41 43 50 52 53 58 60 67 71 73 77 81 83 89
# 15
t # 58
v 0 39
v 1 152
v 2 470
e 0 1 189 # 
e 0 2 878 # 
x 0 3 5 6 29 30 43 50 58 60 67 73 77 83 89
# 21
t # 59
v 0 39
v 1 152
v 2 438
e 0 1 189 # 
e 0 2 542 # 
x 0 3 5 6 27 29 30 41 43 50 52 53 58 60 67 71 73 77 81 83 89
# 19
t # 60
v 0 39
v 1 152
v 2 438
v 3 49
e 0 1 189 # 
e 0 2 542 # 
e 0 3 520 # 
x 0 3 5 6 27 29 30 41 43 50 52 53 67 71 73 77 81 83 89
# 22
t # 61
v 0 39
v 1 460
e 0 1 1264 # 
x 0 3 6 13 16 17 19 20 29 30 41 43 50 57 62 67 74 77 83 84 88 89
# 14
t # 62
v 0 39
v 1 460
v 2 491
e 0 1 1264 # 
e 0 2 672 # 
x 0 3 6 16 19 29 30 41 43 50 62 77 83 89
# 16
t # 63
v 0 39
v 1 460
v 2 470
e 0 1 1264 # 
e 0 2 878 # 
x 0 3 6 16 29 30 43 50 57 62 67 74 77 83 84 89
# 25
t # 64
v 0 39
v 1 269
e 0 1 343 # 
x 0 1 3 4 6 10 16 25 27 29 31 41 43 47 50 53 55 56 57 71 73 74 79 83 87
# 14
t # 65
v 0 39
v 1 269
v 2 470
e 0 1 343 # 
e 0 2 878 # 
x 0 3 6 10 16 29 43 47 50 57 73 74 83 87
# 19
t # 66
v 0 39
v 1 269
v 2 438
e 0 1 343 # 
e 0 2 542 # 
x 0 1 3 6 16 27 29 41 43 47 50 53 57 71 73 74 79 83 87
# 19
t # 67
v 0 39
v 1 269
v 2 438
v 3 49
e 0 1 343 # 
e 0 2 542 # 
e 0 3 520 # 
x 0 1 3 6 16 27 29 41 43 47 50 53 57 71 73 74 79 83 87
# 25
t # 68
v 0 39
v 1 837
e 0 1 1555 # 
x 2 3 5 16 19 22 29 32 39 41 43 44 47 49 50 61 62 67 71 73 74 77 78 83 87
# 28
t # 69
v 0 39
v 1 64
e 0 1 589 # 
x 0 3 6 15 16 17 20 24 29 30 31 32 34 38 41 43 49 62 65 73 74 75 76 77 83 87 88 89
# 16
t # 70
v 0 39
v 1 64
v 2 460
e 0 1 589 # 
e 0 2 1264 # 
x 0 3 6 16 17 20 29 30 41 43 62 74 77 83 88 89
# 17
t # 71
v 0 39
v 1 64
v 2 154
e 0 1 589 # 
e 0 2 191 # 
x 0 3 16 17 24 29 30 38 41 43 49 62 73 77 83 88 89
# 17
t # 72
v 0 39
v 1 64
v 2 116
e 0 1 589 # 
e 0 2 670 # 
x 0 3 16 17 20 29 30 34 41 43 73 74 76 77 83 87 89
# 19
t # 73
v 0 39
v 1 64
v 2 470
e 0 1 589 # 
e 0 2 878 # 
x 0 3 6 15 16 29 30 32 38 43 62 65 73 74 76 77 83 87 89
# 14
t # 74
v 0 39
v 1 64
v 2 470
v 3 438
e 0 1 589 # 
e 0 2 878 # 
e 0 3 542 # 
x 0 3 6 16 29 30 43 62 73 74 77 83 87 89
# 14
t # 75
v 0 39
v 1 64
v 2 470
v 3 438
v 4 49
e 0 1 589 # 
e 0 2 878 # 
e 0 3 542 # 
e 0 4 520 # 
x 0 3 6 16 29 30 43 62 73 74 77 83 87 89
# 19
t # 76
v 0 39
v 1 64
v 2 470
v 3 49
e 0 1 589 # 
e 0 2 878 # 
e 0 3 520 # 
x 0 3 6 15 16 29 30 32 38 43 62 65 73 74 76 77 83 87 89
# 14
t # 77
v 0 39
v 1 64
v 2 98
e 0 1 589 # 
e 0 2 703 # 
x 0 3 6 16 29 31 32 41 43 62 73 74 83 87
# 18
t # 78
v 0 39
v 1 64
v 2 438
e 0 1 589 # 
e 0 2 542 # 
x 0 3 6 16 29 30 34 41 43 62 73 74 75 77 83 87 88 89
# 31
t # 79
v 0 39
v 1 154
e 0 1 191 # 
x 0 3 9 13 16 17 19 24 29 30 38 41 43 47 49 50 51 52 54 56 62 66 68 71 73 77 83 84 85 88 89
# 17
t # 80
v 0 39
v 1 154
v 2 460
e 0 1 191 # 
e 0 2 1264 # 
x 0 3 13 16 17 19 29 30 41 43 50 62 77 83 84 88 89
# 14
t # 81
v 0 39
v 1 154
v 2 837
e 0 1 191 # 
e 0 2 1555 # 
x 3 16 19 29 41 43 47 49 50 62 71 73 77 83
# 17
t # 82
v 0 39
v 1 154
v 2 470
e 0 1 191 # 
e 0 2 878 # 
x 0 3 16 29 30 38 43 47 50 51 62 68 73 77 83 84 89
# 17
t # 83
v 0 39
v 1 154
v 2 438
e 0 1 191 # 
e 0 2 542 # 
x 0 3 16 29 30 41 43 47 50 52 62 71 73 77 83 88 89
# 33
t # 84
v 0 39
v 1 116
e 0 1 670 # 
x 0 1 3 16 17 18 19 20 29 30 34 37 41 42 43 48 50 54 55 58 59 60 61 67 69 73 74 76 77 81 83 87 89
# 16
t # 85
v 0 39
v 1 116
v 2 491
e 0 1 670 # 
e 0 2 672 # 
x 0 1 3 16 19 29 30 41 43 50 55 61 77 83 87 89
# 15
t # 86
v 0 39
v 1 116
v 2 152
e 0 1 670 # 
e 0 2 189 # 
x 0 3 29 30 41 43 50 58 60 67 73 77 81 83 89
# 16
t # 87
v 0 39
v 1 116
v 2 460
e 0 1 670 # 
e 0 2 1264 # 
x 0 3 16 17 19 20 29 30 41 43 50 67 74 77 83 89
# 14
t # 88
v 0 39
v 1 116
v 2 837
e 0 1 670 # 
e 0 2 1555 # 
x 3 16 19 29 41 43 50 61 67 73 74 77 83 87
# 15
t # 89
v 0 39
v 1 116
v 2 154
e 0 1 670 # 
e 0 2 191 # 
x 0 3 16 17 19 29 30 41 43 50 54 73 77 83 89
# 19
t # 90
v 0 39
v 1 116
v 2 470
e 0 1 670 # 
e 0 2 878 # 
x 0 3 16 29 30 42 43 50 58 59 60 67 73 74 76 77 83 87 89
# 17
t # 91
v 0 39
v 1 116
v 2 470
v 3 438
e 0 1 670 # 
e 0 2 878 # 
e 0 3 542 # 
x 0 3 16 29 30 43 50 58 59 60 67 73 74 77 83 87 89
# 15
t # 92
v 0 39
v 1 116
v 2 470
v 3 438
v 4 49
e 0 1 670 # 
e 0 2 878 # 
e 0 3 542 # 
e 0 4 520 # 
x 0 3 16 29 30 43 50 59 67 73 74 77 83 87 89
# 17
t # 93
v 0 39
v 1 116
v 2 470
v 3 49
e 0 1 670 # 
e 0 2 878 # 
e 0 3 520 # 
x 0 3 16 29 30 42 43 50 59 67 73 74 76 77 83 87 89
# 22
t # 94
v 0 39
v 1 116
v 2 438
e 0 1 670 # 
e 0 2 542 # 
x 0 1 3 16 29 30 34 41 43 50 58 59 60 67 69 73 74 77 81 83 87 89
# 20
t # 95
v 0 39
v 1 116
v 2 438
v 3 49
e 0 1 670 # 
e 0 2 542 # 
e 0 3 520 # 
x 0 1 3 16 29 30 34 41 43 50 59 67 69 73 74 77 81 83 87 89
# 34
t # 96
v 0 39
v 1 59
e 0 1 595 # 
x 0 3 5 6 12 13 16 19 21 27 33 42 43 47 50 55 57 58 59 60 62 63 64 65 67 68 69 71 73 76 80 82 83 89
# 14
t # 97
v 0 39
v 1 59
v 2 152
e 0 1 595 # 
e 0 2 189 # 
x 0 3 5 6 27 43 50 58 60 67 71 73 83 89
# 14
t # 98
v 0 39
v 1 59
v 2 154
e 0 1 595 # 
e 0 2 191 # 
x 0 3 13 16 19 43 47 50 62 68 71 73 83 89
# 17
t # 99
v 0 39
v 1 59
v 2 116
e 0 1 595 # 
e 0 2 670 # 
x 0 3 16 19 42 43 50 55 58 59 60 67 69 73 76 83 89
# 21
t # 100
v 0 39
v 1 59
v 2 60
e 0 1 595 # 
e 0 2 761 # 
x 0 3 5 16 19 42 47 50 55 57 58 59 60 62 63 67 68 73 76 80 83
# 17
t # 101
v 0 39
v 1 59
v 2 60
v 3 470
e 0 1 595 # 
e 0 2 761 # 
e 0 3 878 # 
x 0 3 5 16 42 47 50 57 58 59 60 62 67 68 73 76 83
# 15
t # 102
v 0 39
v 1 59
v 2 60
v 3 470
v 4 49
e 0 1 595 # 
e 0 2 761 # 
e 0 3 878 # 
e 0 4 520 # 
x 0 3 5 16 42 47 50 57 59 62 67 68 73 76 83
# 14
t # 103
v 0 39
v 1 59
v 2 60
v 3 470
v 4 438
e 0 1 595 # 
e 0 2 761 # 
e 0 3 878 # 
e 0 4 542 # 
x 0 3 5 16 47 50 57 58 59 60 62 67 73 83
# 15
t # 104
v 0 39
v 1 59
v 2 60
v 3 438
e 0 1 595 # 
e 0 2 761 # 
e 0 3 542 # 
x 0 3 5 16 47 50 57 58 59 60 62 67 73 80 83
# 19
t # 105
v 0 39
v 1 59
v 2 60
v 3 49
e 0 1 595 # 
e 0 2 761 # 
e 0 3 520 # 
x 0 3 5 16 19 42 47 50 55 57 59 62 63 67 68 73 76 80 83
# 16
t # 106
v 0 39
v 1 59
v 2 63
e 0 1 595 # 
e 0 2 547 # 
x 0 3 13 16 19 43 47 50 55 59 62 68 71 73 83 89
# 23
t # 107
v 0 39
v 1 59
v 2 470
e 0 1 595 # 
e 0 2 878 # 
x 0 3 5 6 16 33 42 43 47 50 57 58 59 60 62 64 65 67 68 73 76 83 89
# 18
t # 108
v 0 39
v 1 59
v 2 470
v 3 438
e 0 1 595 # 
e 0 2 878 # 
e 0 3 542 # 
x 0 3 5 6 16 33 43 47 50 57 58 59 60 62 67 73 83 89
# 16
t # 109
v 0 39
v 1 59
v 2 470
v 3 438
v 4 49
e 0 1 595 # 
e 0 2 878 # 
e 0 3 542 # 
e 0 4 520 # 
x 0 3 5 6 16 33 43 47 50 57 59 62 67 73 83 89
# 21
t # 110
v 0 39
v 1 59
v 2 470
v 3 49
e 0 1 595 # 
e 0 2 878 # 
e 0 3 520 # 
x 0 3 5 6 16 33 42 43 47 50 57 59 62 64 65 67 68 73 76 83 89
# 21
t # 111
v 0 39
v 1 59
v 2 98
e 0 1 595 # 
e 0 2 703 # 
x 0 3 6 13 16 19 21 27 33 43 47 50 55 57 62 68 69 71 73 82 83
# 15
t # 112
v 0 39
v 1 59
v 2 98
v 3 438
e 0 1 595 # 
e 0 2 703 # 
e 0 3 542 # 
x 0 3 6 16 27 33 43 47 50 57 62 69 71 73 83
# 15
t # 113
v 0 39
v 1 59
v 2 98
v 3 438
v 4 49
e 0 1 595 # 
e 0 2 703 # 
e 0 3 542 # 
e 0 4 520 # 
x 0 3 6 16 27 33 43 47 50 57 62 69 71 73 83
# 21
t # 114
v 0 39
v 1 59
v 2 98
v 3 49
e 0 1 595 # 
e 0 2 703 # 
e 0 3 520 # 
x 0 3 6 13 16 19 21 27 33 43 47 50 55 57 62 68 69 71 73 82 83
# 22
t # 115
v 0 39
v 1 59
v 2 438
e 0 1 595 # 
e 0 2 542 # 
x 0 3 5 6 16 27 33 43 47 50 57 58 59 60 62 67 69 71 73 80 83 89
# 35
t # 116
v 0 39
v 1 60
e 0 1 761 # 
x 0 1 3 5 9 16 17 18 19 20 29 30 34 35 42 47 50 55 57 58 59 60 61 62 63 67 68 73 75 76 77 80 81 83 87
# 15
t # 117
v 0 39
v 1 60
v 2 491
e 0 1 761 # 
e 0 2 672 # 
x 0 1 3 16 19 29 30 35 50 55 61 62 77 83 87
# 14
t # 118
v 0 39
v 1 60
v 2 460
e 0 1 761 # 
e 0 2 1264 # 
x 0 3 16 17 19 20 29 30 50 57 62 67 77 83
# 14
t # 119
v 0 39
v 1 60
v 2 837
e 0 1 761 # 
e 0 2 1555 # 
x 3 5 16 19 29 47 50 61 62 67 73 77 83 87
# 15
t # 120
v 0 39
v 1 60
v 2 64
e 0 1 761 # 
e 0 2 589 # 
x 0 3 16 17 20 29 30 34 62 73 75 76 77 83 87
# 15
t # 121
v 0 39
v 1 60
v 2 154
e 0 1 761 # 
e 0 2 191 # 
x 0 3 9 16 17 19 29 30 47 50 62 68 73 77 83
# 25
t # 122
v 0 39
v 1 60
v 2 116
e 0 1 761 # 
e 0 2 670 # 
x 0 1 3 16 17 18 19 20 29 30 34 42 50 55 58 59 60 61 67 73 76 77 81 83 87
# 16
t # 123
v 0 39
v 1 60
v 2 116
v 3 63
e 0 1 761 # 
e 0 2 670 # 
e 0 3 547 # 
x 0 1 3 16 17 19 29 30 50 55 59 61 73 77 83 87
# 16
t # 124
v 0 39
v 1 60
v 2 116
v 3 63
v 4 49
e 0 1 761 # 
e 0 2 670 # 
e 0 3 547 # 
e 0 4 520 # 
x 0 1 3 16 17 19 29 30 50 55 59 61 73 77 83 87
# 16
t # 125
v 0 39
v 1 60
v 2 116
v 3 470
e 0 1 761 # 
e 0 2 670 # 
e 0 3 878 # 
x 0 3 16 29 30 42 50 58 59 60 67 73 76 77 83 87
# 14
t # 126
v 0 39
v 1 60
v 2 116
v 3 470
v 4 49
e 0 1 761 # 
e 0 2 670 # 
e 0 3 878 # 
e 0 4 520 # 
x 0 3 16 29 30 42 50 59 67 73 76 77 83 87
# 14
t # 127
v 0 39
v 1 60
v 2 116
v 3 470
v 4 438
e 0 1 761 # 
e 0 2 670 # 
e 0 3 878 # 
e 0 4 542 # 
x 0 3 16 29 30 50 58 59 60 67 73 77 83 87
# 17
t # 128
v 0 39
v 1 60
v 2 116
v 3 438
e 0 1 761 # 
e 0 2 670 # 
e 0 3 542 # 
x 0 1 3 16 29 30 34 50 58 59 60 67 73 77 81 83 87
# 15
t # 129
v 0 39
v 1 60
v 2 116
v 3 438
v 4 49
e 0 1 761 # 
e 0 2 670 # 
e 0 3 542 # 
e 0 4 520 # 
x 0 1 3 16 29 30 34 50 59 67 73 77 81 83 87
# 23
t # 130
v 0 39
v 1 60
v 2 116
v 3 49
e 0 1 761 # 
e 0 2 670 # 
e 0 3 520 # 
x 0 1 3 16 17 18 19 20 29 30 34 42 50 55 59 61 67 73 76 77 81 83 87
# 21
t # 131
v 0 39
v 1 60
v 2 63
e 0 1 761 # 
e 0 2 547 # 
x 0 1 3 9 16 17 19 29 30 47 50 55 59 61 62 68 73 75 77 83 87
# 14
t # 132
v 0 39
v 1 60
v 2 63
v 3 470
e 0 1 761 # 
e 0 2 547 # 
e 0 3 878 # 
x 0 3 16 29 30 47 50 59 62 68 73 77 83 87
# 14
t # 133
v 0 39
v 1 60
v 2 63
v 3 470
v 4 49
e 0 1 761 # 
e 0 2 547 # 
e 0 3 878 # 
e 0 4 520 # 
x 0 3 16 29 30 47 50 59 62 68 73 77 83 87
# 15
t # 134
v 0 39
v 1 60
v 2 63
v 3 98
e 0 1 761 # 
e 0 2 547 # 
e 0 3 703 # 
x 0 1 3 16 19 29 47 50 55 61 62 68 73 83 87
# 15
t # 135
v 0 39
v 1 60
v 2 63
v 3 98
v 4 49
e 0 1 761 # 
e 0 2 547 # 
e 0 3 703 # 
e 0 4 520 # 
x 0 1 3 16 19 29 47 50 55 61 62 68 73 83 87
# 15
t # 136
v 0 39
v 1 60
v 2 63
v 3 438
e 0 1 761 # 
e 0 2 547 # 
e 0 3 542 # 
x 0 1 3 16 29 30 47 50 59 62 73 75 77 83 87
# 15
t # 137
v 0 39
v 1 60
v 2 63
v 3 438
v 4 49
e 0 1 761 # 
e 0 2 547 # 
e 0 3 542 # 
e 0 4 520 # 
x 0 1 3 16 29 30 47 50 59 62 73 75 77 83 87
# 21
t # 138
v 0 39
v 1 60
v 2 63
v 3 49
e 0 1 761 # 
e 0 2 547 # 
e 0 3 520 # 
x 0 1 3 9 16 17 19 29 30 47 50 55 59 61 62 68 73 75 77 83 87
# 21
t # 139
v 0 39
v 1 60
v 2 470
e 0 1 761 # 
e 0 2 878 # 
x 0 3 5 16 29 30 42 47 50 57 58 59 60 62 67 68 73 76 77 83 87
# 17
t # 140
v 0 39
v 1 60
v 2 98
e 0 1 761 # 
e 0 2 703 # 
x 0 1 3 16 19 29 35 47 50 55 57 61 62 68 73 83 87
# 23
t # 141
v 0 39
v 1 60
v 2 438
e 0 1 761 # 
e 0 2 542 # 
x 0 1 3 5 16 29 30 34 47 50 57 58 59 60 62 67 73 75 77 80 81 83 87
# 21
t # 142
v 0 39
v 1 60
v 2 438
v 3 49
e 0 1 761 # 
e 0 2 542 # 
e 0 3 520 # 
x 0 1 3 5 16 29 30 34 47 50 57 59 62 67 73 75 77 80 81 83 87
# 38
t # 143
v 0 39
v 1 63
e 0 1 547 # 
x 0 1 3 9 13 15 16 17 19 24 29 30 38 41 43 47 49 50 51 52 54 55 56 59 61 62 66 68 71 73 75 77 83 84 85 87 88 89
# 14
t # 144
v 0 39
v 1 63
v 2 72
e 0 1 547 # 
e 0 2 919 # 
x 0 3 19 29 41 43 47 50 51 59 62 71 83 88
# 17
t # 145
v 0 39
v 1 63
v 2 491
e 0 1 547 # 
e 0 2 672 # 
x 0 1 3 16 19 29 30 41 43 50 55 61 62 77 83 87 89
# 17
t # 146
v 0 39
v 1 63
v 2 460
e 0 1 547 # 
e 0 2 1264 # 
x 0 3 13 16 17 19 29 30 41 43 50 62 77 83 84 88 89
# 15
t # 147
v 0 39
v 1 63
v 2 269
e 0 1 547 # 
e 0 2 343 # 
x 0 1 3 16 29 41 43 47 50 55 56 71 73 83 87
# 16
t # 148
v 0 39
v 1 63
v 2 837
e 0 1 547 # 
e 0 2 1555 # 
x 3 16 19 29 41 43 47 49 50 61 62 71 73 77 83 87
# 20
t # 149
v 0 39
v 1 63
v 2 64
e 0 1 547 # 
e 0 2 589 # 
x 0 3 15 16 17 24 29 30 38 41 43 49 62 73 75 77 83 87 88 89
# 31
t # 150
v 0 39
v 1 63
v 2 154
e 0 1 547 # 
e 0 2 191 # 
x 0 3 9 13 16 17 19 24 29 30 38 41 43 47 49 50 51 52 54 56 62 66 68 71 73 77 83 84 85 88 89
# 17
t # 151
v 0 39
v 1 63
v 2 154
v 3 470
e 0 1 547 # 
e 0 2 191 # 
e 0 3 878 # 
x 0 3 16 29 30 38 43 47 50 51 62 68 73 77 83 84 89
# 17
t # 152
v 0 39
v 1 63
v 2 154
v 3 470
v 4 49
e 0 1 547 # 
e 0 2 191 # 
e 0 3 878 # 
e 0 4 520 # 
x 0 3 16 29 30 38 43 47 50 51 62 68 73 77 83 84 89
# 16
t # 153
v 0 39
v 1 63
v 2 154
v 3 98
e 0 1 547 # 
e 0 2 191 # 
e 0 3 703 # 
x 0 3 13 16 19 29 41 43 47 50 56 62 68 71 73 83
# 16
t # 154
v 0 39
v 1 63
v 2 154
v 3 98
v 4 49
e 0 1 547 # 
e 0 2 191 # 
e 0 3 703 # 
e 0 4 520 # 
x 0 3 13 16 19 29 41 43 47 50 56 62 68 71 73 83
# 17
t # 155
v 0 39
v 1 63
v 2 154
v 3 438
e 0 1 547 # 
e 0 2 191 # 
e 0 3 542 # 
x 0 3 16 29 30 41 43 47 50 52 62 71 73 77 83 88 89
# 17
t # 156
v 0 39
v 1 63
v 2 154
v 3 438
v 4 49
e 0 1 547 # 
e 0 2 191 # 
e 0 3 542 # 
e 0 4 520 # 
x 0 3 16 29 30 41 43 47 50 52 62 71 73 77 83 88 89
# 31
t # 157
v 0 39
v 1 63
v 2 154
v 3 49
e 0 1 547 # 
e 0 2 191 # 
e 0 3 520 # 
x 0 3 9 13 16 17 19 24 29 30 38 41 43 47 49 50 51 52 54 56 62 66 68 71 73 77 83 84 85 88 89
# 19
t # 158
v 0 39
v 1 63
v 2 154
v 3 633
e 0 1 547 # 
e 0 2 191 # 
e 1 3 1032 # 
x 0 3 9 16 19 24 30 38 41 43 50 52 54 56 66 73 77 88 89
# 19
t # 159
v 0 39
v 1 63
v 2 154
v 3 633
v 4 49
e 0 1 547 # 
e 0 2 191 # 
e 0 4 520 # 
e 1 3 1032 # 
x 0 3 9 16 19 24 30 38 41 43 50 52 54 56 66 73 77 88 89
# 17
t # 160
v 0 39
v 1 63
v 2 154
v 3 633
v 4 49
e 0 1 547 # 
e 0 2 191 # 
e 0 4 520 # 
e 1 3 1032 # 
e 3 4 1029 # 
x 0 3 16 19 24 30 41 43 50 52 54 56 66 73 77 88 89
# 20
t # 161
v 0 39
v 1 63
v 2 116
e 0 1 547 # 
e 0 2 670 # 
x 0 1 3 16 17 19 29 30 41 43 50 54 55 59 61 73 77 83 87 89
# 20
t # 162
v 0 39
v 1 63
v 2 470
e 0 1 547 # 
e 0 2 878 # 
x 0 3 15 16 29 30 38 43 47 50 51 59 62 68 73 77 83 84 87 89
# 20
t # 163
v 0 39
v 1 63
v 2 98
e 0 1 547 # 
e 0 2 703 # 
x 0 1 3 13 16 19 29 41 43 47 50 55 56 61 62 68 71 73 83 87
# 21
t # 164
v 0 39
v 1 63
v 2 438
e 0 1 547 # 
e 0 2 542 # 
x 0 1 3 16 29 30 41 43 47 50 52 59 62 71 73 75 77 83 87 88 89
# 19
t # 165
v 0 39
v 1 63
v 2 633
e 0 1 547 # 
e 1 2 1032 # 
x 0 3 9 16 19 24 30 38 41 43 50 52 54 56 66 73 77 88 89
# 17
t # 166
v 0 39
v 1 63
v 2 633
v 3 49
e 0 1 547 # 
e 1 2 1032 # 
e 2 3 1029 # 
x 0 3 16 19 24 30 41 43 50 52 54 56 66 73 77 88 89
# 17
t # 167
v 0 39
v 1 63
v 2 633
v 3 49
e 0 1 547 # 
e 0 3 520 # 
e 1 2 1032 # 
e 2 3 1029 # 
x 0 3 16 19 24 30 41 43 50 52 54 56 66 73 77 88 89
# 17
t # 168
v 0 39
v 1 63
v 2 633
v 3 49
v 4 154
e 0 1 547 # 
e 0 4 191 # 
e 1 2 1032 # 
e 2 3 1029 # 
x 0 3 16 19 24 30 41 43 50 52 54 56 66 73 77 88 89
# 40
t # 169
v 0 39
v 1 470
e 0 1 878 # 
x 0 2 3 5 6 10 15 16 26 29 30 32 33 38 39 40 42 43 47 50 51 57 58 59 60 62 64 65 67 68 72 73 74 76 77 78 83 84 87 89
# 18
t # 170
v 0 39
v 1 470
v 2 837
e 0 1 878 # 
e 0 2 1555 # 
x 2 3 5 16 29 32 39 43 47 50 62 67 73 74 77 78 83 87
# 14
t # 171
v 0 39
v 1 470
v 2 837
v 3 98
e 0 1 878 # 
e 0 2 1555 # 
e 0 3 703 # 
x 2 3 16 29 32 39 43 47 50 62 73 74 83 87
# 14
t # 172
v 0 39
v 1 470
v 2 837
v 3 98
v 4 49
e 0 1 878 # 
e 0 2 1555 # 
e 0 3 703 # 
e 0 4 520 # 
x 2 3 16 29 32 39 43 47 50 62 73 74 83 87
# 16
t # 173
v 0 39
v 1 470
v 2 837
v 3 438
e 0 1 878 # 
e 0 2 1555 # 
e 0 3 542 # 
x 3 5 16 29 39 43 47 50 62 67 73 74 77 78 83 87
# 16
t # 174
v 0 39
v 1 470
v 2 837
v 3 438
v 4 49
e 0 1 878 # 
e 0 2 1555 # 
e 0 3 542 # 
e 0 4 520 # 
x 3 5 16 29 39 43 47 50 62 67 73 74 77 78 83 87
# 18
t # 175
v 0 39
v 1 470
v 2 837
v 3 49
e 0 1 878 # 
e 0 2 1555 # 
e 0 3 520 # 
x 2 3 5 16 29 32 39 43 47 50 62 67 73 74 77 78 83 87
# 41
t # 176
v 0 39
v 1 98
e 0 1 703 # 
x 0 1 2 3 4 6 10 13 14 16 19 21 22 25 27 29 31 32 33 35 39 41 43 44 47 50 53 55 56 57 61 62 68 69 71 73 74 79 82 83 87
# 15
t # 177
v 0 39
v 1 98
v 2 1333
e 0 1 703 # 
e 0 2 2506 # 
x 3 16 27 29 32 33 39 43 47 50 53 62 68 71 83
# 17
t # 178
v 0 39
v 1 98
v 2 491
e 0 1 703 # 
e 0 2 672 # 
x 0 1 3 6 16 19 25 29 35 41 43 50 55 61 62 83 87
# 14
t # 179
v 0 39
v 1 98
v 2 460
e 0 1 703 # 
e 0 2 1264 # 
x 0 3 6 13 16 19 29 41 43 50 57 62 74 83
# 25
t # 180
v 0 39
v 1 98
v 2 269
e 0 1 703 # 
e 0 2 343 # 
x 0 1 3 4 6 10 16 25 27 29 31 41 43 47 50 53 55 56 57 71 73 74 79 83 87
# 19
t # 181
v 0 39
v 1 98
v 2 269
v 3 438
e 0 1 703 # 
e 0 2 343 # 
e 0 3 542 # 
x 0 1 3 6 16 27 29 41 43 47 50 53 57 71 73 74 79 83 87
# 19
t # 182
v 0 39
v 1 98
v 2 269
v 3 438
v 4 49
e 0 1 703 # 
e 0 2 343 # 
e 0 3 542 # 
e 0 4 520 # 
x 0 1 3 6 16 27 29 41 43 47 50 53 57 71 73 74 79 83 87
# 25
t # 183
v 0 39
v 1 98
v 2 269
v 3 49
e 0 1 703 # 
e 0 2 343 # 
e 0 3 520 # 
x 0 1 3 4 6 10 16 25 27 29 31 41 43 47 50 53 55 56 57 71 73 74 79 83 87
# 20
t # 184
v 0 39
v 1 98
v 2 837
e 0 1 703 # 
e 0 2 1555 # 
x 2 3 16 19 22 29 32 39 41 43 44 47 50 61 62 71 73 74 83 87
# 14
t # 185
v 0 39
v 1 98
v 2 837
v 3 438
e 0 1 703 # 
e 0 2 1555 # 
e 0 3 542 # 
x 3 16 29 39 41 43 47 50 62 71 73 74 83 87
# 14
t # 186
v 0 39
v 1 98
v 2 837
v 3 438
v 4 49
e 0 1 703 # 
e 0 2 1555 # 
e 0 3 542 # 
e 0 4 520 # 
x 3 16 29 39 41 43 47 50 62 71 73 74 83 87
# 20
t # 187
v 0 39
v 1 98
v 2 837
v 3 49
e 0 1 703 # 
e 0 2 1555 # 
e 0 3 520 # 
x 2 3 16 19 22 29 32 39 41 43 44 47 50 61 62 71 73 74 83 87
# 16
t # 188
v 0 39
v 1 98
v 2 154
e 0 1 703 # 
e 0 2 191 # 
x 0 3 13 16 19 29 41 43 47 50 56 62 68 71 73 83
# 16
t # 189
v 0 39
v 1 98
v 2 116
e 0 1 703 # 
e 0 2 670 # 
x 0 1 3 16 19 29 41 43 50 55 61 69 73 74 83 87
# 20
t # 190
v 0 39
v 1 98
v 2 470
e 0 1 703 # 
e 0 2 878 # 
x 0 2 3 6 10 16 29 32 33 39 43 47 50 57 62 68 73 74 83 87
# 16
t # 191
v 0 39
v 1 98
v 2 470
v 3 438
e 0 1 703 # 
e 0 2 878 # 
e 0 3 542 # 
x 0 3 6 16 29 33 39 43 47 50 57 62 73 74 83 87
# 16
t # 192
v 0 39
v 1 98
v 2 470
v 3 438
v 4 49
e 0 1 703 # 
e 0 2 878 # 
e 0 3 542 # 
e 0 4 520 # 
x 0 3 6 16 29 33 39 43 47 50 57 62 73 74 83 87
# 20
t # 193
v 0 39
v 1 98
v 2 470
v 3 49
e 0 1 703 # 
e 0 2 878 # 
e 0 3 520 # 
x 0 2 3 6 10 16 29 32 33 39 43 47 50 57 62 68 73 74 83 87
# 23
t # 194
v 0 39
v 1 98
v 2 438
e 0 1 703 # 
e 0 2 542 # 
x 0 1 3 6 16 27 29 33 39 41 43 47 50 53 57 62 69 71 73 74 79 83 87
# 23
t # 195
v 0 39
v 1 98
v 2 438
v 3 49
e 0 1 703 # 
e 0 2 542 # 
e 0 3 520 # 
x 0 1 3 6 16 27 29 33 39 41 43 47 50 53 57 62 69 71 73 74 79 83 87
# 42
t # 196
v 0 39
v 1 438
e 0 1 542 # 
x 0 1 3 5 6 11 16 27 28 29 30 33 34 39 40 41 43 45 47 50 52 53 57 58 59 60 62 67 69 71 73 74 75 77 78 79 80 81 83 87 88 89
# 14
t # 197
v 0 39
v 1 438
v 2 1333
e 0 1 542 # 
e 0 2 2506 # 
x 3 5 16 27 29 33 39 43 47 50 53 62 71 83
# 15
t # 198
v 0 39
v 1 438
v 2 491
e 0 1 542 # 
e 0 2 672 # 
x 0 1 3 6 16 29 30 41 43 50 62 77 83 87 89
# 17
t # 199
v 0 39
v 1 438
v 2 460
e 0 1 542 # 
e 0 2 1264 # 
x 0 3 6 16 29 30 41 43 50 57 62 67 74 77 83 88 89
# 18
t # 200
v 0 39
v 1 438
v 2 837
e 0 1 542 # 
e 0 2 1555 # 
x 3 5 16 29 39 41 43 47 50 62 67 71 73 74 77 78 83 87
# 26
t # 201
v 0 39
v 1 438
v 2 470
e 0 1 542 # 
e 0 2 878 # 
x 0 3 5 6 16 29 30 33 39 40 43 47 50 57 58 59 60 62 67 73 74 77 78 83 87 89
# 24
t # 202
v 0 39
v 1 438
v 2 470
v 3 49
e 0 1 542 # 
e 0 2 878 # 
e 0 3 520 # 
x 0 3 5 6 16 29 30 33 39 40 43 47 50 57 59 62 67 73 74 77 78 83 87 89
# 14
t # 203
v 0 39
v 1 438
v 2 49
e 0 1 542 # 
e 1 2 1408 # 
x 1 11 27 29 30 41 53 62 71 77 81 87 88 89
# 87
t # 204
v 0 39
v 1 49
e 0 1 520 # 
x 0 1 2 3 4 5 6 7 8 9 10 11 13 14 15 16 17 18 19 20 21 22 23 24 25 26 27 28 29 30 31 32 33 34 35 36 37 38 39 40 41 42 43 44 45 46 47 48 49 50 51 52 53 54 55 56 57 59 61 62 63 64 65 66 67 68 69 70 71 72 73 74 75 76 77 78 79 80 81 82 83 84 85 86 87 88 89
# 15
t # 205
v 0 39
v 1 49
v 2 72
e 0 1 520 # 
e 0 2 919 # 
x 0 3 19 29 40 41 43 47 50 51 59 62 71 83 88
# 16
t # 206
v 0 39
v 1 49
v 2 1333
e 0 1 520 # 
e 0 2 2506 # 
x 3 5 16 27 29 32 33 39 43 47 50 53 62 68 71 83
# 18
t # 207
v 0 39
v 1 49
v 2 142
e 0 1 520 # 
e 0 2 175 # 
x 0 3 5 6 9 15 16 18 28 29 32 33 38 43 59 68 83 88
# 20
t # 208
v 0 39
v 1 49
v 2 491
e 0 1 520 # 
e 0 2 672 # 
x 0 1 3 6 16 19 25 29 30 35 41 43 50 55 61 62 77 83 87 89
# 19
t # 209
v 0 39
v 1 49
v 2 152
e 0 1 520 # 
e 0 2 189 # 
x 0 3 5 6 27 29 30 41 43 50 52 53 67 71 73 77 81 83 89
# 22
t # 210
v 0 39
v 1 49
v 2 460
e 0 1 520 # 
e 0 2 1264 # 
x 0 3 6 13 16 17 19 20 29 30 41 43 50 57 62 67 74 77 83 84 88 89
# 16
t # 211
v 0 39
v 1 49
v 2 460
v 3 633
e 0 1 520 # 
e 0 2 1264 # 
e 1 3 1029 # 
x 0 3 16 19 29 30 41 43 50 57 62 74 77 83 88 89
# 25
t # 212
v 0 39
v 1 49
v 2 269
e 0 1 520 # 
e 0 2 343 # 
x 0 1 3 4 6 10 16 25 27 29 31 41 43 47 50 53 55 56 57 71 73 74 79 83 87
# 25
t # 213
v 0 39
v 1 49
v 2 837
e 0 1 520 # 
e 0 2 1555 # 
x 2 3 5 16 19 22 29 32 39 41 43 44 47 49 50 61 62 67 71 73 74 77 78 83 87
# 28
t # 214
v 0 39
v 1 49
v 2 64
e 0 1 520 # 
e 0 2 589 # 
x 0 3 6 15 16 17 20 24 29 30 31 32 34 38 41 43 49 62 65 73 74 75 76 77 83 87 88 89
# 14
t # 215
v 0 39
v 1 49
v 2 64
v 3 492
e 0 1 520 # 
e 0 2 589 # 
e 1 3 3346 # 
x 3 17 24 30 32 34 38 43 62 73 74 77 88 89
# 18
t # 216
v 0 39
v 1 49
v 2 64
v 3 633
e 0 1 520 # 
e 0 2 589 # 
e 1 3 1029 # 
x 0 3 16 24 29 30 41 43 62 65 73 74 75 76 77 83 88 89
# 31
t # 217
v 0 39
v 1 49
v 2 154
e 0 1 520 # 
e 0 2 191 # 
x 0 3 9 13 16 17 19 24 29 30 38 41 43 47 49 50 51 52 54 56 62 66 68 71 73 77 83 84 85 88 89
# 22
t # 218
v 0 39
v 1 49
v 2 154
v 3 633
e 0 1 520 # 
e 0 2 191 # 
e 1 3 1029 # 
x 0 3 16 19 24 29 30 41 43 50 51 52 54 56 62 66 68 73 77 83 88 89
# 14
t # 219
v 0 39
v 1 49
v 2 154
v 3 633
v 4 116
e 0 1 520 # 
e 0 2 191 # 
e 0 4 670 # 
e 1 3 1029 # 
x 0 3 16 19 29 30 41 43 50 54 73 77 83 89
# 14
t # 220
v 0 39
v 1 49
v 2 154
v 3 633
v 4 116
v 5 63
e 0 1 520 # 
e 0 2 191 # 
e 0 4 670 # 
e 0 5 547 # 
e 1 3 1029 # 
x 0 3 16 19 29 30 41 43 50 54 73 77 83 89
# 22
t # 221
v 0 39
v 1 49
v 2 154
v 3 633
v 4 63
e 0 1 520 # 
e 0 2 191 # 
e 0 4 547 # 
e 1 3 1029 # 
x 0 3 16 19 24 29 30 41 43 50 51 52 54 56 62 66 68 73 77 83 88 89
# 14
t # 222
v 0 39
v 1 49
v 2 154
v 3 633
v 4 63
v 5 119
e 0 1 520 # 
e 0 2 191 # 
e 0 4 547 # 
e 1 3 1029 # 
e 1 5 1227 # 
x 0 3 16 30 50 51 52 54 56 62 66 73 77 89
# 15
t # 223
v 0 39
v 1 49
v 2 154
v 3 633
v 4 63
v 5 438
e 0 1 520 # 
e 0 2 191 # 
e 0 4 547 # 
e 0 5 542 # 
e 1 3 1029 # 
x 0 3 16 29 30 41 43 50 52 62 73 77 83 88 89
# 14
t # 224
v 0 39
v 1 49
v 2 154
v 3 633
v 4 63
v 5 470
e 0 1 520 # 
e 0 2 191 # 
e 0 4 547 # 
e 0 5 878 # 
e 1 3 1029 # 
x 0 3 16 29 30 43 50 51 62 68 73 77 83 89
# 14
t # 225
v 0 39
v 1 49
v 2 154
v 3 633
v 4 470
e 0 1 520 # 
e 0 2 191 # 
e 0 4 878 # 
e 1 3 1029 # 
x 0 3 16 29 30 43 50 51 62 68 73 77 83 89
# 15
t # 226
v 0 39
v 1 49
v 2 154
v 3 633
v 4 438
e 0 1 520 # 
e 0 2 191 # 
e 0 4 542 # 
e 1 3 1029 # 
x 0 3 16 29 30 41 43 50 52 62 73 77 83 88 89
# 14
t # 227
v 0 39
v 1 49
v 2 154
v 3 633
v 4 119
e 0 1 520 # 
e 0 2 191 # 
e 1 3 1029 # 
e 1 4 1227 # 
x 0 3 16 30 50 51 52 54 56 62 66 73 77 89
# 31
t # 228
v 0 39
v 1 49
v 2 116
e 0 1 520 # 
e 0 2 670 # 
x 0 1 3 16 17 18 19 20 29 30 34 37 41 42 43 48 50 54 55 59 61 67 69 73 74 76 77 81 83 87 89
# 17
t # 229
v 0 39
v 1 49
v 2 116
v 3 633
e 0 1 520 # 
e 0 2 670 # 
e 1 3 1029 # 
x 0 3 16 19 29 30 41 43 50 54 59 73 74 76 77 83 89
# 14
t # 230
v 0 39
v 1 49
v 2 116
v 3 119
e 0 1 520 # 
e 0 2 670 # 
e 1 3 1227 # 
x 0 1 3 16 18 30 50 54 61 73 77 81 87 89
# 31
t # 231
v 0 39
v 1 49
v 2 59
e 0 1 520 # 
e 0 2 595 # 
x 0 3 5 6 13 16 19 21 27 33 42 43 47 50 55 57 59 62 63 64 65 67 68 69 71 73 76 80 82 83 89
# 17
t # 232
v 0 39
v 1 49
v 2 59
v 3 633
e 0 1 520 # 
e 0 2 595 # 
e 1 3 1029 # 
x 0 3 16 19 33 43 50 57 59 62 65 68 73 76 80 83 89
# 16
t # 233
v 0 39
v 1 49
v 2 59
v 3 119
e 0 1 520 # 
e 0 2 595 # 
e 1 3 1227 # 
x 0 3 5 13 16 21 33 50 57 62 65 71 73 80 82 89
# 33
t # 234
v 0 39
v 1 49
v 2 60
e 0 1 520 # 
e 0 2 761 # 
x 0 1 3 5 9 16 17 18 19 20 29 30 34 35 42 47 50 55 57 59 61 62 63 67 68 73 75 76 77 80 81 83 87
# 17
t # 235
v 0 39
v 1 49
v 2 60
v 3 633
e 0 1 520 # 
e 0 2 761 # 
e 1 3 1029 # 
x 0 3 16 19 29 30 50 57 59 62 68 73 75 76 77 80 83
# 18
t # 236
v 0 39
v 1 49
v 2 60
v 3 119
e 0 1 520 # 
e 0 2 761 # 
e 1 3 1227 # 
x 0 1 3 5 9 16 18 30 35 50 57 61 62 73 77 80 81 87
# 38
t # 237
v 0 39
v 1 49
v 2 63
e 0 1 520 # 
e 0 2 547 # 
x 0 1 3 9 13 15 16 17 19 24 29 30 38 41 43 47 49 50 51 52 54 55 56 59 61 62 66 68 71 73 75 77 83 84 85 87 88 89
# 19
t # 238
v 0 39
v 1 49
v 2 63
v 3 633
e 0 1 520 # 
e 0 2 547 # 
e 2 3 1032 # 
x 0 3 9 16 19 24 30 38 41 43 50 52 54 56 66 73 77 88 89
# 24
t # 239
v 0 39
v 1 49
v 2 63
v 3 633
e 0 1 520 # 
e 0 2 547 # 
e 1 3 1029 # 
x 0 3 16 19 24 29 30 41 43 50 51 52 54 56 59 62 66 68 73 75 77 83 88 89
# 15
t # 240
v 0 39
v 1 49
v 2 63
v 3 633
v 4 470
e 0 1 520 # 
e 0 2 547 # 
e 0 4 878 # 
e 1 3 1029 # 
x 0 3 16 29 30 43 50 51 59 62 68 73 77 83 89
# 17
t # 241
v 0 39
v 1 49
v 2 63
v 3 633
v 4 438
e 0 1 520 # 
e 0 2 547 # 
e 0 4 542 # 
e 1 3 1029 # 
x 0 3 16 29 30 41 43 50 52 59 62 73 75 77 83 88 89
# 14
t # 242
v 0 39
v 1 49
v 2 63
v 3 633
v 4 119
e 0 1 520 # 
e 0 2 547 # 
e 1 3 1029 # 
e 1 4 1227 # 
x 0 3 16 30 50 51 52 54 56 62 66 73 77 89
# 21
t # 243
v 0 39
v 1 49
v 2 63
v 3 119
e 0 1 520 # 
e 0 2 547 # 
e 1 3 1227 # 
x 0 1 3 9 13 16 30 38 50 51 52 54 56 61 62 66 71 73 77 87 89
# 38
t # 244
v 0 39
v 1 49
v 2 470
e 0 1 520 # 
e 0 2 878 # 
x 0 2 3 5 6 10 15 16 26 29 30 32 33 38 39 40 42 43 47 50 51 57 59 62 64 65 67 68 72 73 74 76 77 78 83 84 87 89
# 20
t # 245
v 0 39
v 1 49
v 2 470
v 3 633
e 0 1 520 # 
e 0 2 878 # 
e 1 3 1029 # 
x 0 3 16 29 30 33 43 50 51 57 59 62 65 68 73 74 76 77 83 89
# 41
t # 246
v 0 39
v 1 49
v 2 98
e 0 1 520 # 
e 0 2 703 # 
x 0 1 2 3 4 6 10 13 14 16 19 21 22 25 27 29 31 32 33 35 39 41 43 44 47 50 53 55 56 57 61 62 68 69 71 73 74 79 82 83 87
# 17
t # 247
v 0 39
v 1 49
v 2 98
v 3 633
e 0 1 520 # 
e 0 2 703 # 
e 1 3 1029 # 
x 0 3 4 16 19 29 33 41 43 50 56 57 62 68 73 74 83
# 24
t # 248
v 0 39
v 1 49
v 2 98
v 3 119
e 0 1 520 # 
e 0 2 703 # 
e 1 3 1227 # 
x 0 1 2 3 13 14 16 21 22 31 32 33 35 44 50 53 56 57 61 62 71 73 82 87
# 40
t # 249
v 0 39
v 1 49
v 2 438
e 0 1 520 # 
e 0 2 542 # 
x 0 1 3 5 6 11 16 27 28 29 30 33 34 39 40 41 43 45 47 50 52 53 57 59 62 67 69 71 73 74 75 77 78 79 80 81 83 87 88 89
# 15
t # 250
v 0 39
v 1 49
v 2 438
v 3 492
e 0 1 520 # 
e 0 2 542 # 
e 1 3 3346 # 
x 3 27 30 34 39 43 59 62 71 73 74 77 79 88 89
# 22
t # 251
v 0 39
v 1 49
v 2 438
v 3 633
e 0 1 520 # 
e 0 2 542 # 
e 1 3 1029 # 
x 0 3 16 29 30 33 41 43 45 50 52 57 59 62 73 74 75 77 80 83 88 89
# 14
t # 252
v 0 39
v 1 49
v 2 438
v 3 633
v 4 119
e 0 1 520 # 
e 0 2 542 # 
e 1 3 1029 # 
e 1 4 1227 # 
x 0 3 16 30 33 45 50 52 57 62 73 77 80 89
# 14
t # 253
v 0 39
v 1 49
v 2 505
e 0 1 520 # 
e 1 2 7017 # 
x 22 23 30 32 34 36 41 52 54 56 59 66 73 83
# 14
t # 254
v 0 39
v 1 49
v 2 438
e 0 1 520 # 
e 1 2 1408 # 
x 1 11 27 29 30 41 53 62 71 77 81 87 88 89
# 19
t # 255
v 0 39
v 1 49
v 2 492
e 0 1 520 # 
e 1 2 4233 # 
x 10 22 25 33 37 38 39 46 47 52 54 56 59 62 64 66 68 77 89
# 24
t # 256
v 0 39
v 1 49
v 2 492
e 0 1 520 # 
e 1 2 3346 # 
x 3 17 23 24 26 27 30 32 34 38 39 43 46 59 62 70 71 73 74 77 79 82 88 89
# 32
t # 257
v 0 39
v 1 49
v 2 633
e 0 1 520 # 
e 1 2 1029 # 
x 0 3 4 16 19 24 29 30 33 41 43 45 50 51 52 54 56 57 59 62 65 66 68 73 74 75 76 77 80 83 88 89
# 17
t # 258
v 0 39
v 1 49
v 2 633
v 3 63
e 0 1 520 # 
e 1 2 1029 # 
e 2 3 1032 # 
x 0 3 16 19 24 30 41 43 50 52 54 56 66 73 77 88 89
# 17
t # 259
v 0 39
v 1 49
v 2 633
v 3 63
v 4 154
e 0 1 520 # 
e 0 4 191 # 
e 1 2 1029 # 
e 2 3 1032 # 
x 0 3 16 19 24 30 41 43 50 52 54 56 66 73 77 88 89
# 42
t # 260
v 0 39
v 1 49
v 2 119
e 0 1 520 # 
e 1 2 1227 # 
x 0 1 2 3 5 9 11 13 14 16 18 21 22 28 30 31 32 33 35 38 44 45 50 51 52 53 54 56 57 61 62 65 66 71 73 77 78 80 81 82 87 89
# 15
t # 261
v 0 39
v 1 49
v 2 119
v 3 837
e 0 1 520 # 
e 0 3 1555 # 
e 1 2 1227 # 
x 2 3 5 16 22 32 44 50 61 62 71 73 77 78 87
# 18
t # 262
v 0 39
v 1 49
v 2 119
v 3 154
e 0 1 520 # 
e 0 3 191 # 
e 1 2 1227 # 
x 0 3 9 13 16 30 38 50 51 52 54 56 62 66 71 73 77 89
# 19
t # 263
v 0 39
v 1 49
v 2 119
v 3 470
e 0 1 520 # 
e 0 3 878 # 
e 1 2 1227 # 
x 0 2 3 5 16 30 32 33 38 50 51 57 62 65 73 77 78 87 89
# 14
t # 264
v 0 39
v 1 49
v 2 119
v 3 470
v 4 438
e 0 1 520 # 
e 0 3 878 # 
e 0 4 542 # 
e 1 2 1227 # 
x 0 3 5 16 30 33 50 57 62 73 77 78 87 89
# 23
t # 265
v 0 39
v 1 49
v 2 119
v 3 438
e 0 1 520 # 
e 0 3 542 # 
e 1 2 1227 # 
x 0 1 3 5 11 16 28 30 33 45 50 52 53 57 62 71 73 77 78 80 81 87 89
# 20
t # 266
v 0 39
v 1 49
v 2 119
v 3 475
e 0 1 520 # 
e 1 2 1227 # 
e 2 3 1506 # 
x 2 5 11 13 21 28 31 33 35 45 54 56 57 61 65 71 78 80 82 87
# 15
t # 267
v 0 45
v 1 500
e 0 1 725 # 
x 0 9 16 19 30 40 43 50 64 65 73 77 83 84 89
# 14
t # 268
v 0 49
v 1 505
e 0 1 7017 # 
x 22 23 30 32 34 36 41 52 54 56 59 66 73 83
# 14
t # 269
v 0 49
v 1 438
e 0 1 1408 # 
x 1 11 27 29 30 41 53 62 71 77 81 87 88 89
# 19
t # 270
v 0 49
v 1 492
e 0 1 4233 # 
x 10 22 25 33 37 38 39 46 47 52 54 56 59 62 64 66 68 77 89
# 24
t # 271
v 0 49
v 1 492
e 0 1 3346 # 
x 3 17 23 24 26 27 30 32 34 38 39 43 46 59 62 70 71 73 74 77 79 82 88 89
# 32
t # 272
v 0 49
v 1 633
e 0 1 1029 # 
x 0 3 4 16 19 24 29 30 33 41 43 45 50 51 52 54 56 57 59 62 65 66 68 73 74 75 76 77 80 83 88 89
# 17
t # 273
v 0 49
v 1 633
v 2 63
e 0 1 1029 # 
e 1 2 1032 # 
x 0 3 16 19 24 30 41 43 50 52 54 56 66 73 77 88 89
# 42
t # 274
v 0 49
v 1 119
e 0 1 1227 # 
x 0 1 2 3 5 9 11 13 14 16 18 21 22 28 30 31 32 33 35 38 44 45 50 51 52 53 54 56 57 61 62 65 66 71 73 77 78 80 81 82 87 89
# 19
t # 275
v 0 49
v 1 119
v 2 633
e 0 1 1227 # 
e 0 2 1029 # 
x 0 3 16 30 33 45 50 51 52 54 56 57 62 65 66 73 77 80 89
# 19
t # 276
v 0 49
v 1 119
v 2 633
v 3 39
e 0 1 1227 # 
e 0 2 1029 # 
e 0 3 520 # 
x 0 3 16 30 33 45 50 51 52 54 56 57 62 65 66 73 77 80 89
# 20
t # 277
v 0 49
v 1 119
v 2 475
e 0 1 1227 # 
e 1 2 1506 # 
x 2 5 11 13 21 28 31 33 35 45 54 56 57 61 65 71 78 80 82 87
# 19
t # 278
v 0 63
v 1 633
e 0 1 1032 # 
x 0 3 9 16 19 24 30 38 41 43 50 52 54 56 66 73 77 88 89
# 40
t # 279
v 0 74
v 1 612
e 0 1 977 # 
x 0 2 3 6 14 15 16 19 21 24 27 28 29 30 32 34 40 41 43 47 53 55 56 57 58 60 61 62 63 64 71 73 76 77 82 83 84 86 87 89
# 16
t # 280
v 0 74
v 1 612
v 2 502
e 0 1 977 # 
e 1 2 4771 # 
x 15 16 24 30 32 41 43 47 57 58 60 62 63 77 83 89
# 21
t # 281
v 0 76
v 1 599
e 0 1 3375 # 
x 4 11 13 14 16 17 19 22 31 32 38 41 43 49 54 56 57 70 75 77 83
# 16
t # 282
v 0 103
v 1 431
e 0 1 532 # 
x 0 11 13 16 29 32 43 47 50 58 60 67 73 75 83 88
# 21
t # 283
v 0 119
v 1 475
e 0 1 1506 # 
x 2 5 11 13 21 28 31 33 35 45 54 56 57 61 65 71 72 78 80 82 87
# 17
t # 284
v 0 448
v 1 599
e 0 1 4074 # 
x 9 16 29 30 33 39 41 50 58 60 63 66 76 77 78 87 89
# 17
t # 285
v 0 502
v 1 612
e 0 1 4771 # 
x 15 16 24 30 32 41 43 47 51 57 58 60 62 63 77 83 89
# 14
t # 286
v 0 505
v 1 599
e 0 1 4646 # 
x 14 20 21 29 30 33 52 54 56 66 73 82 86 89
# 29
t # 287
v 0 566
v 1 577
e 0 1 859 # 
x 0 1 5 13 16 17 18 20 29 30 34 36 41 43 49 50 53 54 56 58 59 60 62 69 77 83 87 88 89
# 22
t # 288
v 0 594
v 1 1973
e 0 1 4056 # 
x 9 17 18 21 24 27 30 35 43 49 53 65 70 71 72 76 77 78 83 84 85 89
# 18
t # 289
v 0 612
v 1 624
e 0 1 2843 # 
x 3 5 13 16 19 29 43 47 48 51 54 59 63 68 73 76 82 83
