# 18
t # 0
v 0 1
v 1 208
e 0 1 342 # 
x 0 5 6 13 20 36 47 50 53 58 62 66 69 71 77 78 83 89
# 19
t # 1
v 0 1
v 1 744
e 0 1 1700 # 
x 4 6 23 26 36 39 54 56 57 60 61 67 71 73 76 80 82 85 89
# 19
t # 2
v 0 1
v 1 604
e 0 1 1246 # 
x 3 5 20 22 29 30 41 44 53 54 55 61 65 67 69 70 72 76 77
# 21
t # 3
v 0 1
v 1 48
e 0 1 1849 # 
x 5 6 9 10 16 20 23 31 33 45 49 50 54 58 60 64 66 69 72 80 84
# 18
t # 4
v 0 1
v 1 48
v 2 105
e 0 1 1849 # 
e 0 2 147 # 
x 5 6 9 10 16 20 23 31 33 45 50 60 64 66 69 72 80 84
# 54
t # 5
v 0 1
v 1 20
e 0 1 24 # 
x 0 1 2 3 4 6 9 11 13 15 16 17 18 19 20 21 23 24 25 26 28 29 30 31 35 36 38 39 41 42 43 49 51 54 55 56 57 58 60 61 62 64 66 68 70 72 74 78 80 82 85 86 87 89
# 39
t # 6
v 0 1
v 1 20
v 2 44
e 0 1 24 # 
e 0 2 56 # 
x 0 4 6 9 11 13 15 16 18 20 21 23 24 25 28 29 30 36 38 39 49 51 55 56 57 58 60 61 62 66 68 70 72 74 78 80 82 87 89
# 35
t # 7
v 0 1
v 1 20
v 2 44
v 3 105
e 0 1 24 # 
e 0 2 56 # 
e 0 3 147 # 
x 0 4 6 9 11 13 15 16 18 20 21 23 25 28 29 30 36 38 39 51 55 56 57 60 61 62 66 68 70 72 78 80 82 87 89
# 34
t # 8
v 0 1
v 1 20
v 2 44
v 3 105
v 4 7
e 0 1 24 # 
e 0 2 56 # 
e 0 3 147 # 
e 0 4 8 # 
x 0 4 6 9 11 13 15 16 18 20 21 23 25 29 30 36 38 39 51 55 56 57 60 61 62 66 68 70 72 78 80 82 87 89
# 38
t # 9
v 0 1
v 1 20
v 2 44
v 3 7
e 0 1 24 # 
e 0 2 56 # 
e 0 3 8 # 
x 0 4 6 9 11 13 15 16 18 20 21 23 24 25 29 30 36 38 39 49 51 55 56 57 58 60 61 62 66 68 70 72 74 78 80 82 87 89
# 43
t # 10
v 0 1
v 1 20
v 2 105
e 0 1 24 # 
e 0 2 147 # 
x 0 2 3 4 6 9 11 13 15 16 17 18 20 21 23 25 28 29 30 31 36 38 39 41 42 51 55 56 57 60 61 62 64 66 68 70 72 78 80 82 85 87 89
# 22
t # 11
v 0 1
v 1 20
v 2 105
v 3 47
e 0 1 24 # 
e 0 2 147 # 
e 2 3 148 # 
x 0 3 9 11 13 18 21 25 29 30 31 41 42 51 55 57 61 62 68 70 82 87
# 18
t # 12
v 0 1
v 1 20
v 2 105
v 3 47
v 4 44
e 0 1 24 # 
e 0 2 147 # 
e 0 4 56 # 
e 2 3 148 # 
x 0 9 11 13 18 21 25 29 30 51 55 57 61 62 68 70 82 87
# 18
t # 13
v 0 1
v 1 20
v 2 105
v 3 47
v 4 44
v 5 7
e 0 1 24 # 
e 0 2 147 # 
e 0 4 56 # 
e 0 5 8 # 
e 2 3 148 # 
x 0 9 11 13 18 21 25 29 30 51 55 57 61 62 68 70 82 87
# 18
t # 14
v 0 1
v 1 20
v 2 105
v 3 47
v 4 44
v 5 7
e 0 1 24 # 
e 0 2 147 # 
e 0 4 56 # 
e 0 5 8 # 
e 2 3 148 # 
e 3 5 115 # 
x 0 9 11 13 18 21 25 29 30 51 55 57 61 62 68 70 82 87
# 21
t # 15
v 0 1
v 1 20
v 2 105
v 3 47
v 4 7
e 0 1 24 # 
e 0 2 147 # 
e 0 4 8 # 
e 2 3 148 # 
x 0 9 11 13 18 21 25 29 30 31 41 42 51 55 57 61 62 68 70 82 87
# 21
t # 16
v 0 1
v 1 20
v 2 105
v 3 47
v 4 7
e 0 1 24 # 
e 0 2 147 # 
e 0 4 8 # 
e 2 3 148 # 
e 3 4 115 # 
x 0 9 11 13 18 21 25 29 30 31 41 42 51 55 57 61 62 68 70 82 87
# 41
t # 17
v 0 1
v 1 20
v 2 105
v 3 7
e 0 1 24 # 
e 0 2 147 # 
e 0 3 8 # 
x 0 2 4 6 9 11 13 15 16 17 18 20 21 23 25 29 30 31 36 38 39 41 42 51 55 56 57 60 61 62 64 66 68 70 72 78 80 82 85 87 89
# 65
t # 18
v 0 1
v 1 44
e 0 1 56 # 
x 0 4 5 6 7 8 9 11 12 13 14 15 16 18 20 21 22 23 24 25 28 29 30 32 33 34 36 37 38 39 45 47 48 49 50 51 52 53 55 56 57 58 60 61 62 63 65 66 67 68 69 70 71 72 73 74 75 76 77 78 80 82 87 88 89
# 58
t # 19
v 0 1
v 1 44
v 2 105
e 0 1 56 # 
e 0 2 147 # 
x 0 4 5 6 7 9 11 12 13 14 15 16 18 20 21 22 23 25 28 29 30 32 33 34 36 37 38 39 45 47 48 50 51 52 55 56 57 60 61 62 63 65 66 67 68 69 70 71 72 73 75 76 78 80 82 87 88 89
# 19
t # 20
v 0 1
v 1 44
v 2 105
v 3 63
e 0 1 56 # 
e 0 2 147 # 
e 2 3 1912 # 
x 5 6 15 16 18 20 22 33 36 38 45 50 60 69 76 78 80 88 89
# 30
t # 21
v 0 1
v 1 44
v 2 105
v 3 47
e 0 1 56 # 
e 0 2 147 # 
e 2 3 148 # 
x 0 7 9 11 12 13 14 18 21 25 29 30 32 34 47 51 55 57 61 62 63 65 67 68 70 71 73 75 82 87
# 30
t # 22
v 0 1
v 1 44
v 2 105
v 3 47
v 4 7
e 0 1 56 # 
e 0 2 147 # 
e 0 4 8 # 
e 2 3 148 # 
x 0 7 9 11 12 13 14 18 21 25 29 30 32 34 47 51 55 57 61 62 63 65 67 68 70 71 73 75 82 87
# 30
t # 23
v 0 1
v 1 44
v 2 105
v 3 47
v 4 7
e 0 1 56 # 
e 0 2 147 # 
e 0 4 8 # 
e 2 3 148 # 
e 3 4 115 # 
x 0 7 9 11 12 13 14 18 21 25 29 30 32 34 47 51 55 57 61 62 63 65 67 68 70 71 73 75 82 87
# 55
t # 24
v 0 1
v 1 44
v 2 105
v 3 7
e 0 1 56 # 
e 0 2 147 # 
e 0 3 8 # 
x 0 4 5 6 7 9 11 12 13 14 15 16 18 20 21 23 25 29 30 32 33 34 36 37 38 39 45 47 48 50 51 52 55 56 57 60 61 62 63 65 66 67 68 70 71 72 73 75 76 78 80 82 87 88 89
# 26
t # 25
v 0 1
v 1 44
v 2 105
v 3 831
e 0 1 56 # 
e 0 2 147 # 
e 1 3 1937 # 
x 5 6 12 15 20 29 30 33 38 47 51 52 56 62 63 66 67 68 71 72 73 75 76 87 88 89
# 26
t # 26
v 0 1
v 1 44
v 2 105
v 3 831
v 4 7
e 0 1 56 # 
e 0 2 147 # 
e 0 4 8 # 
e 1 3 1937 # 
x 5 6 12 15 20 29 30 33 38 47 51 52 56 62 63 66 67 68 71 72 73 75 76 87 88 89
# 20
t # 27
v 0 1
v 1 44
v 2 52
e 0 1 56 # 
e 1 2 59 # 
x 0 5 6 7 11 12 15 20 21 32 38 52 53 62 66 70 75 76 82 88
# 19
t # 28
v 0 1
v 1 44
v 2 52
v 3 105
e 0 1 56 # 
e 0 3 147 # 
e 1 2 59 # 
x 0 5 6 7 11 12 15 20 21 32 38 52 62 66 70 75 76 82 88
# 19
t # 29
v 0 1
v 1 44
v 2 52
v 3 105
v 4 7
e 0 1 56 # 
e 0 3 147 # 
e 0 4 8 # 
e 1 2 59 # 
x 0 5 6 7 11 12 15 20 21 32 38 52 62 66 70 75 76 82 88
# 21
t # 30
v 0 1
v 1 44
v 2 47
e 0 1 56 # 
e 1 2 52 # 
x 0 4 5 7 9 11 13 14 21 25 29 30 32 47 53 71 72 73 77 78 89
# 19
t # 31
v 0 1
v 1 44
v 2 47
v 3 105
e 0 1 56 # 
e 0 3 147 # 
e 1 2 52 # 
x 0 4 5 7 9 11 13 14 21 25 29 30 32 47 71 72 73 78 89
# 19
t # 32
v 0 1
v 1 44
v 2 47
v 3 105
v 4 7
e 0 1 56 # 
e 0 3 147 # 
e 0 4 8 # 
e 1 2 52 # 
x 0 4 5 7 9 11 13 14 21 25 29 30 32 47 71 72 73 78 89
# 19
t # 33
v 0 1
v 1 44
v 2 47
v 3 105
v 4 7
e 0 1 56 # 
e 0 3 147 # 
e 0 4 8 # 
e 1 2 52 # 
e 2 4 115 # 
x 0 4 5 7 9 11 13 14 21 25 29 30 32 47 71 72 73 78 89
# 21
t # 34
v 0 1
v 1 44
v 2 47
v 3 7
e 0 1 56 # 
e 1 2 52 # 
e 2 3 115 # 
x 0 4 5 7 9 11 13 14 21 25 29 30 32 47 53 71 72 73 77 78 89
# 21
t # 35
v 0 1
v 1 44
v 2 47
v 3 7
e 0 1 56 # 
e 0 3 8 # 
e 1 2 52 # 
e 2 3 115 # 
x 0 4 5 7 9 11 13 14 21 25 29 30 32 47 53 71 72 73 77 78 89
# 19
t # 36
v 0 1
v 1 44
v 2 47
v 3 7
v 4 105
e 0 1 56 # 
e 0 4 147 # 
e 1 2 52 # 
e 2 3 115 # 
x 0 4 5 7 9 11 13 14 21 25 29 30 32 47 71 72 73 78 89
# 28
t # 37
v 0 1
v 1 44
v 2 48
e 0 1 56 # 
e 1 2 53 # 
x 0 7 8 13 16 18 20 21 22 23 25 29 33 45 51 53 55 63 69 70 71 73 74 76 77 78 87 88
# 24
t # 38
v 0 1
v 1 44
v 2 48
v 3 105
e 0 1 56 # 
e 0 3 147 # 
e 1 2 53 # 
x 0 7 13 16 18 20 21 22 23 25 29 33 45 51 55 63 69 70 71 73 76 78 87 88
# 22
t # 39
v 0 1
v 1 44
v 2 48
v 3 105
v 4 7
e 0 1 56 # 
e 0 3 147 # 
e 0 4 8 # 
e 1 2 53 # 
x 0 7 13 16 18 20 21 23 25 29 33 45 51 55 63 70 71 73 76 78 87 88
# 29
t # 40
v 0 1
v 1 44
v 2 831
e 0 1 56 # 
e 1 2 1937 # 
x 5 6 8 12 15 20 29 30 33 38 47 51 52 56 62 63 66 67 68 71 72 73 74 75 76 77 87 88 89
# 70
t # 41
v 0 1
v 1 105
e 0 1 147 # 
x 0 2 3 4 5 6 7 9 10 11 12 13 14 15 16 17 18 20 21 22 23 25 28 29 30 31 32 33 34 36 37 38 39 41 42 44 45 47 48 50 51 52 55 56 57 60 61 62 63 64 65 66 67 68 69 70 71 72 73 75 76 78 79 80 82 84 85 87 88 89
# 20
t # 42
v 0 1
v 1 105
v 2 63
e 0 1 147 # 
e 1 2 1912 # 
x 5 6 10 15 16 18 20 22 33 36 38 45 50 60 69 76 78 80 88 89
# 20
t # 43
v 0 1
v 1 105
v 2 63
v 3 7
e 0 1 147 # 
e 1 2 1912 # 
e 2 3 367 # 
x 5 6 10 15 16 18 20 22 33 36 38 45 50 60 69 76 78 80 88 89
# 18
t # 44
v 0 1
v 1 105
v 2 63
v 3 7
e 0 1 147 # 
e 0 3 8 # 
e 1 2 1912 # 
e 2 3 367 # 
x 5 6 10 15 16 18 20 33 36 38 45 50 60 76 78 80 88 89
# 19
t # 45
v 0 1
v 1 105
v 2 63
v 3 7
v 4 44
e 0 1 147 # 
e 0 4 56 # 
e 1 2 1912 # 
e 2 3 367 # 
x 5 6 15 16 18 20 22 33 36 38 45 50 60 69 76 78 80 88 89
# 18
t # 46
v 0 1
v 1 105
v 2 63
v 3 7
v 4 3
e 0 1 147 # 
e 1 2 1912 # 
e 2 3 367 # 
e 3 4 22 # 
x 5 6 15 16 18 20 33 36 38 45 50 60 69 76 78 80 88 89
# 18
t # 47
v 0 1
v 1 105
v 2 63
v 3 7
v 4 3
v 5 44
e 0 1 147 # 
e 0 5 56 # 
e 1 2 1912 # 
e 2 3 367 # 
e 3 4 22 # 
x 5 6 15 16 18 20 33 36 38 45 50 60 69 76 78 80 88 89
# 35
t # 48
v 0 1
v 1 105
v 2 47
e 0 1 147 # 
e 1 2 148 # 
x 0 3 7 9 11 12 13 14 18 21 25 29 30 31 32 34 41 42 44 47 51 55 57 61 62 63 65 67 68 70 71 73 75 82 87
# 35
t # 49
v 0 1
v 1 105
v 2 47
v 3 7
e 0 1 147 # 
e 1 2 148 # 
e 2 3 115 # 
x 0 3 7 9 11 12 13 14 18 21 25 29 30 31 32 34 41 42 44 47 51 55 57 61 62 63 65 67 68 70 71 73 75 82 87
# 34
t # 50
v 0 1
v 1 105
v 2 47
v 3 7
e 0 1 147 # 
e 0 3 8 # 
e 1 2 148 # 
e 2 3 115 # 
x 0 7 9 11 12 13 14 18 21 25 29 30 31 32 34 41 42 44 47 51 55 57 61 62 63 65 67 68 70 71 73 75 82 87
# 22
t # 51
v 0 1
v 1 105
v 2 47
v 3 7
v 4 20
e 0 1 147 # 
e 0 4 24 # 
e 1 2 148 # 
e 2 3 115 # 
x 0 3 9 11 13 18 21 25 29 30 31 41 42 51 55 57 61 62 68 70 82 87
# 18
t # 52
v 0 1
v 1 105
v 2 47
v 3 7
v 4 20
v 5 44
e 0 1 147 # 
e 0 4 24 # 
e 0 5 56 # 
e 1 2 148 # 
e 2 3 115 # 
x 0 9 11 13 18 21 25 29 30 51 55 57 61 62 68 70 82 87
# 30
t # 53
v 0 1
v 1 105
v 2 47
v 3 7
v 4 44
e 0 1 147 # 
e 0 4 56 # 
e 1 2 148 # 
e 2 3 115 # 
x 0 7 9 11 12 13 14 18 21 25 29 30 32 34 47 51 55 57 61 62 63 65 67 68 70 71 73 75 82 87
# 20
t # 54
v 0 1
v 1 105
v 2 47
v 3 7
v 4 44
v 5 98
e 0 1 147 # 
e 0 4 56 # 
e 1 2 148 # 
e 2 3 115 # 
e 3 5 313 # 
x 0 7 9 14 21 25 29 30 32 34 51 55 57 61 63 65 71 73 75 82
# 22
t # 55
v 0 1
v 1 105
v 2 47
v 3 7
v 4 35
e 0 1 147 # 
e 1 2 148 # 
e 2 3 115 # 
e 3 4 41 # 
x 0 9 11 12 18 29 30 34 41 47 51 55 57 61 62 63 67 70 71 73 75 87
# 21
t # 56
v 0 1
v 1 105
v 2 47
v 3 7
v 4 35
v 5 44
e 0 1 147 # 
e 0 5 56 # 
e 1 2 148 # 
e 2 3 115 # 
e 3 4 41 # 
x 0 9 11 12 18 29 30 34 47 51 55 57 61 62 63 67 70 71 73 75 87
# 25
t # 57
v 0 1
v 1 105
v 2 47
v 3 7
v 4 98
e 0 1 147 # 
e 1 2 148 # 
e 2 3 115 # 
e 3 4 313 # 
x 0 3 7 9 14 21 25 29 30 31 32 34 41 42 44 51 55 57 61 63 65 71 73 75 82
# 18
t # 58
v 0 1
v 1 105
v 2 47
v 3 7
v 4 98
v 5 3
e 0 1 147 # 
e 1 2 148 # 
e 2 3 115 # 
e 3 4 313 # 
e 3 5 22 # 
x 0 3 7 14 21 29 30 31 34 44 51 55 61 63 65 71 73 82
# 26
t # 59
v 0 1
v 1 105
v 2 47
v 3 7
v 4 3
e 0 1 147 # 
e 1 2 148 # 
e 2 3 115 # 
e 3 4 22 # 
x 0 3 7 12 13 14 18 21 29 30 31 34 44 47 51 55 61 62 63 65 67 70 71 73 82 87
# 23
t # 60
v 0 1
v 1 105
v 2 47
v 3 7
v 4 3
v 5 44
e 0 1 147 # 
e 0 5 56 # 
e 1 2 148 # 
e 2 3 115 # 
e 3 4 22 # 
x 0 7 12 13 14 18 21 29 30 34 47 51 55 61 62 63 65 67 70 71 73 82 87
# 75
t # 61
v 0 1
v 1 7
e 0 1 8 # 
x 0 2 4 5 6 7 8 9 10 11 12 13 14 15 16 17 18 20 21 23 24 25 27 29 30 31 32 33 34 36 37 38 39 41 42 44 45 47 48 49 50 51 52 53 54 55 56 57 58 60 61 62 63 64 65 66 67 68 70 71 72 73 74 75 76 77 78 79 80 82 84 85 87 88 89
# 18
t # 62
v 0 1
v 1 7
v 2 744
e 0 1 8 # 
e 0 2 1700 # 
x 4 6 23 36 39 54 56 57 60 61 67 71 73 76 80 82 85 89
# 20
t # 63
v 0 1
v 1 7
v 2 48
e 0 1 8 # 
e 0 2 1849 # 
x 5 6 9 10 16 20 23 31 33 45 49 50 54 58 60 64 66 72 80 84
# 46
t # 64
v 0 1
v 1 7
v 2 20
e 0 1 8 # 
e 0 2 24 # 
x 0 2 4 6 9 11 13 15 16 17 18 20 21 23 24 25 29 30 31 36 38 39 41 42 49 51 54 55 56 57 58 60 61 62 64 66 68 70 72 74 78 80 82 85 87 89
# 20
t # 65
v 0 1
v 1 7
v 2 20
v 3 21
e 0 1 8 # 
e 0 2 24 # 
e 1 3 27 # 
x 0 4 6 15 18 20 21 23 24 30 31 38 39 56 58 62 72 82 87 89
# 19
t # 66
v 0 1
v 1 7
v 2 20
v 3 21
v 4 44
e 0 1 8 # 
e 0 2 24 # 
e 0 4 56 # 
e 1 3 27 # 
x 0 4 6 15 18 20 21 23 24 30 38 39 56 58 62 72 82 87 89
# 18
t # 67
v 0 1
v 1 7
v 2 20
v 3 21
v 4 105
e 0 1 8 # 
e 0 2 24 # 
e 0 4 147 # 
e 1 3 27 # 
x 0 4 6 15 18 20 21 23 30 31 38 39 56 62 72 82 87 89
# 20
t # 68
v 0 1
v 1 7
v 2 20
v 3 21
v 4 3
e 0 1 8 # 
e 0 2 24 # 
e 1 3 27 # 
e 1 4 22 # 
x 0 4 6 15 18 20 21 23 24 30 31 38 39 56 58 62 72 82 87 89
# 18
t # 69
v 0 1
v 1 7
v 2 20
v 3 21
v 4 3
v 5 105
e 0 1 8 # 
e 0 2 24 # 
e 0 5 147 # 
e 1 3 27 # 
e 1 4 22 # 
x 0 4 6 15 18 20 21 23 30 31 38 39 56 62 72 82 87 89
# 19
t # 70
v 0 1
v 1 7
v 2 20
v 3 21
v 4 3
v 5 44
e 0 1 8 # 
e 0 2 24 # 
e 0 5 56 # 
e 1 3 27 # 
e 1 4 22 # 
x 0 4 6 15 18 20 21 23 24 30 38 39 56 58 62 72 82 87 89
# 24
t # 71
v 0 1
v 1 7
v 2 20
v 3 63
e 0 1 8 # 
e 0 2 24 # 
e 1 3 367 # 
x 0 6 9 15 16 18 20 21 23 29 36 38 41 56 57 60 61 62 68 70 74 78 80 89
# 23
t # 72
v 0 1
v 1 7
v 2 20
v 3 63
v 4 44
e 0 1 8 # 
e 0 2 24 # 
e 0 4 56 # 
e 1 3 367 # 
x 0 6 9 15 16 18 20 21 23 29 36 38 56 57 60 61 62 68 70 74 78 80 89
# 22
t # 73
v 0 1
v 1 7
v 2 20
v 3 63
v 4 44
v 5 105
e 0 1 8 # 
e 0 2 24 # 
e 0 4 56 # 
e 0 5 147 # 
e 1 3 367 # 
x 0 6 9 15 16 18 20 21 23 29 36 38 56 57 60 61 62 68 70 78 80 89
# 23
t # 74
v 0 1
v 1 7
v 2 20
v 3 63
v 4 105
e 0 1 8 # 
e 0 2 24 # 
e 0 4 147 # 
e 1 3 367 # 
x 0 6 9 15 16 18 20 21 23 29 36 38 41 56 57 60 61 62 68 70 78 80 89
# 19
t # 75
v 0 1
v 1 7
v 2 20
v 3 63
v 4 3
e 0 1 8 # 
e 0 2 24 # 
e 1 3 367 # 
e 1 4 22 # 
x 0 6 15 16 18 20 21 23 29 36 38 56 60 61 62 70 78 80 89
# 19
t # 76
v 0 1
v 1 7
v 2 20
v 3 63
v 4 3
v 5 105
e 0 1 8 # 
e 0 2 24 # 
e 0 5 147 # 
e 1 3 367 # 
e 1 4 22 # 
x 0 6 15 16 18 20 21 23 29 36 38 56 60 61 62 70 78 80 89
# 19
t # 77
v 0 1
v 1 7
v 2 20
v 3 63
v 4 3
v 5 44
e 0 1 8 # 
e 0 2 24 # 
e 0 5 56 # 
e 1 3 367 # 
e 1 4 22 # 
x 0 6 15 16 18 20 21 23 29 36 38 56 60 61 62 70 78 80 89
# 19
t # 78
v 0 1
v 1 7
v 2 20
v 3 63
v 4 3
v 5 44
v 6 105
e 0 1 8 # 
e 0 2 24 # 
e 0 5 56 # 
e 0 6 147 # 
e 1 3 367 # 
e 1 4 22 # 
x 0 6 15 16 18 20 21 23 29 36 38 56 60 61 62 70 78 80 89
# 20
t # 79
v 0 1
v 1 7
v 2 20
v 3 63
v 4 47
e 0 1 8 # 
e 0 2 24 # 
e 1 3 367 # 
e 1 4 115 # 
x 0 9 15 16 18 20 21 29 38 41 56 57 61 62 68 70 74 78 80 89
# 19
t # 80
v 0 1
v 1 7
v 2 20
v 3 63
v 4 47
v 5 105
e 0 1 8 # 
e 0 2 24 # 
e 0 5 147 # 
e 1 3 367 # 
e 1 4 115 # 
x 0 9 15 16 18 20 21 29 38 41 56 57 61 62 68 70 78 80 89
# 19
t # 81
v 0 1
v 1 7
v 2 20
v 3 63
v 4 47
v 5 44
e 0 1 8 # 
e 0 2 24 # 
e 0 5 56 # 
e 1 3 367 # 
e 1 4 115 # 
x 0 9 15 16 18 20 21 29 38 56 57 61 62 68 70 74 78 80 89
# 18
t # 82
v 0 1
v 1 7
v 2 20
v 3 63
v 4 47
v 5 44
v 6 105
e 0 1 8 # 
e 0 2 24 # 
e 0 5 56 # 
e 0 6 147 # 
e 1 3 367 # 
e 1 4 115 # 
x 0 9 15 16 18 20 21 29 38 56 57 61 62 68 70 78 80 89
# 25
t # 83
v 0 1
v 1 7
v 2 20
v 3 35
e 0 1 8 # 
e 0 2 24 # 
e 1 3 41 # 
x 0 6 9 11 15 18 20 29 30 38 41 51 54 55 56 57 58 61 62 66 70 72 80 87 89
# 23
t # 84
v 0 1
v 1 7
v 2 20
v 3 35
v 4 44
e 0 1 8 # 
e 0 2 24 # 
e 0 4 56 # 
e 1 3 41 # 
x 0 6 9 11 15 18 20 29 30 38 51 55 56 57 58 61 62 66 70 72 80 87 89
# 22
t # 85
v 0 1
v 1 7
v 2 20
v 3 35
v 4 44
v 5 105
e 0 1 8 # 
e 0 2 24 # 
e 0 4 56 # 
e 0 5 147 # 
e 1 3 41 # 
x 0 6 9 11 15 18 20 29 30 38 51 55 56 57 61 62 66 70 72 80 87 89
# 23
t # 86
v 0 1
v 1 7
v 2 20
v 3 35
v 4 105
e 0 1 8 # 
e 0 2 24 # 
e 0 4 147 # 
e 1 3 41 # 
x 0 6 9 11 15 18 20 29 30 38 41 51 55 56 57 61 62 66 70 72 80 87 89
# 19
t # 87
v 0 1
v 1 7
v 2 20
v 3 35
v 4 3
e 0 1 8 # 
e 0 2 24 # 
e 1 3 41 # 
e 1 4 22 # 
x 0 6 15 18 20 29 30 38 51 55 56 58 61 62 70 72 80 87 89
# 18
t # 88
v 0 1
v 1 7
v 2 20
v 3 35
v 4 3
v 5 105
e 0 1 8 # 
e 0 2 24 # 
e 0 5 147 # 
e 1 3 41 # 
e 1 4 22 # 
x 0 6 15 18 20 29 30 38 51 55 56 61 62 70 72 80 87 89
# 19
t # 89
v 0 1
v 1 7
v 2 20
v 3 35
v 4 3
v 5 44
e 0 1 8 # 
e 0 2 24 # 
e 0 5 56 # 
e 1 3 41 # 
e 1 4 22 # 
x 0 6 15 18 20 29 30 38 51 55 56 58 61 62 70 72 80 87 89
# 18
t # 90
v 0 1
v 1 7
v 2 20
v 3 35
v 4 3
v 5 44
v 6 105
e 0 1 8 # 
e 0 2 24 # 
e 0 5 56 # 
e 0 6 147 # 
e 1 3 41 # 
e 1 4 22 # 
x 0 6 15 18 20 29 30 38 51 55 56 61 62 70 72 80 87 89
# 18
t # 91
v 0 1
v 1 7
v 2 20
v 3 35
v 4 3
v 5 47
e 0 1 8 # 
e 0 2 24 # 
e 1 3 41 # 
e 1 4 22 # 
e 1 5 115 # 
x 0 15 18 20 29 30 38 51 55 56 58 61 62 70 72 80 87 89
# 18
t # 92
v 0 1
v 1 7
v 2 20
v 3 35
v 4 3
v 5 47
v 6 44
e 0 1 8 # 
e 0 2 24 # 
e 0 6 56 # 
e 1 3 41 # 
e 1 4 22 # 
e 1 5 115 # 
x 0 15 18 20 29 30 38 51 55 56 58 61 62 70 72 80 87 89
# 24
t # 93
v 0 1
v 1 7
v 2 20
v 3 35
v 4 47
e 0 1 8 # 
e 0 2 24 # 
e 1 3 41 # 
e 1 4 115 # 
x 0 9 11 15 18 20 29 30 38 41 51 54 55 56 57 58 61 62 66 70 72 80 87 89
# 22
t # 94
v 0 1
v 1 7
v 2 20
v 3 35
v 4 47
v 5 105
e 0 1 8 # 
e 0 2 24 # 
e 0 5 147 # 
e 1 3 41 # 
e 1 4 115 # 
x 0 9 11 15 18 20 29 30 38 41 51 55 56 57 61 62 66 70 72 80 87 89
# 22
t # 95
v 0 1
v 1 7
v 2 20
v 3 35
v 4 47
v 5 44
e 0 1 8 # 
e 0 2 24 # 
e 0 5 56 # 
e 1 3 41 # 
e 1 4 115 # 
x 0 9 11 15 18 20 29 30 38 51 55 56 57 58 61 62 66 70 72 80 87 89
# 21
t # 96
v 0 1
v 1 7
v 2 20
v 3 35
v 4 47
v 5 44
v 6 105
e 0 1 8 # 
e 0 2 24 # 
e 0 5 56 # 
e 0 6 147 # 
e 1 3 41 # 
e 1 4 115 # 
x 0 9 11 15 18 20 29 30 38 51 55 56 57 61 62 66 70 72 80 87 89
# 26
t # 97
v 0 1
v 1 7
v 2 20
v 3 98
e 0 1 8 # 
e 0 2 24 # 
e 1 3 313 # 
x 0 2 4 9 17 21 25 29 30 31 36 38 39 41 42 49 51 55 57 58 61 72 78 80 82 89
# 21
t # 98
v 0 1
v 1 7
v 2 20
v 3 98
v 4 44
e 0 1 8 # 
e 0 2 24 # 
e 0 4 56 # 
e 1 3 313 # 
x 0 4 9 21 25 29 30 36 38 39 49 51 55 57 58 61 72 78 80 82 89
# 19
t # 99
v 0 1
v 1 7
v 2 20
v 3 98
v 4 44
v 5 105
e 0 1 8 # 
e 0 2 24 # 
e 0 4 56 # 
e 0 5 147 # 
e 1 3 313 # 
x 0 4 9 21 25 29 30 36 38 39 51 55 57 61 72 78 80 82 89
# 24
t # 100
v 0 1
v 1 7
v 2 20
v 3 98
v 4 105
e 0 1 8 # 
e 0 2 24 # 
e 0 4 147 # 
e 1 3 313 # 
x 0 2 4 9 17 21 25 29 30 31 36 38 39 41 42 51 55 57 61 72 78 80 82 89
# 18
t # 101
v 0 1
v 1 7
v 2 20
v 3 98
v 4 3
e 0 1 8 # 
e 0 2 24 # 
e 1 3 313 # 
e 1 4 22 # 
x 0 4 21 29 30 31 36 38 39 51 55 58 61 72 78 80 82 89
# 25
t # 102
v 0 1
v 1 7
v 2 20
v 3 98
v 4 47
e 0 1 8 # 
e 0 2 24 # 
e 1 3 313 # 
e 1 4 115 # 
x 0 2 4 9 17 21 25 29 30 31 38 39 41 42 49 51 55 57 58 61 72 78 80 82 89
# 23
t # 103
v 0 1
v 1 7
v 2 20
v 3 98
v 4 47
v 5 105
e 0 1 8 # 
e 0 2 24 # 
e 0 5 147 # 
e 1 3 313 # 
e 1 4 115 # 
x 0 2 4 9 17 21 25 29 30 31 38 39 41 42 51 55 57 61 72 78 80 82 89
# 20
t # 104
v 0 1
v 1 7
v 2 20
v 3 98
v 4 47
v 5 44
e 0 1 8 # 
e 0 2 24 # 
e 0 5 56 # 
e 1 3 313 # 
e 1 4 115 # 
x 0 4 9 21 25 29 30 38 39 49 51 55 57 58 61 72 78 80 82 89
# 18
t # 105
v 0 1
v 1 7
v 2 20
v 3 98
v 4 47
v 5 44
v 6 105
e 0 1 8 # 
e 0 2 24 # 
e 0 5 56 # 
e 0 6 147 # 
e 1 3 313 # 
e 1 4 115 # 
x 0 4 9 21 25 29 30 38 39 51 55 57 61 72 78 80 82 89
# 41
t # 106
v 0 1
v 1 7
v 2 20
v 3 47
e 0 1 8 # 
e 0 2 24 # 
e 1 3 115 # 
x 0 2 4 9 11 13 15 16 17 18 20 21 25 29 30 31 38 39 41 42 49 51 54 55 56 57 58 61 62 64 66 68 70 72 74 78 80 82 85 87 89
# 33
t # 107
v 0 1
v 1 7
v 2 20
v 3 47
v 4 44
e 0 1 8 # 
e 0 2 24 # 
e 0 4 56 # 
e 1 3 115 # 
x 0 4 9 11 13 15 16 18 20 21 25 29 30 38 39 49 51 55 56 57 58 61 62 66 68 70 72 74 78 80 82 87 89
# 30
t # 108
v 0 1
v 1 7
v 2 20
v 3 47
v 4 44
v 5 105
e 0 1 8 # 
e 0 2 24 # 
e 0 4 56 # 
e 0 5 147 # 
e 1 3 115 # 
x 0 4 9 11 13 15 16 18 20 21 25 29 30 38 39 51 55 56 57 61 62 66 68 70 72 78 80 82 87 89
# 37
t # 109
v 0 1
v 1 7
v 2 20
v 3 47
v 4 105
e 0 1 8 # 
e 0 2 24 # 
e 0 4 147 # 
e 1 3 115 # 
x 0 2 4 9 11 13 15 16 17 18 20 21 25 29 30 31 38 39 41 42 51 55 56 57 61 62 64 66 68 70 72 78 80 82 85 87 89
# 18
t # 110
v 0 1
v 1 7
v 2 20
v 3 47
v 4 48
e 0 1 8 # 
e 0 2 24 # 
e 1 3 115 # 
e 3 4 687 # 
x 2 16 17 21 31 39 41 42 54 56 61 62 68 70 80 82 85 87
# 18
t # 111
v 0 1
v 1 7
v 2 20
v 3 47
v 4 48
e 0 1 8 # 
e 0 2 24 # 
e 1 3 115 # 
e 3 4 688 # 
x 2 9 16 21 31 39 41 42 54 56 61 62 68 70 80 82 85 87
# 21
t # 112
v 0 1
v 1 7
v 2 20
v 3 47
v 4 105
e 0 1 8 # 
e 0 2 24 # 
e 1 3 115 # 
e 3 4 148 # 
x 0 9 11 13 18 21 25 29 30 31 41 42 51 55 57 61 62 68 70 82 87
# 18
t # 113
v 0 1
v 1 7
v 2 20
v 3 47
v 4 105
v 5 44
e 0 1 8 # 
e 0 2 24 # 
e 0 5 56 # 
e 1 3 115 # 
e 3 4 148 # 
x 0 9 11 13 18 21 25 29 30 51 55 57 61 62 68 70 82 87
# 62
t # 114
v 0 1
v 1 7
v 2 44
e 0 1 8 # 
e 0 2 56 # 
x 0 4 5 6 7 8 9 11 12 13 14 15 16 18 20 21 23 24 25 29 30 32 33 34 36 37 38 39 45 47 48 49 50 51 52 53 55 56 57 58 60 61 62 63 65 66 67 68 70 71 72 73 74 75 76 77 78 80 82 87 88 89
# 20
t # 115
v 0 1
v 1 7
v 2 44
v 3 52
e 0 1 8 # 
e 0 2 56 # 
e 2 3 59 # 
x 0 5 6 7 11 12 15 20 21 32 38 52 53 62 66 70 75 76 82 88
# 21
t # 116
v 0 1
v 1 7
v 2 44
v 3 47
e 0 1 8 # 
e 0 2 56 # 
e 2 3 52 # 
x 0 4 5 7 9 11 13 14 21 25 29 30 32 47 53 71 72 73 77 78 89
# 26
t # 117
v 0 1
v 1 7
v 2 44
v 3 48
e 0 1 8 # 
e 0 2 56 # 
e 2 3 53 # 
x 0 7 8 13 16 18 20 21 23 25 29 33 45 51 53 55 63 70 71 73 74 76 77 78 87 88
# 29
t # 118
v 0 1
v 1 7
v 2 44
v 3 831
e 0 1 8 # 
e 0 2 56 # 
e 2 3 1937 # 
x 5 6 8 12 15 20 29 30 33 38 47 51 52 56 62 63 66 67 68 71 72 73 74 75 76 77 87 88 89
# 31
t # 119
v 0 1
v 1 7
v 2 44
v 3 63
e 0 1 8 # 
e 0 2 56 # 
e 1 3 367 # 
x 0 5 6 9 15 16 18 20 21 23 29 33 36 38 45 48 50 56 57 60 61 62 63 68 70 74 76 78 80 88 89
# 30
t # 120
v 0 1
v 1 7
v 2 44
v 3 63
v 4 105
e 0 1 8 # 
e 0 2 56 # 
e 0 4 147 # 
e 1 3 367 # 
x 0 5 6 9 15 16 18 20 21 23 29 33 36 38 45 48 50 56 57 60 61 62 63 68 70 76 78 80 88 89
# 20
t # 121
v 0 1
v 1 7
v 2 44
v 3 63
v 4 35
e 0 1 8 # 
e 0 2 56 # 
e 1 3 367 # 
e 1 4 41 # 
x 0 5 6 9 15 18 20 29 38 45 56 57 61 62 63 70 76 80 88 89
# 20
t # 122
v 0 1
v 1 7
v 2 44
v 3 63
v 4 35
v 5 105
e 0 1 8 # 
e 0 2 56 # 
e 0 5 147 # 
e 1 3 367 # 
e 1 4 41 # 
x 0 5 6 9 15 18 20 29 38 45 56 57 61 62 63 70 76 80 88 89
# 18
t # 123
v 0 1
v 1 7
v 2 44
v 3 63
v 4 35
v 5 47
e 0 1 8 # 
e 0 2 56 # 
e 1 3 367 # 
e 1 4 41 # 
e 1 5 115 # 
x 0 5 9 15 18 20 29 38 56 57 61 62 63 70 76 80 88 89
# 18
t # 124
v 0 1
v 1 7
v 2 44
v 3 63
v 4 35
v 5 3
e 0 1 8 # 
e 0 2 56 # 
e 1 3 367 # 
e 1 4 41 # 
e 1 5 22 # 
x 0 5 6 15 18 20 29 38 45 56 61 62 63 70 76 80 88 89
# 27
t # 125
v 0 1
v 1 7
v 2 44
v 3 63
v 4 3
e 0 1 8 # 
e 0 2 56 # 
e 1 3 367 # 
e 1 4 22 # 
x 0 5 6 15 16 18 20 21 23 29 33 36 38 45 48 50 56 60 61 62 63 70 76 78 80 88 89
# 27
t # 126
v 0 1
v 1 7
v 2 44
v 3 63
v 4 3
v 5 105
e 0 1 8 # 
e 0 2 56 # 
e 0 5 147 # 
e 1 3 367 # 
e 1 4 22 # 
x 0 5 6 15 16 18 20 21 23 29 33 36 38 45 48 50 56 60 61 62 63 70 76 78 80 88 89
# 22
t # 127
v 0 1
v 1 7
v 2 44
v 3 63
v 4 3
v 5 47
e 0 1 8 # 
e 0 2 56 # 
e 1 3 367 # 
e 1 4 22 # 
e 1 5 115 # 
x 0 5 15 16 18 20 21 29 33 38 48 50 56 61 62 63 70 76 78 80 88 89
# 22
t # 128
v 0 1
v 1 7
v 2 44
v 3 63
v 4 3
v 5 47
v 6 105
e 0 1 8 # 
e 0 2 56 # 
e 0 6 147 # 
e 1 3 367 # 
e 1 4 22 # 
e 1 5 115 # 
x 0 5 15 16 18 20 21 29 33 38 48 50 56 61 62 63 70 76 78 80 88 89
# 26
t # 129
v 0 1
v 1 7
v 2 44
v 3 63
v 4 47
e 0 1 8 # 
e 0 2 56 # 
e 1 3 367 # 
e 1 4 115 # 
x 0 5 9 15 16 18 20 21 29 33 38 48 50 56 57 61 62 63 68 70 74 76 78 80 88 89
# 25
t # 130
v 0 1
v 1 7
v 2 44
v 3 63
v 4 47
v 5 105
e 0 1 8 # 
e 0 2 56 # 
e 0 5 147 # 
e 1 3 367 # 
e 1 4 115 # 
x 0 5 9 15 16 18 20 21 29 33 38 48 50 56 57 61 62 63 68 70 76 78 80 88 89
# 35
t # 131
v 0 1
v 1 7
v 2 44
v 3 98
e 0 1 8 # 
e 0 2 56 # 
e 1 3 313 # 
x 0 4 7 9 14 21 25 29 30 32 34 36 38 39 48 49 50 51 53 55 57 58 61 63 65 71 72 73 75 77 78 80 82 88 89
# 31
t # 132
v 0 1
v 1 7
v 2 44
v 3 98
v 4 105
e 0 1 8 # 
e 0 2 56 # 
e 0 4 147 # 
e 1 3 313 # 
x 0 4 7 9 14 21 25 29 30 32 34 36 38 39 48 50 51 55 57 61 63 65 71 72 73 75 78 80 82 88 89
# 29
t # 133
v 0 1
v 1 7
v 2 44
v 3 98
v 4 3
e 0 1 8 # 
e 0 2 56 # 
e 1 3 313 # 
e 1 4 22 # 
x 0 4 7 14 21 29 30 34 36 38 39 48 50 51 53 55 58 61 63 65 71 72 73 77 78 80 82 88 89
# 26
t # 134
v 0 1
v 1 7
v 2 44
v 3 98
v 4 3
v 5 105
e 0 1 8 # 
e 0 2 56 # 
e 0 5 147 # 
e 1 3 313 # 
e 1 4 22 # 
x 0 4 7 14 21 29 30 34 36 38 39 48 50 51 55 61 63 65 71 72 73 78 80 82 88 89
# 28
t # 135
v 0 1
v 1 7
v 2 44
v 3 98
v 4 3
v 5 47
e 0 1 8 # 
e 0 2 56 # 
e 1 3 313 # 
e 1 4 22 # 
e 1 5 115 # 
x 0 4 7 14 21 29 30 34 38 39 48 50 51 53 55 58 61 63 65 71 72 73 77 78 80 82 88 89
# 25
t # 136
v 0 1
v 1 7
v 2 44
v 3 98
v 4 3
v 5 47
v 6 105
e 0 1 8 # 
e 0 2 56 # 
e 0 6 147 # 
e 1 3 313 # 
e 1 4 22 # 
e 1 5 115 # 
x 0 4 7 14 21 29 30 34 38 39 48 50 51 55 61 63 65 71 72 73 78 80 82 88 89
# 34
t # 137
v 0 1
v 1 7
v 2 44
v 3 98
v 4 47
e 0 1 8 # 
e 0 2 56 # 
e 1 3 313 # 
e 1 4 115 # 
x 0 4 7 9 14 21 25 29 30 32 34 38 39 48 49 50 51 53 55 57 58 61 63 65 71 72 73 75 77 78 80 82 88 89
# 30
t # 138
v 0 1
v 1 7
v 2 44
v 3 98
v 4 47
v 5 105
e 0 1 8 # 
e 0 2 56 # 
e 0 5 147 # 
e 1 3 313 # 
e 1 4 115 # 
x 0 4 7 9 14 21 25 29 30 32 34 38 39 48 50 51 55 57 61 63 65 71 72 73 75 78 80 82 88 89
# 20
t # 139
v 0 1
v 1 7
v 2 44
v 3 98
v 4 47
v 5 105
e 0 1 8 # 
e 0 2 56 # 
e 0 5 147 # 
e 1 3 313 # 
e 1 4 115 # 
e 4 5 148 # 
x 0 7 9 14 21 25 29 30 32 34 51 55 57 61 63 65 71 73 75 82
# 56
t # 140
v 0 1
v 1 7
v 2 44
v 3 47
e 0 1 8 # 
e 0 2 56 # 
e 1 3 115 # 
x 0 4 5 7 8 9 11 12 13 14 15 16 18 20 21 25 29 30 32 33 34 37 38 39 47 48 49 50 51 52 53 55 56 57 58 61 62 63 65 66 67 68 70 71 72 73 74 75 76 77 78 80 82 87 88 89
# 19
t # 141
v 0 1
v 1 7
v 2 44
v 3 47
v 4 52
e 0 1 8 # 
e 0 2 56 # 
e 1 3 115 # 
e 2 4 59 # 
x 0 5 7 11 12 15 20 21 32 38 52 53 62 66 70 75 76 82 88
# 18
t # 142
v 0 1
v 1 7
v 2 44
v 3 47
v 4 52
v 5 105
e 0 1 8 # 
e 0 2 56 # 
e 0 5 147 # 
e 1 3 115 # 
e 2 4 59 # 
x 0 5 7 11 12 15 20 21 32 38 52 62 66 70 75 76 82 88
# 24
t # 143
v 0 1
v 1 7
v 2 44
v 3 47
v 4 48
e 0 1 8 # 
e 0 2 56 # 
e 1 3 115 # 
e 2 4 53 # 
x 0 7 8 13 16 18 20 21 25 29 33 51 53 55 63 70 71 73 74 76 77 78 87 88
# 20
t # 144
v 0 1
v 1 7
v 2 44
v 3 47
v 4 48
v 5 105
e 0 1 8 # 
e 0 2 56 # 
e 0 5 147 # 
e 1 3 115 # 
e 2 4 53 # 
x 0 7 13 16 18 20 21 25 29 33 51 55 63 70 71 73 76 78 87 88
# 28
t # 145
v 0 1
v 1 7
v 2 44
v 3 47
v 4 831
e 0 1 8 # 
e 0 2 56 # 
e 1 3 115 # 
e 2 4 1937 # 
x 5 8 12 15 20 29 30 33 38 47 51 52 56 62 63 66 67 68 71 72 73 74 75 76 77 87 88 89
# 25
t # 146
v 0 1
v 1 7
v 2 44
v 3 47
v 4 831
v 5 105
e 0 1 8 # 
e 0 2 56 # 
e 0 5 147 # 
e 1 3 115 # 
e 2 4 1937 # 
x 5 12 15 20 29 30 33 38 47 51 52 56 62 63 66 67 68 71 72 73 75 76 87 88 89
# 50
t # 147
v 0 1
v 1 7
v 2 44
v 3 47
v 4 105
e 0 1 8 # 
e 0 2 56 # 
e 0 4 147 # 
e 1 3 115 # 
x 0 4 5 7 9 11 12 13 14 15 16 18 20 21 25 29 30 32 33 34 37 38 39 47 48 50 51 52 55 56 57 61 62 63 65 66 67 68 70 71 72 73 75 76 78 80 82 87 88 89
# 20
t # 148
v 0 1
v 1 7
v 2 44
v 3 47
v 4 48
e 0 1 8 # 
e 0 2 56 # 
e 1 3 115 # 
e 3 4 687 # 
x 7 16 21 39 47 48 50 53 56 61 62 63 67 68 70 71 76 80 82 87
# 19
t # 149
v 0 1
v 1 7
v 2 44
v 3 47
v 4 48
v 5 105
e 0 1 8 # 
e 0 2 56 # 
e 0 5 147 # 
e 1 3 115 # 
e 3 4 687 # 
x 7 16 21 39 47 48 50 56 61 62 63 67 68 70 71 76 80 82 87
# 18
t # 150
v 0 1
v 1 7
v 2 44
v 3 47
v 4 48
v 5 105
v 6 3
e 0 1 8 # 
e 0 2 56 # 
e 0 5 147 # 
e 1 3 115 # 
e 1 6 22 # 
e 3 4 687 # 
x 7 16 21 39 47 48 50 56 61 62 63 67 70 71 76 80 82 87
# 19
t # 151
v 0 1
v 1 7
v 2 44
v 3 47
v 4 48
v 5 3
e 0 1 8 # 
e 0 2 56 # 
e 1 3 115 # 
e 1 5 22 # 
e 3 4 687 # 
x 7 16 21 39 47 48 50 53 56 61 62 63 67 70 71 76 80 82 87
# 21
t # 152
v 0 1
v 1 7
v 2 44
v 3 47
v 4 48
e 0 1 8 # 
e 0 2 56 # 
e 1 3 115 # 
e 3 4 688 # 
x 7 8 9 16 21 39 47 48 53 56 61 62 63 67 68 70 71 76 80 82 87
# 19
t # 153
v 0 1
v 1 7
v 2 44
v 3 47
v 4 48
v 5 105
e 0 1 8 # 
e 0 2 56 # 
e 0 5 147 # 
e 1 3 115 # 
e 3 4 688 # 
x 7 9 16 21 39 47 48 56 61 62 63 67 68 70 71 76 80 82 87
# 18
t # 154
v 0 1
v 1 7
v 2 44
v 3 47
v 4 48
v 5 3
e 0 1 8 # 
e 0 2 56 # 
e 1 3 115 # 
e 1 5 22 # 
e 3 4 688 # 
x 7 16 21 39 47 48 53 56 61 62 63 67 70 71 76 80 82 87
# 31
t # 155
v 0 1
v 1 7
v 2 44
v 3 47
v 4 105
e 0 1 8 # 
e 0 2 56 # 
e 1 3 115 # 
e 3 4 148 # 
x 0 7 8 9 11 12 13 14 18 21 25 29 30 32 34 47 51 55 57 61 62 63 65 67 68 70 71 73 75 82 87
# 21
t # 156
v 0 1
v 1 7
v 2 44
v 3 47
v 4 105
v 5 35
e 0 1 8 # 
e 0 2 56 # 
e 1 3 115 # 
e 1 5 41 # 
e 3 4 148 # 
x 0 9 11 12 18 29 30 34 47 51 55 57 61 62 63 67 70 71 73 75 87
# 20
t # 157
v 0 1
v 1 7
v 2 44
v 3 47
v 4 105
v 5 98
e 0 1 8 # 
e 0 2 56 # 
e 1 3 115 # 
e 1 5 313 # 
e 3 4 148 # 
x 0 7 9 14 21 25 29 30 32 34 51 55 57 61 63 65 71 73 75 82
# 23
t # 158
v 0 1
v 1 7
v 2 44
v 3 47
v 4 105
v 5 3
e 0 1 8 # 
e 0 2 56 # 
e 1 3 115 # 
e 1 5 22 # 
e 3 4 148 # 
x 0 7 12 13 14 18 21 29 30 34 47 51 55 61 62 63 65 67 70 71 73 82 87
# 66
t # 159
v 0 1
v 1 7
v 2 105
e 0 1 8 # 
e 0 2 147 # 
x 0 2 4 5 6 7 9 10 11 12 13 14 15 16 17 18 20 21 23 25 29 30 31 32 33 34 36 37 38 39 41 42 44 45 47 48 50 51 52 55 56 57 60 61 62 63 64 65 66 67 68 70 71 72 73 75 76 78 79 80 82 84 85 87 88 89
# 18
t # 160
v 0 1
v 1 7
v 2 105
v 3 63
e 0 1 8 # 
e 0 2 147 # 
e 2 3 1912 # 
x 5 6 10 15 16 18 20 33 36 38 45 50 60 76 78 80 88 89
# 34
t # 161
v 0 1
v 1 7
v 2 105
v 3 47
e 0 1 8 # 
e 0 2 147 # 
e 2 3 148 # 
x 0 7 9 11 12 13 14 18 21 25 29 30 31 32 34 41 42 44 47 51 55 57 61 62 63 65 67 68 70 71 73 75 82 87
# 24
t # 162
v 0 1
v 1 7
v 2 105
v 3 47
v 4 98
e 0 1 8 # 
e 0 2 147 # 
e 1 4 313 # 
e 2 3 148 # 
x 0 7 9 14 21 25 29 30 31 32 34 41 42 44 51 55 57 61 63 65 71 73 75 82
# 20
t # 163
v 0 1
v 1 7
v 2 105
v 3 47
v 4 98
v 5 44
e 0 1 8 # 
e 0 2 147 # 
e 0 5 56 # 
e 1 4 313 # 
e 2 3 148 # 
x 0 7 9 14 21 25 29 30 32 34 51 55 57 61 63 65 71 73 75 82
# 18
t # 164
v 0 1
v 1 7
v 2 105
v 3 144
e 0 1 8 # 
e 0 2 147 # 
e 1 3 423 # 
x 2 5 10 14 17 18 20 21 36 48 50 51 52 67 75 79 84 85
# 18
t # 165
v 0 1
v 1 7
v 2 105
v 3 1014
e 0 1 8 # 
e 0 2 147 # 
e 1 3 2495 # 
x 7 9 12 13 21 30 31 39 41 48 57 61 62 63 64 79 85 87
# 18
t # 166
v 0 1
v 1 7
v 2 105
v 3 1014
v 4 47
e 0 1 8 # 
e 0 2 147 # 
e 1 3 2495 # 
e 1 4 115 # 
x 7 9 12 13 21 30 31 39 41 48 57 61 62 63 64 79 85 87
# 18
t # 167
v 0 1
v 1 7
v 2 331
e 0 1 8 # 
e 1 2 613 # 
x 2 4 9 16 17 18 25 29 30 41 42 49 50 63 67 71 72 75
# 18
t # 168
v 0 1
v 1 7
v 2 74
e 0 1 8 # 
e 1 2 102 # 
x 0 5 16 20 50 52 53 58 61 62 65 67 71 72 76 77 84 88
# 18
t # 169
v 0 1
v 1 7
v 2 74
v 3 47
e 0 1 8 # 
e 1 2 102 # 
e 1 3 115 # 
x 0 5 16 20 50 52 53 58 61 62 65 67 71 72 76 77 84 88
# 20
t # 170
v 0 1
v 1 7
v 2 233
e 0 1 8 # 
e 1 2 401 # 
x 0 2 7 15 16 17 21 27 33 41 42 48 51 52 55 58 65 76 77 84
# 20
t # 171
v 0 1
v 1 7
v 2 233
v 3 47
e 0 1 8 # 
e 1 2 401 # 
e 1 3 115 # 
x 0 2 7 15 16 17 21 27 33 41 42 48 51 52 55 58 65 76 77 84
# 21
t # 172
v 0 1
v 1 7
v 2 43
e 0 1 8 # 
e 1 2 49 # 
x 0 5 16 20 29 41 50 52 53 55 58 61 62 65 67 71 72 76 77 84 88
# 19
t # 173
v 0 1
v 1 7
v 2 43
v 3 44
e 0 1 8 # 
e 0 3 56 # 
e 1 2 49 # 
x 0 5 16 20 29 50 52 53 55 58 61 62 65 67 71 72 76 77 88
# 19
t # 174
v 0 1
v 1 7
v 2 43
v 3 44
v 4 3
e 0 1 8 # 
e 0 3 56 # 
e 1 2 49 # 
e 1 4 22 # 
x 0 5 16 20 29 50 52 53 55 58 61 62 65 67 71 72 76 77 88
# 19
t # 175
v 0 1
v 1 7
v 2 43
v 3 44
v 4 3
v 5 47
e 0 1 8 # 
e 0 3 56 # 
e 1 2 49 # 
e 1 4 22 # 
e 1 5 115 # 
x 0 5 16 20 29 50 52 53 55 58 61 62 65 67 71 72 76 77 88
# 19
t # 176
v 0 1
v 1 7
v 2 43
v 3 44
v 4 47
e 0 1 8 # 
e 0 3 56 # 
e 1 2 49 # 
e 1 4 115 # 
x 0 5 16 20 29 50 52 53 55 58 61 62 65 67 71 72 76 77 88
# 18
t # 177
v 0 1
v 1 7
v 2 43
v 3 105
e 0 1 8 # 
e 0 3 147 # 
e 1 2 49 # 
x 0 5 16 20 29 41 50 52 55 61 62 65 67 71 72 76 84 88
# 18
t # 178
v 0 1
v 1 7
v 2 43
v 3 105
v 4 47
e 0 1 8 # 
e 0 3 147 # 
e 1 2 49 # 
e 1 4 115 # 
x 0 5 16 20 29 41 50 52 55 61 62 65 67 71 72 76 84 88
# 21
t # 179
v 0 1
v 1 7
v 2 43
v 3 47
e 0 1 8 # 
e 1 2 49 # 
e 1 3 115 # 
x 0 5 16 20 29 41 50 52 53 55 58 61 62 65 67 71 72 76 77 84 88
# 19
t # 180
v 0 1
v 1 7
v 2 144
e 0 1 8 # 
e 1 2 423 # 
x 2 5 10 14 17 18 20 21 36 48 50 51 52 54 67 75 79 84 85
# 18
t # 181
v 0 1
v 1 7
v 2 144
v 3 47
e 0 1 8 # 
e 1 2 423 # 
e 1 3 115 # 
x 2 5 10 14 17 18 20 21 48 50 51 52 54 67 75 79 84 85
# 19
t # 182
v 0 1
v 1 7
v 2 1014
e 0 1 8 # 
e 1 2 2495 # 
x 7 9 12 13 21 24 30 31 39 41 48 57 61 62 63 64 79 85 87
# 18
t # 183
v 0 1
v 1 7
v 2 1014
v 3 47
e 0 1 8 # 
e 1 2 2495 # 
e 1 3 115 # 
x 7 9 12 13 21 30 31 39 41 48 57 61 62 63 64 79 85 87
# 27
t # 184
v 0 1
v 1 7
v 2 23
e 0 1 8 # 
e 1 2 29 # 
x 0 5 7 14 16 18 21 23 24 29 33 36 45 48 50 51 53 61 64 65 67 71 73 77 79 80 88
# 25
t # 185
v 0 1
v 1 7
v 2 23
v 3 44
e 0 1 8 # 
e 0 3 56 # 
e 1 2 29 # 
x 0 5 7 14 16 18 21 23 24 29 33 36 45 48 50 51 53 61 65 67 71 73 77 80 88
# 22
t # 186
v 0 1
v 1 7
v 2 23
v 3 44
v 4 105
e 0 1 8 # 
e 0 3 56 # 
e 0 4 147 # 
e 1 2 29 # 
x 0 5 7 14 16 18 21 23 29 33 36 45 48 50 51 61 65 67 71 73 80 88
# 25
t # 187
v 0 1
v 1 7
v 2 23
v 3 44
v 4 3
e 0 1 8 # 
e 0 3 56 # 
e 1 2 29 # 
e 1 4 22 # 
x 0 5 7 14 16 18 21 23 24 29 33 36 45 48 50 51 53 61 65 67 71 73 77 80 88
# 22
t # 188
v 0 1
v 1 7
v 2 23
v 3 44
v 4 3
v 5 105
e 0 1 8 # 
e 0 3 56 # 
e 0 5 147 # 
e 1 2 29 # 
e 1 4 22 # 
x 0 5 7 14 16 18 21 23 29 33 36 45 48 50 51 61 65 67 71 73 80 88
# 21
t # 189
v 0 1
v 1 7
v 2 23
v 3 44
v 4 3
v 5 47
e 0 1 8 # 
e 0 3 56 # 
e 1 2 29 # 
e 1 4 22 # 
e 1 5 115 # 
x 0 5 7 14 16 18 21 29 33 48 50 51 53 61 65 67 71 73 77 80 88
# 19
t # 190
v 0 1
v 1 7
v 2 23
v 3 44
v 4 3
v 5 47
v 6 105
e 0 1 8 # 
e 0 3 56 # 
e 0 6 147 # 
e 1 2 29 # 
e 1 4 22 # 
e 1 5 115 # 
x 0 5 7 14 16 18 21 29 33 48 50 51 61 65 67 71 73 80 88
# 21
t # 191
v 0 1
v 1 7
v 2 23
v 3 44
v 4 47
e 0 1 8 # 
e 0 3 56 # 
e 1 2 29 # 
e 1 4 115 # 
x 0 5 7 14 16 18 21 29 33 48 50 51 53 61 65 67 71 73 77 80 88
# 19
t # 192
v 0 1
v 1 7
v 2 23
v 3 44
v 4 47
v 5 105
e 0 1 8 # 
e 0 3 56 # 
e 0 5 147 # 
e 1 2 29 # 
e 1 4 115 # 
x 0 5 7 14 16 18 21 29 33 48 50 51 61 65 67 71 73 80 88
# 24
t # 193
v 0 1
v 1 7
v 2 23
v 3 105
e 0 1 8 # 
e 0 3 147 # 
e 1 2 29 # 
x 0 5 7 14 16 18 21 23 29 33 36 45 48 50 51 61 64 65 67 71 73 79 80 88
# 24
t # 194
v 0 1
v 1 7
v 2 23
v 3 105
v 4 3
e 0 1 8 # 
e 0 3 147 # 
e 1 2 29 # 
e 1 4 22 # 
x 0 5 7 14 16 18 21 23 29 33 36 45 48 50 51 61 64 65 67 71 73 79 80 88
# 21
t # 195
v 0 1
v 1 7
v 2 23
v 3 105
v 4 3
v 5 47
e 0 1 8 # 
e 0 3 147 # 
e 1 2 29 # 
e 1 4 22 # 
e 1 5 115 # 
x 0 5 7 14 16 18 21 29 33 48 50 51 61 64 65 67 71 73 79 80 88
# 21
t # 196
v 0 1
v 1 7
v 2 23
v 3 105
v 4 47
e 0 1 8 # 
e 0 3 147 # 
e 1 2 29 # 
e 1 4 115 # 
x 0 5 7 14 16 18 21 29 33 48 50 51 61 64 65 67 71 73 79 80 88
# 23
t # 197
v 0 1
v 1 7
v 2 23
v 3 47
e 0 1 8 # 
e 1 2 29 # 
e 1 3 115 # 
x 0 5 7 14 16 18 21 29 33 48 50 51 53 61 64 65 67 71 73 77 79 80 88
# 28
t # 198
v 0 1
v 1 7
v 2 21
e 0 1 8 # 
e 1 2 27 # 
x 0 4 6 15 18 20 21 23 24 30 31 34 38 39 47 50 56 58 62 67 71 72 73 76 82 84 87 89
# 26
t # 199
v 0 1
v 1 7
v 2 21
v 3 44
e 0 1 8 # 
e 0 3 56 # 
e 1 2 27 # 
x 0 4 6 15 18 20 21 23 24 30 34 38 39 47 50 56 58 62 67 71 72 73 76 82 87 89
# 24
t # 200
v 0 1
v 1 7
v 2 21
v 3 44
v 4 105
e 0 1 8 # 
e 0 3 56 # 
e 0 4 147 # 
e 1 2 27 # 
x 0 4 6 15 18 20 21 23 30 34 38 39 47 50 56 62 67 71 72 73 76 82 87 89
# 19
t # 201
v 0 1
v 1 7
v 2 21
v 3 44
v 4 35
e 0 1 8 # 
e 0 3 56 # 
e 1 2 27 # 
e 1 4 41 # 
x 0 6 15 18 20 30 34 38 47 56 58 62 67 71 72 73 76 87 89
# 18
t # 202
v 0 1
v 1 7
v 2 21
v 3 44
v 4 35
v 5 105
e 0 1 8 # 
e 0 3 56 # 
e 0 5 147 # 
e 1 2 27 # 
e 1 4 41 # 
x 0 6 15 18 20 30 34 38 47 56 62 67 71 72 73 76 87 89
# 18
t # 203
v 0 1
v 1 7
v 2 21
v 3 44
v 4 35
v 5 47
e 0 1 8 # 
e 0 3 56 # 
e 1 2 27 # 
e 1 4 41 # 
e 1 5 115 # 
x 0 15 18 20 30 34 38 47 56 58 62 67 71 72 73 76 87 89
# 19
t # 204
v 0 1
v 1 7
v 2 21
v 3 44
v 4 35
v 5 3
e 0 1 8 # 
e 0 3 56 # 
e 1 2 27 # 
e 1 4 41 # 
e 1 5 22 # 
x 0 6 15 18 20 30 34 38 47 56 58 62 67 71 72 73 76 87 89
# 18
t # 205
v 0 1
v 1 7
v 2 21
v 3 44
v 4 35
v 5 3
v 6 105
e 0 1 8 # 
e 0 3 56 # 
e 0 6 147 # 
e 1 2 27 # 
e 1 4 41 # 
e 1 5 22 # 
x 0 6 15 18 20 30 34 38 47 56 62 67 71 72 73 76 87 89
# 18
t # 206
v 0 1
v 1 7
v 2 21
v 3 44
v 4 35
v 5 3
v 6 47
e 0 1 8 # 
e 0 3 56 # 
e 1 2 27 # 
e 1 4 41 # 
e 1 5 22 # 
e 1 6 115 # 
x 0 15 18 20 30 34 38 47 56 58 62 67 71 72 73 76 87 89
# 26
t # 207
v 0 1
v 1 7
v 2 21
v 3 44
v 4 3
e 0 1 8 # 
e 0 3 56 # 
e 1 2 27 # 
e 1 4 22 # 
x 0 4 6 15 18 20 21 23 24 30 34 38 39 47 50 56 58 62 67 71 72 73 76 82 87 89
# 24
t # 208
v 0 1
v 1 7
v 2 21
v 3 44
v 4 3
v 5 105
e 0 1 8 # 
e 0 3 56 # 
e 0 5 147 # 
e 1 2 27 # 
e 1 4 22 # 
x 0 4 6 15 18 20 21 23 30 34 38 39 47 50 56 62 67 71 72 73 76 82 87 89
# 23
t # 209
v 0 1
v 1 7
v 2 21
v 3 44
v 4 3
v 5 47
e 0 1 8 # 
e 0 3 56 # 
e 1 2 27 # 
e 1 4 22 # 
e 1 5 115 # 
x 0 4 15 18 20 21 30 34 38 39 47 50 56 58 62 67 71 72 73 76 82 87 89
# 22
t # 210
v 0 1
v 1 7
v 2 21
v 3 44
v 4 3
v 5 47
v 6 105
e 0 1 8 # 
e 0 3 56 # 
e 0 6 147 # 
e 1 2 27 # 
e 1 4 22 # 
e 1 5 115 # 
x 0 4 15 18 20 21 30 34 38 39 47 50 56 62 67 71 72 73 76 82 87 89
# 23
t # 211
v 0 1
v 1 7
v 2 21
v 3 44
v 4 47
e 0 1 8 # 
e 0 3 56 # 
e 1 2 27 # 
e 1 4 115 # 
x 0 4 15 18 20 21 30 34 38 39 47 50 56 58 62 67 71 72 73 76 82 87 89
# 22
t # 212
v 0 1
v 1 7
v 2 21
v 3 44
v 4 47
v 5 105
e 0 1 8 # 
e 0 3 56 # 
e 0 5 147 # 
e 1 2 27 # 
e 1 4 115 # 
x 0 4 15 18 20 21 30 34 38 39 47 50 56 62 67 71 72 73 76 82 87 89
# 26
t # 213
v 0 1
v 1 7
v 2 21
v 3 105
e 0 1 8 # 
e 0 3 147 # 
e 1 2 27 # 
x 0 4 6 15 18 20 21 23 30 31 34 38 39 47 50 56 62 67 71 72 73 76 82 84 87 89
# 18
t # 214
v 0 1
v 1 7
v 2 21
v 3 105
v 4 35
e 0 1 8 # 
e 0 3 147 # 
e 1 2 27 # 
e 1 4 41 # 
x 0 6 15 18 20 30 34 38 47 56 62 67 71 72 73 76 87 89
# 18
t # 215
v 0 1
v 1 7
v 2 21
v 3 105
v 4 35
v 5 3
e 0 1 8 # 
e 0 3 147 # 
e 1 2 27 # 
e 1 4 41 # 
e 1 5 22 # 
x 0 6 15 18 20 30 34 38 47 56 62 67 71 72 73 76 87 89
# 26
t # 216
v 0 1
v 1 7
v 2 21
v 3 105
v 4 3
e 0 1 8 # 
e 0 3 147 # 
e 1 2 27 # 
e 1 4 22 # 
x 0 4 6 15 18 20 21 23 30 31 34 38 39 47 50 56 62 67 71 72 73 76 82 84 87 89
# 24
t # 217
v 0 1
v 1 7
v 2 21
v 3 105
v 4 3
v 5 47
e 0 1 8 # 
e 0 3 147 # 
e 1 2 27 # 
e 1 4 22 # 
e 1 5 115 # 
x 0 4 15 18 20 21 30 31 34 38 39 47 50 56 62 67 71 72 73 76 82 84 87 89
# 24
t # 218
v 0 1
v 1 7
v 2 21
v 3 105
v 4 47
e 0 1 8 # 
e 0 3 147 # 
e 1 2 27 # 
e 1 4 115 # 
x 0 4 15 18 20 21 30 31 34 38 39 47 50 56 62 67 71 72 73 76 82 84 87 89
# 25
t # 219
v 0 1
v 1 7
v 2 21
v 3 47
e 0 1 8 # 
e 1 2 27 # 
e 1 3 115 # 
x 0 4 15 18 20 21 30 31 34 38 39 47 50 56 58 62 67 71 72 73 76 82 84 87 89
# 34
t # 220
v 0 1
v 1 7
v 2 63
e 0 1 8 # 
e 1 2 367 # 
x 0 5 6 9 10 15 16 18 20 21 23 27 29 33 36 38 41 45 48 50 56 57 60 61 62 63 68 70 74 76 78 80 88 89
# 32
t # 221
v 0 1
v 1 7
v 2 63
v 3 105
e 0 1 8 # 
e 0 3 147 # 
e 1 2 367 # 
x 0 5 6 9 10 15 16 18 20 21 23 29 33 36 38 41 45 48 50 56 57 60 61 62 63 68 70 76 78 80 88 89
# 21
t # 222
v 0 1
v 1 7
v 2 63
v 3 105
v 4 35
e 0 1 8 # 
e 0 3 147 # 
e 1 2 367 # 
e 1 4 41 # 
x 0 5 6 9 15 18 20 29 38 41 45 56 57 61 62 63 70 76 80 88 89
# 19
t # 223
v 0 1
v 1 7
v 2 63
v 3 105
v 4 35
v 5 47
e 0 1 8 # 
e 0 3 147 # 
e 1 2 367 # 
e 1 4 41 # 
e 1 5 115 # 
x 0 5 9 15 18 20 29 38 41 56 57 61 62 63 70 76 80 88 89
# 18
t # 224
v 0 1
v 1 7
v 2 63
v 3 105
v 4 35
v 5 3
e 0 1 8 # 
e 0 3 147 # 
e 1 2 367 # 
e 1 4 41 # 
e 1 5 22 # 
x 0 5 6 15 18 20 29 38 45 56 61 62 63 70 76 80 88 89
# 27
t # 225
v 0 1
v 1 7
v 2 63
v 3 105
v 4 3
e 0 1 8 # 
e 0 3 147 # 
e 1 2 367 # 
e 1 4 22 # 
x 0 5 6 15 16 18 20 21 23 29 33 36 38 45 48 50 56 60 61 62 63 70 76 78 80 88 89
# 22
t # 226
v 0 1
v 1 7
v 2 63
v 3 105
v 4 3
v 5 47
e 0 1 8 # 
e 0 3 147 # 
e 1 2 367 # 
e 1 4 22 # 
e 1 5 115 # 
x 0 5 15 16 18 20 21 29 33 38 48 50 56 61 62 63 70 76 78 80 88 89
# 27
t # 227
v 0 1
v 1 7
v 2 63
v 3 105
v 4 47
e 0 1 8 # 
e 0 3 147 # 
e 1 2 367 # 
e 1 4 115 # 
x 0 5 9 10 15 16 18 20 21 29 33 38 41 48 50 56 57 61 62 63 68 70 76 78 80 88 89
# 29
t # 228
v 0 1
v 1 7
v 2 63
v 3 47
e 0 1 8 # 
e 1 2 367 # 
e 1 3 115 # 
x 0 5 9 10 15 16 18 20 21 27 29 33 38 41 48 50 56 57 61 62 63 68 70 74 76 78 80 88 89
# 18
t # 229
v 0 1
v 1 7
v 2 63
v 3 105
e 0 1 8 # 
e 1 2 367 # 
e 2 3 1912 # 
x 5 6 10 15 16 18 20 33 36 38 45 50 60 76 78 80 88 89
# 39
t # 230
v 0 1
v 1 7
v 2 35
e 0 1 8 # 
e 1 2 41 # 
x 0 5 6 9 11 12 15 18 20 29 30 34 38 41 45 47 51 52 54 55 56 57 58 61 62 63 66 67 70 71 72 73 75 76 77 80 87 88 89
# 37
t # 231
v 0 1
v 1 7
v 2 35
v 3 44
e 0 1 8 # 
e 0 3 56 # 
e 1 2 41 # 
x 0 5 6 9 11 12 15 18 20 29 30 34 38 45 47 51 52 55 56 57 58 61 62 63 66 67 70 71 72 73 75 76 77 80 87 88 89
# 25
t # 232
v 0 1
v 1 7
v 2 35
v 3 44
v 4 831
e 0 1 8 # 
e 0 3 56 # 
e 1 2 41 # 
e 3 4 1937 # 
x 5 6 12 15 20 29 30 38 47 51 52 56 62 63 66 67 71 72 73 75 76 77 87 88 89
# 24
t # 233
v 0 1
v 1 7
v 2 35
v 3 44
v 4 831
v 5 105
e 0 1 8 # 
e 0 3 56 # 
e 0 5 147 # 
e 1 2 41 # 
e 3 4 1937 # 
x 5 6 12 15 20 29 30 38 47 51 52 56 62 63 66 67 71 72 73 75 76 87 88 89
# 23
t # 234
v 0 1
v 1 7
v 2 35
v 3 44
v 4 831
v 5 3
e 0 1 8 # 
e 0 3 56 # 
e 1 2 41 # 
e 1 5 22 # 
e 3 4 1937 # 
x 5 6 12 15 20 29 30 38 47 51 52 56 62 63 67 71 72 73 76 77 87 88 89
# 22
t # 235
v 0 1
v 1 7
v 2 35
v 3 44
v 4 831
v 5 3
v 6 105
e 0 1 8 # 
e 0 3 56 # 
e 0 6 147 # 
e 1 2 41 # 
e 1 5 22 # 
e 3 4 1937 # 
x 5 6 12 15 20 29 30 38 47 51 52 56 62 63 67 71 72 73 76 87 88 89
# 22
t # 236
v 0 1
v 1 7
v 2 35
v 3 44
v 4 831
v 5 3
v 6 47
e 0 1 8 # 
e 0 3 56 # 
e 1 2 41 # 
e 1 5 22 # 
e 1 6 115 # 
e 3 4 1937 # 
x 5 12 15 20 29 30 38 47 51 52 56 62 63 67 71 72 73 76 77 87 88 89
# 21
t # 237
v 0 1
v 1 7
v 2 35
v 3 44
v 4 831
v 5 3
v 6 47
v 7 105
e 0 1 8 # 
e 0 3 56 # 
e 0 7 147 # 
e 1 2 41 # 
e 1 5 22 # 
e 1 6 115 # 
e 3 4 1937 # 
x 5 12 15 20 29 30 38 47 51 52 56 62 63 67 71 72 73 76 87 88 89
# 24
t # 238
v 0 1
v 1 7
v 2 35
v 3 44
v 4 831
v 5 47
e 0 1 8 # 
e 0 3 56 # 
e 1 2 41 # 
e 1 5 115 # 
e 3 4 1937 # 
x 5 12 15 20 29 30 38 47 51 52 56 62 63 66 67 71 72 73 75 76 77 87 88 89
# 23
t # 239
v 0 1
v 1 7
v 2 35
v 3 44
v 4 831
v 5 47
v 6 105
e 0 1 8 # 
e 0 3 56 # 
e 0 6 147 # 
e 1 2 41 # 
e 1 5 115 # 
e 3 4 1937 # 
x 5 12 15 20 29 30 38 47 51 52 56 62 63 66 67 71 72 73 75 76 87 88 89
# 35
t # 240
v 0 1
v 1 7
v 2 35
v 3 44
v 4 105
e 0 1 8 # 
e 0 3 56 # 
e 0 4 147 # 
e 1 2 41 # 
x 0 5 6 9 11 12 15 18 20 29 30 34 38 45 47 51 52 55 56 57 61 62 63 66 67 70 71 72 73 75 76 80 87 88 89
# 20
t # 241
v 0 1
v 1 7
v 2 35
v 3 44
v 4 98
e 0 1 8 # 
e 0 3 56 # 
e 1 2 41 # 
e 1 4 313 # 
x 0 9 29 30 34 38 51 55 57 58 61 63 71 72 73 75 77 80 88 89
# 18
t # 242
v 0 1
v 1 7
v 2 35
v 3 44
v 4 98
v 5 105
e 0 1 8 # 
e 0 3 56 # 
e 0 5 147 # 
e 1 2 41 # 
e 1 4 313 # 
x 0 9 29 30 34 38 51 55 57 61 63 71 72 73 75 80 88 89
# 20
t # 243
v 0 1
v 1 7
v 2 35
v 3 44
v 4 98
v 5 47
e 0 1 8 # 
e 0 3 56 # 
e 1 2 41 # 
e 1 4 313 # 
e 1 5 115 # 
x 0 9 29 30 34 38 51 55 57 58 61 63 71 72 73 75 77 80 88 89
# 18
t # 244
v 0 1
v 1 7
v 2 35
v 3 44
v 4 98
v 5 47
v 6 105
e 0 1 8 # 
e 0 3 56 # 
e 0 6 147 # 
e 1 2 41 # 
e 1 4 313 # 
e 1 5 115 # 
x 0 9 29 30 34 38 51 55 57 61 63 71 72 73 75 80 88 89
# 32
t # 245
v 0 1
v 1 7
v 2 35
v 3 44
v 4 3
e 0 1 8 # 
e 0 3 56 # 
e 1 2 41 # 
e 1 4 22 # 
x 0 5 6 12 15 18 20 29 30 34 38 45 47 51 52 55 56 58 61 62 63 67 70 71 72 73 76 77 80 87 88 89
# 30
t # 246
v 0 1
v 1 7
v 2 35
v 3 44
v 4 3
v 5 105
e 0 1 8 # 
e 0 3 56 # 
e 0 5 147 # 
e 1 2 41 # 
e 1 4 22 # 
x 0 5 6 12 15 18 20 29 30 34 38 45 47 51 52 55 56 61 62 63 67 70 71 72 73 76 80 87 88 89
# 30
t # 247
v 0 1
v 1 7
v 2 35
v 3 44
v 4 3
v 5 47
e 0 1 8 # 
e 0 3 56 # 
e 1 2 41 # 
e 1 4 22 # 
e 1 5 115 # 
x 0 5 12 15 18 20 29 30 34 38 47 51 52 55 56 58 61 62 63 67 70 71 72 73 76 77 80 87 88 89
# 28
t # 248
v 0 1
v 1 7
v 2 35
v 3 44
v 4 3
v 5 47
v 6 105
e 0 1 8 # 
e 0 3 56 # 
e 0 6 147 # 
e 1 2 41 # 
e 1 4 22 # 
e 1 5 115 # 
x 0 5 12 15 18 20 29 30 34 38 47 51 52 55 56 61 62 63 67 70 71 72 73 76 80 87 88 89
# 35
t # 249
v 0 1
v 1 7
v 2 35
v 3 44
v 4 47
e 0 1 8 # 
e 0 3 56 # 
e 1 2 41 # 
e 1 4 115 # 
x 0 5 9 11 12 15 18 20 29 30 34 38 47 51 52 55 56 57 58 61 62 63 66 67 70 71 72 73 75 76 77 80 87 88 89
# 33
t # 250
v 0 1
v 1 7
v 2 35
v 3 44
v 4 47
v 5 105
e 0 1 8 # 
e 0 3 56 # 
e 0 5 147 # 
e 1 2 41 # 
e 1 4 115 # 
x 0 5 9 11 12 15 18 20 29 30 34 38 47 51 52 55 56 57 61 62 63 66 67 70 71 72 73 75 76 80 87 88 89
# 21
t # 251
v 0 1
v 1 7
v 2 35
v 3 44
v 4 47
v 5 105
e 0 1 8 # 
e 0 3 56 # 
e 0 5 147 # 
e 1 2 41 # 
e 1 4 115 # 
e 4 5 148 # 
x 0 9 11 12 18 29 30 34 47 51 55 57 61 62 63 67 70 71 73 75 87
# 36
t # 252
v 0 1
v 1 7
v 2 35
v 3 105
e 0 1 8 # 
e 0 3 147 # 
e 1 2 41 # 
x 0 5 6 9 11 12 15 18 20 29 30 34 38 41 45 47 51 52 55 56 57 61 62 63 66 67 70 71 72 73 75 76 80 87 88 89
# 22
t # 253
v 0 1
v 1 7
v 2 35
v 3 105
v 4 47
e 0 1 8 # 
e 0 3 147 # 
e 1 2 41 # 
e 3 4 148 # 
x 0 9 11 12 18 29 30 34 41 47 51 55 57 61 62 63 67 70 71 73 75 87
# 21
t # 254
v 0 1
v 1 7
v 2 35
v 3 105
v 4 47
v 5 44
e 0 1 8 # 
e 0 3 147 # 
e 0 5 56 # 
e 1 2 41 # 
e 3 4 148 # 
x 0 9 11 12 18 29 30 34 47 51 55 57 61 62 63 67 70 71 73 75 87
# 19
t # 255
v 0 1
v 1 7
v 2 35
v 3 105
v 4 98
e 0 1 8 # 
e 0 3 147 # 
e 1 2 41 # 
e 1 4 313 # 
x 0 9 29 30 34 38 41 51 55 57 61 63 71 72 73 75 80 88 89
# 19
t # 256
v 0 1
v 1 7
v 2 35
v 3 105
v 4 98
v 5 47
e 0 1 8 # 
e 0 3 147 # 
e 1 2 41 # 
e 1 4 313 # 
e 1 5 115 # 
x 0 9 29 30 34 38 41 51 55 57 61 63 71 72 73 75 80 88 89
# 30
t # 257
v 0 1
v 1 7
v 2 35
v 3 105
v 4 3
e 0 1 8 # 
e 0 3 147 # 
e 1 2 41 # 
e 1 4 22 # 
x 0 5 6 12 15 18 20 29 30 34 38 45 47 51 52 55 56 61 62 63 67 70 71 72 73 76 80 87 88 89
# 28
t # 258
v 0 1
v 1 7
v 2 35
v 3 105
v 4 3
v 5 47
e 0 1 8 # 
e 0 3 147 # 
e 1 2 41 # 
e 1 4 22 # 
e 1 5 115 # 
x 0 5 12 15 18 20 29 30 34 38 47 51 52 55 56 61 62 63 67 70 71 72 73 76 80 87 88 89
# 34
t # 259
v 0 1
v 1 7
v 2 35
v 3 105
v 4 47
e 0 1 8 # 
e 0 3 147 # 
e 1 2 41 # 
e 1 4 115 # 
x 0 5 9 11 12 15 18 20 29 30 34 38 41 47 51 52 55 56 57 61 62 63 66 67 70 71 72 73 75 76 80 87 88 89
# 22
t # 260
v 0 1
v 1 7
v 2 35
v 3 105
v 4 47
e 0 1 8 # 
e 0 3 147 # 
e 1 2 41 # 
e 1 4 115 # 
e 3 4 148 # 
x 0 9 11 12 18 29 30 34 41 47 51 55 57 61 62 63 67 70 71 73 75 87
# 37
t # 261
v 0 1
v 1 7
v 2 35
v 3 47
e 0 1 8 # 
e 1 2 41 # 
e 1 3 115 # 
x 0 5 9 11 12 15 18 20 29 30 34 38 41 47 51 52 54 55 56 57 58 61 62 63 66 67 70 71 72 73 75 76 77 80 87 88 89
# 44
t # 262
v 0 1
v 1 7
v 2 98
e 0 1 8 # 
e 1 2 313 # 
x 0 2 4 7 9 10 14 17 21 25 29 30 31 32 34 36 38 39 41 42 44 48 49 50 51 53 55 57 58 61 63 65 71 72 73 75 77 78 79 80 82 84 88 89
# 40
t # 263
v 0 1
v 1 7
v 2 98
v 3 105
e 0 1 8 # 
e 0 3 147 # 
e 1 2 313 # 
x 0 2 4 7 9 10 14 17 21 25 29 30 31 32 34 36 38 39 41 42 44 48 50 51 55 57 61 63 65 71 72 73 75 78 79 80 82 84 88 89
# 30
t # 264
v 0 1
v 1 7
v 2 98
v 3 105
v 4 3
e 0 1 8 # 
e 0 3 147 # 
e 1 2 313 # 
e 1 4 22 # 
x 0 4 7 14 21 29 30 31 34 36 38 39 44 48 50 51 55 61 63 65 71 72 73 78 79 80 82 84 88 89
# 29
t # 265
v 0 1
v 1 7
v 2 98
v 3 105
v 4 3
v 5 47
e 0 1 8 # 
e 0 3 147 # 
e 1 2 313 # 
e 1 4 22 # 
e 1 5 115 # 
x 0 4 7 14 21 29 30 31 34 38 39 44 48 50 51 55 61 63 65 71 72 73 78 79 80 82 84 88 89
# 39
t # 266
v 0 1
v 1 7
v 2 98
v 3 105
v 4 47
e 0 1 8 # 
e 0 3 147 # 
e 1 2 313 # 
e 1 4 115 # 
x 0 2 4 7 9 10 14 17 21 25 29 30 31 32 34 38 39 41 42 44 48 50 51 55 57 61 63 65 71 72 73 75 78 79 80 82 84 88 89
# 24
t # 267
v 0 1
v 1 7
v 2 98
v 3 105
v 4 47
e 0 1 8 # 
e 0 3 147 # 
e 1 2 313 # 
e 1 4 115 # 
e 3 4 148 # 
x 0 7 9 14 21 25 29 30 31 32 34 41 42 44 51 55 57 61 63 65 71 73 75 82
# 43
t # 268
v 0 1
v 1 7
v 2 98
v 3 47
e 0 1 8 # 
e 1 2 313 # 
e 1 3 115 # 
x 0 2 4 7 9 10 14 17 21 25 29 30 31 32 34 38 39 41 42 44 48 49 50 51 53 55 57 58 61 63 65 71 72 73 75 77 78 79 80 82 84 88 89
# 56
t # 269
v 0 1
v 1 7
v 2 3
e 0 1 8 # 
e 1 2 22 # 
x 0 4 5 6 7 12 13 14 15 16 18 20 21 23 24 27 29 30 31 33 34 36 38 39 44 45 47 48 50 51 52 53 55 56 58 60 61 62 63 64 65 67 70 71 72 73 76 77 78 79 80 82 84 87 88 89
# 32
t # 270
v 0 1
v 1 7
v 2 3
v 3 20
e 0 1 8 # 
e 0 3 24 # 
e 1 2 22 # 
x 0 4 6 13 15 16 18 20 21 23 24 29 30 31 36 38 39 51 55 56 58 60 61 62 64 70 72 78 80 82 87 89
# 30
t # 271
v 0 1
v 1 7
v 2 3
v 3 20
v 4 44
e 0 1 8 # 
e 0 3 24 # 
e 0 4 56 # 
e 1 2 22 # 
x 0 4 6 13 15 16 18 20 21 23 24 29 30 36 38 39 51 55 56 58 60 61 62 70 72 78 80 82 87 89
# 25
t # 272
v 0 1
v 1 7
v 2 3
v 3 20
v 4 44
v 5 47
e 0 1 8 # 
e 0 3 24 # 
e 0 4 56 # 
e 1 2 22 # 
e 1 5 115 # 
x 0 4 13 15 16 18 20 21 29 30 38 39 51 55 56 58 61 62 70 72 78 80 82 87 89
# 28
t # 273
v 0 1
v 1 7
v 2 3
v 3 20
v 4 44
v 5 105
e 0 1 8 # 
e 0 3 24 # 
e 0 4 56 # 
e 0 5 147 # 
e 1 2 22 # 
x 0 4 6 13 15 16 18 20 21 23 29 30 36 38 39 51 55 56 60 61 62 70 72 78 80 82 87 89
# 24
t # 274
v 0 1
v 1 7
v 2 3
v 3 20
v 4 44
v 5 105
v 6 47
e 0 1 8 # 
e 0 3 24 # 
e 0 4 56 # 
e 0 5 147 # 
e 1 2 22 # 
e 1 6 115 # 
x 0 4 13 15 16 18 20 21 29 30 38 39 51 55 56 61 62 70 72 78 80 82 87 89
# 30
t # 275
v 0 1
v 1 7
v 2 3
v 3 20
v 4 105
e 0 1 8 # 
e 0 3 24 # 
e 0 4 147 # 
e 1 2 22 # 
x 0 4 6 13 15 16 18 20 21 23 29 30 31 36 38 39 51 55 56 60 61 62 64 70 72 78 80 82 87 89
# 26
t # 276
v 0 1
v 1 7
v 2 3
v 3 20
v 4 105
v 5 47
e 0 1 8 # 
e 0 3 24 # 
e 0 4 147 # 
e 1 2 22 # 
e 1 5 115 # 
x 0 4 13 15 16 18 20 21 29 30 31 38 39 51 55 56 61 62 64 70 72 78 80 82 87 89
# 27
t # 277
v 0 1
v 1 7
v 2 3
v 3 20
v 4 47
e 0 1 8 # 
e 0 3 24 # 
e 1 2 22 # 
e 1 4 115 # 
x 0 4 13 15 16 18 20 21 29 30 31 38 39 51 55 56 58 61 62 64 70 72 78 80 82 87 89
# 50
t # 278
v 0 1
v 1 7
v 2 3
v 3 44
e 0 1 8 # 
e 0 3 56 # 
e 1 2 22 # 
x 0 4 5 6 7 12 13 14 15 16 18 20 21 23 24 29 30 33 34 36 38 39 45 47 48 50 51 52 53 55 56 58 60 61 62 63 65 67 70 71 72 73 76 77 78 80 82 87 88 89
# 23
t # 279
v 0 1
v 1 7
v 2 3
v 3 44
v 4 48
e 0 1 8 # 
e 0 3 56 # 
e 1 2 22 # 
e 3 4 53 # 
x 0 7 13 16 18 20 21 23 29 33 45 51 53 55 63 70 71 73 76 77 78 87 88
# 21
t # 280
v 0 1
v 1 7
v 2 3
v 3 44
v 4 48
v 5 105
e 0 1 8 # 
e 0 3 56 # 
e 0 5 147 # 
e 1 2 22 # 
e 3 4 53 # 
x 0 7 13 16 18 20 21 23 29 33 45 51 55 63 70 71 73 76 78 87 88
# 21
t # 281
v 0 1
v 1 7
v 2 3
v 3 44
v 4 48
v 5 47
e 0 1 8 # 
e 0 3 56 # 
e 1 2 22 # 
e 1 5 115 # 
e 3 4 53 # 
x 0 7 13 16 18 20 21 29 33 51 53 55 63 70 71 73 76 77 78 87 88
# 19
t # 282
v 0 1
v 1 7
v 2 3
v 3 44
v 4 48
v 5 47
v 6 105
e 0 1 8 # 
e 0 3 56 # 
e 0 6 147 # 
e 1 2 22 # 
e 1 5 115 # 
e 3 4 53 # 
x 0 7 13 16 18 20 21 29 33 51 55 63 70 71 73 76 78 87 88
# 24
t # 283
v 0 1
v 1 7
v 2 3
v 3 44
v 4 831
e 0 1 8 # 
e 0 3 56 # 
e 1 2 22 # 
e 3 4 1937 # 
x 5 6 12 15 20 29 30 33 38 47 51 52 56 62 63 67 71 72 73 76 77 87 88 89
# 23
t # 284
v 0 1
v 1 7
v 2 3
v 3 44
v 4 831
v 5 105
e 0 1 8 # 
e 0 3 56 # 
e 0 5 147 # 
e 1 2 22 # 
e 3 4 1937 # 
x 5 6 12 15 20 29 30 33 38 47 51 52 56 62 63 67 71 72 73 76 87 88 89
# 23
t # 285
v 0 1
v 1 7
v 2 3
v 3 44
v 4 831
v 5 47
e 0 1 8 # 
e 0 3 56 # 
e 1 2 22 # 
e 1 5 115 # 
e 3 4 1937 # 
x 5 12 15 20 29 30 33 38 47 51 52 56 62 63 67 71 72 73 76 77 87 88 89
# 22
t # 286
v 0 1
v 1 7
v 2 3
v 3 44
v 4 831
v 5 47
v 6 105
e 0 1 8 # 
e 0 3 56 # 
e 0 6 147 # 
e 1 2 22 # 
e 1 5 115 # 
e 3 4 1937 # 
x 5 12 15 20 29 30 33 38 47 51 52 56 62 63 67 71 72 73 76 87 88 89
# 46
t # 287
v 0 1
v 1 7
v 2 3
v 3 44
v 4 105
e 0 1 8 # 
e 0 3 56 # 
e 0 4 147 # 
e 1 2 22 # 
x 0 4 5 6 7 12 13 14 15 16 18 20 21 23 29 30 33 34 36 38 39 45 47 48 50 51 52 55 56 60 61 62 63 65 67 70 71 72 73 76 78 80 82 87 88 89
# 44
t # 288
v 0 1
v 1 7
v 2 3
v 3 44
v 4 47
e 0 1 8 # 
e 0 3 56 # 
e 1 2 22 # 
e 1 4 115 # 
x 0 4 5 7 12 13 14 15 16 18 20 21 29 30 33 34 38 39 47 48 50 51 52 53 55 56 58 61 62 63 65 67 70 71 72 73 76 77 78 80 82 87 88 89
# 41
t # 289
v 0 1
v 1 7
v 2 3
v 3 44
v 4 47
v 5 105
e 0 1 8 # 
e 0 3 56 # 
e 0 5 147 # 
e 1 2 22 # 
e 1 4 115 # 
x 0 4 5 7 12 13 14 15 16 18 20 21 29 30 33 34 38 39 47 48 50 51 52 55 56 61 62 63 65 67 70 71 72 73 76 78 80 82 87 88 89
# 23
t # 290
v 0 1
v 1 7
v 2 3
v 3 44
v 4 47
v 5 105
e 0 1 8 # 
e 0 3 56 # 
e 0 5 147 # 
e 1 2 22 # 
e 1 4 115 # 
e 4 5 148 # 
x 0 7 12 13 14 18 21 29 30 34 47 51 55 61 62 63 65 67 70 71 73 82 87
# 51
t # 291
v 0 1
v 1 7
v 2 3
v 3 105
e 0 1 8 # 
e 0 3 147 # 
e 1 2 22 # 
x 0 4 5 6 7 12 13 14 15 16 18 20 21 23 29 30 31 33 34 36 38 39 44 45 47 48 50 51 52 55 56 60 61 62 63 64 65 67 70 71 72 73 76 78 79 80 82 84 87 88 89
# 25
t # 292
v 0 1
v 1 7
v 2 3
v 3 105
v 4 47
e 0 1 8 # 
e 0 3 147 # 
e 1 2 22 # 
e 3 4 148 # 
x 0 7 12 13 14 18 21 29 30 31 34 44 47 51 55 61 62 63 65 67 70 71 73 82 87
# 23
t # 293
v 0 1
v 1 7
v 2 3
v 3 105
v 4 47
v 5 44
e 0 1 8 # 
e 0 3 147 # 
e 0 5 56 # 
e 1 2 22 # 
e 3 4 148 # 
x 0 7 12 13 14 18 21 29 30 34 47 51 55 61 62 63 65 67 70 71 73 82 87
# 46
t # 294
v 0 1
v 1 7
v 2 3
v 3 105
v 4 47
e 0 1 8 # 
e 0 3 147 # 
e 1 2 22 # 
e 1 4 115 # 
x 0 4 5 7 12 13 14 15 16 18 20 21 29 30 31 33 34 38 39 44 47 48 50 51 52 55 56 61 62 63 64 65 67 70 71 72 73 76 78 79 80 82 84 87 88 89
# 25
t # 295
v 0 1
v 1 7
v 2 3
v 3 105
v 4 47
e 0 1 8 # 
e 0 3 147 # 
e 1 2 22 # 
e 1 4 115 # 
e 3 4 148 # 
x 0 7 12 13 14 18 21 29 30 31 34 44 47 51 55 61 62 63 65 67 70 71 73 82 87
# 50
t # 296
v 0 1
v 1 7
v 2 3
v 3 47
e 0 1 8 # 
e 1 2 22 # 
e 1 3 115 # 
x 0 4 5 7 12 13 14 15 16 18 20 21 27 29 30 31 33 34 38 39 44 47 48 50 51 52 53 55 56 58 61 62 63 64 65 67 70 71 72 73 76 77 78 79 80 82 84 87 88 89
# 69
t # 297
v 0 1
v 1 7
v 2 47
e 0 1 8 # 
e 1 2 115 # 
x 0 2 4 5 7 8 9 10 11 12 13 14 15 16 17 18 20 21 25 27 29 30 31 32 33 34 37 38 39 41 42 44 47 48 49 50 51 52 53 54 55 56 57 58 61 62 63 64 65 66 67 68 70 71 72 73 74 75 76 77 78 79 80 82 84 85 87 88 89
# 61
t # 298
v 0 1
v 1 7
v 2 47
v 3 105
e 0 1 8 # 
e 0 3 147 # 
e 1 2 115 # 
x 0 2 4 5 7 9 10 11 12 13 14 15 16 17 18 20 21 25 29 30 31 32 33 34 37 38 39 41 42 44 47 48 50 51 52 55 56 57 61 62 63 64 65 66 67 68 70 71 72 73 75 76 78 79 80 82 84 85 87 88 89
# 25
t # 299
v 0 1
v 1 7
v 2 47
v 3 44
e 0 1 8 # 
e 1 2 115 # 
e 2 3 52 # 
x 0 2 4 5 7 9 11 13 14 17 21 25 29 30 32 41 42 47 53 71 72 73 77 78 89
# 28
t # 300
v 0 1
v 1 7
v 2 47
v 3 48
e 0 1 8 # 
e 1 2 115 # 
e 2 3 687 # 
x 2 7 10 16 17 21 31 39 41 42 47 48 50 53 54 56 61 62 63 67 68 70 71 76 80 82 85 87
# 26
t # 301
v 0 1
v 1 7
v 2 47
v 3 48
v 4 105
e 0 1 8 # 
e 0 4 147 # 
e 1 2 115 # 
e 2 3 687 # 
x 2 7 10 16 17 21 31 39 41 42 47 48 50 56 61 62 63 67 68 70 71 76 80 82 85 87
# 19
t # 302
v 0 1
v 1 7
v 2 47
v 3 48
v 4 105
v 5 3
e 0 1 8 # 
e 0 4 147 # 
e 1 2 115 # 
e 1 5 22 # 
e 2 3 687 # 
x 7 16 21 31 39 47 48 50 56 61 62 63 67 70 71 76 80 82 87
# 28
t # 303
v 0 1
v 1 7
v 2 47
v 3 48
e 0 1 8 # 
e 1 2 115 # 
e 2 3 688 # 
x 2 7 8 9 10 16 21 31 39 41 42 47 48 53 54 56 61 62 63 67 68 70 71 76 80 82 85 87
# 25
t # 304
v 0 1
v 1 7
v 2 47
v 3 48
v 4 105
e 0 1 8 # 
e 0 4 147 # 
e 1 2 115 # 
e 2 3 688 # 
x 2 7 9 10 16 21 31 39 41 42 47 48 56 61 62 63 67 68 70 71 76 80 82 85 87
# 18
t # 305
v 0 1
v 1 7
v 2 47
v 3 48
v 4 105
v 5 3
e 0 1 8 # 
e 0 4 147 # 
e 1 2 115 # 
e 1 5 22 # 
e 2 3 688 # 
x 7 16 21 31 39 47 48 56 61 62 63 67 70 71 76 80 82 87
# 35
t # 306
v 0 1
v 1 7
v 2 47
v 3 105
e 0 1 8 # 
e 1 2 115 # 
e 2 3 148 # 
x 0 7 8 9 11 12 13 14 18 21 25 29 30 31 32 34 41 42 44 47 51 55 57 61 62 63 65 67 68 70 71 73 75 82 87
# 64
t # 307
v 0 3
v 1 7
e 0 1 22 # 
x 0 3 4 5 6 7 12 13 14 15 16 18 20 21 23 24 26 27 28 29 30 31 33 34 35 36 38 39 43 44 45 47 48 50 51 52 53 55 56 58 59 60 61 62 63 64 65 67 69 70 71 72 73 76 77 78 79 80 82 83 84 87 88 89
# 19
t # 308
v 0 3
v 1 7
v 2 74
e 0 1 22 # 
e 1 2 102 # 
x 0 5 16 20 35 50 52 53 58 61 62 65 67 71 72 76 77 84 88
# 20
t # 309
v 0 3
v 1 7
v 2 43
e 0 1 22 # 
e 1 2 49 # 
x 0 5 16 20 29 50 52 53 55 58 61 62 65 67 71 72 76 77 84 88
# 29
t # 310
v 0 3
v 1 7
v 2 23
e 0 1 22 # 
e 1 2 29 # 
x 0 5 7 14 16 18 21 23 24 26 29 33 36 45 48 50 51 53 61 64 65 67 69 71 73 77 79 80 88
# 27
t # 311
v 0 3
v 1 7
v 2 23
v 3 1
e 0 1 22 # 
e 1 2 29 # 
e 1 3 8 # 
x 0 5 7 14 16 18 21 23 24 29 33 36 45 48 50 51 53 61 64 65 67 71 73 77 79 80 88
# 23
t # 312
v 0 3
v 1 7
v 2 23
v 3 1
v 4 47
e 0 1 22 # 
e 1 2 29 # 
e 1 3 8 # 
e 1 4 115 # 
x 0 5 7 14 16 18 21 29 33 48 50 51 53 61 64 65 67 71 73 77 79 80 88
# 25
t # 313
v 0 3
v 1 7
v 2 23
v 3 47
e 0 1 22 # 
e 1 2 29 # 
e 1 3 115 # 
x 0 5 7 14 16 18 21 26 29 33 48 50 51 53 61 64 65 67 69 71 73 77 79 80 88
# 30
t # 314
v 0 3
v 1 7
v 2 21
e 0 1 22 # 
e 1 2 27 # 
x 0 3 4 6 15 18 20 21 23 24 26 30 31 34 38 39 47 50 56 58 62 67 71 72 73 76 82 84 87 89
# 28
t # 315
v 0 3
v 1 7
v 2 21
v 3 1
e 0 1 22 # 
e 1 2 27 # 
e 1 3 8 # 
x 0 4 6 15 18 20 21 23 24 30 31 34 38 39 47 50 56 58 62 67 71 72 73 76 82 84 87 89
# 25
t # 316
v 0 3
v 1 7
v 2 21
v 3 1
v 4 47
e 0 1 22 # 
e 1 2 27 # 
e 1 3 8 # 
e 1 4 115 # 
x 0 4 15 18 20 21 30 31 34 38 39 47 50 56 58 62 67 71 72 73 76 82 84 87 89
# 27
t # 317
v 0 3
v 1 7
v 2 21
v 3 47
e 0 1 22 # 
e 1 2 27 # 
e 1 3 115 # 
x 0 3 4 15 18 20 21 26 30 31 34 38 39 47 50 56 58 62 67 71 72 73 76 82 84 87 89
# 30
t # 318
v 0 3
v 1 7
v 2 63
e 0 1 22 # 
e 1 2 367 # 
x 0 3 5 6 15 16 18 20 21 23 27 29 33 36 38 45 48 50 56 60 61 62 63 69 70 76 78 80 88 89
# 28
t # 319
v 0 3
v 1 7
v 2 63
v 3 1
e 0 1 22 # 
e 1 2 367 # 
e 1 3 8 # 
x 0 5 6 15 16 18 20 21 23 27 29 33 36 38 45 48 50 56 60 61 62 63 70 76 78 80 88 89
# 23
t # 320
v 0 3
v 1 7
v 2 63
v 3 1
v 4 47
e 0 1 22 # 
e 1 2 367 # 
e 1 3 8 # 
e 1 4 115 # 
x 0 5 15 16 18 20 21 27 29 33 38 48 50 56 61 62 63 70 76 78 80 88 89
# 25
t # 321
v 0 3
v 1 7
v 2 63
v 3 47
e 0 1 22 # 
e 1 2 367 # 
e 1 3 115 # 
x 0 3 5 15 16 18 20 21 27 29 33 38 48 50 56 61 62 63 69 70 76 78 80 88 89
# 18
t # 322
v 0 3
v 1 7
v 2 63
v 3 105
e 0 1 22 # 
e 1 2 367 # 
e 2 3 1912 # 
x 5 6 15 16 18 20 33 36 38 45 50 60 69 76 78 80 88 89
# 32
t # 323
v 0 3
v 1 7
v 2 35
e 0 1 22 # 
e 1 2 41 # 
x 0 5 6 12 15 18 20 29 30 34 38 45 47 51 52 55 56 58 61 62 63 67 70 71 72 73 76 77 80 87 88 89
# 32
t # 324
v 0 3
v 1 7
v 2 35
v 3 1
e 0 1 22 # 
e 1 2 41 # 
e 1 3 8 # 
x 0 5 6 12 15 18 20 29 30 34 38 45 47 51 52 55 56 58 61 62 63 67 70 71 72 73 76 77 80 87 88 89
# 30
t # 325
v 0 3
v 1 7
v 2 35
v 3 1
v 4 47
e 0 1 22 # 
e 1 2 41 # 
e 1 3 8 # 
e 1 4 115 # 
x 0 5 12 15 18 20 29 30 34 38 47 51 52 55 56 58 61 62 63 67 70 71 72 73 76 77 80 87 88 89
# 30
t # 326
v 0 3
v 1 7
v 2 35
v 3 47
e 0 1 22 # 
e 1 2 41 # 
e 1 3 115 # 
x 0 5 12 15 18 20 29 30 34 38 47 51 52 55 56 58 61 62 63 67 70 71 72 73 76 77 80 87 88 89
# 36
t # 327
v 0 3
v 1 7
v 2 98
e 0 1 22 # 
e 1 2 313 # 
x 0 3 4 7 14 21 29 30 31 34 36 38 39 44 48 50 51 53 55 58 59 61 63 65 71 72 73 77 78 79 80 82 83 84 88 89
# 33
t # 328
v 0 3
v 1 7
v 2 98
v 3 1
e 0 1 22 # 
e 1 2 313 # 
e 1 3 8 # 
x 0 4 7 14 21 29 30 31 34 36 38 39 44 48 50 51 53 55 58 61 63 65 71 72 73 77 78 79 80 82 84 88 89
# 32
t # 329
v 0 3
v 1 7
v 2 98
v 3 1
v 4 47
e 0 1 22 # 
e 1 2 313 # 
e 1 3 8 # 
e 1 4 115 # 
x 0 4 7 14 21 29 30 31 34 38 39 44 48 50 51 53 55 58 61 63 65 71 72 73 77 78 79 80 82 84 88 89
# 35
t # 330
v 0 3
v 1 7
v 2 98
v 3 47
e 0 1 22 # 
e 1 2 313 # 
e 1 3 115 # 
x 0 3 4 7 14 21 29 30 31 34 38 39 44 48 50 51 53 55 58 59 61 63 65 71 72 73 77 78 79 80 82 83 84 88 89
# 56
t # 331
v 0 3
v 1 7
v 2 47
e 0 1 22 # 
e 1 2 115 # 
x 0 3 4 5 7 12 13 14 15 16 18 20 21 26 27 29 30 31 33 34 38 39 43 44 47 48 50 51 52 53 55 56 58 59 61 62 63 64 65 67 69 70 71 72 73 76 77 78 79 80 82 83 84 87 88 89
# 21
t # 332
v 0 3
v 1 7
v 2 47
v 3 48
e 0 1 22 # 
e 1 2 115 # 
e 2 3 687 # 
x 3 7 16 21 31 39 47 48 50 53 56 61 62 63 67 70 71 76 80 82 87
# 20
t # 333
v 0 3
v 1 7
v 2 47
v 3 48
v 4 1
e 0 1 22 # 
e 1 2 115 # 
e 1 4 8 # 
e 2 3 687 # 
x 7 16 21 31 39 47 48 50 53 56 61 62 63 67 70 71 76 80 82 87
# 21
t # 334
v 0 3
v 1 7
v 2 47
v 3 48
e 0 1 22 # 
e 1 2 115 # 
e 2 3 688 # 
x 3 7 16 21 26 31 39 47 48 53 56 61 62 63 67 70 71 76 80 82 87
# 19
t # 335
v 0 3
v 1 7
v 2 47
v 3 48
v 4 1
e 0 1 22 # 
e 1 2 115 # 
e 1 4 8 # 
e 2 3 688 # 
x 7 16 21 31 39 47 48 53 56 61 62 63 67 70 71 76 80 82 87
# 26
t # 336
v 0 3
v 1 7
v 2 47
v 3 105
e 0 1 22 # 
e 1 2 115 # 
e 2 3 148 # 
x 0 3 7 12 13 14 18 21 29 30 31 34 44 47 51 55 61 62 63 65 67 70 71 73 82 87
# 25
t # 337
v 0 3
v 1 7
v 2 47
v 3 105
v 4 1
e 0 1 22 # 
e 1 2 115 # 
e 1 4 8 # 
e 2 3 148 # 
x 0 7 12 13 14 18 21 29 30 31 34 44 47 51 55 61 62 63 65 67 70 71 73 82 87
# 18
t # 338
v 0 7
v 1 331
e 0 1 613 # 
x 2 4 9 16 17 18 25 29 30 41 42 49 50 63 67 71 72 75
# 18
t # 339
v 0 7
v 1 682
e 0 1 1547 # 
x 4 6 14 22 26 29 30 38 39 41 48 50 53 61 69 73 75 83
# 20
t # 340
v 0 7
v 1 714
e 0 1 1617 # 
x 4 6 14 22 26 29 30 38 39 41 48 50 53 55 61 67 69 73 75 83
# 21
t # 341
v 0 7
v 1 74
e 0 1 102 # 
x 0 5 16 20 22 35 50 52 53 58 61 62 65 67 71 72 76 77 84 86 88
# 21
t # 342
v 0 7
v 1 233
e 0 1 401 # 
x 0 2 3 7 15 16 17 21 27 33 41 42 48 51 52 55 58 65 76 77 84
# 22
t # 343
v 0 7
v 1 43
e 0 1 49 # 
x 0 5 16 20 22 29 41 50 52 53 55 58 61 62 65 67 71 72 76 77 84 88
# 22
t # 344
v 0 7
v 1 144
e 0 1 423 # 
x 1 2 3 5 10 14 17 18 19 20 21 36 48 50 51 52 54 67 75 79 84 85
# 24
t # 345
v 0 7
v 1 1014
e 0 1 2495 # 
x 7 9 12 13 21 22 24 30 31 35 39 41 48 57 61 62 63 64 69 79 81 85 86 87
# 29
t # 346
v 0 7
v 1 23
e 0 1 29 # 
x 0 5 7 14 16 18 21 23 24 26 29 33 36 45 48 50 51 53 61 64 65 67 69 71 73 77 79 80 88
# 18
t # 347
v 0 7
v 1 23
v 2 98
e 0 1 29 # 
e 0 2 313 # 
x 0 7 14 21 29 36 48 50 51 53 61 65 71 73 77 79 80 88
# 25
t # 348
v 0 7
v 1 23
v 2 47
e 0 1 29 # 
e 0 2 115 # 
x 0 5 7 14 16 18 21 26 29 33 48 50 51 53 61 64 65 67 69 71 73 77 79 80 88
# 30
t # 349
v 0 7
v 1 21
e 0 1 27 # 
x 0 3 4 6 15 18 20 21 23 24 26 30 31 34 38 39 47 50 56 58 62 67 71 72 73 76 82 84 87 89
# 19
t # 350
v 0 7
v 1 21
v 2 35
e 0 1 27 # 
e 0 2 41 # 
x 0 6 15 18 20 30 34 38 47 56 58 62 67 71 72 73 76 87 89
# 19
t # 351
v 0 7
v 1 21
v 2 35
v 3 3
e 0 1 27 # 
e 0 2 41 # 
e 0 3 22 # 
x 0 6 15 18 20 30 34 38 47 56 58 62 67 71 72 73 76 87 89
# 18
t # 352
v 0 7
v 1 21
v 2 35
v 3 3
v 4 47
e 0 1 27 # 
e 0 2 41 # 
e 0 3 22 # 
e 0 4 115 # 
x 0 15 18 20 30 34 38 47 56 58 62 67 71 72 73 76 87 89
# 19
t # 353
v 0 7
v 1 21
v 2 35
v 3 3
v 4 1
e 0 1 27 # 
e 0 2 41 # 
e 0 3 22 # 
e 0 4 8 # 
x 0 6 15 18 20 30 34 38 47 56 58 62 67 71 72 73 76 87 89
# 18
t # 354
v 0 7
v 1 21
v 2 35
v 3 3
v 4 1
v 5 47
e 0 1 27 # 
e 0 2 41 # 
e 0 3 22 # 
e 0 4 8 # 
e 0 5 115 # 
x 0 15 18 20 30 34 38 47 56 58 62 67 71 72 73 76 87 89
# 19
t # 355
v 0 7
v 1 21
v 2 35
v 3 1
e 0 1 27 # 
e 0 2 41 # 
e 0 3 8 # 
x 0 6 15 18 20 30 34 38 47 56 58 62 67 71 72 73 76 87 89
# 18
t # 356
v 0 7
v 1 21
v 2 35
v 3 1
v 4 47
e 0 1 27 # 
e 0 2 41 # 
e 0 3 8 # 
e 0 4 115 # 
x 0 15 18 20 30 34 38 47 56 58 62 67 71 72 73 76 87 89
# 18
t # 357
v 0 7
v 1 21
v 2 35
v 3 47
e 0 1 27 # 
e 0 2 41 # 
e 0 3 115 # 
x 0 15 18 20 30 34 38 47 56 58 62 67 71 72 73 76 87 89
# 27
t # 358
v 0 7
v 1 21
v 2 47
e 0 1 27 # 
e 0 2 115 # 
x 0 3 4 15 18 20 21 26 30 31 34 38 39 47 50 56 58 62 67 71 72 73 76 82 84 87 89
# 38
t # 359
v 0 7
v 1 63
e 0 1 367 # 
x 0 3 5 6 9 10 15 16 18 20 21 22 23 27 29 33 36 38 41 45 48 50 56 57 60 61 62 63 68 69 70 74 76 78 80 86 88 89
# 18
t # 360
v 0 7
v 1 63
v 2 98
e 0 1 367 # 
e 0 2 313 # 
x 0 3 9 10 21 29 36 38 41 48 50 57 61 63 78 80 88 89
# 20
t # 361
v 0 7
v 1 63
v 2 105
e 0 1 367 # 
e 1 2 1912 # 
x 5 6 10 15 16 18 20 22 33 36 38 45 50 60 69 76 78 80 88 89
# 39
t # 362
v 0 7
v 1 35
e 0 1 41 # 
x 0 5 6 9 11 12 15 18 20 29 30 34 38 41 45 47 51 52 54 55 56 57 58 61 62 63 66 67 70 71 72 73 75 76 77 80 87 88 89
# 21
t # 363
v 0 7
v 1 35
v 2 63
e 0 1 41 # 
e 0 2 367 # 
x 0 5 6 9 15 18 20 29 38 41 45 56 57 61 62 63 70 76 80 88 89
# 21
t # 364
v 0 7
v 1 35
v 2 98
e 0 1 41 # 
e 0 2 313 # 
x 0 9 29 30 34 38 41 51 55 57 58 61 63 71 72 73 75 77 80 88 89
# 21
t # 365
v 0 7
v 1 35
v 2 98
v 3 1
e 0 1 41 # 
e 0 2 313 # 
e 0 3 8 # 
x 0 9 29 30 34 38 41 51 55 57 58 61 63 71 72 73 75 77 80 88 89
# 21
t # 366
v 0 7
v 1 35
v 2 98
v 3 1
v 4 47
e 0 1 41 # 
e 0 2 313 # 
e 0 3 8 # 
e 0 4 115 # 
x 0 9 29 30 34 38 41 51 55 57 58 61 63 71 72 73 75 77 80 88 89
# 21
t # 367
v 0 7
v 1 35
v 2 98
v 3 47
e 0 1 41 # 
e 0 2 313 # 
e 0 3 115 # 
x 0 9 29 30 34 38 41 51 55 57 58 61 63 71 72 73 75 77 80 88 89
# 37
t # 368
v 0 7
v 1 35
v 2 47
e 0 1 41 # 
e 0 2 115 # 
x 0 5 9 11 12 15 18 20 29 30 34 38 41 47 51 52 54 55 56 57 58 61 62 63 66 67 70 71 72 73 75 76 77 80 87 88 89
# 22
t # 369
v 0 7
v 1 35
v 2 47
v 3 105
e 0 1 41 # 
e 0 2 115 # 
e 2 3 148 # 
x 0 9 11 12 18 29 30 34 41 47 51 55 57 61 62 63 67 70 71 73 75 87
# 22
t # 370
v 0 7
v 1 35
v 2 47
v 3 105
v 4 1
e 0 1 41 # 
e 0 2 115 # 
e 0 4 8 # 
e 2 3 148 # 
x 0 9 11 12 18 29 30 34 41 47 51 55 57 61 62 63 67 70 71 73 75 87
# 52
t # 371
v 0 7
v 1 98
e 0 1 313 # 
x 0 1 2 3 4 7 9 10 14 17 19 21 25 29 30 31 32 34 36 38 39 40 41 42 44 46 48 49 50 51 53 55 57 58 59 61 63 65 71 72 73 75 77 78 79 80 81 82 83 84 88 89
# 81
t # 372
v 0 7
v 1 47
e 0 1 115 # 
x 0 1 2 3 4 5 7 8 9 10 11 12 13 14 15 16 17 18 19 20 21 25 26 27 29 30 31 32 33 34 37 38 39 40 41 42 43 44 46 47 48 49 50 51 52 53 54 55 56 57 58 59 61 62 63 64 65 66 67 68 69 70 71 72 73 74 75 76 77 78 79 80 81 82 83 84 85 86 87 88 89
# 18
t # 373
v 0 7
v 1 47
v 2 331
e 0 1 115 # 
e 0 2 613 # 
x 2 4 9 16 17 18 25 29 30 41 42 49 50 63 67 71 72 75
# 18
t # 374
v 0 7
v 1 47
v 2 714
e 0 1 115 # 
e 0 2 1617 # 
x 4 14 26 29 30 38 39 41 48 50 53 55 61 67 69 73 75 83
# 19
t # 375
v 0 7
v 1 47
v 2 74
e 0 1 115 # 
e 0 2 102 # 
x 0 5 16 20 50 52 53 58 61 62 65 67 71 72 76 77 84 86 88
# 21
t # 376
v 0 7
v 1 47
v 2 233
e 0 1 115 # 
e 0 2 401 # 
x 0 2 3 7 15 16 17 21 27 33 41 42 48 51 52 55 58 65 76 77 84
# 21
t # 377
v 0 7
v 1 47
v 2 144
e 0 1 115 # 
e 0 2 423 # 
x 1 2 3 5 10 14 17 18 19 20 21 48 50 51 52 54 67 75 79 84 85
# 21
t # 378
v 0 7
v 1 47
v 2 1014
e 0 1 115 # 
e 0 2 2495 # 
x 7 9 12 13 21 30 31 39 41 48 57 61 62 63 64 69 79 81 85 86 87
# 32
t # 379
v 0 7
v 1 47
v 2 63
e 0 1 115 # 
e 0 2 367 # 
x 0 3 5 9 10 15 16 18 20 21 27 29 33 38 41 48 50 56 57 61 62 63 68 69 70 74 76 78 80 86 88 89
# 51
t # 380
v 0 7
v 1 47
v 2 98
e 0 1 115 # 
e 0 2 313 # 
x 0 1 2 3 4 7 9 10 14 17 19 21 25 29 30 31 32 34 38 39 40 41 42 44 46 48 49 50 51 53 55 57 58 59 61 63 65 71 72 73 75 77 78 79 80 81 82 83 84 88 89
# 25
t # 381
v 0 7
v 1 47
v 2 98
v 3 105
e 0 1 115 # 
e 0 2 313 # 
e 1 3 148 # 
x 0 3 7 9 14 21 25 29 30 31 32 34 41 42 44 51 55 57 61 63 65 71 73 75 82
# 18
t # 382
v 0 7
v 1 47
v 2 98
v 3 105
v 4 3
e 0 1 115 # 
e 0 2 313 # 
e 0 4 22 # 
e 1 3 148 # 
x 0 3 7 14 21 29 30 31 34 44 51 55 61 63 65 71 73 82
# 24
t # 383
v 0 7
v 1 47
v 2 98
v 3 105
v 4 1
e 0 1 115 # 
e 0 2 313 # 
e 0 4 8 # 
e 1 3 148 # 
x 0 7 9 14 21 25 29 30 31 32 34 41 42 44 51 55 57 61 63 65 71 73 75 82
# 26
t # 384
v 0 7
v 1 47
v 2 44
e 0 1 115 # 
e 1 2 52 # 
x 0 1 2 4 5 7 9 11 13 14 17 21 25 29 30 32 41 42 47 53 71 72 73 77 78 89
# 31
t # 385
v 0 7
v 1 47
v 2 48
e 0 1 115 # 
e 1 2 687 # 
x 2 3 7 10 16 17 21 31 39 41 42 47 48 50 53 54 56 61 62 63 67 68 70 71 76 80 81 82 85 86 87
# 19
t # 386
v 0 7
v 1 47
v 2 48
v 3 98
e 0 1 115 # 
e 0 3 313 # 
e 1 2 687 # 
x 2 3 7 10 17 21 31 39 41 42 48 50 53 61 63 71 80 81 82
# 32
t # 387
v 0 7
v 1 47
v 2 48
e 0 1 115 # 
e 1 2 688 # 
x 2 3 7 8 9 10 16 21 26 31 39 41 42 47 48 53 54 56 61 62 63 67 68 70 71 76 80 81 82 85 86 87
# 18
t # 388
v 0 7
v 1 47
v 2 48
v 3 98
e 0 1 115 # 
e 0 3 313 # 
e 1 2 688 # 
x 2 3 7 9 10 21 31 39 41 42 48 53 61 63 71 80 81 82
# 36
t # 389
v 0 7
v 1 47
v 2 105
e 0 1 115 # 
e 1 2 148 # 
x 0 3 7 8 9 11 12 13 14 18 21 25 29 30 31 32 34 41 42 44 47 51 55 57 61 62 63 65 67 68 70 71 73 75 82 87
# 19
t # 390
v 0 11
v 1 627
e 0 1 2276 # 
x 6 21 22 29 30 31 37 38 41 42 48 49 58 61 71 76 82 84 88
# 63
t # 391
v 0 11
v 1 106
e 0 1 158 # 
x 0 1 3 6 8 9 11 12 16 17 18 20 21 22 26 27 29 30 32 34 35 36 37 38 39 41 42 44 45 47 48 50 51 52 53 54 55 57 58 59 61 62 63 64 65 66 67 69 71 73 74 75 76 78 79 81 82 83 84 85 86 88 89
# 30
t # 392
v 0 11
v 1 106
v 2 295
e 0 1 158 # 
e 1 2 526 # 
x 1 6 20 21 26 30 32 34 35 39 41 42 44 48 53 54 55 61 63 67 76 78 79 81 83 84 85 86 88 89
# 21
t # 393
v 0 44
v 1 52
e 0 1 59 # 
x 0 2 5 6 7 11 12 15 20 21 32 38 52 53 62 66 70 75 76 82 88
# 26
t # 394
v 0 44
v 1 47
e 0 1 52 # 
x 0 1 2 4 5 7 9 11 13 14 17 21 25 29 30 32 41 42 47 53 71 72 73 77 78 89
# 29
t # 395
v 0 44
v 1 48
e 0 1 53 # 
x 0 7 8 13 16 18 20 21 22 23 25 29 33 45 51 53 54 55 63 69 70 71 73 74 76 77 78 87 88
# 33
t # 396
v 0 44
v 1 831
e 0 1 1937 # 
x 5 6 8 12 15 17 20 29 30 33 38 41 42 47 51 52 54 56 62 63 66 67 68 71 72 73 74 75 76 77 87 88 89
# 31
t # 397
v 0 47
v 1 48
e 0 1 687 # 
x 2 3 7 10 16 17 21 31 39 41 42 47 48 50 53 54 56 61 62 63 67 68 70 71 76 80 81 82 85 86 87
# 32
t # 398
v 0 47
v 1 48
e 0 1 688 # 
x 2 3 7 8 9 10 16 21 26 31 39 41 42 47 48 53 54 56 61 62 63 67 68 70 71 76 80 81 82 85 86 87
# 18
t # 399
v 0 47
v 1 48
v 2 105
e 0 1 688 # 
e 0 2 148 # 
x 3 7 8 9 21 31 41 42 47 61 62 63 67 68 70 71 82 87
# 36
t # 400
v 0 47
v 1 105
e 0 1 148 # 
x 0 3 7 8 9 11 12 13 14 18 21 25 29 30 31 32 34 41 42 44 47 51 55 57 61 62 63 65 67 68 70 71 73 75 82 87
# 23
t # 401
v 0 48
v 1 52
e 0 1 1146 # 
x 3 12 20 23 31 32 38 39 40 42 43 50 52 55 58 62 69 74 76 78 82 84 85
# 23
t # 402
v 0 52
v 1 61
e 0 1 2195 # 
x 6 12 13 18 20 23 26 27 33 34 36 50 58 62 66 67 69 70 75 76 82 84 85
# 20
t # 403
v 0 63
v 1 105
e 0 1 1912 # 
x 5 6 10 15 16 18 20 22 33 36 38 45 50 60 69 76 78 80 88 89
# 23
t # 404
v 0 69
v 1 142
e 0 1 2761 # 
x 8 9 12 15 16 24 25 26 32 41 45 46 47 52 56 58 63 66 67 71 77 79 87
# 18
t # 405
v 0 82
v 1 855
e 0 1 2014 # 
x 5 6 7 11 16 27 42 49 50 55 58 61 63 72 77 82 86 88
# 19
t # 406
v 0 82
v 1 855
e 0 1 2281 # 
x 6 11 20 21 23 24 30 35 39 42 47 48 52 58 61 70 77 82 88
# 29
t # 407
v 0 82
v 1 86
e 0 1 111 # 
x 0 5 12 16 20 26 27 29 30 32 41 45 47 49 56 58 59 61 63 67 69 70 71 72 77 79 82 87 88
# 35
t # 408
v 0 82
v 1 91
e 0 1 440 # 
x 1 6 7 9 14 15 18 20 23 24 32 35 36 37 38 41 45 46 48 52 53 56 58 59 61 63 64 67 69 71 77 79 83 87 88
# 46
t # 409
v 0 82
v 1 83
e 0 1 108 # 
x 0 5 6 11 12 14 16 18 20 21 23 24 25 27 30 32 34 35 37 38 39 45 47 48 49 50 52 53 54 55 56 58 61 63 67 68 69 70 72 73 77 79 82 83 86 88
# 18
t # 410
v 0 82
v 1 83
v 2 855
e 0 1 108 # 
e 0 2 2281 # 
x 6 11 20 21 23 24 30 35 39 47 48 52 58 61 70 77 82 88
# 23
t # 411
v 0 82
v 1 83
v 2 86
e 0 1 108 # 
e 0 2 111 # 
x 0 5 12 16 20 27 30 32 45 47 49 56 58 61 63 67 69 70 72 77 79 82 88
# 24
t # 412
v 0 82
v 1 83
v 2 91
e 0 1 108 # 
e 0 2 440 # 
x 6 14 18 20 23 24 32 35 37 38 45 48 52 53 56 58 61 63 67 69 77 79 83 88
# 30
t # 413
v 0 83
v 1 412
e 0 1 820 # 
x 2 3 5 7 9 14 16 27 35 39 42 45 48 50 51 56 57 59 63 64 65 71 73 77 78 79 80 82 87 89
# 18
t # 414
v 0 105
v 1 826
e 0 1 1913 # 
x 5 8 15 23 29 30 36 38 42 45 47 60 63 67 68 71 76 88
# 18
t # 415
v 0 106
v 1 298
e 0 1 530 # 
x 1 6 8 17 20 39 51 57 59 61 63 67 75 77 78 82 83 84
# 37
t # 416
v 0 106
v 1 295
e 0 1 526 # 
x 1 2 6 20 21 23 26 30 32 34 35 39 41 42 44 48 49 53 54 55 60 61 63 67 68 76 77 78 79 81 83 84 85 86 87 88 89
# 21
t # 417
v 0 243
v 1 253
e 0 1 431 # 
x 1 11 14 21 24 36 40 45 50 52 53 54 55 59 61 63 64 72 73 81 85
# 19
t # 418
v 0 729
v 1 831
e 0 1 2106 # 
x 5 6 7 20 21 29 30 36 38 41 47 56 62 67 68 69 71 77 80
