# 18
t # 0
v 0 1
v 1 382
e 0 1 597 # 
x 3 12 15 26 29 38 47 50 51 54 55 56 58 59 66 69 73 77
# 18
t # 1
v 0 1
v 1 380
e 0 1 592 # 
x 3 7 12 13 25 26 46 50 54 56 59 65 67 70 71 75 80 87
# 19
t # 2
v 0 1
v 1 449
e 0 1 751 # 
x 4 6 9 16 19 28 29 32 33 34 36 48 56 65 71 72 76 79 84
# 21
t # 3
v 0 1
v 1 400
e 0 1 645 # 
x 3 4 8 18 19 29 30 36 37 38 39 40 47 48 62 65 67 71 73 80 83
# 21
t # 4
v 0 1
v 1 148
e 0 1 700 # 
x 3 4 9 15 25 29 38 40 50 51 52 56 59 62 65 66 68 70 73 79 84
# 22
t # 5
v 0 1
v 1 4
e 0 1 730 # 
x 4 18 26 30 32 33 37 39 44 45 49 52 53 56 59 61 62 71 73 83 87 88
# 22
t # 6
v 0 1
v 1 4
v 2 5
e 0 1 730 # 
e 0 2 4 # 
x 4 18 26 30 32 33 37 39 44 45 49 52 53 56 59 61 62 71 73 83 87 88
# 22
t # 7
v 0 1
v 1 4
v 2 5
e 0 1 730 # 
e 1 2 40 # 
x 4 18 26 30 32 33 37 39 44 45 49 52 53 56 59 61 62 71 73 83 87 88
# 22
t # 8
v 0 1
v 1 4
v 2 5
e 0 1 730 # 
e 0 2 4 # 
e 1 2 40 # 
x 4 18 26 30 32 33 37 39 44 45 49 52 53 56 59 61 62 71 73 83 87 88
# 23
t # 9
v 0 1
v 1 43
e 0 1 1069 # 
x 6 8 19 28 31 47 53 54 55 57 63 64 65 66 69 70 73 74 77 79 80 85 87
# 19
t # 10
v 0 1
v 1 43
v 2 90
e 0 1 1069 # 
e 0 2 106 # 
x 6 19 31 47 53 54 57 63 65 66 69 70 73 74 77 79 80 85 87
# 19
t # 11
v 0 1
v 1 43
v 2 90
v 3 5
e 0 1 1069 # 
e 0 2 106 # 
e 0 3 4 # 
x 6 19 31 47 53 54 57 63 65 66 69 70 73 74 77 79 80 85 87
# 23
t # 12
v 0 1
v 1 163
e 0 1 1725 # 
x 9 10 11 12 17 19 22 24 32 38 40 49 54 58 59 60 62 63 64 69 77 78 85
# 34
t # 13
v 0 1
v 1 148
e 0 1 699 # 
x 3 4 9 12 15 18 25 27 29 38 39 40 42 50 51 52 54 55 56 59 62 63 65 66 68 70 72 73 78 79 83 84 87 89
# 18
t # 14
v 0 1
v 1 148
v 2 386
e 0 1 699 # 
e 0 2 609 # 
x 3 9 12 15 25 38 51 54 56 59 62 63 66 68 73 78 79 87
# 18
t # 15
v 0 1
v 1 148
v 2 386
v 3 5
e 0 1 699 # 
e 0 2 609 # 
e 0 3 4 # 
x 3 9 12 15 25 38 51 54 56 59 62 63 66 68 73 78 79 87
# 38
t # 16
v 0 1
v 1 386
e 0 1 609 # 
x 3 6 7 8 9 12 13 15 17 22 25 26 28 38 46 47 49 51 53 54 56 58 59 62 63 64 66 68 69 71 73 76 77 78 79 80 87 88
# 49
t # 17
v 0 1
v 1 43
e 0 1 300 # 
x 1 3 6 7 8 9 10 14 15 16 17 19 22 25 28 29 31 32 34 38 40 42 45 47 50 51 53 54 55 56 57 59 60 63 65 66 68 69 70 73 74 75 76 78 79 80 85 87 88
# 23
t # 18
v 0 1
v 1 43
v 2 148
e 0 1 300 # 
e 0 2 699 # 
x 3 9 15 25 29 38 40 42 50 51 54 55 56 59 63 65 66 68 70 73 78 79 87
# 19
t # 19
v 0 1
v 1 43
v 2 148
v 3 90
e 0 1 300 # 
e 0 2 699 # 
e 0 3 106 # 
x 3 9 15 25 29 38 40 50 54 56 59 63 65 66 70 73 78 79 87
# 19
t # 20
v 0 1
v 1 43
v 2 148
v 3 90
v 4 5
e 0 1 300 # 
e 0 2 699 # 
e 0 3 106 # 
e 0 4 4 # 
x 3 9 15 25 29 38 40 50 54 56 59 63 65 66 70 73 78 79 87
# 23
t # 21
v 0 1
v 1 43
v 2 148
v 3 5
e 0 1 300 # 
e 0 2 699 # 
e 0 3 4 # 
x 3 9 15 25 29 38 40 42 50 51 54 55 56 59 63 65 66 68 70 73 78 79 87
# 28
t # 22
v 0 1
v 1 43
v 2 386
e 0 1 300 # 
e 0 2 609 # 
x 3 6 7 8 9 15 17 22 25 28 38 47 51 53 54 56 59 63 66 68 69 73 76 78 79 80 87 88
# 22
t # 23
v 0 1
v 1 43
v 2 386
v 3 90
e 0 1 300 # 
e 0 2 609 # 
e 0 3 106 # 
x 3 6 7 9 15 17 25 38 47 53 54 56 59 63 66 69 73 76 78 79 80 87
# 22
t # 24
v 0 1
v 1 43
v 2 386
v 3 90
v 4 5
e 0 1 300 # 
e 0 2 609 # 
e 0 3 106 # 
e 0 4 4 # 
x 3 6 7 9 15 17 25 38 47 53 54 56 59 63 66 69 73 76 78 79 80 87
# 28
t # 25
v 0 1
v 1 43
v 2 386
v 3 5
e 0 1 300 # 
e 0 2 609 # 
e 0 3 4 # 
x 3 6 7 8 9 15 17 22 25 28 38 47 51 53 54 56 59 63 66 68 69 73 76 78 79 80 87 88
# 37
t # 26
v 0 1
v 1 43
v 2 90
e 0 1 300 # 
e 0 2 106 # 
x 3 6 7 9 10 14 15 16 17 19 25 29 31 32 38 40 47 50 53 54 56 57 59 60 63 65 66 69 70 73 74 76 78 79 80 85 87
# 37
t # 27
v 0 1
v 1 43
v 2 90
v 3 5
e 0 1 300 # 
e 0 2 106 # 
e 0 3 4 # 
x 3 6 7 9 10 14 15 16 17 19 25 29 31 32 38 40 47 50 53 54 56 57 59 60 63 65 66 69 70 73 74 76 78 79 80 85 87
# 54
t # 28
v 0 1
v 1 43
e 0 1 301 # 
x 1 3 6 7 8 9 10 13 14 15 16 17 19 25 28 29 31 32 34 38 39 40 42 45 47 49 50 51 53 54 55 56 57 59 60 63 64 65 66 68 69 70 71 72 73 74 75 76 78 79 84 85 87 88
# 18
t # 29
v 0 1
v 1 43
v 2 148
e 0 1 301 # 
e 0 2 700 # 
x 3 9 15 25 29 38 40 50 51 56 59 65 66 68 70 73 79 84
# 18
t # 30
v 0 1
v 1 43
v 2 148
v 3 5
e 0 1 301 # 
e 0 2 700 # 
e 0 3 4 # 
x 3 9 15 25 29 38 40 50 51 56 59 65 66 68 70 73 79 84
# 26
t # 31
v 0 1
v 1 43
v 2 148
e 0 1 301 # 
e 0 2 699 # 
x 3 9 15 25 29 38 39 40 42 50 51 54 55 56 59 63 65 66 68 70 72 73 78 79 84 87
# 21
t # 32
v 0 1
v 1 43
v 2 148
v 3 90
e 0 1 301 # 
e 0 2 699 # 
e 0 3 106 # 
x 3 9 15 25 29 38 39 40 50 54 56 59 63 65 66 70 73 78 79 84 87
# 21
t # 33
v 0 1
v 1 43
v 2 148
v 3 90
v 4 5
e 0 1 301 # 
e 0 2 699 # 
e 0 3 106 # 
e 0 4 4 # 
x 3 9 15 25 29 38 39 40 50 54 56 59 63 65 66 70 73 78 79 84 87
# 26
t # 34
v 0 1
v 1 43
v 2 148
v 3 5
e 0 1 301 # 
e 0 2 699 # 
e 0 3 4 # 
x 3 9 15 25 29 38 39 40 42 50 51 54 55 56 59 63 65 66 68 70 72 73 78 79 84 87
# 30
t # 35
v 0 1
v 1 43
v 2 386
e 0 1 301 # 
e 0 2 609 # 
x 3 6 7 8 9 13 15 17 25 28 38 47 49 51 53 54 56 59 63 64 66 68 69 71 73 76 78 79 87 88
# 23
t # 36
v 0 1
v 1 43
v 2 386
v 3 90
e 0 1 301 # 
e 0 2 609 # 
e 0 3 106 # 
x 3 6 7 9 13 15 17 25 38 47 49 53 54 56 59 63 66 69 73 76 78 79 87
# 23
t # 37
v 0 1
v 1 43
v 2 386
v 3 90
v 4 5
e 0 1 301 # 
e 0 2 609 # 
e 0 3 106 # 
e 0 4 4 # 
x 3 6 7 9 13 15 17 25 38 47 49 53 54 56 59 63 66 69 73 76 78 79 87
# 30
t # 38
v 0 1
v 1 43
v 2 386
v 3 5
e 0 1 301 # 
e 0 2 609 # 
e 0 3 4 # 
x 3 6 7 8 9 13 15 17 25 28 38 47 49 51 53 54 56 59 63 64 66 68 69 71 73 76 78 79 87 88
# 40
t # 39
v 0 1
v 1 43
v 2 90
e 0 1 301 # 
e 0 2 106 # 
x 3 6 7 9 10 13 14 15 16 17 19 25 29 31 32 38 39 40 47 49 50 53 54 56 57 59 60 63 65 66 69 70 73 74 76 78 79 84 85 87
# 40
t # 40
v 0 1
v 1 43
v 2 90
v 3 5
e 0 1 301 # 
e 0 2 106 # 
e 0 3 4 # 
x 3 6 7 9 10 13 14 15 16 17 19 25 29 31 32 38 39 40 47 49 50 53 54 56 57 59 60 63 65 66 69 70 73 74 76 78 79 84 85 87
# 56
t # 41
v 0 1
v 1 40
e 0 1 48 # 
x 0 2 3 4 6 8 9 12 13 16 17 18 19 20 21 24 25 27 28 29 30 31 35 36 37 39 40 41 42 43 44 45 46 47 48 50 52 53 54 55 60 61 62 66 68 69 73 74 77 78 79 81 82 83 84 89
# 24
t # 42
v 0 1
v 1 40
v 2 148
e 0 1 48 # 
e 0 2 699 # 
x 3 4 9 12 18 25 27 29 39 40 42 50 52 54 55 62 66 68 73 78 79 83 84 89
# 19
t # 43
v 0 1
v 1 40
v 2 148
v 3 90
e 0 1 48 # 
e 0 2 699 # 
e 0 3 106 # 
x 3 4 9 12 18 25 27 29 39 40 50 52 54 66 73 78 79 83 84
# 19
t # 44
v 0 1
v 1 40
v 2 148
v 3 90
v 4 5
e 0 1 48 # 
e 0 2 699 # 
e 0 3 106 # 
e 0 4 4 # 
x 3 4 9 12 18 25 27 29 39 40 50 52 54 66 73 78 79 83 84
# 24
t # 45
v 0 1
v 1 40
v 2 148
v 3 5
e 0 1 48 # 
e 0 2 699 # 
e 0 3 4 # 
x 3 4 9 12 18 25 27 29 39 40 42 50 52 54 55 62 66 68 73 78 79 83 84 89
# 21
t # 46
v 0 1
v 1 40
v 2 386
e 0 1 48 # 
e 0 2 609 # 
x 3 6 8 9 12 13 17 25 28 46 47 53 54 62 66 68 69 73 77 78 79
# 21
t # 47
v 0 1
v 1 40
v 2 386
v 3 5
e 0 1 48 # 
e 0 2 609 # 
e 0 3 4 # 
x 3 6 8 9 12 13 17 25 28 46 47 53 54 62 66 68 69 73 77 78 79
# 27
t # 48
v 0 1
v 1 40
v 2 43
e 0 1 48 # 
e 0 2 300 # 
x 3 6 8 9 16 17 19 25 28 29 31 40 42 45 47 50 53 54 55 60 66 68 69 73 74 78 79
# 21
t # 49
v 0 1
v 1 40
v 2 43
v 3 90
e 0 1 48 # 
e 0 2 300 # 
e 0 3 106 # 
x 3 6 9 16 17 19 25 29 31 40 47 50 53 54 60 66 69 73 74 78 79
# 21
t # 50
v 0 1
v 1 40
v 2 43
v 3 90
v 4 5
e 0 1 48 # 
e 0 2 300 # 
e 0 3 106 # 
e 0 4 4 # 
x 3 6 9 16 17 19 25 29 31 40 47 50 53 54 60 66 69 73 74 78 79
# 27
t # 51
v 0 1
v 1 40
v 2 43
v 3 5
e 0 1 48 # 
e 0 2 300 # 
e 0 3 4 # 
x 3 6 8 9 16 17 19 25 28 29 31 40 42 45 47 50 53 54 55 60 66 68 69 73 74 78 79
# 30
t # 52
v 0 1
v 1 40
v 2 43
e 0 1 48 # 
e 0 2 301 # 
x 3 6 8 9 13 16 17 19 25 28 29 31 39 40 42 45 47 50 53 54 55 60 66 68 69 73 74 78 79 84
# 24
t # 53
v 0 1
v 1 40
v 2 43
v 3 90
e 0 1 48 # 
e 0 2 301 # 
e 0 3 106 # 
x 3 6 9 13 16 17 19 25 29 31 39 40 47 50 53 54 60 66 69 73 74 78 79 84
# 24
t # 54
v 0 1
v 1 40
v 2 43
v 3 90
v 4 5
e 0 1 48 # 
e 0 2 301 # 
e 0 3 106 # 
e 0 4 4 # 
x 3 6 9 13 16 17 19 25 29 31 39 40 47 50 53 54 60 66 69 73 74 78 79 84
# 30
t # 55
v 0 1
v 1 40
v 2 43
v 3 5
e 0 1 48 # 
e 0 2 301 # 
e 0 3 4 # 
x 3 6 8 9 13 16 17 19 25 28 29 31 39 40 42 45 47 50 53 54 55 60 66 68 69 73 74 78 79 84
# 47
t # 56
v 0 1
v 1 40
v 2 90
e 0 1 48 # 
e 0 2 106 # 
x 0 2 3 4 6 9 12 13 16 17 18 19 20 21 24 25 27 29 30 31 35 36 37 39 40 41 43 44 47 48 50 52 53 54 60 61 66 69 73 74 77 78 79 81 82 83 84
# 45
t # 57
v 0 1
v 1 40
v 2 90
v 3 5
e 0 1 48 # 
e 0 2 106 # 
e 0 3 4 # 
x 0 3 4 6 9 12 13 16 17 18 19 21 24 25 27 29 30 31 35 36 37 39 40 41 43 44 47 48 50 52 53 54 60 61 66 69 73 74 77 78 79 81 82 83 84
# 19
t # 58
v 0 1
v 1 40
v 2 43
e 0 1 48 # 
e 1 2 49 # 
x 0 4 8 9 18 25 29 31 39 40 42 43 52 54 62 78 79 83 84
# 66
t # 59
v 0 1
v 1 90
e 0 1 106 # 
x 0 2 3 4 6 7 9 10 11 12 13 14 15 16 17 18 19 20 21 24 25 27 29 30 31 32 35 36 37 38 39 40 41 43 44 47 48 49 50 52 53 54 56 57 59 60 61 63 65 66 69 70 73 74 76 77 78 79 80 81 82 83 84 85 86 87
# 18
t # 60
v 0 1
v 1 90
v 2 148
e 0 1 106 # 
e 0 2 700 # 
x 3 4 9 15 25 29 38 40 50 52 56 59 65 66 70 73 79 84
# 18
t # 61
v 0 1
v 1 90
v 2 148
v 3 5
e 0 1 106 # 
e 0 2 700 # 
e 0 3 4 # 
x 3 4 9 15 25 29 38 40 50 52 56 59 65 66 70 73 79 84
# 19
t # 62
v 0 1
v 1 90
v 2 163
e 0 1 106 # 
e 0 2 1725 # 
x 9 10 11 12 17 19 24 32 38 40 49 54 59 60 63 69 77 78 85
# 19
t # 63
v 0 1
v 1 90
v 2 163
v 3 5
e 0 1 106 # 
e 0 2 1725 # 
e 0 3 4 # 
x 9 10 11 12 17 19 24 32 38 40 49 54 59 60 63 69 77 78 85
# 27
t # 64
v 0 1
v 1 90
v 2 148
e 0 1 106 # 
e 0 2 699 # 
x 3 4 9 12 15 18 25 27 29 38 39 40 50 52 54 56 59 63 65 66 70 73 78 79 83 84 87
# 27
t # 65
v 0 1
v 1 90
v 2 148
v 3 5
e 0 1 106 # 
e 0 2 699 # 
e 0 3 4 # 
x 3 4 9 12 15 18 25 27 29 38 39 40 50 52 54 56 59 63 65 66 70 73 78 79 83 84 87
# 26
t # 66
v 0 1
v 1 90
v 2 386
e 0 1 106 # 
e 0 2 609 # 
x 3 6 7 9 12 13 15 17 25 38 47 49 53 54 56 59 63 66 69 73 76 77 78 79 80 87
# 26
t # 67
v 0 1
v 1 90
v 2 386
v 3 5
e 0 1 106 # 
e 0 2 609 # 
e 0 3 4 # 
x 3 6 7 9 12 13 15 17 25 38 47 49 53 54 56 59 63 66 69 73 76 77 78 79 80 87
# 27
t # 68
v 0 1
v 1 90
v 2 1945
e 0 1 106 # 
e 1 2 4879 # 
x 30 37 38 39 40 41 43 44 49 50 52 53 56 59 61 63 65 73 74 76 78 79 80 81 82 85 86
# 86
t # 69
v 0 1
v 1 5
e 0 1 4 # 
x 0 1 3 4 6 7 8 9 10 11 12 13 14 15 16 17 18 19 21 22 24 25 26 27 28 29 30 31 32 33 34 35 36 37 38 39 40 41 42 43 44 45 46 47 48 49 50 51 52 53 54 55 56 57 58 59 60 61 62 63 64 65 66 67 68 69 70 71 72 73 74 75 76 77 78 79 80 81 82 83 84 85 86 87 88 89
# 18
t # 70
v 0 1
v 1 5
v 2 382
e 0 1 4 # 
e 0 2 597 # 
x 3 12 15 26 29 38 47 50 51 54 55 56 58 59 66 69 73 77
# 18
t # 71
v 0 1
v 1 5
v 2 380
e 0 1 4 # 
e 0 2 592 # 
x 3 7 12 13 25 26 46 50 54 56 59 65 67 70 71 75 80 87
# 19
t # 72
v 0 1
v 1 5
v 2 449
e 0 1 4 # 
e 0 2 751 # 
x 4 6 9 16 19 28 29 32 33 34 36 48 56 65 71 72 76 79 84
# 21
t # 73
v 0 1
v 1 5
v 2 400
e 0 1 4 # 
e 0 2 645 # 
x 3 4 8 18 19 29 30 36 37 38 39 40 47 48 62 65 67 71 73 80 83
# 21
t # 74
v 0 1
v 1 5
v 2 148
e 0 1 4 # 
e 0 2 700 # 
x 3 4 9 15 25 29 38 40 50 51 52 56 59 62 65 66 68 70 73 79 84
# 23
t # 75
v 0 1
v 1 5
v 2 43
e 0 1 4 # 
e 0 2 1069 # 
x 6 8 19 28 31 47 53 54 55 57 63 64 65 66 69 70 73 74 77 79 80 85 87
# 23
t # 76
v 0 1
v 1 5
v 2 163
e 0 1 4 # 
e 0 2 1725 # 
x 9 10 11 12 17 19 22 24 32 38 40 49 54 58 59 60 62 63 64 69 77 78 85
# 18
t # 77
v 0 1
v 1 5
v 2 163
v 3 810
e 0 1 4 # 
e 0 2 1725 # 
e 1 3 1492 # 
x 11 17 22 24 32 38 40 49 58 59 60 62 63 64 69 77 78 85
# 34
t # 78
v 0 1
v 1 5
v 2 148
e 0 1 4 # 
e 0 2 699 # 
x 3 4 9 12 15 18 25 27 29 38 39 40 42 50 51 52 54 55 56 59 62 63 65 66 68 70 72 73 78 79 83 84 87 89
# 20
t # 79
v 0 1
v 1 5
v 2 148
v 3 401
e 0 1 4 # 
e 0 2 699 # 
e 1 3 708 # 
x 3 12 15 29 38 39 50 54 56 59 62 63 65 66 68 73 83 84 87 89
# 19
t # 80
v 0 1
v 1 5
v 2 148
v 3 427
e 0 1 4 # 
e 0 2 699 # 
e 1 3 718 # 
x 3 12 15 29 38 39 50 54 56 59 62 63 65 66 68 73 78 87 89
# 20
t # 81
v 0 1
v 1 5
v 2 148
v 3 211
e 0 1 4 # 
e 0 2 699 # 
e 1 3 313 # 
x 3 4 9 12 29 38 39 42 50 51 52 54 56 59 63 68 72 78 79 87
# 19
t # 82
v 0 1
v 1 5
v 2 148
v 3 348
e 0 1 4 # 
e 0 2 699 # 
e 1 3 556 # 
x 3 4 12 15 18 38 40 50 54 56 59 62 63 65 66 68 73 78 87
# 38
t # 83
v 0 1
v 1 5
v 2 386
e 0 1 4 # 
e 0 2 609 # 
x 3 6 7 8 9 12 13 15 17 22 25 26 28 38 46 47 49 51 53 54 56 58 59 62 63 64 66 68 69 71 73 76 77 78 79 80 87 88
# 25
t # 84
v 0 1
v 1 5
v 2 386
v 3 810
e 0 1 4 # 
e 0 2 609 # 
e 1 3 1492 # 
x 8 13 17 22 38 46 49 53 56 58 59 62 63 64 66 68 69 71 73 76 77 78 79 87 88
# 20
t # 85
v 0 1
v 1 5
v 2 386
v 3 810
v 4 43
e 0 1 4 # 
e 0 2 609 # 
e 0 4 301 # 
e 1 3 1492 # 
x 8 13 17 38 49 53 56 59 63 64 66 68 69 71 73 76 78 79 87 88
# 19
t # 86
v 0 1
v 1 5
v 2 386
v 3 810
v 4 43
v 5 4
e 0 1 4 # 
e 0 2 609 # 
e 0 4 301 # 
e 1 3 1492 # 
e 1 5 40 # 
x 8 13 17 38 49 53 56 59 63 66 68 69 71 73 76 78 79 87 88
# 20
t # 87
v 0 1
v 1 5
v 2 386
v 3 810
v 4 401
e 0 1 4 # 
e 0 2 609 # 
e 1 3 1492 # 
e 1 4 708 # 
x 17 22 38 49 53 56 58 59 62 63 64 66 68 69 71 73 76 77 87 88
# 19
t # 88
v 0 1
v 1 5
v 2 386
v 3 810
v 4 401
v 5 4
e 0 1 4 # 
e 0 2 609 # 
e 1 3 1492 # 
e 1 4 708 # 
e 1 5 40 # 
x 17 22 38 49 53 56 58 59 62 63 66 68 69 71 73 76 77 87 88
# 20
t # 89
v 0 1
v 1 5
v 2 386
v 3 810
v 4 427
e 0 1 4 # 
e 0 2 609 # 
e 1 3 1492 # 
e 1 4 718 # 
x 8 17 22 38 46 49 56 58 59 62 63 64 66 68 69 71 73 78 87 88
# 18
t # 90
v 0 1
v 1 5
v 2 386
v 3 810
v 4 427
v 5 4
e 0 1 4 # 
e 0 2 609 # 
e 1 3 1492 # 
e 1 4 718 # 
e 1 5 40 # 
x 8 17 22 38 49 56 58 59 62 63 66 68 69 71 73 78 87 88
# 20
t # 91
v 0 1
v 1 5
v 2 386
v 3 810
v 4 348
e 0 1 4 # 
e 0 2 609 # 
e 1 3 1492 # 
e 1 4 556 # 
x 8 13 17 22 38 46 56 59 62 63 64 66 68 69 71 73 76 77 78 87
# 18
t # 92
v 0 1
v 1 5
v 2 386
v 3 810
v 4 348
v 5 4
e 0 1 4 # 
e 0 2 609 # 
e 1 3 1492 # 
e 1 4 556 # 
e 1 5 40 # 
x 8 13 17 22 38 56 59 62 63 66 68 69 71 73 76 77 78 87
# 23
t # 93
v 0 1
v 1 5
v 2 386
v 3 810
v 4 4
e 0 1 4 # 
e 0 2 609 # 
e 1 3 1492 # 
e 1 4 40 # 
x 8 13 17 22 38 49 53 56 58 59 62 63 66 68 69 71 73 76 77 78 79 87 88
# 25
t # 94
v 0 1
v 1 5
v 2 386
v 3 401
e 0 1 4 # 
e 0 2 609 # 
e 1 3 708 # 
x 3 12 15 17 22 38 49 53 54 56 58 59 62 63 64 66 68 69 71 73 76 77 80 87 88
# 18
t # 95
v 0 1
v 1 5
v 2 386
v 3 401
v 4 43
e 0 1 4 # 
e 0 2 609 # 
e 0 4 300 # 
e 1 3 708 # 
x 3 15 17 22 38 53 54 56 59 63 66 68 69 73 76 80 87 88
# 19
t # 96
v 0 1
v 1 5
v 2 386
v 3 401
v 4 43
e 0 1 4 # 
e 0 2 609 # 
e 0 4 301 # 
e 1 3 708 # 
x 3 15 17 38 49 53 54 56 59 63 64 66 68 69 71 73 76 87 88
# 18
t # 97
v 0 1
v 1 5
v 2 386
v 3 401
v 4 90
e 0 1 4 # 
e 0 2 609 # 
e 0 4 106 # 
e 1 3 708 # 
x 3 12 15 17 38 49 53 54 56 59 63 66 69 73 76 77 80 87
# 22
t # 98
v 0 1
v 1 5
v 2 386
v 3 401
v 4 427
e 0 1 4 # 
e 0 2 609 # 
e 1 3 708 # 
e 1 4 718 # 
x 3 12 15 17 22 38 49 54 56 58 59 62 63 64 66 68 69 71 73 80 87 88
# 18
t # 99
v 0 1
v 1 5
v 2 386
v 3 401
v 4 427
v 5 4
e 0 1 4 # 
e 0 2 609 # 
e 1 3 708 # 
e 1 4 718 # 
e 1 5 40 # 
x 3 17 22 38 49 56 58 59 62 63 66 68 69 71 73 80 87 88
# 18
t # 100
v 0 1
v 1 5
v 2 386
v 3 401
v 4 427
v 5 348
e 0 1 4 # 
e 0 2 609 # 
e 1 3 708 # 
e 1 4 718 # 
e 1 5 556 # 
x 3 12 15 17 22 38 54 56 59 62 63 64 66 68 69 71 73 87
# 20
t # 101
v 0 1
v 1 5
v 2 386
v 3 401
v 4 348
e 0 1 4 # 
e 0 2 609 # 
e 1 3 708 # 
e 1 4 556 # 
x 3 12 15 17 22 38 54 56 59 62 63 64 66 68 69 71 73 76 77 87
# 21
t # 102
v 0 1
v 1 5
v 2 386
v 3 401
v 4 4
e 0 1 4 # 
e 0 2 609 # 
e 1 3 708 # 
e 1 4 40 # 
x 3 17 22 38 49 53 56 58 59 62 63 66 68 69 71 73 76 77 80 87 88
# 26
t # 103
v 0 1
v 1 5
v 2 386
v 3 427
e 0 1 4 # 
e 0 2 609 # 
e 1 3 718 # 
x 3 8 12 15 17 22 38 46 47 49 54 56 58 59 62 63 64 66 68 69 71 73 78 80 87 88
# 49
t # 104
v 0 1
v 1 5
v 2 43
e 0 1 4 # 
e 0 2 300 # 
x 1 3 6 7 8 9 10 14 15 16 17 19 22 25 28 29 31 32 34 38 40 42 45 47 50 51 53 54 55 56 57 59 60 63 65 66 68 69 70 73 74 75 76 78 79 80 85 87 88
# 24
t # 105
v 0 1
v 1 5
v 2 43
v 3 810
e 0 1 4 # 
e 0 2 300 # 
e 1 3 1492 # 
x 8 17 22 32 38 40 53 56 59 60 63 66 68 69 70 73 74 75 76 78 79 85 87 88
# 19
t # 106
v 0 1
v 1 5
v 2 43
v 3 810
v 4 90
e 0 1 4 # 
e 0 2 300 # 
e 0 4 106 # 
e 1 3 1492 # 
x 17 32 38 40 53 56 59 60 63 66 69 70 73 74 76 78 79 85 87
# 18
t # 107
v 0 1
v 1 5
v 2 43
v 3 810
v 4 427
e 0 1 4 # 
e 0 2 300 # 
e 1 3 1492 # 
e 1 4 718 # 
x 8 17 22 38 56 59 60 63 66 68 69 73 74 75 78 85 87 88
# 18
t # 108
v 0 1
v 1 5
v 2 43
v 3 810
v 4 427
v 5 4
e 0 1 4 # 
e 0 2 300 # 
e 1 3 1492 # 
e 1 4 718 # 
e 1 5 40 # 
x 8 17 22 38 56 59 60 63 66 68 69 73 74 75 78 85 87 88
# 19
t # 109
v 0 1
v 1 5
v 2 43
v 3 810
v 4 348
e 0 1 4 # 
e 0 2 300 # 
e 1 3 1492 # 
e 1 4 556 # 
x 8 17 22 32 38 40 56 59 60 63 66 68 69 73 75 76 78 85 87
# 18
t # 110
v 0 1
v 1 5
v 2 43
v 3 810
v 4 348
v 5 4
e 0 1 4 # 
e 0 2 300 # 
e 1 3 1492 # 
e 1 4 556 # 
e 1 5 40 # 
x 8 17 22 32 38 56 59 60 63 66 68 69 73 75 76 78 85 87
# 23
t # 111
v 0 1
v 1 5
v 2 43
v 3 810
v 4 4
e 0 1 4 # 
e 0 2 300 # 
e 1 3 1492 # 
e 1 4 40 # 
x 8 17 22 32 38 53 56 59 60 63 66 68 69 70 73 74 75 76 78 79 85 87 88
# 18
t # 112
v 0 1
v 1 5
v 2 43
v 3 810
v 4 4
v 5 90
e 0 1 4 # 
e 0 2 300 # 
e 0 5 106 # 
e 1 3 1492 # 
e 1 4 40 # 
x 17 32 38 53 56 59 60 63 66 69 70 73 74 76 78 79 85 87
# 24
t # 113
v 0 1
v 1 5
v 2 43
v 3 401
e 0 1 4 # 
e 0 2 300 # 
e 1 3 708 # 
x 3 15 17 22 29 38 50 53 54 56 59 60 63 65 66 68 69 73 75 76 80 85 87 88
# 20
t # 114
v 0 1
v 1 5
v 2 43
v 3 401
v 4 90
e 0 1 4 # 
e 0 2 300 # 
e 0 4 106 # 
e 1 3 708 # 
x 3 15 17 29 38 50 53 54 56 59 60 63 65 66 69 73 76 80 85 87
# 22
t # 115
v 0 1
v 1 5
v 2 43
v 3 401
v 4 427
e 0 1 4 # 
e 0 2 300 # 
e 1 3 708 # 
e 1 4 718 # 
x 3 15 17 22 29 38 50 54 56 59 60 63 65 66 68 69 73 75 80 85 87 88
# 18
t # 116
v 0 1
v 1 5
v 2 43
v 3 401
v 4 427
v 5 90
e 0 1 4 # 
e 0 2 300 # 
e 0 5 106 # 
e 1 3 708 # 
e 1 4 718 # 
x 3 15 17 29 38 50 54 56 59 60 63 65 66 69 73 80 85 87
# 19
t # 117
v 0 1
v 1 5
v 2 43
v 3 401
v 4 427
v 5 4
e 0 1 4 # 
e 0 2 300 # 
e 1 3 708 # 
e 1 4 718 # 
e 1 5 40 # 
x 3 17 22 29 38 56 59 60 63 65 66 68 69 73 75 80 85 87 88
# 19
t # 118
v 0 1
v 1 5
v 2 43
v 3 401
v 4 427
v 5 348
e 0 1 4 # 
e 0 2 300 # 
e 1 3 708 # 
e 1 4 718 # 
e 1 5 556 # 
x 3 15 17 22 38 50 54 56 59 60 63 65 66 68 69 73 75 85 87
# 20
t # 119
v 0 1
v 1 5
v 2 43
v 3 401
v 4 348
e 0 1 4 # 
e 0 2 300 # 
e 1 3 708 # 
e 1 4 556 # 
x 3 15 17 22 38 50 54 56 59 60 63 65 66 68 69 73 75 76 85 87
# 21
t # 120
v 0 1
v 1 5
v 2 43
v 3 401
v 4 4
e 0 1 4 # 
e 0 2 300 # 
e 1 3 708 # 
e 1 4 40 # 
x 3 17 22 29 38 53 56 59 60 63 65 66 68 69 73 75 76 80 85 87 88
# 27
t # 121
v 0 1
v 1 5
v 2 43
v 3 427
e 0 1 4 # 
e 0 2 300 # 
e 1 3 718 # 
x 3 8 15 17 22 29 38 45 47 50 54 56 59 60 63 65 66 68 69 73 74 75 78 80 85 87 88
# 21
t # 122
v 0 1
v 1 5
v 2 43
v 3 427
v 4 90
e 0 1 4 # 
e 0 2 300 # 
e 0 4 106 # 
e 1 3 718 # 
x 3 15 17 29 38 47 50 54 56 59 60 63 65 66 69 73 74 78 80 85 87
# 23
t # 123
v 0 1
v 1 5
v 2 43
v 3 427
v 4 348
e 0 1 4 # 
e 0 2 300 # 
e 1 3 718 # 
e 1 4 556 # 
x 3 8 15 17 22 38 45 47 50 54 56 59 60 63 65 66 68 69 73 75 78 85 87
# 18
t # 124
v 0 1
v 1 5
v 2 43
v 3 427
v 4 348
v 5 90
e 0 1 4 # 
e 0 2 300 # 
e 0 5 106 # 
e 1 3 718 # 
e 1 4 556 # 
x 3 15 17 38 47 50 54 56 59 60 63 65 66 69 73 78 85 87
# 19
t # 125
v 0 1
v 1 5
v 2 43
v 3 427
v 4 348
v 5 4
e 0 1 4 # 
e 0 2 300 # 
e 1 3 718 # 
e 1 4 556 # 
e 1 5 40 # 
x 3 8 17 22 38 45 56 59 60 63 65 66 68 69 73 75 78 85 87
# 18
t # 126
v 0 1
v 1 5
v 2 43
v 3 427
v 4 2
e 0 1 4 # 
e 0 2 300 # 
e 1 3 718 # 
e 1 4 7 # 
x 3 15 17 22 29 38 45 47 50 54 56 60 63 69 73 78 85 87
# 23
t # 127
v 0 1
v 1 5
v 2 43
v 3 427
v 4 4
e 0 1 4 # 
e 0 2 300 # 
e 1 3 718 # 
e 1 4 40 # 
x 3 8 17 22 29 38 45 56 59 60 63 65 66 68 69 73 74 75 78 80 85 87 88
# 28
t # 128
v 0 1
v 1 5
v 2 43
v 3 211
e 0 1 4 # 
e 0 2 300 # 
e 1 3 313 # 
x 1 3 7 9 16 19 28 29 32 38 42 50 51 53 54 56 59 60 63 68 69 74 75 78 79 80 85 87
# 22
t # 129
v 0 1
v 1 5
v 2 43
v 3 211
v 4 90
e 0 1 4 # 
e 0 2 300 # 
e 0 4 106 # 
e 1 3 313 # 
x 3 7 9 16 19 29 32 38 50 53 54 56 59 60 63 69 74 78 79 80 85 87
# 20
t # 130
v 0 1
v 1 5
v 2 43
v 3 211
v 4 2
e 0 1 4 # 
e 0 2 300 # 
e 1 3 313 # 
e 1 4 7 # 
x 1 3 7 9 16 19 28 29 32 38 42 50 54 56 60 63 69 78 85 87
# 24
t # 131
v 0 1
v 1 5
v 2 43
v 3 211
v 4 4
e 0 1 4 # 
e 0 2 300 # 
e 1 3 313 # 
e 1 4 40 # 
x 1 3 7 16 28 29 32 38 42 51 53 56 59 60 63 68 69 74 75 78 79 80 85 87
# 18
t # 132
v 0 1
v 1 5
v 2 43
v 3 211
v 4 4
v 5 90
e 0 1 4 # 
e 0 2 300 # 
e 0 5 106 # 
e 1 3 313 # 
e 1 4 40 # 
x 3 7 16 29 32 38 53 56 59 60 63 69 74 78 79 80 85 87
# 30
t # 133
v 0 1
v 1 5
v 2 43
v 3 348
e 0 1 4 # 
e 0 2 300 # 
e 1 3 556 # 
x 3 7 8 14 15 17 22 31 32 34 38 40 45 47 50 54 56 59 60 63 65 66 68 69 73 75 76 78 85 87
# 24
t # 134
v 0 1
v 1 5
v 2 43
v 3 348
v 4 90
e 0 1 4 # 
e 0 2 300 # 
e 0 4 106 # 
e 1 3 556 # 
x 3 7 14 15 17 31 32 38 40 47 50 54 56 59 60 63 65 66 69 73 76 78 85 87
# 19
t # 135
v 0 1
v 1 5
v 2 43
v 3 348
v 4 90
v 5 4
e 0 1 4 # 
e 0 2 300 # 
e 0 4 106 # 
e 1 3 556 # 
e 1 5 40 # 
x 3 7 14 17 31 32 38 56 59 60 63 65 66 69 73 76 78 85 87
# 19
t # 136
v 0 1
v 1 5
v 2 43
v 3 348
v 4 90
v 5 2
e 0 1 4 # 
e 0 2 300 # 
e 0 4 106 # 
e 1 3 556 # 
e 1 5 7 # 
x 3 7 14 15 17 31 32 38 47 50 54 56 60 63 69 73 78 85 87
# 21
t # 137
v 0 1
v 1 5
v 2 43
v 3 348
v 4 2
e 0 1 4 # 
e 0 2 300 # 
e 1 3 556 # 
e 1 4 7 # 
x 3 7 14 15 17 22 31 32 38 45 47 50 54 56 60 63 69 73 78 85 87
# 25
t # 138
v 0 1
v 1 5
v 2 43
v 3 348
v 4 4
e 0 1 4 # 
e 0 2 300 # 
e 1 3 556 # 
e 1 4 40 # 
x 3 7 8 14 17 22 31 32 34 38 45 56 59 60 63 65 66 68 69 73 75 76 78 85 87
# 54
t # 139
v 0 1
v 1 5
v 2 43
e 0 1 4 # 
e 0 2 301 # 
x 1 3 6 7 8 9 10 13 14 15 16 17 19 25 28 29 31 32 34 38 39 40 42 45 47 49 50 51 53 54 55 56 57 59 60 63 64 65 66 68 69 70 71 72 73 74 75 76 78 79 84 85 87 88
# 28
t # 140
v 0 1
v 1 5
v 2 43
v 3 810
e 0 1 4 # 
e 0 2 301 # 
e 1 3 1492 # 
x 8 13 17 32 38 39 40 49 53 56 59 60 63 64 66 68 69 70 71 73 74 75 76 78 79 85 87 88
# 22
t # 141
v 0 1
v 1 5
v 2 43
v 3 810
v 4 90
e 0 1 4 # 
e 0 2 301 # 
e 0 4 106 # 
e 1 3 1492 # 
x 13 17 32 38 39 40 49 53 56 59 60 63 66 69 70 73 74 76 78 79 85 87
# 20
t # 142
v 0 1
v 1 5
v 2 43
v 3 810
v 4 401
e 0 1 4 # 
e 0 2 301 # 
e 1 3 1492 # 
e 1 4 708 # 
x 17 38 39 49 53 56 59 60 63 64 66 68 69 71 73 75 76 85 87 88
# 19
t # 143
v 0 1
v 1 5
v 2 43
v 3 810
v 4 401
v 5 4
e 0 1 4 # 
e 0 2 301 # 
e 1 3 1492 # 
e 1 4 708 # 
e 1 5 40 # 
x 17 38 39 49 53 56 59 60 63 66 68 69 71 73 75 76 85 87 88
# 18
t # 144
v 0 1
v 1 5
v 2 43
v 3 810
v 4 401
v 5 427
e 0 1 4 # 
e 0 2 301 # 
e 1 3 1492 # 
e 1 4 708 # 
e 1 5 718 # 
x 17 38 39 49 56 59 60 63 64 66 68 69 71 73 75 85 87 88
# 21
t # 145
v 0 1
v 1 5
v 2 43
v 3 810
v 4 427
e 0 1 4 # 
e 0 2 301 # 
e 1 3 1492 # 
e 1 4 718 # 
x 8 17 38 39 49 56 59 60 63 64 66 68 69 71 73 74 75 78 85 87 88
# 20
t # 146
v 0 1
v 1 5
v 2 43
v 3 810
v 4 427
v 5 4
e 0 1 4 # 
e 0 2 301 # 
e 1 3 1492 # 
e 1 4 718 # 
e 1 5 40 # 
x 8 17 38 39 49 56 59 60 63 66 68 69 71 73 74 75 78 85 87 88
# 19
t # 147
v 0 1
v 1 5
v 2 43
v 3 810
v 4 211
e 0 1 4 # 
e 0 2 301 # 
e 1 3 1492 # 
e 1 4 313 # 
x 32 38 39 49 53 56 59 60 63 64 68 69 71 74 75 78 79 85 87
# 18
t # 148
v 0 1
v 1 5
v 2 43
v 3 810
v 4 211
v 5 4
e 0 1 4 # 
e 0 2 301 # 
e 1 3 1492 # 
e 1 4 313 # 
e 1 5 40 # 
x 32 38 39 49 53 56 59 60 63 68 69 71 74 75 78 79 85 87
# 21
t # 149
v 0 1
v 1 5
v 2 43
v 3 810
v 4 348
e 0 1 4 # 
e 0 2 301 # 
e 1 3 1492 # 
e 1 4 556 # 
x 8 13 17 32 38 40 56 59 60 63 64 66 68 69 71 73 75 76 78 85 87
# 19
t # 150
v 0 1
v 1 5
v 2 43
v 3 810
v 4 348
v 5 4
e 0 1 4 # 
e 0 2 301 # 
e 1 3 1492 # 
e 1 4 556 # 
e 1 5 40 # 
x 8 13 17 32 38 56 59 60 63 66 68 69 71 73 75 76 78 85 87
# 26
t # 151
v 0 1
v 1 5
v 2 43
v 3 810
v 4 4
e 0 1 4 # 
e 0 2 301 # 
e 1 3 1492 # 
e 1 4 40 # 
x 8 13 17 32 38 39 49 53 56 59 60 63 66 68 69 70 71 73 74 75 76 78 79 85 87 88
# 21
t # 152
v 0 1
v 1 5
v 2 43
v 3 810
v 4 4
v 5 90
e 0 1 4 # 
e 0 2 301 # 
e 0 5 106 # 
e 1 3 1492 # 
e 1 4 40 # 
x 13 17 32 38 39 49 53 56 59 60 63 66 69 70 73 74 76 78 79 85 87
# 27
t # 153
v 0 1
v 1 5
v 2 43
v 3 401
e 0 1 4 # 
e 0 2 301 # 
e 1 3 708 # 
x 3 15 17 29 38 39 49 50 53 54 56 59 60 63 64 65 66 68 69 71 73 75 76 84 85 87 88
# 22
t # 154
v 0 1
v 1 5
v 2 43
v 3 401
v 4 90
e 0 1 4 # 
e 0 2 301 # 
e 0 4 106 # 
e 1 3 708 # 
x 3 15 17 29 38 39 49 50 53 54 56 59 60 63 65 66 69 73 76 84 85 87
# 24
t # 155
v 0 1
v 1 5
v 2 43
v 3 401
v 4 427
e 0 1 4 # 
e 0 2 301 # 
e 1 3 708 # 
e 1 4 718 # 
x 3 15 17 29 38 39 49 50 54 56 59 60 63 64 65 66 68 69 71 73 75 85 87 88
# 19
t # 156
v 0 1
v 1 5
v 2 43
v 3 401
v 4 427
v 5 90
e 0 1 4 # 
e 0 2 301 # 
e 0 5 106 # 
e 1 3 708 # 
e 1 4 718 # 
x 3 15 17 29 38 39 49 50 54 56 59 60 63 65 66 69 73 85 87
# 20
t # 157
v 0 1
v 1 5
v 2 43
v 3 401
v 4 427
v 5 4
e 0 1 4 # 
e 0 2 301 # 
e 1 3 708 # 
e 1 4 718 # 
e 1 5 40 # 
x 3 17 29 38 39 49 56 59 60 63 65 66 68 69 71 73 75 85 87 88
# 20
t # 158
v 0 1
v 1 5
v 2 43
v 3 401
v 4 427
v 5 348
e 0 1 4 # 
e 0 2 301 # 
e 1 3 708 # 
e 1 4 718 # 
e 1 5 556 # 
x 3 15 17 38 50 54 56 59 60 63 64 65 66 68 69 71 73 75 85 87
# 18
t # 159
v 0 1
v 1 5
v 2 43
v 3 401
v 4 427
v 5 211
e 0 1 4 # 
e 0 2 301 # 
e 1 3 708 # 
e 1 4 718 # 
e 1 5 313 # 
x 3 29 38 39 49 50 54 56 59 60 63 64 68 69 71 75 85 87
# 19
t # 160
v 0 1
v 1 5
v 2 43
v 3 401
v 4 211
e 0 1 4 # 
e 0 2 301 # 
e 1 3 708 # 
e 1 4 313 # 
x 3 29 38 39 49 50 53 54 56 59 60 63 64 68 69 71 75 85 87
# 21
t # 161
v 0 1
v 1 5
v 2 43
v 3 401
v 4 348
e 0 1 4 # 
e 0 2 301 # 
e 1 3 708 # 
e 1 4 556 # 
x 3 15 17 38 50 54 56 59 60 63 64 65 66 68 69 71 73 75 76 85 87
# 23
t # 162
v 0 1
v 1 5
v 2 43
v 3 401
v 4 4
e 0 1 4 # 
e 0 2 301 # 
e 1 3 708 # 
e 1 4 40 # 
x 3 17 29 38 39 49 53 56 59 60 63 65 66 68 69 71 73 75 76 84 85 87 88
# 19
t # 163
v 0 1
v 1 5
v 2 43
v 3 401
v 4 4
v 5 90
e 0 1 4 # 
e 0 2 301 # 
e 0 5 106 # 
e 1 3 708 # 
e 1 4 40 # 
x 3 17 29 38 39 49 53 56 59 60 63 65 66 69 73 76 84 85 87
# 29
t # 164
v 0 1
v 1 5
v 2 43
v 3 427
e 0 1 4 # 
e 0 2 301 # 
e 1 3 718 # 
x 3 8 15 17 29 38 39 45 47 49 50 54 56 59 60 63 64 65 66 68 69 71 73 74 75 78 85 87 88
# 32
t # 165
v 0 1
v 1 5
v 2 43
v 3 211
e 0 1 4 # 
e 0 2 301 # 
e 1 3 313 # 
x 1 3 7 9 16 19 28 29 32 38 39 42 49 50 51 53 54 56 59 60 63 64 68 69 71 72 74 75 78 79 85 87
# 23
t # 166
v 0 1
v 1 5
v 2 43
v 3 211
v 4 90
e 0 1 4 # 
e 0 2 301 # 
e 0 4 106 # 
e 1 3 313 # 
x 3 7 9 16 19 29 32 38 39 49 50 53 54 56 59 60 63 69 74 78 79 85 87
# 18
t # 167
v 0 1
v 1 5
v 2 43
v 3 211
v 4 348
e 0 1 4 # 
e 0 2 301 # 
e 1 3 313 # 
e 1 4 556 # 
x 3 7 32 38 50 54 56 59 60 63 64 68 69 71 75 78 85 87
# 22
t # 168
v 0 1
v 1 5
v 2 43
v 3 211
v 4 2
e 0 1 4 # 
e 0 2 301 # 
e 1 3 313 # 
e 1 4 7 # 
x 1 3 7 9 16 19 28 29 32 38 42 49 50 54 56 60 63 64 69 78 85 87
# 18
t # 169
v 0 1
v 1 5
v 2 43
v 3 211
v 4 2
v 5 90
e 0 1 4 # 
e 0 2 301 # 
e 0 5 106 # 
e 1 3 313 # 
e 1 4 7 # 
x 3 7 9 16 19 29 32 38 49 50 54 56 60 63 69 78 85 87
# 27
t # 170
v 0 1
v 1 5
v 2 43
v 3 211
v 4 4
e 0 1 4 # 
e 0 2 301 # 
e 1 3 313 # 
e 1 4 40 # 
x 1 3 7 16 28 29 32 38 39 42 49 51 53 56 59 60 63 68 69 71 72 74 75 78 79 85 87
# 19
t # 171
v 0 1
v 1 5
v 2 43
v 3 211
v 4 4
v 5 90
e 0 1 4 # 
e 0 2 301 # 
e 0 5 106 # 
e 1 3 313 # 
e 1 4 40 # 
x 3 7 16 29 32 38 39 49 53 56 59 60 63 69 74 78 79 85 87
# 32
t # 172
v 0 1
v 1 5
v 2 43
v 3 348
e 0 1 4 # 
e 0 2 301 # 
e 1 3 556 # 
x 3 7 8 13 14 15 17 31 32 34 38 40 45 47 50 54 56 59 60 63 64 65 66 68 69 71 73 75 76 78 85 87
# 25
t # 173
v 0 1
v 1 5
v 2 43
v 3 348
v 4 90
e 0 1 4 # 
e 0 2 301 # 
e 0 4 106 # 
e 1 3 556 # 
x 3 7 13 14 15 17 31 32 38 40 47 50 54 56 59 60 63 65 66 69 73 76 78 85 87
# 22
t # 174
v 0 1
v 1 5
v 2 43
v 3 348
v 4 2
e 0 1 4 # 
e 0 2 301 # 
e 1 3 556 # 
e 1 4 7 # 
x 3 7 13 14 15 17 31 32 38 45 47 50 54 56 60 63 64 69 73 78 85 87
# 20
t # 175
v 0 1
v 1 5
v 2 43
v 3 348
v 4 2
v 5 90
e 0 1 4 # 
e 0 2 301 # 
e 0 5 106 # 
e 1 3 556 # 
e 1 4 7 # 
x 3 7 13 14 15 17 31 32 38 47 50 54 56 60 63 69 73 78 85 87
# 26
t # 176
v 0 1
v 1 5
v 2 43
v 3 348
v 4 4
e 0 1 4 # 
e 0 2 301 # 
e 1 3 556 # 
e 1 4 40 # 
x 3 7 8 13 14 17 31 32 34 38 45 56 59 60 63 65 66 68 69 71 73 75 76 78 85 87
# 20
t # 177
v 0 1
v 1 5
v 2 43
v 3 348
v 4 4
v 5 90
e 0 1 4 # 
e 0 2 301 # 
e 0 5 106 # 
e 1 3 556 # 
e 1 4 40 # 
x 3 7 13 14 17 31 32 38 56 59 60 63 65 66 69 73 76 78 85 87
# 54
t # 178
v 0 1
v 1 5
v 2 40
e 0 1 4 # 
e 0 2 48 # 
x 0 3 4 6 8 9 12 13 16 17 18 19 21 24 25 27 28 29 30 31 35 36 37 39 40 41 42 43 44 45 46 47 48 50 52 53 54 55 60 61 62 66 68 69 73 74 77 78 79 81 82 83 84 89
# 19
t # 179
v 0 1
v 1 5
v 2 40
v 3 43
e 0 1 4 # 
e 0 2 48 # 
e 2 3 49 # 
x 0 4 8 9 18 25 29 31 39 40 42 43 52 54 62 78 79 83 84
# 18
t # 180
v 0 1
v 1 5
v 2 40
v 3 348
e 0 1 4 # 
e 0 2 48 # 
e 1 3 555 # 
x 3 12 13 17 24 36 41 43 48 54 60 61 69 77 78 81 83 89
# 25
t # 181
v 0 1
v 1 5
v 2 40
v 3 41
e 0 1 4 # 
e 0 2 48 # 
e 1 3 54 # 
x 0 3 6 8 13 18 24 25 28 29 30 35 37 41 42 43 45 46 60 62 77 79 81 82 83
# 19
t # 182
v 0 1
v 1 5
v 2 40
v 3 41
v 4 90
e 0 1 4 # 
e 0 2 48 # 
e 0 4 106 # 
e 1 3 54 # 
x 0 3 6 13 18 24 25 29 30 35 37 41 43 60 77 79 81 82 83
# 23
t # 183
v 0 1
v 1 5
v 2 40
v 3 41
v 4 4
e 0 1 4 # 
e 0 2 48 # 
e 1 3 54 # 
e 1 4 40 # 
x 0 3 6 8 13 18 24 28 29 30 35 37 41 42 43 45 60 62 77 79 81 82 83
# 18
t # 184
v 0 1
v 1 5
v 2 40
v 3 41
v 4 4
v 5 90
e 0 1 4 # 
e 0 2 48 # 
e 0 5 106 # 
e 1 3 54 # 
e 1 4 40 # 
x 0 3 6 13 18 24 29 30 35 37 41 43 60 77 79 81 82 83
# 21
t # 185
v 0 1
v 1 5
v 2 40
v 3 810
e 0 1 4 # 
e 0 2 48 # 
e 1 3 1492 # 
x 8 13 17 24 39 40 43 46 53 60 61 62 66 68 69 73 74 77 78 79 81
# 19
t # 186
v 0 1
v 1 5
v 2 40
v 3 810
v 4 4
e 0 1 4 # 
e 0 2 48 # 
e 1 3 1492 # 
e 1 4 40 # 
x 8 13 17 24 39 43 53 60 61 62 66 68 69 73 74 77 78 79 81
# 23
t # 187
v 0 1
v 1 5
v 2 40
v 3 401
e 0 1 4 # 
e 0 2 48 # 
e 1 3 708 # 
x 3 12 17 29 36 39 44 48 50 53 54 60 61 62 66 68 69 73 77 81 83 84 89
# 20
t # 188
v 0 1
v 1 5
v 2 40
v 3 401
v 4 90
e 0 1 4 # 
e 0 2 48 # 
e 0 4 106 # 
e 1 3 708 # 
x 3 12 17 29 36 39 44 48 50 53 54 60 61 66 69 73 77 81 83 84
# 18
t # 189
v 0 1
v 1 5
v 2 40
v 3 401
v 4 427
e 0 1 4 # 
e 0 2 48 # 
e 1 3 708 # 
e 1 4 718 # 
x 3 12 17 29 36 39 48 50 54 60 61 62 66 68 69 73 81 89
# 18
t # 190
v 0 1
v 1 5
v 2 40
v 3 401
v 4 4
e 0 1 4 # 
e 0 2 48 # 
e 1 3 708 # 
e 1 4 40 # 
x 3 17 29 39 44 53 60 61 62 66 68 69 73 77 81 83 84 89
# 27
t # 191
v 0 1
v 1 5
v 2 40
v 3 427
e 0 1 4 # 
e 0 2 48 # 
e 1 3 718 # 
x 3 8 12 17 24 29 30 36 37 39 45 46 47 48 50 54 60 61 62 66 68 69 73 74 78 81 89
# 21
t # 192
v 0 1
v 1 5
v 2 40
v 3 427
v 4 90
e 0 1 4 # 
e 0 2 48 # 
e 0 4 106 # 
e 1 3 718 # 
x 3 12 17 24 29 30 36 37 39 47 48 50 54 60 61 66 69 73 74 78 81
# 21
t # 193
v 0 1
v 1 5
v 2 40
v 3 427
v 4 348
e 0 1 4 # 
e 0 2 48 # 
e 1 3 718 # 
e 1 4 556 # 
x 3 8 12 17 24 36 45 46 47 48 50 54 60 61 62 66 68 69 73 78 81
# 20
t # 194
v 0 1
v 1 5
v 2 40
v 3 427
v 4 4
e 0 1 4 # 
e 0 2 48 # 
e 1 3 718 # 
e 1 4 40 # 
x 3 8 17 24 29 30 37 39 45 60 61 62 66 68 69 73 74 78 81 89
# 29
t # 195
v 0 1
v 1 5
v 2 40
v 3 211
e 0 1 4 # 
e 0 2 48 # 
e 1 3 313 # 
x 3 4 9 12 16 19 28 29 30 36 37 39 41 42 43 44 46 48 50 52 53 54 60 68 69 74 78 79 82
# 25
t # 196
v 0 1
v 1 5
v 2 40
v 3 211
v 4 90
e 0 1 4 # 
e 0 2 48 # 
e 0 4 106 # 
e 1 3 313 # 
x 3 4 9 12 16 19 29 30 36 37 39 41 43 44 48 50 52 53 54 60 69 74 78 79 82
# 21
t # 197
v 0 1
v 1 5
v 2 40
v 3 211
v 4 4
e 0 1 4 # 
e 0 2 48 # 
e 1 3 313 # 
e 1 4 40 # 
x 3 4 16 28 29 30 37 39 41 42 43 44 52 53 60 68 69 74 78 79 82
# 18
t # 198
v 0 1
v 1 5
v 2 40
v 3 211
v 4 4
v 5 90
e 0 1 4 # 
e 0 2 48 # 
e 0 5 106 # 
e 1 3 313 # 
e 1 4 40 # 
x 3 4 16 29 30 37 39 41 43 44 52 53 60 69 74 78 79 82
# 28
t # 199
v 0 1
v 1 5
v 2 40
v 3 348
e 0 1 4 # 
e 0 2 48 # 
e 1 3 556 # 
x 3 4 8 12 13 17 18 24 31 36 40 41 45 46 47 48 50 54 60 61 62 66 68 69 73 77 78 81
# 23
t # 200
v 0 1
v 1 5
v 2 40
v 3 348
v 4 90
e 0 1 4 # 
e 0 2 48 # 
e 0 4 106 # 
e 1 3 556 # 
x 3 4 12 13 17 18 24 31 36 40 41 47 48 50 54 60 61 66 69 73 77 78 81
# 20
t # 201
v 0 1
v 1 5
v 2 40
v 3 348
v 4 4
e 0 1 4 # 
e 0 2 48 # 
e 1 3 556 # 
e 1 4 40 # 
x 3 4 8 13 17 18 24 31 41 45 60 61 62 66 68 69 73 77 78 81
# 64
t # 202
v 0 1
v 1 5
v 2 90
e 0 1 4 # 
e 0 2 106 # 
x 0 3 4 6 7 9 10 11 12 13 14 15 16 17 18 19 21 24 25 27 29 30 31 32 35 36 37 38 39 40 41 43 44 47 48 49 50 52 53 54 56 57 59 60 61 63 65 66 69 70 73 74 76 77 78 79 80 81 82 83 84 85 86 87
# 27
t # 203
v 0 1
v 1 5
v 2 90
v 3 1945
e 0 1 4 # 
e 0 2 106 # 
e 2 3 4879 # 
x 30 37 38 39 40 41 43 44 49 50 52 53 56 59 61 63 65 73 74 76 78 79 80 81 82 85 86
# 21
t # 204
v 0 1
v 1 5
v 2 90
v 3 348
e 0 1 4 # 
e 0 2 106 # 
e 1 3 555 # 
x 3 12 13 17 24 36 41 43 48 54 56 57 59 60 61 69 77 78 80 81 83
# 18
t # 205
v 0 1
v 1 5
v 2 90
v 3 365
e 0 1 4 # 
e 0 2 106 # 
e 1 3 2594 # 
x 15 17 24 38 39 41 44 56 57 60 61 69 73 77 78 81 83 87
# 20
t # 206
v 0 1
v 1 5
v 2 90
v 3 619
e 0 1 4 # 
e 0 2 106 # 
e 1 3 1269 # 
x 6 10 13 15 29 30 37 41 44 47 50 53 57 61 63 65 74 77 78 80
# 28
t # 207
v 0 1
v 1 5
v 2 90
v 3 810
e 0 1 4 # 
e 0 2 106 # 
e 1 3 1492 # 
x 11 13 17 24 32 38 39 40 43 49 53 56 59 60 61 63 66 69 70 73 74 76 77 78 79 81 85 87
# 18
t # 208
v 0 1
v 1 5
v 2 90
v 3 810
v 4 401
e 0 1 4 # 
e 0 2 106 # 
e 1 3 1492 # 
e 1 4 708 # 
x 17 38 39 49 53 56 59 60 61 63 66 69 73 76 77 81 85 87
# 18
t # 209
v 0 1
v 1 5
v 2 90
v 3 810
v 4 401
v 5 4
e 0 1 4 # 
e 0 2 106 # 
e 1 3 1492 # 
e 1 4 708 # 
e 1 5 40 # 
x 17 38 39 49 53 56 59 60 61 63 66 69 73 76 77 81 85 87
# 18
t # 210
v 0 1
v 1 5
v 2 90
v 3 810
v 4 427
e 0 1 4 # 
e 0 2 106 # 
e 1 3 1492 # 
e 1 4 718 # 
x 17 24 38 39 49 56 59 60 61 63 66 69 73 74 78 81 85 87
# 18
t # 211
v 0 1
v 1 5
v 2 90
v 3 810
v 4 427
v 5 4
e 0 1 4 # 
e 0 2 106 # 
e 1 3 1492 # 
e 1 4 718 # 
e 1 5 40 # 
x 17 24 38 39 49 56 59 60 61 63 66 69 73 74 78 81 85 87
# 20
t # 212
v 0 1
v 1 5
v 2 90
v 3 810
v 4 348
e 0 1 4 # 
e 0 2 106 # 
e 1 3 1492 # 
e 1 4 556 # 
x 13 17 24 32 38 40 56 59 60 61 63 66 69 73 76 77 78 81 85 87
# 19
t # 213
v 0 1
v 1 5
v 2 90
v 3 810
v 4 348
v 5 4
e 0 1 4 # 
e 0 2 106 # 
e 1 3 1492 # 
e 1 4 556 # 
e 1 5 40 # 
x 13 17 24 32 38 56 59 60 61 63 66 69 73 76 77 78 81 85 87
# 27
t # 214
v 0 1
v 1 5
v 2 90
v 3 810
v 4 4
e 0 1 4 # 
e 0 2 106 # 
e 1 3 1492 # 
e 1 4 40 # 
x 11 13 17 24 32 38 39 43 49 53 56 59 60 61 63 66 69 70 73 74 76 77 78 79 81 85 87
# 31
t # 215
v 0 1
v 1 5
v 2 90
v 3 401
e 0 1 4 # 
e 0 2 106 # 
e 1 3 708 # 
x 3 12 15 17 29 36 38 39 44 48 49 50 53 54 56 59 60 61 63 65 66 69 73 76 77 80 81 83 84 85 87
# 25
t # 216
v 0 1
v 1 5
v 2 90
v 3 401
v 4 427
e 0 1 4 # 
e 0 2 106 # 
e 1 3 708 # 
e 1 4 718 # 
x 3 12 15 17 29 36 38 39 48 49 50 54 56 59 60 61 63 65 66 69 73 80 81 85 87
# 19
t # 217
v 0 1
v 1 5
v 2 90
v 3 401
v 4 427
v 5 4
e 0 1 4 # 
e 0 2 106 # 
e 1 3 708 # 
e 1 4 718 # 
e 1 5 40 # 
x 3 17 29 38 39 49 56 59 60 61 63 65 66 69 73 80 81 85 87
# 18
t # 218
v 0 1
v 1 5
v 2 90
v 3 401
v 4 427
v 5 2
e 0 1 4 # 
e 0 2 106 # 
e 1 3 708 # 
e 1 4 718 # 
e 1 5 7 # 
x 3 15 17 29 36 38 48 49 50 54 56 60 63 69 73 81 85 87
# 21
t # 219
v 0 1
v 1 5
v 2 90
v 3 401
v 4 427
v 5 348
e 0 1 4 # 
e 0 2 106 # 
e 1 3 708 # 
e 1 4 718 # 
e 1 5 556 # 
x 3 12 15 17 36 38 48 50 54 56 59 60 61 63 65 66 69 73 81 85 87
# 18
t # 220
v 0 1
v 1 5
v 2 90
v 3 401
v 4 427
v 5 211
e 0 1 4 # 
e 0 2 106 # 
e 1 3 708 # 
e 1 4 718 # 
e 1 5 313 # 
x 3 12 29 36 38 39 48 49 50 54 56 59 60 63 69 80 85 87
# 20
t # 221
v 0 1
v 1 5
v 2 90
v 3 401
v 4 211
e 0 1 4 # 
e 0 2 106 # 
e 1 3 708 # 
e 1 4 313 # 
x 3 12 29 36 38 39 44 48 49 50 53 54 56 59 60 63 69 80 85 87
# 23
t # 222
v 0 1
v 1 5
v 2 90
v 3 401
v 4 348
e 0 1 4 # 
e 0 2 106 # 
e 1 3 708 # 
e 1 4 556 # 
x 3 12 15 17 36 38 48 50 54 56 59 60 61 63 65 66 69 73 76 77 81 85 87
# 18
t # 223
v 0 1
v 1 5
v 2 90
v 3 401
v 4 2
e 0 1 4 # 
e 0 2 106 # 
e 1 3 708 # 
e 1 4 7 # 
x 3 15 17 29 36 38 48 49 50 54 56 60 63 69 73 81 85 87
# 25
t # 224
v 0 1
v 1 5
v 2 90
v 3 401
v 4 4
e 0 1 4 # 
e 0 2 106 # 
e 1 3 708 # 
e 1 4 40 # 
x 3 17 29 38 39 44 49 53 56 59 60 61 63 65 66 69 73 76 77 80 81 83 84 85 87
# 31
t # 225
v 0 1
v 1 5
v 2 90
v 3 427
e 0 1 4 # 
e 0 2 106 # 
e 1 3 718 # 
x 3 12 15 17 24 29 30 36 37 38 39 47 48 49 50 54 56 59 60 61 63 65 66 69 73 74 78 80 81 85 87
# 22
t # 226
v 0 1
v 1 5
v 2 90
v 3 427
v 4 211
e 0 1 4 # 
e 0 2 106 # 
e 1 3 718 # 
e 1 4 313 # 
x 3 12 29 30 36 37 38 39 48 49 50 54 56 59 60 63 69 74 78 80 85 87
# 24
t # 227
v 0 1
v 1 5
v 2 90
v 3 427
v 4 348
e 0 1 4 # 
e 0 2 106 # 
e 1 3 718 # 
e 1 4 556 # 
x 3 12 15 17 24 36 38 47 48 50 54 56 59 60 61 63 65 66 69 73 78 81 85 87
# 18
t # 228
v 0 1
v 1 5
v 2 90
v 3 427
v 4 348
v 5 2
e 0 1 4 # 
e 0 2 106 # 
e 1 3 718 # 
e 1 4 556 # 
e 1 5 7 # 
x 3 15 17 36 38 47 48 50 54 56 60 63 69 73 78 81 85 87
# 20
t # 229
v 0 1
v 1 5
v 2 90
v 3 427
v 4 2
e 0 1 4 # 
e 0 2 106 # 
e 1 3 718 # 
e 1 4 7 # 
x 3 15 17 29 36 38 47 48 49 50 54 56 60 63 69 73 78 81 85 87
# 24
t # 230
v 0 1
v 1 5
v 2 90
v 3 427
v 4 4
e 0 1 4 # 
e 0 2 106 # 
e 1 3 718 # 
e 1 4 40 # 
x 3 17 24 29 30 37 38 39 49 56 59 60 61 63 65 66 69 73 74 78 80 81 85 87
# 35
t # 231
v 0 1
v 1 5
v 2 90
v 3 211
e 0 1 4 # 
e 0 2 106 # 
e 1 3 313 # 
x 3 4 7 9 12 16 19 29 30 32 36 37 38 39 41 43 44 48 49 50 52 53 54 56 59 60 63 69 74 78 79 80 82 85 87
# 20
t # 232
v 0 1
v 1 5
v 2 90
v 3 211
v 4 1945
e 0 1 4 # 
e 0 2 106 # 
e 1 3 313 # 
e 2 4 4879 # 
x 30 37 38 39 41 43 44 49 50 52 53 56 59 63 74 78 79 80 82 85
# 19
t # 233
v 0 1
v 1 5
v 2 90
v 3 211
v 4 1945
v 5 4
e 0 1 4 # 
e 0 2 106 # 
e 1 3 313 # 
e 1 5 40 # 
e 2 4 4879 # 
x 30 37 38 39 41 43 44 49 52 53 56 59 63 74 78 79 80 82 85
# 19
t # 234
v 0 1
v 1 5
v 2 90
v 3 211
v 4 348
e 0 1 4 # 
e 0 2 106 # 
e 1 3 313 # 
e 1 4 556 # 
x 3 4 7 12 32 36 38 41 48 50 54 56 59 60 63 69 78 85 87
# 21
t # 235
v 0 1
v 1 5
v 2 90
v 3 211
v 4 2
e 0 1 4 # 
e 0 2 106 # 
e 1 3 313 # 
e 1 4 7 # 
x 3 4 7 9 16 19 29 32 36 38 48 49 50 54 56 60 63 69 78 85 87
# 28
t # 236
v 0 1
v 1 5
v 2 90
v 3 211
v 4 4
e 0 1 4 # 
e 0 2 106 # 
e 1 3 313 # 
e 1 4 40 # 
x 3 4 7 16 29 30 32 37 38 39 41 43 44 49 52 53 56 59 60 63 69 74 78 79 80 82 85 87
# 36
t # 237
v 0 1
v 1 5
v 2 90
v 3 348
e 0 1 4 # 
e 0 2 106 # 
e 1 3 556 # 
x 3 4 7 12 13 14 15 17 18 24 31 32 36 38 40 41 47 48 50 54 56 59 60 61 63 65 66 69 73 76 77 78 81 85 86 87
# 26
t # 238
v 0 1
v 1 5
v 2 90
v 3 348
v 4 2
e 0 1 4 # 
e 0 2 106 # 
e 1 3 556 # 
e 1 4 7 # 
x 3 4 7 13 14 15 17 18 31 32 36 38 47 48 50 54 56 60 63 69 73 78 81 85 86 87
# 20
t # 239
v 0 1
v 1 5
v 2 90
v 3 348
v 4 2
v 5 4
e 0 1 4 # 
e 0 2 106 # 
e 1 3 556 # 
e 1 4 7 # 
e 1 5 40 # 
x 3 4 7 13 14 17 18 31 32 38 56 60 63 69 73 78 81 85 86 87
# 28
t # 240
v 0 1
v 1 5
v 2 90
v 3 348
v 4 4
e 0 1 4 # 
e 0 2 106 # 
e 1 3 556 # 
e 1 4 40 # 
x 3 4 7 13 14 17 18 24 31 32 38 41 56 59 60 61 63 65 66 69 73 76 77 78 81 85 86 87
# 18
t # 241
v 0 1
v 1 5
v 2 1045
e 0 1 4 # 
e 1 2 2058 # 
x 12 17 24 28 36 38 46 48 52 54 59 63 69 77 79 82 85 87
# 18
t # 242
v 0 1
v 1 5
v 2 43
e 0 1 4 # 
e 1 2 553 # 
x 3 13 14 17 19 24 31 33 54 56 62 66 68 70 74 75 78 88
# 19
t # 243
v 0 1
v 1 5
v 2 183
e 0 1 4 # 
e 1 2 268 # 
x 1 8 14 17 18 26 28 35 38 45 49 52 56 68 69 77 85 87 88
# 19
t # 244
v 0 1
v 1 5
v 2 365
e 0 1 4 # 
e 1 2 576 # 
x 3 4 6 15 22 24 54 58 60 62 67 68 69 73 77 80 81 85 87
# 18
t # 245
v 0 1
v 1 5
v 2 252
e 0 1 4 # 
e 1 2 387 # 
x 31 33 35 38 41 42 45 68 70 73 79 80 81 82 85 87 88 89
# 20
t # 246
v 0 1
v 1 5
v 2 793
e 0 1 4 # 
e 1 2 1473 # 
x 8 39 40 53 58 59 60 64 66 69 70 71 73 75 76 77 78 81 85 88
# 22
t # 247
v 0 1
v 1 5
v 2 175
e 0 1 4 # 
e 1 2 259 # 
x 1 10 11 13 14 15 17 21 22 24 26 28 29 31 32 42 47 54 55 56 63 87
# 22
t # 248
v 0 1
v 1 5
v 2 301
e 0 1 4 # 
e 1 2 463 # 
x 3 4 8 9 10 14 17 18 19 22 25 26 31 40 54 64 65 66 70 79 88 89
# 25
t # 249
v 0 1
v 1 5
v 2 348
e 0 1 4 # 
e 1 2 555 # 
x 3 12 13 17 22 24 36 41 43 48 54 56 57 59 60 61 64 69 77 78 80 81 83 88 89
# 25
t # 250
v 0 1
v 1 5
v 2 365
e 0 1 4 # 
e 1 2 2594 # 
x 15 17 22 24 38 39 41 44 56 57 60 61 64 67 69 71 73 75 77 78 81 83 87 88 89
# 25
t # 251
v 0 1
v 1 5
v 2 619
e 0 1 4 # 
e 1 2 1269 # 
x 6 10 13 15 28 29 30 37 41 44 47 50 53 55 57 58 61 63 65 71 74 75 77 78 80
# 33
t # 252
v 0 1
v 1 5
v 2 36
e 0 1 4 # 
e 1 2 39 # 
x 0 1 3 8 10 11 14 15 17 18 19 21 24 26 28 31 32 35 39 42 44 45 47 54 55 56 61 63 65 75 81 84 86
# 20
t # 253
v 0 1
v 1 5
v 2 36
v 3 43
e 0 1 4 # 
e 0 3 300 # 
e 1 2 39 # 
x 1 3 8 10 14 15 17 19 28 31 32 42 45 47 54 55 56 63 65 75
# 22
t # 254
v 0 1
v 1 5
v 2 36
v 3 43
e 0 1 4 # 
e 0 3 301 # 
e 1 2 39 # 
x 1 3 8 10 14 15 17 19 28 31 32 39 42 45 47 54 55 56 63 65 75 84
# 21
t # 255
v 0 1
v 1 5
v 2 36
v 3 40
e 0 1 4 # 
e 0 3 48 # 
e 1 2 39 # 
x 0 3 8 17 18 19 21 24 28 31 35 39 42 44 45 47 54 55 61 81 84
# 25
t # 256
v 0 1
v 1 5
v 2 36
v 3 90
e 0 1 4 # 
e 0 3 106 # 
e 1 2 39 # 
x 0 3 10 11 14 15 17 18 19 21 24 31 32 35 39 44 47 54 56 61 63 65 81 84 86
# 18
t # 257
v 0 1
v 1 5
v 2 36
v 3 90
v 4 2
e 0 1 4 # 
e 0 3 106 # 
e 1 2 39 # 
e 1 4 7 # 
x 0 3 10 11 14 15 17 18 19 21 31 32 47 54 56 63 81 86
# 19
t # 258
v 0 1
v 1 5
v 2 36
v 3 90
v 4 4
e 0 1 4 # 
e 0 3 106 # 
e 1 2 39 # 
e 1 4 40 # 
x 0 3 11 14 17 18 24 31 32 35 39 44 56 61 63 65 81 84 86
# 34
t # 259
v 0 1
v 1 5
v 2 41
e 0 1 4 # 
e 1 2 54 # 
x 0 3 6 8 13 14 15 18 24 25 28 29 30 35 37 38 41 42 43 45 46 49 57 60 62 64 75 76 77 79 81 82 83 85
# 20
t # 260
v 0 1
v 1 5
v 2 41
v 3 43
e 0 1 4 # 
e 0 3 301 # 
e 1 2 54 # 
x 3 6 8 13 14 15 25 28 29 38 42 45 49 57 60 64 75 76 79 85
# 26
t # 261
v 0 1
v 1 5
v 2 41
v 3 90
e 0 1 4 # 
e 0 3 106 # 
e 1 2 54 # 
x 0 3 6 13 14 15 18 24 25 29 30 35 37 38 41 43 49 57 60 76 77 79 81 82 83 85
# 19
t # 262
v 0 1
v 1 5
v 2 41
v 3 90
v 4 37
e 0 1 4 # 
e 0 3 106 # 
e 1 2 54 # 
e 1 4 112 # 
x 0 3 6 14 15 18 24 25 29 38 41 43 57 60 76 81 82 83 85
# 23
t # 263
v 0 1
v 1 5
v 2 41
v 3 90
v 4 4
e 0 1 4 # 
e 0 3 106 # 
e 1 2 54 # 
e 1 4 40 # 
x 0 3 6 13 14 18 24 29 30 35 37 38 41 43 49 60 76 77 79 81 82 83 85
# 34
t # 264
v 0 1
v 1 5
v 2 14
e 0 1 4 # 
e 1 2 14 # 
x 0 1 3 4 6 7 8 13 16 18 24 26 27 29 34 35 43 49 56 58 60 66 68 70 72 75 76 80 81 83 84 86 88 89
# 20
t # 265
v 0 1
v 1 5
v 2 14
v 3 43
e 0 1 4 # 
e 0 3 301 # 
e 1 2 14 # 
x 1 3 6 7 8 13 16 29 34 49 56 60 66 68 70 72 75 76 84 88
# 20
t # 266
v 0 1
v 1 5
v 2 14
v 3 43
v 4 4
e 0 1 4 # 
e 0 3 301 # 
e 1 2 14 # 
e 1 4 40 # 
x 1 3 6 7 8 13 16 29 34 49 56 60 66 68 70 72 75 76 84 88
# 20
t # 267
v 0 1
v 1 5
v 2 14
v 3 40
e 0 1 4 # 
e 0 3 48 # 
e 1 2 14 # 
x 0 3 4 6 8 13 16 18 24 27 29 35 43 60 66 68 81 83 84 89
# 20
t # 268
v 0 1
v 1 5
v 2 14
v 3 40
v 4 4
e 0 1 4 # 
e 0 3 48 # 
e 1 2 14 # 
e 1 4 40 # 
x 0 3 4 6 8 13 16 18 24 27 29 35 43 60 66 68 81 83 84 89
# 24
t # 269
v 0 1
v 1 5
v 2 14
v 3 90
e 0 1 4 # 
e 0 3 106 # 
e 1 2 14 # 
x 0 3 4 6 7 13 16 18 24 27 29 35 43 49 56 60 66 70 76 80 81 83 84 86
# 24
t # 270
v 0 1
v 1 5
v 2 14
v 3 90
v 4 4
e 0 1 4 # 
e 0 3 106 # 
e 1 2 14 # 
e 1 4 40 # 
x 0 3 4 6 7 13 16 18 24 27 29 35 43 49 56 60 66 70 76 80 81 83 84 86
# 38
t # 271
v 0 1
v 1 5
v 2 810
e 0 1 4 # 
e 1 2 1492 # 
x 8 11 13 17 22 24 32 38 39 40 43 46 49 53 56 58 59 60 61 62 63 64 66 68 69 70 71 73 74 75 76 77 78 79 81 85 87 88
# 18
t # 272
v 0 1
v 1 5
v 2 810
v 3 163
e 0 1 4 # 
e 1 2 1492 # 
e 2 3 3005 # 
x 17 22 32 38 43 46 56 59 60 61 62 63 64 69 71 77 78 88
# 41
t # 273
v 0 1
v 1 5
v 2 401
e 0 1 4 # 
e 1 2 708 # 
x 3 12 15 17 22 29 36 38 39 44 48 49 50 53 54 56 58 59 60 61 62 63 64 65 66 67 68 69 71 73 75 76 77 80 81 83 84 85 87 88 89
# 41
t # 274
v 0 1
v 1 5
v 2 37
e 0 1 4 # 
e 1 2 112 # 
x 0 3 6 7 9 10 14 15 16 17 18 21 22 24 25 27 29 31 36 38 39 41 42 43 46 48 50 51 52 57 60 62 65 66 73 76 81 82 83 85 86
# 18
t # 275
v 0 1
v 1 5
v 2 37
v 3 148
e 0 1 4 # 
e 0 3 699 # 
e 1 2 112 # 
x 3 9 15 18 25 27 29 38 39 42 50 51 52 62 65 66 73 83
# 24
t # 276
v 0 1
v 1 5
v 2 37
v 3 43
e 0 1 4 # 
e 0 3 300 # 
e 1 2 112 # 
x 3 6 7 9 10 14 15 16 17 22 25 29 31 38 42 50 51 57 60 65 66 73 76 85
# 21
t # 277
v 0 1
v 1 5
v 2 37
v 3 43
v 4 90
e 0 1 4 # 
e 0 3 300 # 
e 0 4 106 # 
e 1 2 112 # 
x 3 6 7 9 10 14 15 16 17 25 29 31 38 50 57 60 65 66 73 76 85
# 19
t # 278
v 0 1
v 1 5
v 2 37
v 3 43
v 4 2
e 0 1 4 # 
e 0 3 300 # 
e 1 2 112 # 
e 1 4 7 # 
x 3 6 7 9 10 14 15 16 17 22 25 29 31 38 42 50 60 73 85
# 18
t # 279
v 0 1
v 1 5
v 2 37
v 3 43
v 4 4
e 0 1 4 # 
e 0 3 300 # 
e 1 2 112 # 
e 1 4 40 # 
x 3 6 7 14 16 17 22 29 31 38 42 51 60 65 66 73 76 85
# 24
t # 280
v 0 1
v 1 5
v 2 37
v 3 43
e 0 1 4 # 
e 0 3 301 # 
e 1 2 112 # 
x 3 6 7 9 10 14 15 16 17 25 29 31 38 39 42 50 51 57 60 65 66 73 76 85
# 22
t # 281
v 0 1
v 1 5
v 2 37
v 3 43
v 4 90
e 0 1 4 # 
e 0 3 301 # 
e 0 4 106 # 
e 1 2 112 # 
x 3 6 7 9 10 14 15 16 17 25 29 31 38 39 50 57 60 65 66 73 76 85
# 18
t # 282
v 0 1
v 1 5
v 2 37
v 3 43
v 4 2
e 0 1 4 # 
e 0 3 301 # 
e 1 2 112 # 
e 1 4 7 # 
x 3 6 7 9 10 14 15 16 17 25 29 31 38 42 50 60 73 85
# 18
t # 283
v 0 1
v 1 5
v 2 37
v 3 43
v 4 4
e 0 1 4 # 
e 0 3 301 # 
e 1 2 112 # 
e 1 4 40 # 
x 3 6 7 14 16 17 29 31 38 39 42 51 60 65 66 73 76 85
# 29
t # 284
v 0 1
v 1 5
v 2 37
v 3 40
e 0 1 4 # 
e 0 3 48 # 
e 1 2 112 # 
x 0 3 6 9 16 17 18 21 24 25 27 29 31 36 39 41 42 43 46 48 50 52 60 62 66 73 81 82 83
# 26
t # 285
v 0 1
v 1 5
v 2 37
v 3 40
v 4 90
e 0 1 4 # 
e 0 3 48 # 
e 0 4 106 # 
e 1 2 112 # 
x 0 3 6 9 16 17 18 21 24 25 27 29 31 36 39 41 43 48 50 52 60 66 73 81 82 83
# 19
t # 286
v 0 1
v 1 5
v 2 37
v 3 40
v 4 2
e 0 1 4 # 
e 0 3 48 # 
e 1 2 112 # 
e 1 4 7 # 
x 0 3 6 9 16 17 18 21 25 27 29 31 36 42 48 50 60 73 81
# 18
t # 287
v 0 1
v 1 5
v 2 37
v 3 40
v 4 2
v 5 90
e 0 1 4 # 
e 0 3 48 # 
e 0 5 106 # 
e 1 2 112 # 
e 1 4 7 # 
x 0 3 6 9 16 17 18 21 25 27 29 31 36 48 50 60 73 81
# 22
t # 288
v 0 1
v 1 5
v 2 37
v 3 40
v 4 4
e 0 1 4 # 
e 0 3 48 # 
e 1 2 112 # 
e 1 4 40 # 
x 0 3 6 16 17 18 24 27 29 31 39 41 42 43 52 60 62 66 73 81 82 83
# 20
t # 289
v 0 1
v 1 5
v 2 37
v 3 40
v 4 4
v 5 90
e 0 1 4 # 
e 0 3 48 # 
e 0 5 106 # 
e 1 2 112 # 
e 1 4 40 # 
x 0 3 6 16 17 18 24 27 29 31 39 41 43 52 60 66 73 81 82 83
# 36
t # 290
v 0 1
v 1 5
v 2 37
v 3 90
e 0 1 4 # 
e 0 3 106 # 
e 1 2 112 # 
x 0 3 6 7 9 10 14 15 16 17 18 21 24 25 27 29 31 36 38 39 41 43 48 50 52 57 60 65 66 73 76 81 82 83 85 86
# 21
t # 291
v 0 1
v 1 5
v 2 37
v 3 90
v 4 348
e 0 1 4 # 
e 0 3 106 # 
e 1 2 112 # 
e 1 4 556 # 
x 3 7 14 15 17 18 24 31 36 38 41 48 50 60 65 66 73 76 81 85 86
# 25
t # 292
v 0 1
v 1 5
v 2 37
v 3 90
v 4 2
e 0 1 4 # 
e 0 3 106 # 
e 1 2 112 # 
e 1 4 7 # 
x 0 3 6 7 9 10 14 15 16 17 18 21 25 27 29 31 36 38 48 50 60 73 81 85 86
# 27
t # 293
v 0 1
v 1 5
v 2 37
v 3 90
v 4 4
e 0 1 4 # 
e 0 3 106 # 
e 1 2 112 # 
e 1 4 40 # 
x 0 3 6 7 14 16 17 18 24 27 29 31 38 39 41 43 52 60 65 66 73 76 81 82 83 85 86
# 44
t # 294
v 0 1
v 1 5
v 2 427
e 0 1 4 # 
e 1 2 718 # 
x 3 8 12 15 17 22 24 29 30 36 37 38 39 45 46 47 48 49 50 54 56 58 59 60 61 62 63 64 65 66 67 68 69 71 73 74 75 78 80 81 85 87 88 89
# 48
t # 295
v 0 1
v 1 5
v 2 211
e 0 1 4 # 
e 1 2 313 # 
x 1 3 4 7 9 12 16 19 26 28 29 30 32 33 36 37 38 39 41 42 43 44 46 48 49 50 51 52 53 54 56 58 59 60 63 64 68 69 71 72 74 75 78 79 80 82 85 87
# 24
t # 296
v 0 1
v 1 5
v 2 211
v 3 386
e 0 1 4 # 
e 0 3 609 # 
e 1 2 313 # 
x 3 7 9 12 26 28 38 46 49 51 53 54 56 58 59 63 64 68 69 71 78 79 80 87
# 19
t # 297
v 0 1
v 1 5
v 2 211
v 3 386
v 4 43
e 0 1 4 # 
e 0 3 609 # 
e 0 4 301 # 
e 1 2 313 # 
x 3 7 9 28 38 49 51 53 54 56 59 63 64 68 69 71 78 79 87
# 19
t # 298
v 0 1
v 1 5
v 2 211
v 3 386
v 4 4
e 0 1 4 # 
e 0 3 609 # 
e 1 2 313 # 
e 1 4 40 # 
x 3 7 26 28 38 49 51 53 56 58 59 63 68 69 71 78 79 80 87
# 47
t # 299
v 0 1
v 1 5
v 2 348
e 0 1 4 # 
e 1 2 556 # 
x 3 4 7 8 12 13 14 15 17 18 22 24 31 32 34 36 38 40 41 45 46 47 48 50 54 56 59 60 61 62 63 64 65 66 67 68 69 71 73 75 76 77 78 81 85 86 87
# 26
t # 300
v 0 1
v 1 5
v 2 348
v 3 386
e 0 1 4 # 
e 0 3 609 # 
e 1 2 556 # 
x 3 7 8 12 13 15 17 22 38 46 47 54 56 59 62 63 64 66 68 69 71 73 76 77 78 87
# 48
t # 301
v 0 1
v 1 5
v 2 2
e 0 1 4 # 
e 1 2 7 # 
x 0 1 3 4 6 7 9 10 11 13 14 15 16 17 18 19 21 22 25 26 27 28 29 31 32 36 38 42 45 47 48 49 50 54 55 56 60 63 64 69 70 73 78 81 85 86 87 89
# 20
t # 302
v 0 1
v 1 5
v 2 2
v 3 148
e 0 1 4 # 
e 0 3 699 # 
e 1 2 7 # 
x 3 4 9 15 18 25 27 29 38 42 50 54 55 56 63 70 73 78 87 89
# 22
t # 303
v 0 1
v 1 5
v 2 2
v 3 386
e 0 1 4 # 
e 0 3 609 # 
e 1 2 7 # 
x 3 6 7 9 13 15 17 22 25 26 28 38 47 49 54 56 63 64 69 73 78 87
# 33
t # 304
v 0 1
v 1 5
v 2 2
v 3 43
e 0 1 4 # 
e 0 3 300 # 
e 1 2 7 # 
x 1 3 6 7 9 10 14 15 16 17 19 22 25 28 29 31 32 38 42 45 47 50 54 55 56 60 63 69 70 73 78 85 87
# 20
t # 305
v 0 1
v 1 5
v 2 2
v 3 43
v 4 40
e 0 1 4 # 
e 0 3 300 # 
e 0 4 48 # 
e 1 2 7 # 
x 3 6 9 16 17 19 25 28 29 31 42 45 47 50 54 55 60 69 73 78
# 27
t # 306
v 0 1
v 1 5
v 2 2
v 3 43
v 4 90
e 0 1 4 # 
e 0 3 300 # 
e 0 4 106 # 
e 1 2 7 # 
x 3 6 7 9 10 14 15 16 17 19 25 29 31 32 38 47 50 54 56 60 63 69 70 73 78 85 87
# 19
t # 307
v 0 1
v 1 5
v 2 2
v 3 43
v 4 90
v 5 4
e 0 1 4 # 
e 0 3 300 # 
e 0 4 106 # 
e 1 2 7 # 
e 1 5 40 # 
x 3 6 7 14 16 17 29 31 32 38 56 60 63 69 70 73 78 85 87
# 24
t # 308
v 0 1
v 1 5
v 2 2
v 3 43
v 4 4
e 0 1 4 # 
e 0 3 300 # 
e 1 2 7 # 
e 1 4 40 # 
x 1 3 6 7 14 16 17 22 28 29 31 32 38 42 45 56 60 63 69 70 73 78 85 87
# 35
t # 309
v 0 1
v 1 5
v 2 2
v 3 43
e 0 1 4 # 
e 0 3 301 # 
e 1 2 7 # 
x 1 3 6 7 9 10 13 14 15 16 17 19 25 28 29 31 32 38 42 45 47 49 50 54 55 56 60 63 64 69 70 73 78 85 87
# 21
t # 310
v 0 1
v 1 5
v 2 2
v 3 43
v 4 40
e 0 1 4 # 
e 0 3 301 # 
e 0 4 48 # 
e 1 2 7 # 
x 3 6 9 13 16 17 19 25 28 29 31 42 45 47 50 54 55 60 69 73 78
# 29
t # 311
v 0 1
v 1 5
v 2 2
v 3 43
v 4 90
e 0 1 4 # 
e 0 3 301 # 
e 0 4 106 # 
e 1 2 7 # 
x 3 6 7 9 10 13 14 15 16 17 19 25 29 31 32 38 47 49 50 54 56 60 63 69 70 73 78 85 87
# 25
t # 312
v 0 1
v 1 5
v 2 2
v 3 43
v 4 4
e 0 1 4 # 
e 0 3 301 # 
e 1 2 7 # 
e 1 4 40 # 
x 1 3 6 7 13 14 16 17 28 29 31 32 38 42 45 49 56 60 63 69 70 73 78 85 87
# 21
t # 313
v 0 1
v 1 5
v 2 2
v 3 43
v 4 4
v 5 90
e 0 1 4 # 
e 0 3 301 # 
e 0 5 106 # 
e 1 2 7 # 
e 1 4 40 # 
x 3 6 7 13 14 16 17 29 31 32 38 49 56 60 63 69 70 73 78 85 87
# 30
t # 314
v 0 1
v 1 5
v 2 2
v 3 40
e 0 1 4 # 
e 0 3 48 # 
e 1 2 7 # 
x 0 3 4 6 9 13 16 17 18 19 21 25 27 28 29 31 36 42 45 47 48 50 54 55 60 69 73 78 81 89
# 25
t # 315
v 0 1
v 1 5
v 2 2
v 3 40
v 4 90
e 0 1 4 # 
e 0 3 48 # 
e 0 4 106 # 
e 1 2 7 # 
x 0 3 4 6 9 13 16 17 18 19 21 25 27 29 31 36 47 48 50 54 60 69 73 78 81
# 20
t # 316
v 0 1
v 1 5
v 2 2
v 3 40
v 4 4
e 0 1 4 # 
e 0 3 48 # 
e 1 2 7 # 
e 1 4 40 # 
x 0 3 4 6 13 16 17 18 27 28 29 31 42 45 60 69 73 78 81 89
# 39
t # 317
v 0 1
v 1 5
v 2 2
v 3 90
e 0 1 4 # 
e 0 3 106 # 
e 1 2 7 # 
x 0 3 4 6 7 9 10 11 13 14 15 16 17 18 19 21 25 27 29 31 32 36 38 47 48 49 50 54 56 60 63 69 70 73 78 81 85 86 87
# 28
t # 318
v 0 1
v 1 5
v 2 2
v 3 90
v 4 4
e 0 1 4 # 
e 0 3 106 # 
e 1 2 7 # 
e 1 4 40 # 
x 0 3 4 6 7 11 13 14 16 17 18 27 29 31 32 38 49 56 60 63 69 70 73 78 81 85 86 87
# 69
t # 319
v 0 1
v 1 5
v 2 4
e 0 1 4 # 
e 1 2 40 # 
x 0 1 3 4 6 7 8 11 13 14 16 17 18 22 24 26 27 28 29 30 31 32 33 34 35 37 38 39 41 42 43 44 45 49 51 52 53 56 58 59 60 61 62 63 65 66 67 68 69 70 71 72 73 74 75 76 77 78 79 80 81 82 83 84 85 86 87 88 89
# 26
t # 320
v 0 1
v 1 5
v 2 4
v 3 148
e 0 1 4 # 
e 0 3 699 # 
e 1 2 40 # 
x 3 4 18 27 29 38 39 42 51 52 56 59 62 63 65 66 68 70 72 73 78 79 83 84 87 89
# 19
t # 321
v 0 1
v 1 5
v 2 4
v 3 148
v 4 43
e 0 1 4 # 
e 0 3 699 # 
e 0 4 301 # 
e 1 2 40 # 
x 3 29 38 39 42 51 56 59 63 65 66 68 70 72 73 78 79 84 87
# 20
t # 322
v 0 1
v 1 5
v 2 4
v 3 148
v 4 90
e 0 1 4 # 
e 0 3 699 # 
e 0 4 106 # 
e 1 2 40 # 
x 3 4 18 27 29 38 39 52 56 59 63 65 66 70 73 78 79 83 84 87
# 30
t # 323
v 0 1
v 1 5
v 2 4
v 3 386
e 0 1 4 # 
e 0 3 609 # 
e 1 2 40 # 
x 3 6 7 8 13 17 22 26 28 38 49 51 53 56 58 59 62 63 66 68 69 71 73 76 77 78 79 80 87 88
# 23
t # 324
v 0 1
v 1 5
v 2 4
v 3 386
v 4 43
e 0 1 4 # 
e 0 3 609 # 
e 0 4 300 # 
e 1 2 40 # 
x 3 6 7 8 17 22 28 38 51 53 56 59 63 66 68 69 73 76 78 79 80 87 88
# 24
t # 325
v 0 1
v 1 5
v 2 4
v 3 386
v 4 43
e 0 1 4 # 
e 0 3 609 # 
e 0 4 301 # 
e 1 2 40 # 
x 3 6 7 8 13 17 28 38 49 51 53 56 59 63 66 68 69 71 73 76 78 79 87 88
# 18
t # 326
v 0 1
v 1 5
v 2 4
v 3 386
v 4 43
v 5 90
e 0 1 4 # 
e 0 3 609 # 
e 0 4 301 # 
e 0 5 106 # 
e 1 2 40 # 
x 3 6 7 13 17 38 49 53 56 59 63 66 69 73 76 78 79 87
# 20
t # 327
v 0 1
v 1 5
v 2 4
v 3 386
v 4 90
e 0 1 4 # 
e 0 3 609 # 
e 0 4 106 # 
e 1 2 40 # 
x 3 6 7 13 17 38 49 53 56 59 63 66 69 73 76 77 78 79 80 87
# 38
t # 328
v 0 1
v 1 5
v 2 4
v 3 43
e 0 1 4 # 
e 0 3 300 # 
e 1 2 40 # 
x 1 3 6 7 8 14 16 17 22 28 29 31 32 34 38 42 45 51 53 56 59 60 63 65 66 68 69 70 73 74 75 76 78 79 80 85 87 88
# 19
t # 329
v 0 1
v 1 5
v 2 4
v 3 43
v 4 40
e 0 1 4 # 
e 0 3 300 # 
e 0 4 48 # 
e 1 2 40 # 
x 3 6 8 16 17 28 29 31 42 45 53 60 66 68 69 73 74 78 79
# 27
t # 330
v 0 1
v 1 5
v 2 4
v 3 43
v 4 90
e 0 1 4 # 
e 0 3 300 # 
e 0 4 106 # 
e 1 2 40 # 
x 3 6 7 14 16 17 29 31 32 38 53 56 59 60 63 65 66 69 70 73 74 76 78 79 80 85 87
# 42
t # 331
v 0 1
v 1 5
v 2 4
v 3 43
e 0 1 4 # 
e 0 3 301 # 
e 1 2 40 # 
x 1 3 6 7 8 13 14 16 17 28 29 31 32 34 38 39 42 45 49 51 53 56 59 60 63 65 66 68 69 70 71 72 73 74 75 76 78 79 84 85 87 88
# 22
t # 332
v 0 1
v 1 5
v 2 4
v 3 43
v 4 40
e 0 1 4 # 
e 0 3 301 # 
e 0 4 48 # 
e 1 2 40 # 
x 3 6 8 13 16 17 28 29 31 39 42 45 53 60 66 68 69 73 74 78 79 84
# 30
t # 333
v 0 1
v 1 5
v 2 4
v 3 43
v 4 90
e 0 1 4 # 
e 0 3 301 # 
e 0 4 106 # 
e 1 2 40 # 
x 3 6 7 13 14 16 17 29 31 32 38 39 49 53 56 59 60 63 65 66 69 70 73 74 76 78 79 84 85 87
# 41
t # 334
v 0 1
v 1 5
v 2 4
v 3 40
e 0 1 4 # 
e 0 3 48 # 
e 1 2 40 # 
x 0 3 4 6 8 13 16 17 18 24 27 28 29 30 31 35 37 39 41 42 43 44 45 52 53 60 61 62 66 68 69 73 74 77 78 79 81 82 83 84 89
# 34
t # 335
v 0 1
v 1 5
v 2 4
v 3 40
v 4 90
e 0 1 4 # 
e 0 3 48 # 
e 0 4 106 # 
e 1 2 40 # 
x 0 3 4 6 13 16 17 18 24 27 29 30 31 35 37 39 41 43 44 52 53 60 61 66 69 73 74 77 78 79 81 82 83 84
# 50
t # 336
v 0 1
v 1 5
v 2 4
v 3 90
e 0 1 4 # 
e 0 3 106 # 
e 1 2 40 # 
x 0 3 4 6 7 11 13 14 16 17 18 24 27 29 30 31 32 35 37 38 39 41 43 44 49 52 53 56 59 60 61 63 65 66 69 70 73 74 76 77 78 79 80 81 82 83 84 85 86 87
# 25
t # 337
v 0 1
v 1 5
v 2 4
v 3 90
v 4 1945
e 0 1 4 # 
e 0 3 106 # 
e 1 2 40 # 
e 3 4 4879 # 
x 30 37 38 39 41 43 44 49 52 53 56 59 61 63 65 73 74 76 78 79 80 81 82 85 86
# 52
t # 338
v 0 2
v 1 5
e 0 1 7 # 
x 0 1 2 3 4 5 6 7 9 10 11 13 14 15 16 17 18 19 20 21 22 23 25 26 27 28 29 31 32 36 38 42 45 47 48 49 50 54 55 56 60 63 64 69 70 73 78 81 85 86 87 89
# 23
t # 339
v 0 2
v 1 5
v 2 175
e 0 1 7 # 
e 1 2 259 # 
x 1 5 10 11 13 14 15 17 21 22 23 26 28 29 31 32 42 47 54 55 56 63 87
# 19
t # 340
v 0 2
v 1 5
v 2 301
e 0 1 7 # 
e 1 2 463 # 
x 2 3 4 5 9 10 14 17 18 19 22 23 25 26 31 54 64 70 89
# 26
t # 341
v 0 2
v 1 5
v 2 36
e 0 1 7 # 
e 1 2 39 # 
x 0 1 3 5 10 11 14 15 17 18 19 21 23 26 28 31 32 42 45 47 54 55 56 63 81 86
# 19
t # 342
v 0 2
v 1 5
v 2 36
v 3 4
e 0 1 7 # 
e 1 2 39 # 
e 1 3 40 # 
x 0 1 3 5 11 14 17 18 23 26 28 31 32 42 45 56 63 81 86
# 24
t # 343
v 0 2
v 1 5
v 2 36
v 3 1
e 0 1 7 # 
e 1 2 39 # 
e 1 3 4 # 
x 0 1 3 10 11 14 15 17 18 19 21 26 28 31 32 42 45 47 54 55 56 63 81 86
# 20
t # 344
v 0 2
v 1 5
v 2 41
e 0 1 7 # 
e 1 2 54 # 
x 0 2 3 6 13 14 15 18 20 25 28 29 38 42 45 49 60 64 81 85
# 22
t # 345
v 0 2
v 1 5
v 2 14
e 0 1 7 # 
e 1 2 14 # 
x 0 1 3 4 5 6 7 13 16 18 20 23 26 27 29 49 56 60 70 81 86 89
# 22
t # 346
v 0 2
v 1 5
v 2 14
v 3 4
e 0 1 7 # 
e 1 2 14 # 
e 1 3 40 # 
x 0 1 3 4 5 6 7 13 16 18 20 23 26 27 29 49 56 60 70 81 86 89
# 19
t # 347
v 0 2
v 1 5
v 2 14
v 3 4
v 4 1
e 0 1 7 # 
e 1 2 14 # 
e 1 3 40 # 
e 1 4 4 # 
x 0 1 3 4 6 7 13 16 18 26 27 29 49 56 60 70 81 86 89
# 19
t # 348
v 0 2
v 1 5
v 2 14
v 3 1
e 0 1 7 # 
e 1 2 14 # 
e 1 3 4 # 
x 0 1 3 4 6 7 13 16 18 26 27 29 49 56 60 70 81 86 89
# 18
t # 349
v 0 2
v 1 5
v 2 810
e 0 1 7 # 
e 1 2 1492 # 
x 11 13 17 22 32 38 49 56 60 63 64 69 70 73 78 81 85 87
# 21
t # 350
v 0 2
v 1 5
v 2 401
e 0 1 7 # 
e 1 2 708 # 
x 3 15 17 22 29 36 38 48 49 50 54 56 60 63 64 69 73 81 85 87 89
# 30
t # 351
v 0 2
v 1 5
v 2 37
e 0 1 7 # 
e 1 2 112 # 
x 0 3 5 6 7 9 10 14 15 16 17 18 20 21 22 23 25 27 29 31 36 38 42 48 50 60 73 81 85 86
# 22
t # 352
v 0 2
v 1 5
v 2 37
v 3 4
e 0 1 7 # 
e 1 2 112 # 
e 1 3 40 # 
x 0 3 5 6 7 14 16 17 18 20 22 23 27 29 31 38 42 60 73 81 85 86
# 19
t # 353
v 0 2
v 1 5
v 2 37
v 3 4
v 4 1
e 0 1 7 # 
e 1 2 112 # 
e 1 3 40 # 
e 1 4 4 # 
x 0 3 6 7 14 16 17 18 22 27 29 31 38 42 60 73 81 85 86
# 27
t # 354
v 0 2
v 1 5
v 2 37
v 3 1
e 0 1 7 # 
e 1 2 112 # 
e 1 3 4 # 
x 0 3 6 7 9 10 14 15 16 17 18 21 22 25 27 29 31 36 38 42 48 50 60 73 81 85 86
# 24
t # 355
v 0 2
v 1 5
v 2 427
e 0 1 7 # 
e 1 2 718 # 
x 3 15 17 22 29 36 38 45 47 48 49 50 54 56 60 63 64 69 73 78 81 85 87 89
# 26
t # 356
v 0 2
v 1 5
v 2 211
e 0 1 7 # 
e 1 2 313 # 
x 1 3 4 7 9 16 19 26 28 29 32 36 38 42 48 49 50 54 56 60 63 64 69 78 85 87
# 31
t # 357
v 0 2
v 1 5
v 2 348
e 0 1 7 # 
e 1 2 556 # 
x 3 4 5 7 13 14 15 17 18 22 23 31 32 36 38 45 47 48 50 54 56 60 63 64 69 73 78 81 85 86 87
# 24
t # 358
v 0 2
v 1 5
v 2 348
v 3 4
e 0 1 7 # 
e 1 2 556 # 
e 1 3 40 # 
x 3 4 5 7 13 14 17 18 22 23 31 32 38 45 56 60 63 69 73 78 81 85 86 87
# 22
t # 359
v 0 2
v 1 5
v 2 348
v 3 4
v 4 1
e 0 1 7 # 
e 1 2 556 # 
e 1 3 40 # 
e 1 4 4 # 
x 3 4 7 13 14 17 18 22 31 32 38 45 56 60 63 69 73 78 81 85 86 87
# 29
t # 360
v 0 2
v 1 5
v 2 348
v 3 1
e 0 1 7 # 
e 1 2 556 # 
e 1 3 4 # 
x 3 4 7 13 14 15 17 18 22 31 32 36 38 45 47 48 50 54 56 60 63 64 69 73 78 81 85 86 87
# 39
t # 361
v 0 2
v 1 5
v 2 4
e 0 1 7 # 
e 1 2 40 # 
x 0 1 2 3 4 5 6 7 11 13 14 16 17 18 20 22 23 26 27 28 29 31 32 38 42 45 49 56 60 63 69 70 73 78 81 85 86 87 89
# 35
t # 362
v 0 2
v 1 5
v 2 4
v 3 1
e 0 1 7 # 
e 1 2 40 # 
e 1 3 4 # 
x 0 1 3 4 6 7 11 13 14 16 17 18 22 26 27 28 29 31 32 38 42 45 49 56 60 63 69 70 73 78 81 85 86 87 89
# 73
t # 363
v 0 4
v 1 5
e 0 1 40 # 
x 0 1 2 3 4 5 6 7 8 11 13 14 16 17 18 20 22 23 24 26 27 28 29 30 31 32 33 34 35 37 38 39 41 42 43 44 45 49 51 52 53 56 58 59 60 61 62 63 65 66 67 68 69 70 71 72 73 74 75 76 77 78 79 80 81 82 83 84 85 86 87 88 89
# 19
t # 364
v 0 4
v 1 5
v 2 183
e 0 1 40 # 
e 1 2 268 # 
x 1 8 14 17 18 26 28 35 38 45 49 52 56 68 69 77 85 87 88
# 19
t # 365
v 0 4
v 1 5
v 2 183
v 3 1
e 0 1 40 # 
e 1 2 268 # 
e 1 3 4 # 
x 1 8 14 17 18 26 28 35 38 45 49 52 56 68 69 77 85 87 88
# 18
t # 366
v 0 4
v 1 5
v 2 365
e 0 1 40 # 
e 1 2 576 # 
x 3 4 6 20 22 24 58 60 62 67 68 69 73 77 80 81 85 87
# 20
t # 367
v 0 4
v 1 5
v 2 252
e 0 1 40 # 
e 1 2 387 # 
x 2 20 31 33 35 38 41 42 45 68 70 73 79 80 81 82 85 87 88 89
# 18
t # 368
v 0 4
v 1 5
v 2 252
v 3 1
e 0 1 40 # 
e 1 2 387 # 
e 1 3 4 # 
x 31 33 35 38 41 42 45 68 70 73 79 80 81 82 85 87 88 89
# 18
t # 369
v 0 4
v 1 5
v 2 793
e 0 1 40 # 
e 1 2 1473 # 
x 8 39 53 58 59 60 66 69 70 71 73 75 76 77 78 81 85 88
# 18
t # 370
v 0 4
v 1 5
v 2 175
e 0 1 40 # 
e 1 2 259 # 
x 1 5 11 13 14 17 22 23 24 26 28 29 31 32 42 56 63 87
# 18
t # 371
v 0 4
v 1 5
v 2 301
e 0 1 40 # 
e 1 2 463 # 
x 2 3 4 5 8 14 17 18 22 23 26 31 65 66 70 79 88 89
# 19
t # 372
v 0 4
v 1 5
v 2 348
e 0 1 40 # 
e 1 2 555 # 
x 3 13 17 22 24 41 43 56 59 60 61 69 77 78 80 81 83 88 89
# 22
t # 373
v 0 4
v 1 5
v 2 365
e 0 1 40 # 
e 1 2 2594 # 
x 17 22 24 38 39 41 44 56 60 61 67 69 71 73 75 77 78 81 83 87 88 89
# 19
t # 374
v 0 4
v 1 5
v 2 619
e 0 1 40 # 
e 1 2 1269 # 
x 6 13 28 29 30 37 41 44 53 58 61 63 65 71 74 75 77 78 80
# 28
t # 375
v 0 4
v 1 5
v 2 36
e 0 1 40 # 
e 1 2 39 # 
x 0 1 3 5 8 11 14 17 18 23 24 26 28 31 32 35 39 42 44 45 56 61 63 65 75 81 84 86
# 26
t # 376
v 0 4
v 1 5
v 2 36
v 3 1
e 0 1 40 # 
e 1 2 39 # 
e 1 3 4 # 
x 0 1 3 8 11 14 17 18 24 26 28 31 32 35 39 42 44 45 56 61 63 65 75 81 84 86
# 31
t # 377
v 0 4
v 1 5
v 2 41
e 0 1 40 # 
e 1 2 54 # 
x 0 2 3 6 8 13 14 18 20 24 28 29 30 35 37 38 41 42 43 45 49 60 62 75 76 77 79 81 82 83 85
# 29
t # 378
v 0 4
v 1 5
v 2 41
v 3 1
e 0 1 40 # 
e 1 2 54 # 
e 1 3 4 # 
x 0 3 6 8 13 14 18 24 28 29 30 35 37 38 41 42 43 45 49 60 62 75 76 77 79 81 82 83 85
# 37
t # 379
v 0 4
v 1 5
v 2 14
e 0 1 40 # 
e 1 2 14 # 
x 0 1 3 4 5 6 7 8 13 16 18 20 23 24 26 27 29 34 35 43 49 56 58 60 66 68 70 72 75 76 80 81 83 84 86 88 89
# 34
t # 380
v 0 4
v 1 5
v 2 14
v 3 1
e 0 1 40 # 
e 1 2 14 # 
e 1 3 4 # 
x 0 1 3 4 6 7 8 13 16 18 24 26 27 29 34 35 43 49 56 58 60 66 68 70 72 75 76 80 81 83 84 86 88 89
# 35
t # 381
v 0 4
v 1 5
v 2 810
e 0 1 40 # 
e 1 2 1492 # 
x 8 11 13 17 22 24 32 38 39 43 49 53 56 58 59 60 61 62 63 66 68 69 70 71 73 74 75 76 77 78 79 81 85 87 88
# 35
t # 382
v 0 4
v 1 5
v 2 810
v 3 1
e 0 1 40 # 
e 1 2 1492 # 
e 1 3 4 # 
x 8 11 13 17 22 24 32 38 39 43 49 53 56 58 59 60 61 62 63 66 68 69 70 71 73 74 75 76 77 78 79 81 85 87 88
# 34
t # 383
v 0 4
v 1 5
v 2 401
e 0 1 40 # 
e 1 2 708 # 
x 3 17 22 29 38 39 44 49 53 56 58 59 60 61 62 63 65 66 67 68 69 71 73 75 76 77 80 81 83 84 85 87 88 89
# 34
t # 384
v 0 4
v 1 5
v 2 401
v 3 1
e 0 1 40 # 
e 1 2 708 # 
e 1 3 4 # 
x 3 17 22 29 38 39 44 49 53 56 58 59 60 61 62 63 65 66 67 68 69 71 73 75 76 77 80 81 83 84 85 87 88 89
# 34
t # 385
v 0 4
v 1 5
v 2 37
e 0 1 40 # 
e 1 2 112 # 
x 0 3 5 6 7 14 16 17 18 20 22 23 24 27 29 31 38 39 41 42 43 51 52 60 62 65 66 73 76 81 82 83 85 86
# 31
t # 386
v 0 4
v 1 5
v 2 37
v 3 1
e 0 1 40 # 
e 1 2 112 # 
e 1 3 4 # 
x 0 3 6 7 14 16 17 18 22 24 27 29 31 38 39 41 42 43 51 52 60 62 65 66 73 76 81 82 83 85 86
# 35
t # 387
v 0 4
v 1 5
v 2 427
e 0 1 40 # 
e 1 2 718 # 
x 3 8 17 22 24 29 30 37 38 39 45 49 56 58 59 60 61 62 63 65 66 67 68 69 71 73 74 75 78 80 81 85 87 88 89
# 35
t # 388
v 0 4
v 1 5
v 2 427
v 3 1
e 0 1 40 # 
e 1 2 718 # 
e 1 3 4 # 
x 3 8 17 22 24 29 30 37 38 39 45 49 56 58 59 60 61 62 63 65 66 67 68 69 71 73 74 75 78 80 81 85 87 88 89
# 39
t # 389
v 0 4
v 1 5
v 2 211
e 0 1 40 # 
e 1 2 313 # 
x 1 3 4 7 16 26 28 29 30 32 33 37 38 39 41 42 43 44 49 51 52 53 56 58 59 60 63 68 69 71 72 74 75 78 79 80 82 85 87
# 39
t # 390
v 0 4
v 1 5
v 2 211
v 3 1
e 0 1 40 # 
e 1 2 313 # 
e 1 3 4 # 
x 1 3 4 7 16 26 28 29 30 32 33 37 38 39 41 42 43 44 49 51 52 53 56 58 59 60 63 68 69 71 72 74 75 78 79 80 82 85 87
# 39
t # 391
v 0 4
v 1 5
v 2 348
e 0 1 40 # 
e 1 2 556 # 
x 3 4 5 7 8 13 14 17 18 22 23 24 31 32 34 38 41 45 56 59 60 61 62 63 65 66 67 68 69 71 73 75 76 77 78 81 85 86 87
# 37
t # 392
v 0 4
v 1 5
v 2 348
v 3 1
e 0 1 40 # 
e 1 2 556 # 
e 1 3 4 # 
x 3 4 7 8 13 14 17 18 22 24 31 32 34 38 41 45 56 59 60 61 62 63 65 66 67 68 69 71 73 75 76 77 78 81 85 86 87
# 18
t # 393
v 0 5
v 1 1045
e 0 1 2058 # 
x 12 17 24 28 36 38 46 48 52 54 59 63 69 77 79 82 85 87
# 18
t # 394
v 0 5
v 1 43
e 0 1 553 # 
x 3 13 14 17 19 24 31 33 54 56 62 66 68 70 74 75 78 88
# 19
t # 395
v 0 5
v 1 183
e 0 1 268 # 
x 1 8 14 17 18 26 28 35 38 45 49 52 56 68 69 77 85 87 88
# 20
t # 396
v 0 5
v 1 365
e 0 1 576 # 
x 3 4 6 15 20 22 24 54 58 60 62 67 68 69 73 77 80 81 85 87
# 20
t # 397
v 0 5
v 1 252
e 0 1 387 # 
x 2 20 31 33 35 38 41 42 45 68 70 73 79 80 81 82 85 87 88 89
# 20
t # 398
v 0 5
v 1 793
e 0 1 1473 # 
x 8 39 40 53 58 59 60 64 66 69 70 71 73 75 76 77 78 81 85 88
# 24
t # 399
v 0 5
v 1 175
e 0 1 259 # 
x 1 5 10 11 13 14 15 17 21 22 23 24 26 28 29 31 32 42 47 54 55 56 63 87
# 25
t # 400
v 0 5
v 1 301
e 0 1 463 # 
x 2 3 4 5 8 9 10 14 17 18 19 22 23 25 26 31 40 54 64 65 66 70 79 88 89
# 25
t # 401
v 0 5
v 1 348
e 0 1 555 # 
x 3 12 13 17 22 24 36 41 43 48 54 56 57 59 60 61 64 69 77 78 80 81 83 88 89
# 25
t # 402
v 0 5
v 1 365
e 0 1 2594 # 
x 15 17 22 24 38 39 41 44 56 57 60 61 64 67 69 71 73 75 77 78 81 83 87 88 89
# 25
t # 403
v 0 5
v 1 619
e 0 1 1269 # 
x 6 10 13 15 28 29 30 37 41 44 47 50 53 55 57 58 61 63 65 71 74 75 77 78 80
# 35
t # 404
v 0 5
v 1 36
e 0 1 39 # 
x 0 1 3 5 8 10 11 14 15 17 18 19 21 23 24 26 28 31 32 35 39 42 44 45 47 54 55 56 61 63 65 75 81 84 86
# 20
t # 405
v 0 5
v 1 36
v 2 175
e 0 1 39 # 
e 0 2 259 # 
x 1 5 10 11 14 15 17 21 23 24 26 28 31 32 42 47 54 55 56 63
# 21
t # 406
v 0 5
v 1 36
v 2 348
e 0 1 39 # 
e 0 2 556 # 
x 3 5 8 14 15 17 18 23 24 31 32 45 47 54 56 61 63 65 75 81 86
# 36
t # 407
v 0 5
v 1 41
e 0 1 54 # 
x 0 2 3 6 8 13 14 15 18 20 24 25 28 29 30 35 37 38 41 42 43 45 46 49 57 60 62 64 75 76 77 79 81 82 83 85
# 19
t # 408
v 0 5
v 1 41
v 2 348
e 0 1 54 # 
e 0 2 556 # 
x 3 8 13 14 15 18 24 38 41 45 46 60 62 64 75 76 77 81 85
# 37
t # 409
v 0 5
v 1 14
e 0 1 14 # 
x 0 1 3 4 5 6 7 8 13 16 18 20 23 24 26 27 29 34 35 43 49 56 58 60 66 68 70 72 75 76 80 81 83 84 86 88 89
# 19
t # 410
v 0 5
v 1 14
v 2 37
e 0 1 14 # 
e 0 2 112 # 
x 0 3 5 6 7 16 18 20 23 24 27 29 43 60 66 76 81 83 86
# 18
t # 411
v 0 5
v 1 14
v 2 348
e 0 1 14 # 
e 0 2 556 # 
x 3 4 5 7 8 13 18 23 24 34 56 60 66 68 75 76 81 86
# 38
t # 412
v 0 5
v 1 810
e 0 1 1492 # 
x 8 11 13 17 22 24 32 38 39 40 43 46 49 53 56 58 59 60 61 62 63 64 66 68 69 70 71 73 74 75 76 77 78 79 81 85 87 88
# 18
t # 413
v 0 5
v 1 810
v 2 163
e 0 1 1492 # 
e 1 2 3005 # 
x 17 22 32 38 43 46 56 59 60 61 62 63 64 69 71 77 78 88
# 41
t # 414
v 0 5
v 1 401
e 0 1 708 # 
x 3 12 15 17 22 29 36 38 39 44 48 49 50 53 54 56 58 59 60 61 62 63 64 65 66 67 68 69 71 73 75 76 77 80 81 83 84 85 87 88 89
# 26
t # 415
v 0 5
v 1 401
v 2 810
e 0 1 708 # 
e 0 2 1492 # 
x 17 22 38 39 49 53 56 58 59 60 61 62 63 64 66 68 69 71 73 75 76 77 81 85 87 88
# 35
t # 416
v 0 5
v 1 401
v 2 427
e 0 1 708 # 
e 0 2 718 # 
x 3 12 15 17 22 29 36 38 39 48 49 50 54 56 58 59 60 61 62 63 64 65 66 67 68 69 71 73 75 80 81 85 87 88 89
# 23
t # 417
v 0 5
v 1 401
v 2 427
v 3 211
e 0 1 708 # 
e 0 2 718 # 
e 0 3 313 # 
x 3 12 29 36 38 39 48 49 50 54 56 58 59 60 63 64 68 69 71 75 80 85 87
# 23
t # 418
v 0 5
v 1 401
v 2 427
v 3 211
v 4 1
e 0 1 708 # 
e 0 2 718 # 
e 0 3 313 # 
e 0 4 4 # 
x 3 12 29 36 38 39 48 49 50 54 56 58 59 60 63 64 68 69 71 75 80 85 87
# 18
t # 419
v 0 5
v 1 401
v 2 427
v 3 211
v 4 348
e 0 1 708 # 
e 0 2 718 # 
e 0 3 313 # 
e 0 4 556 # 
x 3 12 36 38 48 50 54 56 59 60 63 64 68 69 71 75 85 87
# 28
t # 420
v 0 5
v 1 401
v 2 427
v 3 348
e 0 1 708 # 
e 0 2 718 # 
e 0 3 556 # 
x 3 12 15 17 22 36 38 48 50 54 56 59 60 61 62 63 64 65 66 67 68 69 71 73 75 81 85 87
# 28
t # 421
v 0 5
v 1 401
v 2 427
v 3 348
v 4 1
e 0 1 708 # 
e 0 2 718 # 
e 0 3 556 # 
e 0 4 4 # 
x 3 12 15 17 22 36 38 48 50 54 56 59 60 61 62 63 64 65 66 67 68 69 71 73 75 81 85 87
# 21
t # 422
v 0 5
v 1 401
v 2 427
v 3 348
v 4 4
e 0 1 708 # 
e 0 2 718 # 
e 0 3 556 # 
e 0 4 40 # 
x 3 17 22 38 56 59 60 61 62 63 65 66 67 68 69 71 73 75 81 85 87
# 18
t # 423
v 0 5
v 1 401
v 2 427
v 3 348
v 4 2
e 0 1 708 # 
e 0 2 718 # 
e 0 3 556 # 
e 0 4 7 # 
x 3 15 17 22 36 38 48 50 54 56 60 63 64 69 73 81 85 87
# 21
t # 424
v 0 5
v 1 401
v 2 427
v 3 2
e 0 1 708 # 
e 0 2 718 # 
e 0 3 7 # 
x 3 15 17 22 29 36 38 48 49 50 54 56 60 63 64 69 73 81 85 87 89
# 21
t # 425
v 0 5
v 1 401
v 2 427
v 3 2
v 4 1
e 0 1 708 # 
e 0 2 718 # 
e 0 3 7 # 
e 0 4 4 # 
x 3 15 17 22 29 36 38 48 49 50 54 56 60 63 64 69 73 81 85 87 89
# 28
t # 426
v 0 5
v 1 401
v 2 427
v 3 4
e 0 1 708 # 
e 0 2 718 # 
e 0 3 40 # 
x 3 17 22 29 38 39 49 56 58 59 60 61 62 63 65 66 67 68 69 71 73 75 80 81 85 87 88 89
# 28
t # 427
v 0 5
v 1 401
v 2 427
v 3 4
v 4 1
e 0 1 708 # 
e 0 2 718 # 
e 0 3 40 # 
e 0 4 4 # 
x 3 17 22 29 38 39 49 56 58 59 60 61 62 63 65 66 67 68 69 71 73 75 80 81 85 87 88 89
# 35
t # 428
v 0 5
v 1 401
v 2 427
v 3 1
e 0 1 708 # 
e 0 2 718 # 
e 0 3 4 # 
x 3 12 15 17 22 29 36 38 39 48 49 50 54 56 58 59 60 61 62 63 64 65 66 67 68 69 71 73 75 80 81 85 87 88 89
# 44
t # 429
v 0 5
v 1 37
e 0 1 112 # 
x 0 3 5 6 7 9 10 14 15 16 17 18 20 21 22 23 24 25 27 29 31 36 38 39 41 42 43 46 48 50 51 52 57 60 62 65 66 73 76 81 82 83 85 86
# 23
t # 430
v 0 5
v 1 37
v 2 41
e 0 1 112 # 
e 0 2 54 # 
x 0 3 6 14 15 18 20 24 25 29 38 41 42 43 46 57 60 62 76 81 82 83 85
# 19
t # 431
v 0 5
v 1 37
v 2 401
e 0 1 112 # 
e 0 2 708 # 
x 3 15 17 22 29 36 38 39 48 50 60 62 65 66 73 76 81 83 85
# 19
t # 432
v 0 5
v 1 37
v 2 427
e 0 1 112 # 
e 0 2 718 # 
x 3 15 17 22 24 29 36 38 39 46 48 50 60 62 65 66 73 81 85
# 19
t # 433
v 0 5
v 1 37
v 2 211
e 0 1 112 # 
e 0 2 313 # 
x 3 7 9 16 29 36 38 39 41 42 43 46 48 50 51 52 60 82 85
# 26
t # 434
v 0 5
v 1 37
v 2 348
e 0 1 112 # 
e 0 2 556 # 
x 3 5 7 14 15 17 18 22 23 24 31 36 38 41 46 48 50 60 62 65 66 73 76 81 85 86
# 19
t # 435
v 0 5
v 1 37
v 2 348
v 3 2
e 0 1 112 # 
e 0 2 556 # 
e 0 3 7 # 
x 3 5 7 14 15 17 18 22 23 31 36 38 48 50 60 73 81 85 86
# 21
t # 436
v 0 5
v 1 37
v 2 348
v 3 4
e 0 1 112 # 
e 0 2 556 # 
e 0 3 40 # 
x 3 5 7 14 17 18 22 23 24 31 38 41 60 62 65 66 73 76 81 85 86
# 19
t # 437
v 0 5
v 1 37
v 2 348
v 3 4
v 4 1
e 0 1 112 # 
e 0 2 556 # 
e 0 3 40 # 
e 0 4 4 # 
x 3 7 14 17 18 22 24 31 38 41 60 62 65 66 73 76 81 85 86
# 24
t # 438
v 0 5
v 1 37
v 2 348
v 3 1
e 0 1 112 # 
e 0 2 556 # 
e 0 3 4 # 
x 3 7 14 15 17 18 22 24 31 36 38 41 46 48 50 60 62 65 66 73 76 81 85 86
# 44
t # 439
v 0 5
v 1 427
e 0 1 718 # 
x 3 8 12 15 17 22 24 29 30 36 37 38 39 45 46 47 48 49 50 54 56 58 59 60 61 62 63 64 65 66 67 68 69 71 73 74 75 78 80 81 85 87 88 89
# 28
t # 440
v 0 5
v 1 427
v 2 810
e 0 1 718 # 
e 0 2 1492 # 
x 8 17 22 24 38 39 46 49 56 58 59 60 61 62 63 64 66 68 69 71 73 74 75 78 81 85 87 88
# 48
t # 441
v 0 5
v 1 211
e 0 1 313 # 
x 1 3 4 7 9 12 16 19 26 28 29 30 32 33 36 37 38 39 41 42 43 44 46 48 49 50 51 52 53 54 56 58 59 60 63 64 68 69 71 72 74 75 78 79 80 82 85 87
# 22
t # 442
v 0 5
v 1 211
v 2 810
e 0 1 313 # 
e 0 2 1492 # 
x 32 38 39 43 46 49 53 56 58 59 60 63 64 68 69 71 74 75 78 79 85 87
# 25
t # 443
v 0 5
v 1 211
v 2 401
e 0 1 313 # 
e 0 2 708 # 
x 3 12 29 36 38 39 44 48 49 50 53 54 56 58 59 60 63 64 68 69 71 75 80 85 87
# 18
t # 444
v 0 5
v 1 211
v 2 401
v 3 348
e 0 1 313 # 
e 0 2 708 # 
e 0 3 556 # 
x 3 12 36 38 48 50 54 56 59 60 63 64 68 69 71 75 85 87
# 18
t # 445
v 0 5
v 1 211
v 2 401
v 3 348
v 4 1
e 0 1 313 # 
e 0 2 708 # 
e 0 3 556 # 
e 0 4 4 # 
x 3 12 36 38 48 50 54 56 59 60 63 64 68 69 71 75 85 87
# 19
t # 446
v 0 5
v 1 211
v 2 401
v 3 4
e 0 1 313 # 
e 0 2 708 # 
e 0 3 40 # 
x 3 29 38 39 44 49 53 56 58 59 60 63 68 69 71 75 80 85 87
# 19
t # 447
v 0 5
v 1 211
v 2 401
v 3 4
v 4 1
e 0 1 313 # 
e 0 2 708 # 
e 0 3 40 # 
e 0 4 4 # 
x 3 29 38 39 44 49 53 56 58 59 60 63 68 69 71 75 80 85 87
# 25
t # 448
v 0 5
v 1 211
v 2 401
v 3 1
e 0 1 313 # 
e 0 2 708 # 
e 0 3 4 # 
x 3 12 29 36 38 39 44 48 49 50 53 54 56 58 59 60 63 64 68 69 71 75 80 85 87
# 28
t # 449
v 0 5
v 1 211
v 2 427
e 0 1 313 # 
e 0 2 718 # 
x 3 12 29 30 36 37 38 39 46 48 49 50 54 56 58 59 60 63 64 68 69 71 74 75 78 80 85 87
# 20
t # 450
v 0 5
v 1 211
v 2 427
v 3 348
e 0 1 313 # 
e 0 2 718 # 
e 0 3 556 # 
x 3 12 36 38 46 48 50 54 56 59 60 63 64 68 69 71 75 78 85 87
# 20
t # 451
v 0 5
v 1 211
v 2 427
v 3 348
v 4 1
e 0 1 313 # 
e 0 2 718 # 
e 0 3 556 # 
e 0 4 4 # 
x 3 12 36 38 46 48 50 54 56 59 60 63 64 68 69 71 75 78 85 87
# 21
t # 452
v 0 5
v 1 211
v 2 427
v 3 4
e 0 1 313 # 
e 0 2 718 # 
e 0 3 40 # 
x 3 29 30 37 38 39 49 56 58 59 60 63 68 69 71 74 75 78 80 85 87
# 21
t # 453
v 0 5
v 1 211
v 2 427
v 3 4
v 4 1
e 0 1 313 # 
e 0 2 718 # 
e 0 3 40 # 
e 0 4 4 # 
x 3 29 30 37 38 39 49 56 58 59 60 63 68 69 71 74 75 78 80 85 87
# 28
t # 454
v 0 5
v 1 211
v 2 427
v 3 1
e 0 1 313 # 
e 0 2 718 # 
e 0 3 4 # 
x 3 12 29 30 36 37 38 39 46 48 49 50 54 56 58 59 60 63 64 68 69 71 74 75 78 80 85 87
# 24
t # 455
v 0 5
v 1 211
v 2 348
e 0 1 313 # 
e 0 2 556 # 
x 3 4 7 12 32 36 38 41 46 48 50 54 56 59 60 63 64 68 69 71 75 78 85 87
# 49
t # 456
v 0 5
v 1 348
e 0 1 556 # 
x 3 4 5 7 8 12 13 14 15 17 18 22 23 24 31 32 34 36 38 40 41 45 46 47 48 50 54 56 59 60 61 62 63 64 65 66 67 68 69 71 73 75 76 77 78 81 85 86 87
# 19
t # 457
v 0 5
v 1 348
v 2 365
e 0 1 556 # 
e 0 2 2594 # 
x 15 17 22 24 38 41 56 60 61 64 67 69 71 73 75 77 78 81 87
# 28
t # 458
v 0 5
v 1 348
v 2 810
e 0 1 556 # 
e 0 2 1492 # 
x 8 13 17 22 24 32 38 40 46 56 59 60 61 62 63 64 66 68 69 71 73 75 76 77 78 81 85 87
# 30
t # 459
v 0 5
v 1 348
v 2 401
e 0 1 556 # 
e 0 2 708 # 
x 3 12 15 17 22 36 38 48 50 54 56 59 60 61 62 63 64 65 66 67 68 69 71 73 75 76 77 81 85 87
# 18
t # 460
v 0 5
v 1 348
v 2 401
v 3 2
e 0 1 556 # 
e 0 2 708 # 
e 0 3 7 # 
x 3 15 17 22 36 38 48 50 54 56 60 63 64 69 73 81 85 87
# 18
t # 461
v 0 5
v 1 348
v 2 401
v 3 2
v 4 1
e 0 1 556 # 
e 0 2 708 # 
e 0 3 7 # 
e 0 4 4 # 
x 3 15 17 22 36 38 48 50 54 56 60 63 64 69 73 81 85 87
# 23
t # 462
v 0 5
v 1 348
v 2 401
v 3 4
e 0 1 556 # 
e 0 2 708 # 
e 0 3 40 # 
x 3 17 22 38 56 59 60 61 62 63 65 66 67 68 69 71 73 75 76 77 81 85 87
# 23
t # 463
v 0 5
v 1 348
v 2 401
v 3 4
v 4 1
e 0 1 556 # 
e 0 2 708 # 
e 0 3 40 # 
e 0 4 4 # 
x 3 17 22 38 56 59 60 61 62 63 65 66 67 68 69 71 73 75 76 77 81 85 87
# 30
t # 464
v 0 5
v 1 348
v 2 401
v 3 1
e 0 1 556 # 
e 0 2 708 # 
e 0 3 4 # 
x 3 12 15 17 22 36 38 48 50 54 56 59 60 61 62 63 64 65 66 67 68 69 71 73 75 76 77 81 85 87
# 34
t # 465
v 0 5
v 1 348
v 2 427
e 0 1 556 # 
e 0 2 718 # 
x 3 8 12 15 17 22 24 36 38 45 46 47 48 50 54 56 59 60 61 62 63 64 65 66 67 68 69 71 73 75 78 81 85 87
# 21
t # 466
v 0 5
v 1 348
v 2 427
v 3 2
e 0 1 556 # 
e 0 2 718 # 
e 0 3 7 # 
x 3 15 17 22 36 38 45 47 48 50 54 56 60 63 64 69 73 78 81 85 87
# 21
t # 467
v 0 5
v 1 348
v 2 427
v 3 2
v 4 1
e 0 1 556 # 
e 0 2 718 # 
e 0 3 7 # 
e 0 4 4 # 
x 3 15 17 22 36 38 45 47 48 50 54 56 60 63 64 69 73 78 81 85 87
# 25
t # 468
v 0 5
v 1 348
v 2 427
v 3 4
e 0 1 556 # 
e 0 2 718 # 
e 0 3 40 # 
x 3 8 17 22 24 38 45 56 59 60 61 62 63 65 66 67 68 69 71 73 75 78 81 85 87
# 25
t # 469
v 0 5
v 1 348
v 2 427
v 3 4
v 4 1
e 0 1 556 # 
e 0 2 718 # 
e 0 3 40 # 
e 0 4 4 # 
x 3 8 17 22 24 38 45 56 59 60 61 62 63 65 66 67 68 69 71 73 75 78 81 85 87
# 34
t # 470
v 0 5
v 1 348
v 2 427
v 3 1
e 0 1 556 # 
e 0 2 718 # 
e 0 3 4 # 
x 3 8 12 15 17 22 24 36 38 45 46 47 48 50 54 56 59 60 61 62 63 64 65 66 67 68 69 71 73 75 78 81 85 87
# 19
t # 471
v 0 40
v 1 43
e 0 1 49 # 
x 0 4 8 9 18 25 29 31 39 40 42 43 52 54 62 78 79 83 84
# 21
t # 472
v 0 43
v 1 536
e 0 1 1102 # 
x 6 8 12 30 35 37 46 49 50 57 59 60 65 66 73 74 75 79 85 87 88
# 20
t # 473
v 0 52
v 1 411
e 0 1 772 # 
x 4 5 10 17 23 34 38 40 41 42 50 54 55 60 61 77 78 80 82 84
# 44
t # 474
v 0 52
v 1 99
e 0 1 126 # 
x 0 3 4 8 9 11 12 14 15 16 17 21 26 28 30 34 36 37 38 39 40 42 46 47 48 50 51 52 53 54 55 56 58 62 63 68 71 72 78 79 81 82 84 89
# 19
t # 475
v 0 83
v 1 122
e 0 1 1228 # 
x 6 8 12 14 39 42 45 50 53 56 58 60 64 66 68 69 77 84 89
# 30
t # 476
v 0 83
v 1 463
e 0 1 782 # 
x 4 8 11 13 14 15 17 22 24 30 31 32 37 38 39 49 52 59 60 64 66 68 69 75 76 77 81 85 87 88
# 57
t # 477
v 0 83
v 1 85
e 0 1 97 # 
x 0 4 5 8 9 11 13 14 15 17 18 19 22 23 24 26 28 30 31 32 33 34 37 38 39 40 41 42 43 45 46 49 52 55 56 58 59 60 64 66 67 68 69 71 72 73 75 76 77 78 81 82 85 86 87 88 89
# 30
t # 478
v 0 83
v 1 85
v 2 463
e 0 1 97 # 
e 0 2 782 # 
x 4 8 11 13 14 15 17 22 24 30 31 32 37 38 39 49 52 59 60 64 66 68 69 75 76 77 81 85 87 88
# 28
t # 479
v 0 90
v 1 1945
e 0 1 4879 # 
x 30 37 38 39 40 41 43 44 49 50 52 53 56 59 61 63 65 73 74 75 76 78 79 80 81 82 85 86
# 18
t # 480
v 0 99
v 1 268
e 0 1 2402 # 
x 14 15 18 21 24 28 29 35 40 41 50 60 61 65 74 77 81 87
# 18
t # 481
v 0 163
v 1 810
e 0 1 3005 # 
x 17 22 32 38 43 46 56 59 60 61 62 63 64 69 71 77 78 88
# 44
t # 482
v 0 385
v 1 411
e 0 1 664 # 
x 3 5 6 7 13 16 18 19 20 21 22 23 26 27 30 31 37 39 40 44 45 46 47 51 52 54 56 57 58 59 61 66 68 70 71 73 75 76 78 80 83 84 86 88
